### 01100	Metabolic pathways
enccu_2934_1:ECU11_0450	K00888
enccu_2934_1:ECU10_1690	K01689
enccu_2934_1:ECU07_0960	K03013
enccu_2934_1:ECU10_1770i	K11142
enccu_2934_1:ECU03_0280	K00963
enccu_2934_1:ECU02_0230	K01823
enccu_2934_1:ECU06_0600	K03011
enccu_2934_1:ECU01_0180	K00560
enccu_2934_1:ECU01_0800	K00697
enccu_2934_1:ECU03_0330	K00889
enccu_2934_1:ECU07_1350	K02155
enccu_2934_1:ECU06_0430	K01520
enccu_2934_1:ECU06_1040	K01783
enccu_2934_1:ECU03_0440	K03002
enccu_2934_1:ECU04_0660	K17900
enccu_2934_1:ECU03_0305	K02151
enccu_2934_1:ECU10_0510	K01641
enccu_2934_1:ECU02_0200	K15728
enccu_2934_1:ECU09_1790	K02154
enccu_2934_1:ECU10_1060	K15633
enccu_2934_1:ECU11_1070	K04708
enccu_2934_1:ECU05_0330	K02325
enccu_2934_1:ECU09_0640	K00873
enccu_2934_1:ECU02_0860	K00654
enccu_2934_1:ECU08_1520	K02146
enccu_2934_1:ECU09_0430	K02327
enccu_2934_1:ECU07_0800	K00134
enccu_2934_1:ECU02_1370	K01194
enccu_2934_1:ECU09_0560	K07542
enccu_2934_1:ECU03_1270	K00945
enccu_2934_1:ECU05_0990	K02320
enccu_2934_1:ECU11_1810	K00787
enccu_2934_1:ECU04_1220	K00943
enccu_2934_1:ECU08_0765	K03012
enccu_2934_1:ECU01_1220	K00942
enccu_2934_1:ECU07_1750	K03015
enccu_2934_1:ECU08_0090	K00560
enccu_2934_1:ECU06_0490	K01597
enccu_2934_1:ECU11_1180	K01115
enccu_2934_1:ECU08_1330	K03000
enccu_2934_1:ECU08_1850	K00036
enccu_2934_1:ECU03_0340	K15779
enccu_2934_1:ECU01_0190	K00600
enccu_2934_1:ECU04_1400	K02999
enccu_2934_1:ECU10_0210	K03025
enccu_2934_1:ECU07_1050	K00858
enccu_2934_1:ECU06_1530	K00940
enccu_2934_1:ECU10_1720	K00021
enccu_2934_1:ECU03_0500	K02148
enccu_2934_1:ECU06_0940	K07513
enccu_2934_1:ECU07_1280	K00820
enccu_2934_1:ECU09_1040	K00161
enccu_2934_1:ECU09_1780	K00869
enccu_2934_1:ECU03_0290	K03006
enccu_2934_1:ECU09_1070	K05290
enccu_2934_1:ECU01_1430	K00560
enccu_2934_1:ECU01_1000	K00999
enccu_2934_1:ECU05_0650	K01810
enccu_2934_1:ECU08_0250	K02144
enccu_2934_1:ECU10_0920	K10807
enccu_2934_1:ECU09_1210	K03857
enccu_2934_1:ECU05_1240	K18592
enccu_2934_1:ECU04_0730	K01057
enccu_2934_1:ECU10_1210	K02324
enccu_2934_1:ECU11_0590	K03020
enccu_2934_1:ECU07_0090	K03018
enccu_2934_1:ECU11_1400	K03017
enccu_2934_1:ECU11_0880	K01937
enccu_2934_1:ECU05_0405	K02150
enccu_2934_1:ECU05_1210	K02685
enccu_2934_1:ECU10_0960	K18532
enccu_2934_1:ECU03_1120	K02155
enccu_2934_1:ECU10_0890	K01897
enccu_2934_1:ECU05_0310	K01895
enccu_2934_1:ECU05_1250	K00981
enccu_2934_1:ECU01_1450	K00287
enccu_2934_1:ECU02_1210	K01885
enccu_2934_1:ECU08_0080	K00287
enccu_2934_1:ECU05_0275	K03008
enccu_2934_1:ECU04_1160	K00162
enccu_2934_1:ECU01_0600	K03027
enccu_2934_1:ECU05_0260	K17497
enccu_2934_1:ECU11_1770	K04487
enccu_2934_1:ECU01_1420	K00600
enccu_2934_1:ECU11_0850	K00995
enccu_2934_1:ECU06_0120	K00615
enccu_2934_1:ECU03_0490	K03019
enccu_2934_1:ECU10_0910	K01897
enccu_2934_1:ECU08_0300	K03434
enccu_2934_1:ECU01_0740i	K00857
enccu_2934_1:ECU08_0320	K03014
enccu_2934_1:ECU06_0730	K10808
enccu_2934_1:ECU10_0250	K03010
enccu_2934_1:ECU01_0170	K00287
enccu_2934_1:ECU10_1590	K00968
enccu_2934_1:ECU03_0680	K00850
enccu_2934_1:ECU11_0370	K03021
enccu_2934_1:ECU11_0230	K01803
enccu_2934_1:ECU01_0970	K00011
enccu_2934_1:ECU11_1540	K00844
enccu_2934_1:ECU03_1250	K03859
enccu_2934_1:ECU11_0870	K00967
enccu_2934_1:ECU04_1060	K00721
enccu_2934_1:ECU11_0690	K00966
enccu_2934_1:ECU08_0650	K03022
enccu_2934_1:ECU06_0320	K03007
enccu_2934_1:ECU06_0190	K03661
enccu_2934_1:ECU07_0840	K03016
enccu_2934_1:ECU10_0140	K02149
enccu_2934_1:ECU04_1180	K01519
enccu_2934_1:ECU10_1080	K02321
enccu_2934_1:ECU10_0300	K11155
enccu_2934_1:ECU11_0480	K01937
enccu_2934_1:ECU10_0180	K01807
enccu_2934_1:ECU11_0300	K00859
enccu_2934_1:ECU01_0240	K01623
enccu_2934_1:ECU10_1040	K02147
enccu_2934_1:ECU10_1460	K01886
enccu_2934_1:ECU06_0650	K00939
enccu_2934_1:ECU05_0860	K00033
enccu_2934_1:ECU11_1280i	K02145
enccu_2934_1:ECU09_0770	K02328
enccu_2934_1:ECU08_0630	K02684
enccu_2934_1:ECU05_0730	K00654
enccu_2934_1:ECU05_0320	K00927

### 01110	Biosynthesis of secondary metabolites
enccu_2934_1:ECU11_1810	K00787
enccu_2934_1:ECU02_0200	K15728
enccu_2934_1:ECU09_0640	K00873
enccu_2934_1:ECU10_1060	K15633
enccu_2934_1:ECU07_0800	K00134
enccu_2934_1:ECU05_0270	K00006
enccu_2934_1:ECU06_1040	K01783
enccu_2934_1:ECU10_0510	K01641
enccu_2934_1:ECU10_1690	K01689
enccu_2934_1:ECU10_0870	K00111
enccu_2934_1:ECU02_0230	K01823
enccu_2934_1:ECU09_1870	K11778
enccu_2934_1:ECU05_0650	K01810
enccu_2934_1:ECU10_1720	K00021
enccu_2934_1:ECU06_1530	K00940
enccu_2934_1:ECU06_0940	K07513
enccu_2934_1:ECU09_1040	K00161
enccu_2934_1:ECU09_1780	K00869
enccu_2934_1:ECU08_1850	K00036
enccu_2934_1:ECU03_0340	K15779
enccu_2934_1:ECU01_0190	K00600
enccu_2934_1:ECU11_1180	K01115
enccu_2934_1:ECU06_0490	K01597
enccu_2934_1:ECU04_1160	K00162
enccu_2934_1:ECU01_1420	K00600
enccu_2934_1:ECU05_0260	K17497
enccu_2934_1:ECU06_0120	K00615
enccu_2934_1:ECU05_1250	K00981
enccu_2934_1:ECU05_1430	K10703
enccu_2934_1:ECU02_1210	K01885
enccu_2934_1:ECU10_0960	K18532
enccu_2934_1:ECU05_0310	K01895
enccu_2934_1:ECU04_0730	K01057
enccu_2934_1:ECU06_0650	K00939
enccu_2934_1:ECU01_0240	K01623
enccu_2934_1:ECU05_0860	K00033
enccu_2934_1:ECU05_0320	K00927
enccu_2934_1:ECU11_0690	K00966
enccu_2934_1:ECU10_0180	K01807
enccu_2934_1:ECU11_0230	K01803
enccu_2934_1:ECU03_0680	K00850
enccu_2934_1:ECU11_1540	K00844

### 01120	Microbial metabolism in diverse environments
enccu_2934_1:ECU10_1690	K01689
enccu_2934_1:ECU06_1040	K01783
enccu_2934_1:ECU07_0800	K00134
enccu_2934_1:ECU09_0640	K00873
enccu_2934_1:ECU10_1060	K15633
enccu_2934_1:ECU01_0190	K00600
enccu_2934_1:ECU08_1850	K00036
enccu_2934_1:ECU03_0340	K15779
enccu_2934_1:ECU09_1040	K00161
enccu_2934_1:ECU06_0940	K07513
enccu_2934_1:ECU05_0650	K01810
enccu_2934_1:ECU04_0730	K01057
enccu_2934_1:ECU05_0310	K01895
enccu_2934_1:ECU06_0120	K00615
enccu_2934_1:ECU01_1420	K00600
enccu_2934_1:ECU04_1160	K00162
enccu_2934_1:ECU11_1540	K00844
enccu_2934_1:ECU11_0230	K01803
enccu_2934_1:ECU03_0680	K00850
enccu_2934_1:ECU10_0180	K01807
enccu_2934_1:ECU05_0320	K00927
enccu_2934_1:ECU05_0860	K00033
enccu_2934_1:ECU01_0240	K01623

### 01200	Carbon metabolism
enccu_2934_1:ECU06_1040	K01783
enccu_2934_1:ECU10_1690	K01689
enccu_2934_1:ECU09_0640	K00873
enccu_2934_1:ECU10_1060	K15633
enccu_2934_1:ECU07_0800	K00134
enccu_2934_1:ECU08_1850	K00036
enccu_2934_1:ECU01_0190	K00600
enccu_2934_1:ECU05_0650	K01810
enccu_2934_1:ECU09_1040	K00161
enccu_2934_1:ECU05_0310	K01895
enccu_2934_1:ECU04_0730	K01057
enccu_2934_1:ECU01_1420	K00600
enccu_2934_1:ECU04_1160	K00162
enccu_2934_1:ECU06_0120	K00615
enccu_2934_1:ECU11_1540	K00844
enccu_2934_1:ECU11_0230	K01803
enccu_2934_1:ECU03_0680	K00850
enccu_2934_1:ECU01_0240	K01623
enccu_2934_1:ECU05_0320	K00927
enccu_2934_1:ECU05_0860	K00033
enccu_2934_1:ECU10_0180	K01807

### 01210	2-Oxocarboxylic acid metabolism

### 01212	Fatty acid metabolism
enccu_2934_1:ECU05_1430	K10703
enccu_2934_1:ECU10_0910	K01897
enccu_2934_1:ECU10_0890	K01897
enccu_2934_1:ECU06_0940	K07513

### 01230	Biosynthesis of amino acids
enccu_2934_1:ECU01_1420	K00600
enccu_2934_1:ECU06_0120	K00615
enccu_2934_1:ECU10_0180	K01807
enccu_2934_1:ECU01_0240	K01623
enccu_2934_1:ECU05_0320	K00927
enccu_2934_1:ECU03_0680	K00850
enccu_2934_1:ECU11_0230	K01803
enccu_2934_1:ECU10_1060	K15633
enccu_2934_1:ECU09_0640	K00873
enccu_2934_1:ECU07_0800	K00134
enccu_2934_1:ECU10_1690	K01689
enccu_2934_1:ECU06_1040	K01783
enccu_2934_1:ECU01_0190	K00600

### 01220	Degradation of aromatic compounds

### 00010	Glycolysis / Gluconeogenesis
enccu_2934_1:ECU05_0310	K01895
enccu_2934_1:ECU04_1160	K00162
enccu_2934_1:ECU03_0680	K00850
enccu_2934_1:ECU11_0230	K01803
enccu_2934_1:ECU11_1540	K00844
enccu_2934_1:ECU05_0320	K00927
enccu_2934_1:ECU01_0240	K01623
enccu_2934_1:ECU10_1690	K01689
enccu_2934_1:ECU07_0800	K00134
enccu_2934_1:ECU10_1060	K15633
enccu_2934_1:ECU09_0640	K00873
enccu_2934_1:ECU03_0340	K15779
enccu_2934_1:ECU05_0650	K01810
enccu_2934_1:ECU09_1040	K00161

### 00020	Citrate cycle (TCA cycle)
enccu_2934_1:ECU04_1160	K00162
enccu_2934_1:ECU09_1040	K00161

### 00030	Pentose phosphate pathway
enccu_2934_1:ECU06_1040	K01783
enccu_2934_1:ECU03_0340	K15779
enccu_2934_1:ECU08_1850	K00036
enccu_2934_1:ECU05_0650	K01810
enccu_2934_1:ECU04_0730	K01057
enccu_2934_1:ECU06_0120	K00615
enccu_2934_1:ECU03_0680	K00850
enccu_2934_1:ECU05_0860	K00033
enccu_2934_1:ECU01_0240	K01623
enccu_2934_1:ECU10_0180	K01807

### 00040	Pentose and glucuronate interconversions
enccu_2934_1:ECU03_0280	K00963
enccu_2934_1:ECU06_1040	K01783
enccu_2934_1:ECU01_0970	K00011

### 00051	Fructose and mannose metabolism
enccu_2934_1:ECU11_0230	K01803
enccu_2934_1:ECU03_0680	K00850
enccu_2934_1:ECU01_0970	K00011
enccu_2934_1:ECU11_1540	K00844
enccu_2934_1:ECU01_0240	K01623
enccu_2934_1:ECU11_0690	K00966
enccu_2934_1:ECU05_0260	K17497

### 00052	Galactose metabolism
enccu_2934_1:ECU03_0340	K15779
enccu_2934_1:ECU03_0280	K00963
enccu_2934_1:ECU03_0680	K00850
enccu_2934_1:ECU01_0970	K00011
enccu_2934_1:ECU11_1540	K00844

### 00053	Ascorbate and aldarate metabolism

### 00500	Starch and sucrose metabolism
enccu_2934_1:ECU11_1540	K00844
enccu_2934_1:ECU02_1370	K01194
enccu_2934_1:ECU03_0280	K00963
enccu_2934_1:ECU01_0800	K00697
enccu_2934_1:ECU05_0650	K01810
enccu_2934_1:ECU03_0340	K15779

### 00520	Amino sugar and nucleotide sugar metabolism
enccu_2934_1:ECU07_1280	K00820
enccu_2934_1:ECU05_0650	K01810
enccu_2934_1:ECU03_0340	K15779
enccu_2934_1:ECU03_0280	K00963
enccu_2934_1:ECU11_0690	K00966
enccu_2934_1:ECU01_1390	K00698
enccu_2934_1:ECU07_1760	K00621
enccu_2934_1:ECU11_1540	K00844
enccu_2934_1:ECU05_0260	K17497
enccu_2934_1:ECU01_0650	K01836

### 00620	Pyruvate metabolism
enccu_2934_1:ECU02_0580	K01069
enccu_2934_1:ECU04_1160	K00162
enccu_2934_1:ECU05_0310	K01895
enccu_2934_1:ECU09_1040	K00161
enccu_2934_1:ECU09_0640	K00873

### 00630	Glyoxylate and dicarboxylate metabolism
enccu_2934_1:ECU01_1420	K00600
enccu_2934_1:ECU01_0190	K00600

### 00640	Propanoate metabolism
enccu_2934_1:ECU05_0310	K01895

### 00650	Butanoate metabolism
enccu_2934_1:ECU10_0510	K01641

### 00660	C5-Branched dibasic acid metabolism

### 00562	Inositol phosphate metabolism
enccu_2934_1:ECU01_1000	K00999
enccu_2934_1:ECU11_0450	K00888
enccu_2934_1:ECU03_0330	K00889
enccu_2934_1:ECU11_0230	K01803

### 00190	Oxidative phosphorylation
enccu_2934_1:ECU11_1280i	K02145
enccu_2934_1:ECU10_1040	K02147
enccu_2934_1:ECU06_0190	K03661
enccu_2934_1:ECU10_0140	K02149
enccu_2934_1:ECU03_1120	K02155
enccu_2934_1:ECU05_0405	K02150
enccu_2934_1:ECU10_0340	K01507
enccu_2934_1:ECU08_0250	K02144
enccu_2934_1:ECU03_0500	K02148
enccu_2934_1:ECU03_0305	K02151
enccu_2934_1:ECU07_1350	K02155
enccu_2934_1:ECU08_1520	K02146
enccu_2934_1:ECU09_1790	K02154

### 00195	Photosynthesis

### 00196	Photosynthesis - antenna proteins

### 00710	Carbon fixation in photosynthetic organisms
enccu_2934_1:ECU10_0180	K01807
enccu_2934_1:ECU05_0320	K00927
enccu_2934_1:ECU01_0240	K01623
enccu_2934_1:ECU11_0230	K01803
enccu_2934_1:ECU06_0120	K00615
enccu_2934_1:ECU07_0800	K00134
enccu_2934_1:ECU06_1040	K01783

### 00720	Carbon fixation pathways in prokaryotes
enccu_2934_1:ECU05_0310	K01895

### 00680	Methane metabolism
enccu_2934_1:ECU03_0680	K00850
enccu_2934_1:ECU01_0240	K01623
enccu_2934_1:ECU05_0310	K01895
enccu_2934_1:ECU01_1420	K00600
enccu_2934_1:ECU01_0190	K00600
enccu_2934_1:ECU10_1690	K01689
enccu_2934_1:ECU10_1060	K15633

### 00910	Nitrogen metabolism

### 00920	Sulfur metabolism

### 00061	Fatty acid biosynthesis
enccu_2934_1:ECU10_0890	K01897
enccu_2934_1:ECU10_0910	K01897

### 00062	Fatty acid elongation
enccu_2934_1:ECU05_1430	K10703

### 00071	Fatty acid degradation
enccu_2934_1:ECU10_0890	K01897
enccu_2934_1:ECU10_0910	K01897
enccu_2934_1:ECU06_0940	K07513

### 00072	Synthesis and degradation of ketone bodies
enccu_2934_1:ECU10_0510	K01641

### 00073	Cutin, suberine and wax biosynthesis

### 00100	Steroid biosynthesis

### 00120	Primary bile acid biosynthesis

### 00121	Secondary bile acid biosynthesis

### 00140	Steroid hormone biosynthesis

### 00561	Glycerolipid metabolism
enccu_2934_1:ECU02_0200	K15728
enccu_2934_1:ECU04_0660	K17900
enccu_2934_1:ECU10_0300	K11155
enccu_2934_1:ECU01_0970	K00011

### 00564	Glycerophospholipid metabolism
enccu_2934_1:ECU11_0850	K00995
enccu_2934_1:ECU05_1250	K00981
enccu_2934_1:ECU10_1590	K00968
enccu_2934_1:ECU11_0870	K00967
enccu_2934_1:ECU05_0270	K00006
enccu_2934_1:ECU10_0870	K00111
enccu_2934_1:ECU05_0070	K14676
enccu_2934_1:ECU02_0200	K15728
enccu_2934_1:ECU11_1180	K01115
enccu_2934_1:ECU01_1000	K00999

### 00565	Ether lipid metabolism
enccu_2934_1:ECU11_1180	K01115

### 00600	Sphingolipid metabolism
enccu_2934_1:ECU11_1070	K04708
enccu_2934_1:ECU02_0860	K00654
enccu_2934_1:ECU05_0730	K00654

### 00590	Arachidonic acid metabolism
enccu_2934_1:ECU02_0440	K00432
enccu_2934_1:ECU05_1240	K18592

### 00591	Linoleic acid metabolism

### 00592	alpha-Linolenic acid metabolism
enccu_2934_1:ECU06_0940	K07513

### 01040	Biosynthesis of unsaturated fatty acids
enccu_2934_1:ECU06_0940	K07513
enccu_2934_1:ECU05_1430	K10703

### 00230	Purine metabolism
enccu_2934_1:ECU03_0490	K03019
enccu_2934_1:ECU05_0275	K03008
enccu_2934_1:ECU01_0600	K03027
enccu_2934_1:ECU07_0090	K03018
enccu_2934_1:ECU11_1400	K03017
enccu_2934_1:ECU10_1210	K02324
enccu_2934_1:ECU11_0590	K03020
enccu_2934_1:ECU05_1210	K02685
enccu_2934_1:ECU10_0960	K18532
enccu_2934_1:ECU10_1080	K02321
enccu_2934_1:ECU04_1180	K01519
enccu_2934_1:ECU05_0460	K01514
enccu_2934_1:ECU08_0650	K03022
enccu_2934_1:ECU06_0320	K03007
enccu_2934_1:ECU07_0840	K03016
enccu_2934_1:ECU09_0770	K02328
enccu_2934_1:ECU08_0630	K02684
enccu_2934_1:ECU06_0650	K00939
enccu_2934_1:ECU08_0320	K03014
enccu_2934_1:ECU06_0730	K10808
enccu_2934_1:ECU11_0370	K03021
enccu_2934_1:ECU10_0250	K03010
enccu_2934_1:ECU09_0430	K02327
enccu_2934_1:ECU09_0640	K00873
enccu_2934_1:ECU05_0330	K02325
enccu_2934_1:ECU05_0990	K02320
enccu_2934_1:ECU06_0600	K03011
enccu_2934_1:ECU07_0960	K03013
enccu_2934_1:ECU03_0440	K03002
enccu_2934_1:ECU03_0290	K03006
enccu_2934_1:ECU06_1530	K00940
enccu_2934_1:ECU10_0920	K10807
enccu_2934_1:ECU08_0765	K03012
enccu_2934_1:ECU01_1220	K00942
enccu_2934_1:ECU07_1750	K03015
enccu_2934_1:ECU10_0480	K01522
enccu_2934_1:ECU04_1400	K02999
enccu_2934_1:ECU10_0210	K03025
enccu_2934_1:ECU08_1330	K03000
enccu_2934_1:ECU03_0340	K15779

### 00240	Pyrimidine metabolism
enccu_2934_1:ECU01_1430	K00560
enccu_2934_1:ECU10_0920	K10807
enccu_2934_1:ECU06_1530	K00940
enccu_2934_1:ECU03_0290	K03006
enccu_2934_1:ECU08_1330	K03000
enccu_2934_1:ECU10_0210	K03025
enccu_2934_1:ECU04_1400	K02999
enccu_2934_1:ECU08_0765	K03012
enccu_2934_1:ECU04_1220	K00943
enccu_2934_1:ECU08_0090	K00560
enccu_2934_1:ECU07_1750	K03015
enccu_2934_1:ECU05_0990	K02320
enccu_2934_1:ECU03_1270	K00945
enccu_2934_1:ECU05_0330	K02325
enccu_2934_1:ECU09_0430	K02327
enccu_2934_1:ECU06_0430	K01520
enccu_2934_1:ECU03_0440	K03002
enccu_2934_1:ECU07_0960	K03013
enccu_2934_1:ECU06_0600	K03011
enccu_2934_1:ECU01_0180	K00560
enccu_2934_1:ECU08_0630	K02684
enccu_2934_1:ECU09_0770	K02328
enccu_2934_1:ECU08_0650	K03022
enccu_2934_1:ECU06_0320	K03007
enccu_2934_1:ECU07_0840	K03016
enccu_2934_1:ECU11_0480	K01937
enccu_2934_1:ECU04_1180	K01519
enccu_2934_1:ECU10_1080	K02321
enccu_2934_1:ECU10_0250	K03010
enccu_2934_1:ECU11_0370	K03021
enccu_2934_1:ECU01_0740i	K00857
enccu_2934_1:ECU08_0320	K03014
enccu_2934_1:ECU06_0730	K10808
enccu_2934_1:ECU01_0600	K03027
enccu_2934_1:ECU05_0275	K03008
enccu_2934_1:ECU03_0490	K03019
enccu_2934_1:ECU02_0940	K00384
enccu_2934_1:ECU05_1210	K02685
enccu_2934_1:ECU10_1210	K02324
enccu_2934_1:ECU11_0590	K03020
enccu_2934_1:ECU07_0090	K03018
enccu_2934_1:ECU11_0880	K01937
enccu_2934_1:ECU11_1400	K03017

### 00250	Alanine, aspartate and glutamate metabolism
enccu_2934_1:ECU07_1280	K00820

### 00260	Glycine, serine and threonine metabolism
enccu_2934_1:ECU10_1060	K15633
enccu_2934_1:ECU01_0190	K00600
enccu_2934_1:ECU01_1420	K00600

### 00270	Cysteine and methionine metabolism

### 00280	Valine, leucine and isoleucine degradation
enccu_2934_1:ECU10_0510	K01641
enccu_2934_1:ECU06_0940	K07513

### 00290	Valine, leucine and isoleucine biosynthesis

### 00300	Lysine biosynthesis

### 00310	Lysine degradation

### 00330	Arginine and proline metabolism
enccu_2934_1:ECU10_1770i	K11142

### 00340	Histidine metabolism

### 00350	Tyrosine metabolism

### 00360	Phenylalanine metabolism

### 00380	Tryptophan metabolism

### 00400	Phenylalanine, tyrosine and tryptophan biosynthesis

### 00410	beta-Alanine metabolism

### 00430	Taurine and hypotaurine metabolism
enccu_2934_1:ECU05_1240	K18592

### 00440	Phosphonate and phosphinate metabolism
enccu_2934_1:ECU11_0870	K00967
enccu_2934_1:ECU10_1590	K00968

### 00450	Selenocompound metabolism
enccu_2934_1:ECU11_0890	K01874
enccu_2934_1:ECU02_0940	K00384

### 00460	Cyanoamino acid metabolism
enccu_2934_1:ECU05_1240	K18592
enccu_2934_1:ECU01_0190	K00600
enccu_2934_1:ECU01_1420	K00600

### 00471	D-Glutamine and D-glutamate metabolism

### 00472	D-Arginine and D-ornithine metabolism

### 00473	D-Alanine metabolism

### 00480	Glutathione metabolism
enccu_2934_1:ECU02_0440	K00432
enccu_2934_1:ECU05_0860	K00033
enccu_2934_1:ECU06_0730	K10808
enccu_2934_1:ECU05_1240	K18592
enccu_2934_1:ECU10_0920	K10807
enccu_2934_1:ECU08_1850	K00036
enccu_2934_1:ECU10_1770i	K11142

### 00510	N-Glycan biosynthesis
enccu_2934_1:ECU04_1060	K00721

### 00513	Various types of N-glycan biosynthesis

### 00512	Mucin type O-Glycan biosynthesis

### 00514	Other types of O-glycan biosynthesis
enccu_2934_1:ECU04_1130	K10967
enccu_2934_1:ECU02_1300	K00728

### 00532	Glycosaminoglycan biosynthesis - chondroitin sulfate / dermatan sulfate

### 00534	Glycosaminoglycan biosynthesis - heparan sulfate / heparin

### 00533	Glycosaminoglycan biosynthesis - keratan sulfate

### 00531	Glycosaminoglycan degradation

### 00563	Glycosylphosphatidylinositol(GPI)-anchor biosynthesis
enccu_2934_1:ECU08_0300	K03434
enccu_2934_1:ECU03_1250	K03859
enccu_2934_1:ECU09_1210	K03857
enccu_2934_1:ECU09_1070	K05290
enccu_2934_1:ECU09_0560	K07542

### 00601	Glycosphingolipid biosynthesis - lacto and neolacto series

### 00603	Glycosphingolipid biosynthesis - globo series

### 00604	Glycosphingolipid biosynthesis - ganglio series

### 00540	Lipopolysaccharide biosynthesis

### 00550	Peptidoglycan biosynthesis

### 00511	Other glycan degradation

### 00730	Thiamine metabolism
enccu_2934_1:ECU11_1770	K04487

### 00740	Riboflavin metabolism

### 00750	Vitamin B6 metabolism

### 00760	Nicotinate and nicotinamide metabolism
enccu_2934_1:ECU07_1050	K00858

### 00770	Pantothenate and CoA biosynthesis
enccu_2934_1:ECU11_0300	K00859

### 00780	Biotin metabolism

### 00785	Lipoic acid metabolism

### 00790	Folate biosynthesis
enccu_2934_1:ECU01_0170	K00287
enccu_2934_1:ECU08_0080	K00287
enccu_2934_1:ECU01_1450	K00287

### 00670	One carbon pool by folate
enccu_2934_1:ECU01_0180	K00560
enccu_2934_1:ECU01_1430	K00560
enccu_2934_1:ECU01_0190	K00600
enccu_2934_1:ECU08_0090	K00560
enccu_2934_1:ECU08_0080	K00287
enccu_2934_1:ECU01_1420	K00600
enccu_2934_1:ECU01_1450	K00287
enccu_2934_1:ECU01_0170	K00287

### 00830	Retinol metabolism
enccu_2934_1:ECU10_0300	K11155

### 00860	Porphyrin and chlorophyll metabolism
enccu_2934_1:ECU02_1210	K01885
enccu_2934_1:ECU01_1310	K19054

### 00130	Ubiquinone and other terpenoid-quinone biosynthesis

### 00900	Terpenoid backbone biosynthesis
enccu_2934_1:ECU10_1720	K00021
enccu_2934_1:ECU09_1780	K00869
enccu_2934_1:ECU09_1870	K11778
enccu_2934_1:ECU06_0490	K01597
enccu_2934_1:ECU11_1810	K00787
enccu_2934_1:ECU02_0230	K01823
enccu_2934_1:ECU10_0510	K01641
enccu_2934_1:ECU02_1380	K06013

### 00902	Monoterpenoid biosynthesis

### 00909	Sesquiterpenoid and triterpenoid biosynthesis

### 00904	Diterpenoid biosynthesis

### 00906	Carotenoid biosynthesis

### 00905	Brassinosteroid biosynthesis

### 00981	Insect hormone biosynthesis

### 00908	Zeatin biosynthesis

### 00903	Limonene and pinene degradation

### 00281	Geraniol degradation

### 01052	Type I polyketide structures

### 00522	Biosynthesis of 12-, 14- and 16-membered macrolides

### 01051	Biosynthesis of ansamycins
enccu_2934_1:ECU06_0120	K00615

### 01056	Biosynthesis of type II polyketide backbone

### 01057	Biosynthesis of type II polyketide products

### 00253	Tetracycline biosynthesis

### 00523	Polyketide sugar unit biosynthesis

### 01054	Nonribosomal peptide structures

### 01053	Biosynthesis of siderophore group nonribosomal peptides

### 01055	Biosynthesis of vancomycin group antibiotics

### 00940	Phenylpropanoid biosynthesis

### 00945	Stilbenoid, diarylheptanoid and gingerol biosynthesis

### 00941	Flavonoid biosynthesis

### 00944	Flavone and flavonol biosynthesis

### 00942	Anthocyanin biosynthesis

### 00943	Isoflavonoid biosynthesis

### 00901	Indole alkaloid biosynthesis

### 00950	Isoquinoline alkaloid biosynthesis

### 00960	Tropane, piperidine and pyridine alkaloid biosynthesis

### 01058	Acridone alkaloid biosynthesis

### 00232	Caffeine metabolism

### 00965	Betalain biosynthesis

### 00966	Glucosinolate biosynthesis

### 00402	Benzoxazinoid biosynthesis

### 00311	Penicillin and cephalosporin biosynthesis

### 00521	Streptomycin biosynthesis
enccu_2934_1:ECU11_1540	K00844

### 00524	Butirosin and neomycin biosynthesis
enccu_2934_1:ECU11_1540	K00844

### 00331	Clavulanic acid biosynthesis

### 00231	Puromycin biosynthesis

### 00401	Novobiocin biosynthesis

### 00254	Aflatoxin biosynthesis

### 00362	Benzoate degradation
enccu_2934_1:ECU06_0940	K07513

### 00627	Aminobenzoate degradation

### 00364	Fluorobenzoate degradation

### 00625	Chloroalkane and chloroalkene degradation

### 00361	Chlorocyclohexane and chlorobenzene degradation

### 00623	Toluene degradation

### 00622	Xylene degradation

### 00633	Nitrotoluene degradation

### 00642	Ethylbenzene degradation

### 00643	Styrene degradation

### 00791	Atrazine degradation

### 00930	Caprolactam degradation

### 00351	DDT degradation

### 00363	Bisphenol degradation

### 00621	Dioxin degradation

### 00626	Naphthalene degradation

### 00624	Polycyclic aromatic hydrocarbon degradation

### 00365	Furfural degradation

### 00984	Steroid degradation

### 00980	Metabolism of xenobiotics by cytochrome P450

### 00982	Drug metabolism - cytochrome P450

### 00983	Drug metabolism - other enzymes
enccu_2934_1:ECU01_0740i	K00857
enccu_2934_1:ECU04_1180	K01519

### 01010	Overview of biosynthetic pathways

### 01060	Biosynthesis of plant secondary metabolites

### 01061	Biosynthesis of phenylpropanoids

### 01062	Biosynthesis of terpenoids and steroids

### 01063	Biosynthesis of alkaloids derived from shikimate pathway

### 01064	Biosynthesis of alkaloids derived from ornithine, lysine and nicotinic acid

### 01065	Biosynthesis of alkaloids derived from histidine and purine

### 01066	Biosynthesis of alkaloids derived from terpenoid and polyketide

### 01070	Biosynthesis of plant hormones

### 03020	RNA polymerase
enccu_2934_1:ECU08_0320	K03014
enccu_2934_1:ECU11_0370	K03021
enccu_2934_1:ECU10_0250	K03010
enccu_2934_1:ECU06_0320	K03007
enccu_2934_1:ECU08_0650	K03022
enccu_2934_1:ECU07_0840	K03016
enccu_2934_1:ECU07_0090	K03018
enccu_2934_1:ECU11_1400	K03017
enccu_2934_1:ECU11_0590	K03020
enccu_2934_1:ECU03_0490	K03019
enccu_2934_1:ECU01_0600	K03027
enccu_2934_1:ECU05_0275	K03008
enccu_2934_1:ECU08_0765	K03012
enccu_2934_1:ECU07_1750	K03015
enccu_2934_1:ECU10_0210	K03025
enccu_2934_1:ECU04_1400	K02999
enccu_2934_1:ECU08_1330	K03000
enccu_2934_1:ECU03_0290	K03006
enccu_2934_1:ECU06_0600	K03011
enccu_2934_1:ECU07_0960	K03013
enccu_2934_1:ECU03_0440	K03002

### 03022	Basal transcription factors
enccu_2934_1:ECU05_0520	K03132
enccu_2934_1:ECU04_1440	K03120
enccu_2934_1:ECU09_0090	K03128
enccu_2934_1:ECU10_0760	K03125
enccu_2934_1:ECU07_0220	K03136
enccu_2934_1:ECU04_0280	K03142
enccu_2934_1:ECU11_0220	K10842
enccu_2934_1:ECU03_1070	K03122
enccu_2934_1:ECU02_1250	K03135
enccu_2934_1:ECU01_0670	K03144
enccu_2934_1:ECU06_0200	K10844
enccu_2934_1:ECU01_1060	K10843
enccu_2934_1:ECU02_0780	K03139
enccu_2934_1:ECU02_0450	K03123
enccu_2934_1:ECU11_1750	K03130
enccu_2934_1:ECU06_1100i	K03124
enccu_2934_1:ECU10_1120	K03131
enccu_2934_1:ECU04_0950	K03127
enccu_2934_1:ECU01_1330	K03133
enccu_2934_1:ECU06_0350	K03137
enccu_2934_1:ECU11_0830	K03134
enccu_2934_1:ECU07_0880	K03143
enccu_2934_1:ECU02_1450	K02202

### 03040	Spliceosome
enccu_2934_1:ECU03_0520	K03283
enccu_2934_1:ECU10_1580	K11096
enccu_2934_1:ECU11_1970	K12862
enccu_2934_1:ECU10_0290	K11095
enccu_2934_1:ECU06_1140	K12625
enccu_2934_1:ECU04_0790	K11098
enccu_2934_1:ECU02_0530	K12833
enccu_2934_1:ECU05_1230	K12873
enccu_2934_1:ECU09_1420	K12836
enccu_2934_1:ECU07_0460	K12845
enccu_2934_1:ECU11_0540	K03283
enccu_2934_1:ECU02_1270	K12859
enccu_2934_1:ECU01_0545	K11087
enccu_2934_1:ECU07_1140	K12827
enccu_2934_1:ECU02_0420	K12860
enccu_2934_1:ECU06_0555	K14280
enccu_2934_1:ECU07_1720	K12831
enccu_2934_1:ECU03_0360	K12623
enccu_2934_1:ECU11_1490	K12829
enccu_2934_1:ECU09_0700	K12821
enccu_2934_1:ECU05_0910i	K11099
enccu_2934_1:ECU09_0150	K12815
enccu_2934_1:ECU07_1020	K12816
enccu_2934_1:ECU03_0760	K12883
enccu_2934_1:ECU10_0610	K12849
enccu_2934_1:ECU09_1805	K12621
enccu_2934_1:ECU06_1295	K14277
enccu_2934_1:ECU08_1080	K12823
enccu_2934_1:ECU04_0760	K12856
enccu_2934_1:ECU03_0840	K11088
enccu_2934_1:ECU06_0230i	K12897
enccu_2934_1:ECU03_0480	K12826

### 03010	Ribosome
enccu_2934_1:ECU09_1000	K02925
enccu_2934_1:ECU10_0070	K02918
enccu_2934_1:ECU07_0110	K02943
enccu_2934_1:ECU10_1575	K02983
enccu_2934_1:ECU11_1620i	K02966
enccu_2934_1:ECU11_0720	K02969
enccu_2934_1:ECU10_0160	K02893
enccu_2934_1:ECU03_1490	K02883
enccu_2934_1:ECU07_1820	K02918
enccu_2934_1:ECU02_0880	K02995
enccu_2934_1:ECU05_1355	K01981
enccu_2934_1:ECU07_1495	K01981
enccu_2934_1:ECU08_1040	K02975
enccu_2934_1:ECU09_0405	K01981
enccu_2934_1:ECU11_2060	K02918
enccu_2934_1:ECU08_0600i	K02882
enccu_2934_1:ECU07_1410	K02880
enccu_2934_1:ECU08_0350i	K02958
enccu_2934_1:ECU09_1350	K02957
enccu_2934_1:ECU08_1060	K02953
enccu_2934_1:ECU04_0330	K02901
enccu_2934_1:ECU02_0800	K02940
enccu_2934_1:ECU05_0250	K02984
enccu_2934_1:ECU03_1220	K02925
enccu_2934_1:ECU04_0140	K02989
enccu_2934_1:ECU05_0600	K02865
enccu_2934_1:ECU08_1570	K02866
enccu_2934_1:ECU01_0920	K02951
enccu_2934_1:ECU03_0650	K02955
enccu_2934_1:ECU08_1910	K02893
enccu_2934_1:ECU02_0810	K02896
enccu_2934_1:ECU08_1780	K02934
enccu_2934_1:ECU01_0310	K02938
enccu_2934_1:ECU07_1380	K02927
enccu_2934_1:ECU08_0870	K02987
enccu_2934_1:ECU02_0900	K02917
enccu_2934_1:ECU04_1310	K02912
enccu_2934_1:ECU10_1070	K02942
enccu_2934_1:ECU10_0990	K02900
enccu_2934_1:ECU05_0670	K02991
enccu_2934_1:ECU06_1120	K02920
enccu_2934_1:ECU03_0310	K02960
enccu_2934_1:ECU04_1380	K02872
enccu_2934_1:ECU05_0900	K02889
enccu_2934_1:ECU02_0610	K02868
enccu_2934_1:ECU10_1570i	K02974
enccu_2934_1:ECU08_1070	K02975
enccu_2934_1:ECU07_0820	K02941
enccu_2934_1:ECU07_1700	K02981
enccu_2934_1:ECU03_0710	K02915
enccu_2934_1:ECU04_0125i	K02980
enccu_2934_1:ECU06_1445	K02976
enccu_2934_1:ECU02_0770	K02962
enccu_2934_1:ECU08_2010	K02870
enccu_2934_1:ECU04_1355	K02947
enccu_2934_1:ECU10_1300	K02929
enccu_2934_1:ECU07_0930	K02896
enccu_2934_1:ECU04_0640	K02949
enccu_2934_1:ECU04_0740	K02891
enccu_2934_1:ECU06_1110	K02964
enccu_2934_1:ECU10_0400	K02973
enccu_2934_1:ECU06_1080i	K02885
enccu_2934_1:ECU03_0230	K02910
enccu_2934_1:ECU08_0370	K02898
enccu_2934_1:ECU04_1015	K02978
enccu_2934_1:ECU03_0320	K02873
enccu_2934_1:ECU09_1250	K02985
enccu_2934_1:ECU08_1160i	K02894
enccu_2934_1:ECU04_0450	K02998
enccu_2934_1:ECU05_0920	K02997
enccu_2934_1:ECU05_1490	K02908
enccu_2934_1:ECU11_1380i	K02877
enccu_2934_1:ECU02_1080	K02977
enccu_2934_1:ECU07_1460	K02922
enccu_2934_1:ECU11_0780	K02993
enccu_2934_1:ECU02_0750i	K02936
enccu_2934_1:ECU09_0395	K02924
enccu_2934_1:ECU06_0900i	K02932
enccu_2934_1:ECU08_0830	K02930
enccu_2934_1:ECU07_1005	K02921
enccu_2934_1:ECU09_1275	K02979
enccu_2934_1:ECU03_0950	K02937

### 00970	Aminoacyl-tRNA biosynthesis
enccu_2934_1:ECU04_0580	K04567
enccu_2934_1:ECU05_0883	K14234
enccu_2934_1:ECU10_0195	K14237
enccu_2934_1:ECU07_0235	K14223
enccu_2934_1:ECU11_1255	K14225
enccu_2934_1:ECU06_0905	K14235
enccu_2934_1:ECU02_1360	K01881
enccu_2934_1:ECU10_0155	K14220
enccu_2934_1:ECU08_0490	K01883
enccu_2934_1:ECU06_0620	K01892
enccu_2934_1:ECU04_0900	K01890
enccu_2934_1:ECU02_1490	K01872
enccu_2934_1:ECU11_1100	K01870
enccu_2934_1:ECU07_0885	K14228
enccu_2934_1:ECU01_0775	K14233
enccu_2934_1:ECU01_0405	K14225
enccu_2934_1:ECU11_0375	K14228
enccu_2934_1:ECU09_1395	K14219
enccu_2934_1:ECU06_0405	K14225
enccu_2934_1:ECU11_0530	K01867
enccu_2934_1:ECU09_1680	K01893
enccu_2934_1:ECU06_1255	K14219
enccu_2934_1:ECU09_1845	K14226
enccu_2934_1:ECU09_1785	K14224
enccu_2934_1:ECU07_1485	K14229
enccu_2934_1:ECU08_0550	K01887
enccu_2934_1:ECU10_0295	K14233
enccu_2934_1:ECU04_1140	K01873
enccu_2934_1:ECU06_1575	K14223
enccu_2934_1:ECU07_1660	K01889
enccu_2934_1:ECU02_1210	K01885
enccu_2934_1:ECU04_0750	K01875
enccu_2934_1:ECU07_1475	K14219
enccu_2934_1:ECU06_0790	K01876
enccu_2934_1:ECU10_1790	K01880
enccu_2934_1:ECU06_0280	K01869
enccu_2934_1:ECU07_1570	K01868
enccu_2934_1:ECU10_1115	K14218
enccu_2934_1:ECU10_1475	K14232
enccu_2934_1:ECU07_1525	K14218
enccu_2934_1:ECU05_0595	K14228
enccu_2934_1:ECU10_1460	K01886
enccu_2934_1:ECU05_1120i	K01866
enccu_2934_1:ECU11_0415	K14230
enccu_2934_1:ECU11_0890	K01874

### 03013	RNA transport
enccu_2934_1:ECU07_1330	K03262
enccu_2934_1:ECU09_1200	K03257
enccu_2934_1:ECU08_0900	K03259
enccu_2934_1:ECU09_0070	K03243
enccu_2934_1:ECU11_0240	K14290
enccu_2934_1:ECU10_1240	K14293
enccu_2934_1:ECU01_0700	K03242
enccu_2934_1:ECU06_0555	K14280
enccu_2934_1:ECU10_0220	K03246
enccu_2934_1:ECU08_1200	K03539
enccu_2934_1:ECU01_0940	K10577
enccu_2934_1:ECU04_1170	K03236
enccu_2934_1:ECU06_1550	K14298
enccu_2934_1:ECU06_0470	K14312
enccu_2934_1:ECU07_1650	K03538
enccu_2934_1:ECU03_1440	K00974
enccu_2934_1:ECU11_1650	K03113
enccu_2934_1:ECU07_0660	K12160
enccu_2934_1:ECU08_1190	K03539
enccu_2934_1:ECU04_1560	K07936
enccu_2934_1:ECU06_0440	K00784
enccu_2934_1:ECU05_0620	K14319
enccu_2934_1:ECU11_1350	K03259
enccu_2934_1:ECU10_1640	K14326
enccu_2934_1:ECU10_1110	K13126
enccu_2934_1:ECU01_0840	K03248
enccu_2934_1:ECU04_1100	K03231
enccu_2934_1:ECU10_1695	K03540
enccu_2934_1:ECU09_1380	K07562
enccu_2934_1:ECU11_0930i	K03237
enccu_2934_1:ECU06_1295	K14277
enccu_2934_1:ECU06_0210	K03238
enccu_2934_1:ECU10_0700	K03240
enccu_2934_1:ECU09_0630	K03537
enccu_2934_1:ECU03_0760	K12883
enccu_2934_1:ECU04_1610	K03260

### 03015	mRNA surveillance pathway
enccu_2934_1:ECU04_0200	K11584
enccu_2934_1:ECU04_1580	K14962
enccu_2934_1:ECU01_0540	K14396
enccu_2934_1:ECU05_1130	K14399
enccu_2934_1:ECU03_0760	K12883
enccu_2934_1:ECU02_0730	K14376
enccu_2934_1:ECU04_0700	K04382
enccu_2934_1:ECU09_1490	K03456
enccu_2934_1:ECU11_1390	K14405
enccu_2934_1:ECU08_0380	K14407
enccu_2934_1:ECU10_1110	K13126
enccu_2934_1:ECU10_1640	K14326
enccu_2934_1:ECU06_0840	K15544
enccu_2934_1:ECU06_1440	K03267
enccu_2934_1:ECU10_0900	K14403
enccu_2934_1:ECU11_0660	K06269
enccu_2934_1:ECU02_1400	K15542
enccu_2934_1:ECU06_0780	K06100
enccu_2934_1:ECU03_1380	K06965
enccu_2934_1:ECU01_0430	K14404
enccu_2934_1:ECU05_0360	K03265
enccu_2934_1:ECU11_0610	K14401
enccu_2934_1:ECU09_0340	K15541
enccu_2934_1:ECU10_0380	K00565
enccu_2934_1:ECU05_0810	K04354

### 03008	Ribosome biogenesis in eukaryotes
enccu_2934_1:ECU11_1170	K14549
enccu_2934_1:ECU05_0560	K14566
enccu_2934_1:ECU10_0280	K14521
enccu_2934_1:ECU09_1650	K14537
enccu_2934_1:ECU03_0910	K14758
enccu_2934_1:ECU07_0460	K12845
enccu_2934_1:ECU09_0370	K11883
enccu_2934_1:ECU07_1650	K03538
enccu_2934_1:ECU05_0800	K06943
enccu_2934_1:ECU08_1130	K14561
enccu_2934_1:ECU07_0380	K14570
enccu_2934_1:ECU05_1510	K03097
enccu_2934_1:ECU08_1610	K14574
enccu_2934_1:ECU07_0080	K14557
enccu_2934_1:ECU05_1355	K01981
enccu_2934_1:ECU07_1495	K01981
enccu_2934_1:ECU08_1200	K03539
enccu_2934_1:ECU09_0405	K01981
enccu_2934_1:ECU06_0370i	K14554
enccu_2934_1:ECU09_1260	K07179
enccu_2934_1:ECU11_0240	K14290
enccu_2934_1:ECU11_0940	K11129
enccu_2934_1:ECU10_0960	K18532
enccu_2934_1:ECU01_0330	K14559
enccu_2934_1:ECU06_1030	K11108
enccu_2934_1:ECU01_0480	K14568
enccu_2934_1:ECU08_0240	K14539
enccu_2934_1:ECU05_0190	K14558
enccu_2934_1:ECU10_0820	K14563
enccu_2934_1:ECU04_0820	K14565
enccu_2934_1:ECU01_1360	K11128
enccu_2934_1:ECU08_0330	K14538
enccu_2934_1:ECU10_1200i	K03115
enccu_2934_1:ECU08_1900	K14572
enccu_2934_1:ECU05_1070	K07178
enccu_2934_1:ECU06_0420	K14569
enccu_2934_1:ECU09_0630	K03537
enccu_2934_1:ECU11_1910	K14561
enccu_2934_1:ECU09_1380	K07562
enccu_2934_1:ECU05_1020	K11131
enccu_2934_1:ECU09_1600	K14564
enccu_2934_1:ECU05_1320	K14560
enccu_2934_1:ECU04_0780	K03264
enccu_2934_1:ECU08_1190	K03539
enccu_2934_1:ECU04_1560	K07936
enccu_2934_1:ECU09_0760	K12619

### 03060	Protein export
enccu_2934_1:ECU10_0170	K13431
enccu_2934_1:ECU09_0960	K12948
enccu_2934_1:ECU07_0700	K12275
enccu_2934_1:ECU02_1140	K12947
enccu_2934_1:ECU05_0885	K07342
enccu_2934_1:ECU02_0760	K13280
enccu_2934_1:ECU06_0870	K09540
enccu_2934_1:ECU09_0130	K10956
enccu_2934_1:ECU08_0800	K03105
enccu_2934_1:ECU04_0980	K03106

### 04141	Protein processing in endoplasmic reticulum
enccu_2934_1:ECU03_0520	K03283
enccu_2934_1:ECU01_1230	K13525
enccu_2934_1:ECU02_1100	K04079
enccu_2934_1:ECU06_0870	K09540
enccu_2934_1:ECU07_0760	K09503
enccu_2934_1:ECU03_0300	K03094
enccu_2934_1:ECU06_0830	K10661
enccu_2934_1:ECU11_0540	K03283
enccu_2934_1:ECU04_0630	K10575
enccu_2934_1:ECU09_0550	K10082
enccu_2934_1:ECU05_0885	K07342
enccu_2934_1:ECU07_0700	K12275
enccu_2934_1:ECU11_0790	K14006
enccu_2934_1:ECU11_1920	K13989
enccu_2934_1:ECU04_0120	K09523
enccu_2934_1:ECU11_1130	K10666
enccu_2934_1:ECU02_1230	K14007
enccu_2934_1:ECU01_1095	K03868
enccu_2934_1:ECU05_0090	K07953
enccu_2934_1:ECU07_0770	K14015
enccu_2934_1:ECU01_0750	K10601
enccu_2934_1:ECU11_0930i	K03237
enccu_2934_1:ECU07_0290	K04523
enccu_2934_1:ECU10_1180	K14016
enccu_2934_1:ECU09_0130	K10956

### 04130	SNARE interactions in vesicular transport
enccu_2934_1:ECU11_0980	K08517
enccu_2934_1:ECU07_1620	K08496
enccu_2934_1:ECU11_1560	K08486
enccu_2934_1:ECU03_0530	K08516

### 04120	Ubiquitin mediated proteolysis
enccu_2934_1:ECU11_0340	K10144
enccu_2934_1:ECU05_0980	K03357
enccu_2934_1:ECU01_1095	K03868
enccu_2934_1:ECU01_0750	K10601
enccu_2934_1:ECU08_0860	K10576
enccu_2934_1:ECU06_0150	K03353
enccu_2934_1:ECU01_1300	K10260
enccu_2934_1:ECU11_1160	K03350
enccu_2934_1:ECU03_0930	K03178
enccu_2934_1:ECU10_1310i	K10573
enccu_2934_1:ECU04_0490	K10587
enccu_2934_1:ECU10_1540	K10579
enccu_2934_1:ECU04_0630	K10575
enccu_2934_1:ECU06_1430	K03355
enccu_2934_1:ECU04_1250	K03363
enccu_2934_1:ECU01_0940	K10577
enccu_2934_1:ECU03_0300	K03094

### 04122	Sulfur relay system
enccu_2934_1:ECU11_1770	K04487
enccu_2934_1:ECU03_1240	K14168
enccu_2934_1:ECU03_0800	K12161
enccu_2934_1:ECU03_1290	K11996

### 03050	Proteasome
enccu_2934_1:ECU08_1870	K02737
enccu_2934_1:ECU04_0420	K03038
enccu_2934_1:ECU11_1670	K02725
enccu_2934_1:ECU02_0340	K02735
enccu_2934_1:ECU05_1400	K02729
enccu_2934_1:ECU05_0290	K02736
enccu_2934_1:ECU02_0480	K03032
enccu_2934_1:ECU05_1080	K03035
enccu_2934_1:ECU03_1330	K03061
enccu_2934_1:ECU05_1340	K02728
enccu_2934_1:ECU08_1580	K02726
enccu_2934_1:ECU04_0310	K03028
enccu_2934_1:ECU09_1840	K03066
enccu_2934_1:ECU10_0550	K02730
enccu_2934_1:ECU11_1960	K03039
enccu_2934_1:ECU07_1420	K02732
enccu_2934_1:ECU07_0590	K03036
enccu_2934_1:ECU10_0410	K03029
enccu_2934_1:ECU10_1450	K02738
enccu_2934_1:ECU05_1540	K03033
enccu_2934_1:ECU09_0330	K02727
enccu_2934_1:ECU07_0190	K03064
enccu_2934_1:ECU08_0280	K02734
enccu_2934_1:ECU09_0720	K02739
enccu_2934_1:ECU10_1420	K03065
enccu_2934_1:ECU07_1040	K02731
enccu_2934_1:ECU10_0190	K03037
enccu_2934_1:ECU11_0570	K03030
enccu_2934_1:ECU07_1640	K03062
enccu_2934_1:ECU08_1970	K03063
enccu_2934_1:ECU10_0130	K03063

### 03018	RNA degradation
enccu_2934_1:ECU09_1640	K12614
enccu_2934_1:ECU10_1710	K12584
enccu_2934_1:ECU11_1140	K12591
enccu_2934_1:ECU07_1630	K12613
enccu_2934_1:ECU03_0680	K00850
enccu_2934_1:ECU04_0910	K12598
enccu_2934_1:ECU06_1140	K12625
enccu_2934_1:ECU05_1310	K12620
enccu_2934_1:ECU11_0650	K12597
enccu_2934_1:ECU06_1520	K03514
enccu_2934_1:ECU11_1370	K12604
enccu_2934_1:ECU10_1340	K03679
enccu_2934_1:ECU09_1240	K03681
enccu_2934_1:ECU06_1510	K12580
enccu_2934_1:ECU10_0270	K12590
enccu_2934_1:ECU08_0850	K12581
enccu_2934_1:ECU10_1110	K13126
enccu_2934_1:ECU01_0380	K12606
enccu_2934_1:ECU04_1290	K12599
enccu_2934_1:ECU09_1805	K12621
enccu_2934_1:ECU09_0760	K12619
enccu_2934_1:ECU03_0360	K12623
enccu_2934_1:ECU11_0770	K12603
enccu_2934_1:ECU09_0830	K11600
enccu_2934_1:ECU10_1690	K01689
enccu_2934_1:ECU03_0700	K12585

### 03030	DNA replication
enccu_2934_1:ECU05_1530	K10754
enccu_2934_1:ECU02_1150	K02212
enccu_2934_1:ECU10_1210	K02324
enccu_2934_1:ECU08_0290	K02541
enccu_2934_1:ECU09_1360	K02210
enccu_2934_1:ECU05_1210	K02685
enccu_2934_1:ECU10_1080	K02321
enccu_2934_1:ECU09_0770	K02328
enccu_2934_1:ECU06_0360	K10739
enccu_2934_1:ECU08_0630	K02684
enccu_2934_1:ECU02_0290	K10756
enccu_2934_1:ECU05_0780	K02542
enccu_2934_1:ECU05_1030	K04802
enccu_2934_1:ECU09_0430	K02327
enccu_2934_1:ECU06_0340	K02209
enccu_2934_1:ECU05_0330	K02325
enccu_2934_1:ECU05_0990	K02320
enccu_2934_1:ECU03_0670	K10743
enccu_2934_1:ECU04_0850	K02540
enccu_2934_1:ECU03_1080	K04799
enccu_2934_1:ECU10_0780i	K10756
enccu_2934_1:ECU09_1330	K10755
enccu_2934_1:ECU02_1220	K10747
enccu_2934_1:ECU10_0600	K07466

### 03410	Base excision repair
enccu_2934_1:ECU05_1030	K04802
enccu_2934_1:ECU08_0880	K10773
enccu_2934_1:ECU05_1590	K03652
enccu_2934_1:ECU09_0770	K02328
enccu_2934_1:ECU08_0770	K03660
enccu_2934_1:ECU10_1210	K02324
enccu_2934_1:ECU11_0140	K03652
enccu_2934_1:ECU10_0530	K03648
enccu_2934_1:ECU02_1220	K10747
enccu_2934_1:ECU11_1550i	K01151
enccu_2934_1:ECU06_1360	K01142
enccu_2934_1:ECU03_1080	K04799
enccu_2934_1:ECU05_0330	K02325
enccu_2934_1:ECU09_0430	K02327

### 03420	Nucleotide excision repair
enccu_2934_1:ECU02_1220	K10747
enccu_2934_1:ECU01_1095	K03868
enccu_2934_1:ECU10_0600	K07466
enccu_2934_1:ECU07_0880	K03143
enccu_2934_1:ECU02_1450	K02202
enccu_2934_1:ECU09_1330	K10755
enccu_2934_1:ECU10_1330	K10849
enccu_2934_1:ECU10_0780i	K10756
enccu_2934_1:ECU08_0760	K10848
enccu_2934_1:ECU09_0430	K02327
enccu_2934_1:ECU05_0330	K02325
enccu_2934_1:ECU01_1060	K10843
enccu_2934_1:ECU09_0410	K10841
enccu_2934_1:ECU06_0200	K10844
enccu_2934_1:ECU01_0670	K03144
enccu_2934_1:ECU05_1030	K04802
enccu_2934_1:ECU11_0220	K10842
enccu_2934_1:ECU09_0770	K02328
enccu_2934_1:ECU06_0360	K10739
enccu_2934_1:ECU02_0290	K10756
enccu_2934_1:ECU04_0280	K03142
enccu_2934_1:ECU09_1620	K10846
enccu_2934_1:ECU10_1170	K10847
enccu_2934_1:ECU10_1210	K02324
enccu_2934_1:ECU05_1530	K10754

### 03430	Mismatch repair
enccu_2934_1:ECU05_1530	K10754
enccu_2934_1:ECU05_1030	K04802
enccu_2934_1:ECU09_0770	K02328
enccu_2934_1:ECU06_0360	K10739
enccu_2934_1:ECU02_0290	K10756
enccu_2934_1:ECU11_1260	K10858
enccu_2934_1:ECU10_0710	K08737
enccu_2934_1:ECU09_0430	K02327
enccu_2934_1:ECU11_0760	K10746
enccu_2934_1:ECU03_0540	K08735
enccu_2934_1:ECU09_1330	K10755
enccu_2934_1:ECU10_0600	K07466
enccu_2934_1:ECU02_1220	K10747
enccu_2934_1:ECU05_0300	K08734
enccu_2934_1:ECU10_0780i	K10756

### 03440	Homologous recombination
enccu_2934_1:ECU02_1390	K08991
enccu_2934_1:ECU09_0930	K10873
enccu_2934_1:ECU06_0360	K10739
enccu_2934_1:ECU09_0770	K02328
enccu_2934_1:ECU05_1280	K10865
enccu_2934_1:ECU07_1130	K10901
enccu_2934_1:ECU09_0430	K02327
enccu_2934_1:ECU07_0610i	K10866
enccu_2934_1:ECU11_0820	K04482
enccu_2934_1:ECU04_1070	K03165
enccu_2934_1:ECU10_0600	K07466

### 03450	Non-homologous end-joining
enccu_2934_1:ECU07_0610i	K10866
enccu_2934_1:ECU03_1080	K04799
enccu_2934_1:ECU05_1280	K10865

### 03460	Fanconi anemia pathway
enccu_2934_1:ECU02_1390	K08991
enccu_2934_1:ECU11_1260	K10858
enccu_2934_1:ECU06_0360	K10739
enccu_2934_1:ECU07_1130	K10901
enccu_2934_1:ECU08_0760	K10848
enccu_2934_1:ECU11_0820	K04482
enccu_2934_1:ECU04_1070	K03165
enccu_2934_1:ECU10_1330	K10849
enccu_2934_1:ECU02_1130	K06640
enccu_2934_1:ECU05_0300	K08734
enccu_2934_1:ECU10_0600	K07466

### 02010	ABC transporters
enccu_2934_1:ECU11_1200	K05663

### 02060	Phosphotransferase system (PTS)

### 03070	Bacterial secretion system
enccu_2934_1:ECU04_0980	K03106

### 02020	Two-component system

### 04014	Ras signaling pathway
enccu_2934_1:ECU08_0730	K07889
enccu_2934_1:ECU03_1560	K04393
enccu_2934_1:ECU10_0350	K04513
enccu_2934_1:ECU07_0520	K04345
enccu_2934_1:ECU09_1220	K02183
enccu_2934_1:ECU11_1180	K01115

### 04015	Rap1 signaling pathway
enccu_2934_1:ECU09_1220	K02183
enccu_2934_1:ECU10_0350	K04513
enccu_2934_1:ECU03_1560	K04393
enccu_2934_1:ECU01_0460	K05692

### 04010	MAPK signaling pathway
enccu_2934_1:ECU05_0440	K04460
enccu_2934_1:ECU11_0540	K03283
enccu_2934_1:ECU03_1560	K04393
enccu_2934_1:ECU03_0520	K03283
enccu_2934_1:ECU07_0520	K04345

### 04013	MAPK signaling pathway - fly

### 04011	MAPK signaling pathway - yeast
enccu_2934_1:ECU03_1560	K04393
enccu_2934_1:ECU10_0350	K04513
enccu_2934_1:ECU11_2030	K11215

### 04012	ErbB signaling pathway
enccu_2934_1:ECU07_1270	K03083

### 04310	Wnt signaling pathway
enccu_2934_1:ECU01_1095	K03868
enccu_2934_1:ECU07_0520	K04345
enccu_2934_1:ECU10_0350	K04513
enccu_2934_1:ECU10_1200i	K03115
enccu_2934_1:ECU03_0300	K03094
enccu_2934_1:ECU05_1510	K03097
enccu_2934_1:ECU07_1270	K03083
enccu_2934_1:ECU09_1390	K04499

### 04330	Notch signaling pathway
enccu_2934_1:ECU03_1370	K06067
enccu_2934_1:ECU10_1430	K06062

### 04340	Hedgehog signaling pathway
enccu_2934_1:ECU11_1980	K02218
enccu_2934_1:ECU07_0520	K04345
enccu_2934_1:ECU07_1270	K03083

### 04350	TGF-beta signaling pathway
enccu_2934_1:ECU10_0350	K04513
enccu_2934_1:ECU03_0300	K03094
enccu_2934_1:ECU04_0700	K04382
enccu_2934_1:ECU09_1490	K03456
enccu_2934_1:ECU01_1095	K03868

### 04390	Hippo signaling pathway
enccu_2934_1:ECU11_0660	K06269
enccu_2934_1:ECU09_1490	K03456
enccu_2934_1:ECU04_0700	K04382
enccu_2934_1:ECU05_0810	K04354
enccu_2934_1:ECU03_1010	K16197
enccu_2934_1:ECU01_0460	K05692
enccu_2934_1:ECU07_1270	K03083

### 04391	Hippo signaling pathway - fly
enccu_2934_1:ECU01_0460	K05692
enccu_2934_1:ECU03_1010	K16197
enccu_2934_1:ECU05_0810	K04354
enccu_2934_1:ECU04_0700	K04382
enccu_2934_1:ECU09_1490	K03456

### 04370	VEGF signaling pathway
enccu_2934_1:ECU03_1560	K04393

### 04630	Jak-STAT signaling pathway

### 04064	NF-kappa B signaling pathway
enccu_2934_1:ECU01_0940	K10577
enccu_2934_1:ECU05_1510	K03097
enccu_2934_1:ECU10_1200i	K03115

### 04668	TNF signaling pathway
enccu_2934_1:ECU10_1700i	K17065

### 04066	HIF-1 signaling pathway
enccu_2934_1:ECU05_0670	K02991
enccu_2934_1:ECU04_1160	K00162
enccu_2934_1:ECU08_0900	K03259
enccu_2934_1:ECU11_1540	K00844
enccu_2934_1:ECU11_1350	K03259
enccu_2934_1:ECU10_1690	K01689
enccu_2934_1:ECU07_0800	K00134
enccu_2934_1:ECU01_1095	K03868
enccu_2934_1:ECU09_1040	K00161

### 04068	FoxO signaling pathway
enccu_2934_1:ECU08_1920	K02206
enccu_2934_1:ECU01_0630	K06631
enccu_2934_1:ECU11_1080	K04564
enccu_2934_1:ECU03_0580	K11838

### 04020	Calcium signaling pathway
enccu_2934_1:ECU07_0520	K04345
enccu_2934_1:ECU08_0470	K09565
enccu_2934_1:ECU09_1220	K02183

### 04070	Phosphatidylinositol signaling system
enccu_2934_1:ECU03_0330	K00889
enccu_2934_1:ECU11_0450	K00888
enccu_2934_1:ECU09_1220	K02183
enccu_2934_1:ECU01_1000	K00999
enccu_2934_1:ECU05_1250	K00981

### 04022	cGMP-PKG signaling pathway
enccu_2934_1:ECU09_1220	K02183
enccu_2934_1:ECU11_0660	K06269
enccu_2934_1:ECU08_0470	K09565
enccu_2934_1:ECU10_0350	K04513

### 04151	PI3K-Akt signaling pathway
enccu_2934_1:ECU04_0200	K11584
enccu_2934_1:ECU09_1490	K03456
enccu_2934_1:ECU04_0700	K04382
enccu_2934_1:ECU11_1350	K03259
enccu_2934_1:ECU07_1270	K03083
enccu_2934_1:ECU03_1010	K16197
enccu_2934_1:ECU02_1100	K04079
enccu_2934_1:ECU05_0670	K02991
enccu_2934_1:ECU05_0810	K04354
enccu_2934_1:ECU08_1920	K02206
enccu_2934_1:ECU08_0900	K03259

### 04152	AMPK signaling pathway
enccu_2934_1:ECU04_0200	K11584
enccu_2934_1:ECU04_0700	K04382
enccu_2934_1:ECU09_1490	K03456
enccu_2934_1:ECU10_1720	K00021
enccu_2934_1:ECU09_1450	K07901
enccu_2934_1:ECU11_1460	K03234
enccu_2934_1:ECU03_0680	K00850
enccu_2934_1:ECU05_0810	K04354

### 04150	mTOR signaling pathway
enccu_2934_1:ECU11_1350	K03259
enccu_2934_1:ECU05_0670	K02991
enccu_2934_1:ECU08_0900	K03259

### 04075	Plant hormone signal transduction

### 04080	Neuroactive ligand-receptor interaction

### 04060	Cytokine-cytokine receptor interaction

### 04512	ECM-receptor interaction

### 04514	Cell adhesion molecules (CAMs)

### 04144	Endocytosis
enccu_2934_1:ECU10_0350	K04513
enccu_2934_1:ECU03_0520	K03283
enccu_2934_1:ECU03_1560	K04393
enccu_2934_1:ECU08_0730	K07889
enccu_2934_1:ECU11_0540	K03283
enccu_2934_1:ECU03_0330	K00889
enccu_2934_1:ECU11_1180	K01115
enccu_2934_1:ECU04_0680	K07904
enccu_2934_1:ECU08_1690	K12493

### 04145	Phagosome
enccu_2934_1:ECU07_1190	K07374
enccu_2934_1:ECU11_0980	K08517
enccu_2934_1:ECU03_1120	K02155
enccu_2934_1:ECU05_0405	K02150
enccu_2934_1:ECU10_1040	K02147
enccu_2934_1:ECU11_1280i	K02145
enccu_2934_1:ECU10_0140	K02149
enccu_2934_1:ECU06_0190	K03661
enccu_2934_1:ECU08_0730	K07889
enccu_2934_1:ECU01_0460	K05692
enccu_2934_1:ECU05_0885	K07342
enccu_2934_1:ECU09_1790	K02154
enccu_2934_1:ECU08_1520	K02146
enccu_2934_1:ECU07_1350	K02155
enccu_2934_1:ECU03_0820i	K07375
enccu_2934_1:ECU03_0305	K02151
enccu_2934_1:ECU08_0250	K02144
enccu_2934_1:ECU03_0500	K02148
enccu_2934_1:ECU10_0640	K10413
enccu_2934_1:ECU09_0130	K10956

### 04142	Lysosome
enccu_2934_1:ECU06_0190	K03661
enccu_2934_1:ECU03_1120	K02155
enccu_2934_1:ECU08_0250	K02144
enccu_2934_1:ECU09_1790	K02154
enccu_2934_1:ECU08_1520	K02146
enccu_2934_1:ECU07_1350	K02155

### 04146	Peroxisome
enccu_2934_1:ECU11_1080	K04564
enccu_2934_1:ECU06_0940	K07513
enccu_2934_1:ECU09_1780	K00869
enccu_2934_1:ECU10_0910	K01897
enccu_2934_1:ECU10_0890	K01897

### 04140	Regulation of autophagy

### 02030	Bacterial chemotaxis

### 02040	Flagellar assembly

### 04810	Regulation of actin cytoskeleton
enccu_2934_1:ECU11_0660	K06269
enccu_2934_1:ECU03_0330	K00889
enccu_2934_1:ECU10_0350	K04513
enccu_2934_1:ECU03_1560	K04393
enccu_2934_1:ECU01_0460	K05692

### 04110	Cell cycle
enccu_2934_1:ECU06_0340	K02209
enccu_2934_1:ECU04_0930	K06636
enccu_2934_1:ECU04_0850	K02540
enccu_2934_1:ECU11_1160	K03350
enccu_2934_1:ECU08_1960	K02214
enccu_2934_1:ECU03_0620	K02216
enccu_2934_1:ECU06_0150	K03353
enccu_2934_1:ECU09_1910	K06669
enccu_2934_1:ECU10_0120	K02214
enccu_2934_1:ECU02_1350	K06620
enccu_2934_1:ECU04_0870	K06671
enccu_2934_1:ECU01_1095	K03868
enccu_2934_1:ECU02_1130	K06640
enccu_2934_1:ECU02_1450	K02202
enccu_2934_1:ECU05_0980	K03357
enccu_2934_1:ECU03_1030	K02603
enccu_2934_1:ECU08_1920	K02206
enccu_2934_1:ECU03_1010	K16197
enccu_2934_1:ECU02_1150	K02212
enccu_2934_1:ECU03_0300	K03094
enccu_2934_1:ECU03_1370	K06067
enccu_2934_1:ECU01_0630	K06631
enccu_2934_1:ECU08_0290	K02541
enccu_2934_1:ECU09_1360	K02210
enccu_2934_1:ECU03_1090	K02606
enccu_2934_1:ECU05_0780	K02542
enccu_2934_1:ECU04_1250	K03363
enccu_2934_1:ECU10_1130	K02604
enccu_2934_1:ECU07_1270	K03083
enccu_2934_1:ECU06_1430	K03355
enccu_2934_1:ECU05_1030	K04802
enccu_2934_1:ECU02_0510	K08866

### 04111	Cell cycle - yeast
enccu_2934_1:ECU03_1030	K02603
enccu_2934_1:ECU05_0980	K03357
enccu_2934_1:ECU01_1095	K03868
enccu_2934_1:ECU04_0870	K06671
enccu_2934_1:ECU10_0120	K02214
enccu_2934_1:ECU09_1910	K06669
enccu_2934_1:ECU09_1490	K03456
enccu_2934_1:ECU04_0700	K04382
enccu_2934_1:ECU06_0150	K03353
enccu_2934_1:ECU07_0680	K06675
enccu_2934_1:ECU11_1160	K03350
enccu_2934_1:ECU08_1960	K02214
enccu_2934_1:ECU03_0620	K02216
enccu_2934_1:ECU04_0850	K02540
enccu_2934_1:ECU06_0340	K02209
enccu_2934_1:ECU04_0930	K06636
enccu_2934_1:ECU02_0510	K08866
enccu_2934_1:ECU06_1430	K03355
enccu_2934_1:ECU10_1130	K02604
enccu_2934_1:ECU04_1250	K03363
enccu_2934_1:ECU05_0780	K02542
enccu_2934_1:ECU04_0710	K02555
enccu_2934_1:ECU02_1290	K06676
enccu_2934_1:ECU08_0260	K02220
enccu_2934_1:ECU08_0290	K02541
enccu_2934_1:ECU09_1360	K02210
enccu_2934_1:ECU03_1090	K02606
enccu_2934_1:ECU03_0300	K03094
enccu_2934_1:ECU01_1160	K06674
enccu_2934_1:ECU02_1240	K06677
enccu_2934_1:ECU02_1150	K02212
enccu_2934_1:ECU05_0810	K04354

### 04112	Cell cycle - Caulobacter

### 04113	Meiosis - yeast
enccu_2934_1:ECU05_0780	K02542
enccu_2934_1:ECU04_1250	K03363
enccu_2934_1:ECU10_1130	K02604
enccu_2934_1:ECU06_1430	K03355
enccu_2934_1:ECU07_0520	K04345
enccu_2934_1:ECU02_1150	K02212
enccu_2934_1:ECU03_1090	K02606
enccu_2934_1:ECU08_0290	K02541
enccu_2934_1:ECU09_1360	K02210
enccu_2934_1:ECU09_1490	K03456
enccu_2934_1:ECU04_0700	K04382
enccu_2934_1:ECU04_1110	K10878
enccu_2934_1:ECU09_1910	K06669
enccu_2934_1:ECU10_0120	K02214
enccu_2934_1:ECU04_0870	K06671
enccu_2934_1:ECU04_0200	K11584
enccu_2934_1:ECU05_0980	K03357
enccu_2934_1:ECU03_1030	K02603
enccu_2934_1:ECU11_0660	K06269
enccu_2934_1:ECU04_0930	K06636
enccu_2934_1:ECU06_0340	K02209
enccu_2934_1:ECU04_0850	K02540
enccu_2934_1:ECU03_0620	K02216
enccu_2934_1:ECU08_1960	K02214
enccu_2934_1:ECU11_1160	K03350
enccu_2934_1:ECU06_0150	K03353

### 04114	Oocyte meiosis
enccu_2934_1:ECU01_0630	K06631
enccu_2934_1:ECU03_1010	K16197
enccu_2934_1:ECU07_0520	K04345
enccu_2934_1:ECU08_1920	K02206
enccu_2934_1:ECU03_0300	K03094
enccu_2934_1:ECU06_1430	K03355
enccu_2934_1:ECU04_1250	K03363
enccu_2934_1:ECU11_1160	K03350
enccu_2934_1:ECU06_0150	K03353
enccu_2934_1:ECU04_0930	K06636
enccu_2934_1:ECU11_0660	K06269
enccu_2934_1:ECU04_0200	K11584
enccu_2934_1:ECU01_1095	K03868
enccu_2934_1:ECU09_1220	K02183
enccu_2934_1:ECU05_0980	K03357
enccu_2934_1:ECU09_1490	K03456
enccu_2934_1:ECU04_0700	K04382
enccu_2934_1:ECU09_1910	K06669

### 04210	Apoptosis
enccu_2934_1:ECU07_0520	K04345
enccu_2934_1:ECU08_0930	K04739

### 04115	p53 signaling pathway
enccu_2934_1:ECU08_1920	K02206
enccu_2934_1:ECU06_0730	K10808
enccu_2934_1:ECU03_0620	K02216
enccu_2934_1:ECU11_0340	K10144
enccu_2934_1:ECU02_1130	K06640

### 04510	Focal adhesion
enccu_2934_1:ECU11_0660	K06269
enccu_2934_1:ECU03_1560	K04393
enccu_2934_1:ECU01_0460	K05692
enccu_2934_1:ECU07_1270	K03083
enccu_2934_1:ECU10_0350	K04513

### 04520	Adherens junction
enccu_2934_1:ECU01_0460	K05692
enccu_2934_1:ECU05_1510	K03097
enccu_2934_1:ECU03_1560	K04393
enccu_2934_1:ECU10_0350	K04513
enccu_2934_1:ECU10_1200i	K03115

### 04530	Tight junction
enccu_2934_1:ECU04_1000	K10352
enccu_2934_1:ECU05_0810	K04354
enccu_2934_1:ECU10_0350	K04513
enccu_2934_1:ECU10_1200i	K03115
enccu_2934_1:ECU06_0780	K06100
enccu_2934_1:ECU01_0460	K05692
enccu_2934_1:ECU05_1510	K03097
enccu_2934_1:ECU03_1560	K04393
enccu_2934_1:ECU09_1490	K03456
enccu_2934_1:ECU04_0700	K04382

### 04540	Gap junction
enccu_2934_1:ECU07_1190	K07374
enccu_2934_1:ECU07_0520	K04345
enccu_2934_1:ECU03_0820i	K07375

### 04640	Hematopoietic cell lineage

### 04610	Complement and coagulation cascades

### 04611	Platelet activation
enccu_2934_1:ECU11_0660	K06269
enccu_2934_1:ECU10_0350	K04513
enccu_2934_1:ECU07_0520	K04345
enccu_2934_1:ECU01_0460	K05692

### 04620	Toll-like receptor signaling pathway

### 04621	NOD-like receptor signaling pathway
enccu_2934_1:ECU02_1100	K04079
enccu_2934_1:ECU05_1160	K12795

### 04622	RIG-I-like receptor signaling pathway
enccu_2934_1:ECU06_0330	K09578

### 04623	Cytosolic DNA-sensing pathway
enccu_2934_1:ECU10_0210	K03025
enccu_2934_1:ECU07_0960	K03013
enccu_2934_1:ECU11_0370	K03021
enccu_2934_1:ECU08_0320	K03014
enccu_2934_1:ECU07_0840	K03016
enccu_2934_1:ECU06_0320	K03007
enccu_2934_1:ECU08_0650	K03022
enccu_2934_1:ECU07_0090	K03018
enccu_2934_1:ECU11_0590	K03020
enccu_2934_1:ECU03_0490	K03019
enccu_2934_1:ECU01_0600	K03027

### 04650	Natural killer cell mediated cytotoxicity

### 04612	Antigen processing and presentation
enccu_2934_1:ECU02_1100	K04079
enccu_2934_1:ECU03_0520	K03283
enccu_2934_1:ECU11_0540	K03283

### 04660	T cell receptor signaling pathway
enccu_2934_1:ECU07_1270	K03083
enccu_2934_1:ECU03_1560	K04393
enccu_2934_1:ECU10_0350	K04513

### 04662	B cell receptor signaling pathway
enccu_2934_1:ECU07_1270	K03083

### 04664	Fc epsilon RI signaling pathway

### 04666	Fc gamma R-mediated phagocytosis
enccu_2934_1:ECU03_0330	K00889
enccu_2934_1:ECU11_1180	K01115
enccu_2934_1:ECU03_1560	K04393

### 04670	Leukocyte transendothelial migration
enccu_2934_1:ECU03_1560	K04393
enccu_2934_1:ECU01_0460	K05692
enccu_2934_1:ECU10_0350	K04513

### 04672	Intestinal immune network for IgA production

### 04062	Chemokine signaling pathway
enccu_2934_1:ECU03_1560	K04393
enccu_2934_1:ECU07_1270	K03083
enccu_2934_1:ECU10_0350	K04513
enccu_2934_1:ECU07_0520	K04345

### 04911	Insulin secretion
enccu_2934_1:ECU07_0520	K04345

### 04910	Insulin signaling pathway
enccu_2934_1:ECU11_1350	K03259
enccu_2934_1:ECU11_0660	K06269
enccu_2934_1:ECU09_1220	K02183
enccu_2934_1:ECU08_0930	K04739
enccu_2934_1:ECU08_0900	K03259
enccu_2934_1:ECU07_0520	K04345
enccu_2934_1:ECU05_0670	K02991
enccu_2934_1:ECU11_1540	K00844
enccu_2934_1:ECU07_1270	K03083

### 04920	Adipocytokine signaling pathway
enccu_2934_1:ECU10_0910	K01897
enccu_2934_1:ECU10_0890	K01897

### 03320	PPAR signaling pathway
enccu_2934_1:ECU10_0890	K01897
enccu_2934_1:ECU10_0910	K01897
enccu_2934_1:ECU06_0940	K07513

### 04912	GnRH signaling pathway
enccu_2934_1:ECU03_1560	K04393
enccu_2934_1:ECU07_0520	K04345
enccu_2934_1:ECU11_1180	K01115
enccu_2934_1:ECU09_1220	K02183

### 04913	Ovarian steroidogenesis
enccu_2934_1:ECU07_0520	K04345

### 04915	Estrogen signaling pathway
enccu_2934_1:ECU07_0520	K04345
enccu_2934_1:ECU02_1100	K04079
enccu_2934_1:ECU03_0520	K03283
enccu_2934_1:ECU11_0540	K03283
enccu_2934_1:ECU09_1220	K02183

### 04914	Progesterone-mediated oocyte maturation
enccu_2934_1:ECU06_1430	K03355
enccu_2934_1:ECU01_0630	K06631
enccu_2934_1:ECU02_1100	K04079
enccu_2934_1:ECU08_1920	K02206
enccu_2934_1:ECU07_0520	K04345
enccu_2934_1:ECU05_0980	K03357
enccu_2934_1:ECU06_0150	K03353
enccu_2934_1:ECU11_1160	K03350

### 04917	Prolactin signaling pathway
enccu_2934_1:ECU07_1270	K03083

### 04921	Oxytocin signaling pathway
enccu_2934_1:ECU10_0350	K04513
enccu_2934_1:ECU07_0520	K04345
enccu_2934_1:ECU01_0460	K05692
enccu_2934_1:ECU11_1460	K03234
enccu_2934_1:ECU11_0660	K06269
enccu_2934_1:ECU09_1220	K02183

### 04918	Thyroid hormone synthesis
enccu_2934_1:ECU07_0520	K04345
enccu_2934_1:ECU02_0440	K00432

### 04919	Thyroid hormone signaling pathway
enccu_2934_1:ECU11_0190	K11644
enccu_2934_1:ECU01_0460	K05692
enccu_2934_1:ECU07_1270	K03083
enccu_2934_1:ECU03_1370	K06067
enccu_2934_1:ECU07_0520	K04345
enccu_2934_1:ECU10_1430	K06062

### 04916	Melanogenesis
enccu_2934_1:ECU07_0520	K04345
enccu_2934_1:ECU07_1270	K03083
enccu_2934_1:ECU09_1220	K02183

### 04614	Renin-angiotensin system

### 04260	Cardiac muscle contraction

### 04261	Adrenergic signaling in cardiomyocytes
enccu_2934_1:ECU07_0520	K04345
enccu_2934_1:ECU05_0810	K04354
enccu_2934_1:ECU04_0200	K11584
enccu_2934_1:ECU09_1220	K02183
enccu_2934_1:ECU09_1490	K03456
enccu_2934_1:ECU04_0700	K04382
enccu_2934_1:ECU11_0660	K06269

### 04270	Vascular smooth muscle contraction
enccu_2934_1:ECU11_0660	K06269
enccu_2934_1:ECU09_1220	K02183
enccu_2934_1:ECU07_0520	K04345
enccu_2934_1:ECU10_0350	K04513

### 04970	Salivary secretion
enccu_2934_1:ECU07_0520	K04345
enccu_2934_1:ECU09_1220	K02183

### 04971	Gastric acid secretion
enccu_2934_1:ECU09_1220	K02183
enccu_2934_1:ECU07_0520	K04345

### 04972	Pancreatic secretion
enccu_2934_1:ECU04_0680	K07904
enccu_2934_1:ECU09_1450	K07901
enccu_2934_1:ECU10_0350	K04513

### 04976	Bile secretion
enccu_2934_1:ECU07_0520	K04345
enccu_2934_1:ECU10_1720	K00021

### 04973	Carbohydrate digestion and absorption
enccu_2934_1:ECU11_1540	K00844

### 04974	Protein digestion and absorption

### 04975	Fat digestion and absorption
enccu_2934_1:ECU10_0300	K11155

### 04977	Vitamin digestion and absorption

### 04978	Mineral absorption
enccu_2934_1:ECU06_1380	K00522

### 04962	Vasopressin-regulated water reabsorption
enccu_2934_1:ECU08_0730	K07889
enccu_2934_1:ECU07_0520	K04345
enccu_2934_1:ECU10_0640	K10413
enccu_2934_1:ECU04_0680	K07904
enccu_2934_1:ECU03_1410	K06027

### 04960	Aldosterone-regulated sodium reabsorption

### 04961	Endocrine and other factor-regulated calcium reabsorption
enccu_2934_1:ECU04_0680	K07904
enccu_2934_1:ECU07_0520	K04345

### 04964	Proximal tubule bicarbonate reclamation

### 04966	Collecting duct acid secretion
enccu_2934_1:ECU11_1280i	K02145
enccu_2934_1:ECU10_1040	K02147
enccu_2934_1:ECU10_0140	K02149
enccu_2934_1:ECU03_1120	K02155
enccu_2934_1:ECU05_0405	K02150
enccu_2934_1:ECU03_0500	K02148
enccu_2934_1:ECU08_1520	K02146
enccu_2934_1:ECU09_1790	K02154
enccu_2934_1:ECU03_0305	K02151
enccu_2934_1:ECU07_1350	K02155

### 04724	Glutamatergic synapse
enccu_2934_1:ECU11_1180	K01115
enccu_2934_1:ECU07_0520	K04345

### 04727	GABAergic synapse
enccu_2934_1:ECU03_1410	K06027
enccu_2934_1:ECU07_0520	K04345

### 04725	Cholinergic synapse
enccu_2934_1:ECU07_0520	K04345

### 04728	Dopaminergic synapse
enccu_2934_1:ECU04_0200	K11584
enccu_2934_1:ECU09_1220	K02183
enccu_2934_1:ECU04_0700	K04382
enccu_2934_1:ECU09_1490	K03456
enccu_2934_1:ECU11_0660	K06269
enccu_2934_1:ECU07_1270	K03083
enccu_2934_1:ECU07_0520	K04345
enccu_2934_1:ECU05_0810	K04354

### 04726	Serotonergic synapse
enccu_2934_1:ECU07_0520	K04345

### 04720	Long-term potentiation
enccu_2934_1:ECU07_0520	K04345
enccu_2934_1:ECU09_1220	K02183
enccu_2934_1:ECU11_0660	K06269

### 04730	Long-term depression
enccu_2934_1:ECU04_0700	K04382
enccu_2934_1:ECU09_1490	K03456

### 04723	Retrograde endocannabinoid signaling
enccu_2934_1:ECU07_0520	K04345

### 04721	Synaptic vesicle cycle
enccu_2934_1:ECU08_0250	K02144
enccu_2934_1:ECU06_1280	K15296
enccu_2934_1:ECU03_0500	K02148
enccu_2934_1:ECU03_0305	K02151
enccu_2934_1:ECU07_1350	K02155
enccu_2934_1:ECU03_1410	K06027
enccu_2934_1:ECU11_1560	K08486
enccu_2934_1:ECU08_1520	K02146
enccu_2934_1:ECU02_0430	K15292
enccu_2934_1:ECU09_1790	K02154
enccu_2934_1:ECU11_1280i	K02145
enccu_2934_1:ECU10_1040	K02147
enccu_2934_1:ECU10_0140	K02149
enccu_2934_1:ECU06_0190	K03661
enccu_2934_1:ECU03_1120	K02155
enccu_2934_1:ECU05_0405	K02150

### 04722	Neurotrophin signaling pathway
enccu_2934_1:ECU09_1220	K02183
enccu_2934_1:ECU10_0350	K04513
enccu_2934_1:ECU03_1560	K04393
enccu_2934_1:ECU07_1270	K03083

### 04744	Phototransduction
enccu_2934_1:ECU09_1220	K02183

### 04745	Phototransduction - fly
enccu_2934_1:ECU09_1220	K02183
enccu_2934_1:ECU01_0460	K05692

### 04740	Olfactory transduction
enccu_2934_1:ECU07_0520	K04345
enccu_2934_1:ECU09_1220	K02183

### 04742	Taste transduction
enccu_2934_1:ECU07_0520	K04345

### 04750	Inflammatory mediator regulation of TRP channels
enccu_2934_1:ECU09_1220	K02183
enccu_2934_1:ECU11_0660	K06269
enccu_2934_1:ECU07_0520	K04345

### 04320	Dorso-ventral axis formation

### 04360	Axon guidance
enccu_2934_1:ECU10_0350	K04513
enccu_2934_1:ECU07_1270	K03083
enccu_2934_1:ECU03_1560	K04393

### 04380	Osteoclast differentiation

### 04710	Circadian rhythm
enccu_2934_1:ECU01_1095	K03868
enccu_2934_1:ECU03_0300	K03094

### 04713	Circadian entrainment
enccu_2934_1:ECU07_0520	K04345
enccu_2934_1:ECU09_1220	K02183

### 04711	Circadian rhythm - fly
enccu_2934_1:ECU07_1270	K03083

### 04712	Circadian rhythm - plant
enccu_2934_1:ECU05_1510	K03097
enccu_2934_1:ECU10_1200i	K03115

### 04626	Plant-pathogen interaction
enccu_2934_1:ECU09_1220	K02183
enccu_2934_1:ECU02_1100	K04079
enccu_2934_1:ECU05_1160	K12795

### 05200	Pathways in cancer
enccu_2934_1:ECU10_0350	K04513
enccu_2934_1:ECU07_0520	K04345
enccu_2934_1:ECU08_1920	K02206
enccu_2934_1:ECU02_1100	K04079
enccu_2934_1:ECU03_1370	K06067
enccu_2934_1:ECU07_1270	K03083
enccu_2934_1:ECU03_1560	K04393
enccu_2934_1:ECU11_0820	K04482
enccu_2934_1:ECU10_0710	K08737
enccu_2934_1:ECU03_0540	K08735
enccu_2934_1:ECU05_0300	K08734
enccu_2934_1:ECU01_1095	K03868
enccu_2934_1:ECU02_1350	K06620

### 05202	Transcriptional misregulation in cancer
enccu_2934_1:ECU03_1460	K11253
enccu_2934_1:ECU08_1080	K12823
enccu_2934_1:ECU03_1370	K06067
enccu_2934_1:ECU09_0450	K11253
enccu_2934_1:ECU11_0190	K11644
enccu_2934_1:ECU07_0370	K15620

### 05206	MicroRNAs in cancer
enccu_2934_1:ECU02_1350	K06620
enccu_2934_1:ECU10_0350	K04513
enccu_2934_1:ECU01_0940	K10577

### 05205	Proteoglycans in cancer
enccu_2934_1:ECU03_1560	K04393
enccu_2934_1:ECU01_0460	K05692
enccu_2934_1:ECU05_0670	K02991
enccu_2934_1:ECU07_0520	K04345
enccu_2934_1:ECU10_0350	K04513
enccu_2934_1:ECU08_1080	K12823
enccu_2934_1:ECU11_0660	K06269

### 05204	Chemical carcinogenesis

### 05203	Viral carcinogenesis
enccu_2934_1:ECU06_1100i	K03124
enccu_2934_1:ECU03_0620	K02216
enccu_2934_1:ECU08_1520	K02146
enccu_2934_1:ECU09_0640	K00873
enccu_2934_1:ECU04_0490	K10587
enccu_2934_1:ECU02_0450	K03123
enccu_2934_1:ECU03_0580	K11838
enccu_2934_1:ECU09_0440	K11254
enccu_2934_1:ECU06_0350	K03137
enccu_2934_1:ECU07_0880	K03143
enccu_2934_1:ECU04_1440	K03120
enccu_2934_1:ECU07_0220	K03136
enccu_2934_1:ECU03_1370	K06067
enccu_2934_1:ECU10_0350	K04513
enccu_2934_1:ECU07_0520	K04345
enccu_2934_1:ECU08_1920	K02206
enccu_2934_1:ECU10_1430	K06062
enccu_2934_1:ECU03_1010	K16197
enccu_2934_1:ECU03_1070	K03122
enccu_2934_1:ECU07_1640	K03062
enccu_2934_1:ECU01_0670	K03144
enccu_2934_1:ECU02_0140	K15306
enccu_2934_1:ECU08_0410	K11252
enccu_2934_1:ECU04_1250	K03363
enccu_2934_1:ECU03_1560	K04393
enccu_2934_1:ECU04_0280	K03142

### 05210	Colorectal cancer
enccu_2934_1:ECU10_0350	K04513
enccu_2934_1:ECU07_1270	K03083
enccu_2934_1:ECU10_0710	K08737
enccu_2934_1:ECU03_0540	K08735
enccu_2934_1:ECU05_0300	K08734

### 05212	Pancreatic cancer
enccu_2934_1:ECU11_0820	K04482
enccu_2934_1:ECU02_1350	K06620
enccu_2934_1:ECU03_1560	K04393

### 05214	Glioma
enccu_2934_1:ECU09_1220	K02183
enccu_2934_1:ECU02_1350	K06620

### 05216	Thyroid cancer

### 05221	Acute myeloid leukemia

### 05220	Chronic myeloid leukemia
enccu_2934_1:ECU03_1370	K06067
enccu_2934_1:ECU02_1350	K06620

### 05217	Basal cell carcinoma
enccu_2934_1:ECU07_1270	K03083

### 05218	Melanoma
enccu_2934_1:ECU02_1350	K06620

### 05211	Renal cell carcinoma
enccu_2934_1:ECU01_1095	K03868
enccu_2934_1:ECU03_1560	K04393

### 05219	Bladder cancer
enccu_2934_1:ECU02_1350	K06620

### 05215	Prostate cancer
enccu_2934_1:ECU07_1270	K03083
enccu_2934_1:ECU08_1920	K02206
enccu_2934_1:ECU02_1100	K04079
enccu_2934_1:ECU02_1350	K06620

### 05213	Endometrial cancer
enccu_2934_1:ECU05_0300	K08734
enccu_2934_1:ECU07_1270	K03083

### 05222	Small cell lung cancer
enccu_2934_1:ECU02_1350	K06620
enccu_2934_1:ECU10_0480	K01522
enccu_2934_1:ECU08_1920	K02206

### 05223	Non-small cell lung cancer
enccu_2934_1:ECU10_0480	K01522
enccu_2934_1:ECU02_1350	K06620

### 05310	Asthma

### 05322	Systemic lupus erythematosus
enccu_2934_1:ECU09_0450	K11253
enccu_2934_1:ECU08_0410	K11252
enccu_2934_1:ECU02_0720	K11251
enccu_2934_1:ECU01_0545	K11087
enccu_2934_1:ECU03_1460	K11253
enccu_2934_1:ECU09_0680	K11090
enccu_2934_1:ECU09_0440	K11254
enccu_2934_1:ECU03_0840	K11088

### 05323	Rheumatoid arthritis
enccu_2934_1:ECU11_1280i	K02145
enccu_2934_1:ECU10_1040	K02147
enccu_2934_1:ECU06_0190	K03661
enccu_2934_1:ECU10_0140	K02149
enccu_2934_1:ECU03_1120	K02155
enccu_2934_1:ECU05_0405	K02150
enccu_2934_1:ECU08_0250	K02144
enccu_2934_1:ECU03_0500	K02148
enccu_2934_1:ECU03_0305	K02151
enccu_2934_1:ECU07_1350	K02155
enccu_2934_1:ECU08_1520	K02146
enccu_2934_1:ECU09_1790	K02154

### 05320	Autoimmune thyroid disease

### 05321	Inflammatory bowel disease (IBD)

### 05330	Allograft rejection

### 05332	Graft-versus-host disease

### 05340	Primary immunodeficiency
enccu_2934_1:ECU10_0530	K03648

### 05010	Alzheimer's disease
enccu_2934_1:ECU07_1270	K03083
enccu_2934_1:ECU06_0750	K01408
enccu_2934_1:ECU09_1220	K02183
enccu_2934_1:ECU07_0800	K00134

### 05012	Parkinson's disease
enccu_2934_1:ECU03_0930	K03178
enccu_2934_1:ECU04_0630	K10575
enccu_2934_1:ECU08_0470	K09565
enccu_2934_1:ECU07_0520	K04345

### 05014	Amyotrophic lateral sclerosis (ALS)
enccu_2934_1:ECU06_0480	K11518

### 05016	Huntington's disease
enccu_2934_1:ECU07_0840	K03016
enccu_2934_1:ECU06_0320	K03007
enccu_2934_1:ECU08_0320	K03014
enccu_2934_1:ECU11_0190	K11644
enccu_2934_1:ECU10_0250	K03010
enccu_2934_1:ECU03_1370	K06067
enccu_2934_1:ECU08_0470	K09565
enccu_2934_1:ECU05_0275	K03008
enccu_2934_1:ECU04_1440	K03120
enccu_2934_1:ECU11_1400	K03017
enccu_2934_1:ECU11_1080	K04564
enccu_2934_1:ECU03_0290	K03006
enccu_2934_1:ECU07_1750	K03015
enccu_2934_1:ECU08_0765	K03012
enccu_2934_1:ECU07_0960	K03013
enccu_2934_1:ECU06_0600	K03011

### 05020	Prion diseases
enccu_2934_1:ECU07_0520	K04345

### 05030	Cocaine addiction
enccu_2934_1:ECU07_0520	K04345

### 05031	Amphetamine addiction
enccu_2934_1:ECU07_0520	K04345
enccu_2934_1:ECU11_0660	K06269
enccu_2934_1:ECU09_1220	K02183

### 05032	Morphine addiction
enccu_2934_1:ECU07_0520	K04345

### 05033	Nicotine addiction

### 05034	Alcoholism
enccu_2934_1:ECU03_1370	K06067
enccu_2934_1:ECU09_0450	K11253
enccu_2934_1:ECU02_0720	K11251
enccu_2934_1:ECU08_0410	K11252
enccu_2934_1:ECU11_0660	K06269
enccu_2934_1:ECU09_0440	K11254
enccu_2934_1:ECU03_1460	K11253
enccu_2934_1:ECU09_1220	K02183

### 05410	Hypertrophic cardiomyopathy (HCM)
enccu_2934_1:ECU01_0460	K05692

### 05412	Arrhythmogenic right ventricular cardiomyopathy (ARVC)
enccu_2934_1:ECU01_0460	K05692

### 05414	Dilated cardiomyopathy
enccu_2934_1:ECU01_0460	K05692
enccu_2934_1:ECU07_0520	K04345

### 05416	Viral myocarditis
enccu_2934_1:ECU04_1610	K03260
enccu_2934_1:ECU01_0460	K05692

### 04940	Type I diabetes mellitus

### 04930	Type II diabetes mellitus
enccu_2934_1:ECU09_0640	K00873
enccu_2934_1:ECU11_1540	K00844

### 04932	Non-alcoholic fatty liver disease (NAFLD)
enccu_2934_1:ECU03_1560	K04393
enccu_2934_1:ECU07_1270	K03083
enccu_2934_1:ECU11_0930i	K03237

### 04950	Maturity onset diabetes of the young

### 05110	Vibrio cholerae infection
enccu_2934_1:ECU03_0500	K02148
enccu_2934_1:ECU09_0130	K10956
enccu_2934_1:ECU08_0250	K02144
enccu_2934_1:ECU06_1570	K10949
enccu_2934_1:ECU07_1350	K02155
enccu_2934_1:ECU03_0305	K02151
enccu_2934_1:ECU09_1790	K02154
enccu_2934_1:ECU08_1520	K02146
enccu_2934_1:ECU01_0460	K05692
enccu_2934_1:ECU05_0885	K07342
enccu_2934_1:ECU10_0140	K02149
enccu_2934_1:ECU06_0190	K03661
enccu_2934_1:ECU10_1040	K02147
enccu_2934_1:ECU11_1280i	K02145
enccu_2934_1:ECU05_0405	K02150
enccu_2934_1:ECU03_1120	K02155
enccu_2934_1:ECU07_0520	K04345

### 05111	Vibrio cholerae pathogenic cycle

### 05120	Epithelial cell signaling in Helicobacter pylori infection
enccu_2934_1:ECU10_1040	K02147
enccu_2934_1:ECU11_1280i	K02145
enccu_2934_1:ECU03_1560	K04393
enccu_2934_1:ECU10_0140	K02149
enccu_2934_1:ECU06_0190	K03661
enccu_2934_1:ECU03_1120	K02155
enccu_2934_1:ECU05_0405	K02150
enccu_2934_1:ECU08_0250	K02144
enccu_2934_1:ECU03_0500	K02148
enccu_2934_1:ECU09_1790	K02154
enccu_2934_1:ECU08_1520	K02146
enccu_2934_1:ECU07_1350	K02155
enccu_2934_1:ECU03_0305	K02151

### 05130	Pathogenic Escherichia coli infection
enccu_2934_1:ECU10_0350	K04513
enccu_2934_1:ECU07_1190	K07374
enccu_2934_1:ECU03_1560	K04393
enccu_2934_1:ECU01_0460	K05692
enccu_2934_1:ECU03_0820i	K07375
enccu_2934_1:ECU03_0730	K11294

### 05132	Salmonella infection
enccu_2934_1:ECU10_0640	K10413
enccu_2934_1:ECU03_1560	K04393
enccu_2934_1:ECU01_0460	K05692

### 05131	Shigellosis
enccu_2934_1:ECU01_0460	K05692
enccu_2934_1:ECU09_1420	K12836
enccu_2934_1:ECU03_1560	K04393

### 05133	Pertussis
enccu_2934_1:ECU09_1220	K02183
enccu_2934_1:ECU10_0350	K04513

### 05134	Legionellosis
enccu_2934_1:ECU11_0540	K03283
enccu_2934_1:ECU11_0980	K08517
enccu_2934_1:ECU01_1230	K13525
enccu_2934_1:ECU03_0520	K03283
enccu_2934_1:ECU04_1100	K03231
enccu_2934_1:ECU03_1430	K07874
enccu_2934_1:ECU05_0090	K07953

### 05150	Staphylococcus aureus infection

### 05152	Tuberculosis
enccu_2934_1:ECU09_1790	K02154
enccu_2934_1:ECU08_1520	K02146
enccu_2934_1:ECU07_1350	K02155
enccu_2934_1:ECU08_0250	K02144
enccu_2934_1:ECU09_1220	K02183
enccu_2934_1:ECU10_0350	K04513
enccu_2934_1:ECU03_1120	K02155
enccu_2934_1:ECU06_0190	K03661
enccu_2934_1:ECU08_0730	K07889

### 05100	Bacterial invasion of epithelial cells
enccu_2934_1:ECU10_0350	K04513
enccu_2934_1:ECU01_0460	K05692
enccu_2934_1:ECU03_1560	K04393

### 05166	HTLV-I infection
enccu_2934_1:ECU02_1350	K06620
enccu_2934_1:ECU09_0310	K11126
enccu_2934_1:ECU02_1130	K06640
enccu_2934_1:ECU05_0980	K03357
enccu_2934_1:ECU10_0660	K11304
enccu_2934_1:ECU11_1810	K00787
enccu_2934_1:ECU04_1560	K07936
enccu_2934_1:ECU09_0430	K02327
enccu_2934_1:ECU05_0330	K02325
enccu_2934_1:ECU11_1160	K03350
enccu_2934_1:ECU03_0620	K02216
enccu_2934_1:ECU06_0150	K03353
enccu_2934_1:ECU09_0770	K02328
enccu_2934_1:ECU04_1250	K03363
enccu_2934_1:ECU07_1270	K03083
enccu_2934_1:ECU02_0140	K15306
enccu_2934_1:ECU06_1430	K03355
enccu_2934_1:ECU05_1030	K04802
enccu_2934_1:ECU07_0520	K04345
enccu_2934_1:ECU10_1430	K06062
enccu_2934_1:ECU05_0540	K08874
enccu_2934_1:ECU11_0240	K14290
enccu_2934_1:ECU04_1440	K03120
enccu_2934_1:ECU10_1210	K02324

### 05162	Measles
enccu_2934_1:ECU11_0930i	K03237
enccu_2934_1:ECU11_0340	K10144
enccu_2934_1:ECU08_1110	K14753
enccu_2934_1:ECU05_1510	K03097
enccu_2934_1:ECU11_0540	K03283
enccu_2934_1:ECU07_1270	K03083
enccu_2934_1:ECU10_1200i	K03115
enccu_2934_1:ECU08_1920	K02206
enccu_2934_1:ECU03_0520	K03283

### 05164	Influenza A
enccu_2934_1:ECU11_0240	K14290
enccu_2934_1:ECU03_0520	K03283
enccu_2934_1:ECU07_1270	K03083
enccu_2934_1:ECU11_0540	K03283
enccu_2934_1:ECU01_0460	K05692
enccu_2934_1:ECU06_1550	K14298
enccu_2934_1:ECU01_0430	K14404
enccu_2934_1:ECU11_1810	K00787
enccu_2934_1:ECU04_0120	K09523
enccu_2934_1:ECU01_0540	K14396
enccu_2934_1:ECU11_0930i	K03237

### 05161	Hepatitis B
enccu_2934_1:ECU05_1030	K04802
enccu_2934_1:ECU08_1920	K02206
enccu_2934_1:ECU03_1010	K16197
enccu_2934_1:ECU02_1350	K06620

### 05160	Hepatitis C
enccu_2934_1:ECU07_1270	K03083
enccu_2934_1:ECU05_0810	K04354
enccu_2934_1:ECU11_0930i	K03237
enccu_2934_1:ECU09_1490	K03456
enccu_2934_1:ECU04_0700	K04382

### 05168	Herpes simplex infection
enccu_2934_1:ECU03_0300	K03094
enccu_2934_1:ECU10_1200i	K03115
enccu_2934_1:ECU08_1920	K02206
enccu_2934_1:ECU04_1440	K03120
enccu_2934_1:ECU05_1510	K03097
enccu_2934_1:ECU11_0660	K06269
enccu_2934_1:ECU03_0580	K11838
enccu_2934_1:ECU11_1750	K03130
enccu_2934_1:ECU03_0290	K03006
enccu_2934_1:ECU04_0950	K03127
enccu_2934_1:ECU10_1120	K03131
enccu_2934_1:ECU11_0930i	K03237
enccu_2934_1:ECU01_1330	K03133
enccu_2934_1:ECU11_0830	K03134

### 05169	Epstein-Barr virus infection
enccu_2934_1:ECU04_1560	K07936
enccu_2934_1:ECU03_1330	K03061
enccu_2934_1:ECU05_1080	K03035
enccu_2934_1:ECU02_0480	K03032
enccu_2934_1:ECU03_0580	K11838
enccu_2934_1:ECU07_0960	K03013
enccu_2934_1:ECU06_0600	K03011
enccu_2934_1:ECU06_1100i	K03124
enccu_2934_1:ECU04_0420	K03038
enccu_2934_1:ECU07_0590	K03036
enccu_2934_1:ECU11_1960	K03039
enccu_2934_1:ECU03_0290	K03006
enccu_2934_1:ECU05_1540	K03033
enccu_2934_1:ECU10_0410	K03029
enccu_2934_1:ECU07_1750	K03015
enccu_2934_1:ECU08_0765	K03012
enccu_2934_1:ECU09_1840	K03066
enccu_2934_1:ECU04_0310	K03028
enccu_2934_1:ECU06_0350	K03137
enccu_2934_1:ECU10_0210	K03025
enccu_2934_1:ECU03_1370	K06067
enccu_2934_1:ECU10_1420	K03065
enccu_2934_1:ECU10_1200i	K03115
enccu_2934_1:ECU03_1010	K16197
enccu_2934_1:ECU05_0275	K03008
enccu_2934_1:ECU01_0600	K03027
enccu_2934_1:ECU03_0490	K03019
enccu_2934_1:ECU08_1920	K02206
enccu_2934_1:ECU07_0520	K04345
enccu_2934_1:ECU11_0590	K03020
enccu_2934_1:ECU11_1400	K03017
enccu_2934_1:ECU04_1440	K03120
enccu_2934_1:ECU07_0090	K03018
enccu_2934_1:ECU03_0520	K03283
enccu_2934_1:ECU11_0240	K14290
enccu_2934_1:ECU07_0190	K03064
enccu_2934_1:ECU07_0220	K03136
enccu_2934_1:ECU07_0840	K03016
enccu_2934_1:ECU08_0650	K03022
enccu_2934_1:ECU06_0320	K03007
enccu_2934_1:ECU10_0130	K03063
enccu_2934_1:ECU08_1970	K03063
enccu_2934_1:ECU05_1510	K03097
enccu_2934_1:ECU11_0540	K03283
enccu_2934_1:ECU10_0190	K03037
enccu_2934_1:ECU08_0320	K03014
enccu_2934_1:ECU10_0250	K03010
enccu_2934_1:ECU07_1640	K03062
enccu_2934_1:ECU07_1270	K03083
enccu_2934_1:ECU11_0570	K03030
enccu_2934_1:ECU11_0370	K03021

### 05146	Amoebiasis
enccu_2934_1:ECU08_0730	K07889
enccu_2934_1:ECU07_0520	K04345

### 05144	Malaria

### 05145	Toxoplasmosis
enccu_2934_1:ECU08_0470	K09565
enccu_2934_1:ECU03_0520	K03283
enccu_2934_1:ECU11_0540	K03283

### 05140	Leishmaniasis

### 05142	Chagas disease (American trypanosomiasis)
enccu_2934_1:ECU05_0810	K04354
enccu_2934_1:ECU04_0700	K04382
enccu_2934_1:ECU09_1490	K03456

### 05143	African trypanosomiasis

### 00312	beta-Lactam resistance

### 07011	Penicillins

### 07012	Cephalosporins - parenteral agents

### 07013	Cephalosporins - oral agents

### 07021	Aminoglycosides

### 07019	Tetracyclines

### 07020	Macrolides and ketolides

### 07014	Quinolones

### 07023	Rifamycins

### 07026	Antifungal agents

### 07044	Antivirals

### 07053	Anti-HIV agents

### 07040	Antineoplastics - alkylating agents

### 07041	Antineoplastics - antimetabolic agents

### 07042	Antineoplastics - agents from natural products

### 07043	Antineoplastics - hormones

### 07045	Antineoplastics - protein kinases inhibitors

### 07032	Hypnotics

### 07030	Anxiolytics

### 07033	Anticonvulsants

### 07015	Local analgesics

### 07039	Opioid analgesics

### 07028	Antipsychotics

### 07029	Phenothiazines

### 07031	Butyrophenones

### 07027	Antidepressants

### 07056	Agents for Alzheimer-type dementia

### 07057	Antiparkinsonian agents

### 07055	Sulfonamide derivatives - overview

### 07016	Sulfonamide derivatives - sulfa drugs

### 07017	Sulfonamide derivatives - diuretics

### 07018	Sulfonamide derivatives - hypoglycemic agents

### 07037	Antiarrhythmic drugs

### 07038	Antiulcer drugs

### 07046	Immunosuppressive agents

### 07047	Osteoporosis drugs

### 07048	Antimigraines

### 07049	Antithrombosis agents

### 07050	Antirheumatics - DMARDs and biological agents

### 07051	Antidiabetics

### 07052	Antidyslipidemic agents

### 07054	Antiglaucoma agents

### 07220	Cholinergic and anticholinergic drugs

### 07215	alpha-Adrenergic receptor agonists/antagonists

### 07214	beta-Adrenergic receptor agonists/antagonists

### 07213	Dopamine receptor agonists/antagonists

### 07212	Histamine H1 receptor antagonists

### 07227	Histamine H2/H3 receptor agonists/antagonists

### 07211	Serotonin receptor agonists/antagonists

### 07228	Eicosanoid receptor agonists/antagonists

### 07224	Opioid receptor agonists/antagonists

### 07229	Angiotensin receptor and endothelin receptor antagonists

### 07225	Glucocorticoid and meneralocorticoid receptor agonists/antagonists

### 07226	Progesterone, androgen and estrogen receptor agonists/antagonists

### 07223	Retinoic acid receptor (RAR) and retinoid X receptor (RXR) agonists/antagonists

### 07222	Peroxisome proliferator-activated receptor (PPAR) agonists

### 07221	Nicotinic cholinergic receptor antagonists

### 07230	GABA-A receptor agonists/antagonists

### 07036	Calcium channel blocking drugs

### 07231	Sodium channel blocking drugs

### 07232	Potassium channel blocking and opening drugs

### 07235	N-Metyl-D-aspartic acid receptor antagonists

### 07233	Ion transporter inhibitors

### 07234	Neurotransmitter transporter inhibitors

### 07216	Catecholamine transferase inhibitors

### 07219	Cyclooxygenase inhibitors

### 07024	HMG-CoA reductase inhibitors

### 07217	Renin-angiotensin system inhibitors

### 07218	HIV protease inhibitors

### 07025	Quinolines

### 07034	Eicosanoids

### 07035	Prostaglandins

### 07110	Benzoic acid family

### 07112	1,2-Diphenyl substitution family

### 07114	Naphthalene family

### 07117	Benzodiazepine family

