### 01100	Metabolic pathways
enche_5516_1:EHEL_070040	K03018
enche_5516_1:EHEL_051090	K02320
enche_5516_1:EHEL_110200	K03021
enche_5516_1:EHEL_091060	K05290
enche_5516_1:EHEL_071260	K00820
enche_5516_1:EHEL_031040	K02155
enche_5516_1:EHEL_101050	K02147
enche_5516_1:EHEL_060550	K03011
enche_5516_1:EHEL_091820	K02154
enche_5516_1:EHEL_070810	K03016
enche_5516_1:EHEL_101810	K11142
enche_5516_1:EHEL_050810	K00654
enche_5516_1:EHEL_011180	K03783
enche_5516_1:EHEL_060890	K07513
enche_5516_1:EHEL_070770	K00134
enche_5516_1:EHEL_050320	K01520
enche_5516_1:EHEL_100970	K18532
enche_5516_1:EHEL_050350	K01895
enche_5516_1:EHEL_011350	K00287
enche_5516_1:EHEL_051370	K00981
enche_5516_1:EHEL_101480	K01886
enche_5516_1:EHEL_060600	K00939
enche_5516_1:EHEL_030350	K03002
enche_5516_1:EHEL_041150	K00943
enche_5516_1:EHEL_030170	K03006
enche_5516_1:EHEL_090610	K00873
enche_5516_1:EHEL_010850	K00011
enche_5516_1:EHEL_101760	K00021
enche_5516_1:EHEL_010040	K00287
enche_5516_1:EHEL_091030	K00161
enche_5516_1:EHEL_101630	K00505
enche_5516_1:EHEL_110130	K00859
enche_5516_1:EHEL_100930	K10807
enche_5516_1:EHEL_051350	K18592
enche_5516_1:EHEL_060980	K01783
enche_5516_1:EHEL_011330	K00600
enche_5516_1:EHEL_060440	K01597
enche_5516_1:EHEL_110110	K01803
enche_5516_1:EHEL_060250	K03007
enche_5516_1:EHEL_080580	K02684
enche_5516_1:EHEL_070940	K03013
enche_5516_1:EHEL_021300	K01194
enche_5516_1:EHEL_111700	K00787
enche_5516_1:EHEL_050360	K00927
enche_5516_1:EHEL_080730	K03012
enche_5516_1:EHEL_081320	K03000
enche_5516_1:EHEL_030230	K00889
enche_5516_1:EHEL_101090	K02321
enche_5516_1:EHEL_010880	K00999
enche_5516_1:EHEL_101070	K15633
enche_5516_1:EHEL_030190	K02151
enche_5516_1:EHEL_051320	K02685
enche_5516_1:EHEL_090740	K02328
enche_5516_1:EHEL_030590	K00850
enche_5516_1:EHEL_091480	K03857
enche_5516_1:EHEL_050950	K01519
enche_5516_1:EHEL_010470	K03027
enche_5516_1:EHEL_110950	K04708
enche_5516_1:EHEL_100240	K03010
enche_5516_1:EHEL_060680	K10808
enche_5516_1:EHEL_031180	K00945
enche_5516_1:EHEL_100160	K01807
enche_5516_1:EHEL_040640	K01057
enche_5516_1:EHEL_091120	K07542
enche_5516_1:EHEL_021140	K01885
enche_5516_1:EHEL_050080	K13939
enche_5516_1:EHEL_050370	K02325
enche_5516_1:EHEL_110490	K00993
enche_5516_1:EHEL_100900	K01897
enche_5516_1:EHEL_010670	K00697
enche_5516_1:EHEL_081490	K02146
enche_5516_1:EHEL_030160	K00963
enche_5516_1:EHEL_041110	K01519
enche_5516_1:EHEL_031160	K03859
enche_5516_1:EHEL_100200	K03025
enche_5516_1:EHEL_101720	K01689
enche_5516_1:EHEL_081790	K00036
enche_5516_1:EHEL_030400	K03019
enche_5516_1:EHEL_030410	K02148
enche_5516_1:EHEL_020770	K00654
enche_5516_1:EHEL_041090	K00162
enche_5516_1:EHEL_100110	K02149
enche_5516_1:EHEL_100920	K01897
enche_5516_1:EHEL_071040	K00858
enche_5516_1:EHEL_010100	K01623
enche_5516_1:EHEL_090040	K05283
enche_5516_1:EHEL_080240	K03014
enche_5516_1:EHEL_030370	K11121
enche_5516_1:EHEL_111060	K01115
enche_5516_1:EHEL_061520	K00940
enche_5516_1:EHEL_071730	K03015
enche_5516_1:EHEL_061620	K01930
enche_5516_1:EHEL_111430	K00844
enche_5516_1:EHEL_111290	K03017
enche_5516_1:EHEL_010050	K00560
enche_5516_1:EHEL_110570	K00966
enche_5516_1:EHEL_050730	K01810
enche_5516_1:EHEL_091800	K00869
enche_5516_1:EHEL_110750	K00967
enche_5516_1:EHEL_050450	K02150
enche_5516_1:EHEL_060040	K00615
enche_5516_1:EHEL_080600	K03022
enche_5516_1:EHEL_031560	K14156
enche_5516_1:EHEL_071330	K02155
enche_5516_1:EHEL_050290	K17497
enche_5516_1:EHEL_030240	K15779
enche_5516_1:EHEL_081340	K04710
enche_5516_1:EHEL_060110	K03661
enche_5516_1:EHEL_101230	K02324
enche_5516_1:EHEL_011340	K00560
enche_5516_1:EHEL_100510	K01641
enche_5516_1:EHEL_110310	K00888
enche_5516_1:EHEL_111660	K04487
enche_5516_1:EHEL_100300	K11155
enche_5516_1:EHEL_110460	K03020
enche_5516_1:EHEL_040560	K17900
enche_5516_1:EHEL_041350	K02999
enche_5516_1:EHEL_100590	K00914
enche_5516_1:EHEL_110760	K01937
enche_5516_1:EHEL_050310	K03008
enche_5516_1:EHEL_050940	K00033
enche_5516_1:EHEL_110730	K00995
enche_5516_1:EHEL_011120	K00942
enche_5516_1:EHEL_020130	K15728
enche_5516_1:EHEL_080220	K03434
enche_5516_1:EHEL_020160	K01823
enche_5516_1:EHEL_040990	K00721
enche_5516_1:EHEL_110340	K01937
enche_5516_1:EHEL_111170	K02145
enche_5516_1:EHEL_090430	K02327
enche_5516_1:EHEL_060370	K01520
enche_5516_1:EHEL_010610	K00857
enche_5516_1:EHEL_010060	K00600
enche_5516_1:EHEL_080170	K02144

### 01110	Biosynthesis of secondary metabolites
enche_5516_1:EHEL_110490	K00993
enche_5516_1:EHEL_021140	K01885
enche_5516_1:EHEL_101720	K01689
enche_5516_1:EHEL_081790	K00036
enche_5516_1:EHEL_101460	K18693
enche_5516_1:EHEL_010100	K01623
enche_5516_1:EHEL_111060	K01115
enche_5516_1:EHEL_041090	K00162
enche_5516_1:EHEL_110570	K00966
enche_5516_1:EHEL_050730	K01810
enche_5516_1:EHEL_061520	K00940
enche_5516_1:EHEL_111430	K00844
enche_5516_1:EHEL_060040	K00615
enche_5516_1:EHEL_050290	K17497
enche_5516_1:EHEL_091800	K00869
enche_5516_1:EHEL_100510	K01641
enche_5516_1:EHEL_030240	K15779
enche_5516_1:EHEL_050940	K00033
enche_5516_1:EHEL_010060	K00600
enche_5516_1:EHEL_020130	K15728
enche_5516_1:EHEL_020160	K01823
enche_5516_1:EHEL_011180	K03783
enche_5516_1:EHEL_060890	K07513
enche_5516_1:EHEL_070770	K00134
enche_5516_1:EHEL_051370	K00981
enche_5516_1:EHEL_060600	K00939
enche_5516_1:EHEL_100970	K18532
enche_5516_1:EHEL_050350	K01895
enche_5516_1:EHEL_091030	K00161
enche_5516_1:EHEL_101760	K00021
enche_5516_1:EHEL_101630	K00505
enche_5516_1:EHEL_090610	K00873
enche_5516_1:EHEL_051560	K10703
enche_5516_1:EHEL_060440	K01597
enche_5516_1:EHEL_110110	K01803
enche_5516_1:EHEL_060980	K01783
enche_5516_1:EHEL_011330	K00600
enche_5516_1:EHEL_101070	K15633
enche_5516_1:EHEL_100880	K00111
enche_5516_1:EHEL_111700	K00787
enche_5516_1:EHEL_050360	K00927
enche_5516_1:EHEL_091920	K11778
enche_5516_1:EHEL_030590	K00850
enche_5516_1:EHEL_050300	K00006
enche_5516_1:EHEL_040640	K01057
enche_5516_1:EHEL_100160	K01807

### 01120	Microbial metabolism in diverse environments
enche_5516_1:EHEL_030240	K15779
enche_5516_1:EHEL_060040	K00615
enche_5516_1:EHEL_010060	K00600
enche_5516_1:EHEL_050940	K00033
enche_5516_1:EHEL_081790	K00036
enche_5516_1:EHEL_101720	K01689
enche_5516_1:EHEL_050730	K01810
enche_5516_1:EHEL_111430	K00844
enche_5516_1:EHEL_010100	K01623
enche_5516_1:EHEL_041090	K00162
enche_5516_1:EHEL_101070	K15633
enche_5516_1:EHEL_050360	K00927
enche_5516_1:EHEL_110110	K01803
enche_5516_1:EHEL_011330	K00600
enche_5516_1:EHEL_060980	K01783
enche_5516_1:EHEL_040640	K01057
enche_5516_1:EHEL_100160	K01807
enche_5516_1:EHEL_030590	K00850
enche_5516_1:EHEL_070770	K00134
enche_5516_1:EHEL_060890	K07513
enche_5516_1:EHEL_091030	K00161
enche_5516_1:EHEL_090610	K00873
enche_5516_1:EHEL_050350	K01895

### 01200	Carbon metabolism
enche_5516_1:EHEL_011330	K00600
enche_5516_1:EHEL_060980	K01783
enche_5516_1:EHEL_110110	K01803
enche_5516_1:EHEL_050360	K00927
enche_5516_1:EHEL_101070	K15633
enche_5516_1:EHEL_030590	K00850
enche_5516_1:EHEL_100160	K01807
enche_5516_1:EHEL_040640	K01057
enche_5516_1:EHEL_070770	K00134
enche_5516_1:EHEL_050350	K01895
enche_5516_1:EHEL_090610	K00873
enche_5516_1:EHEL_091030	K00161
enche_5516_1:EHEL_060040	K00615
enche_5516_1:EHEL_050940	K00033
enche_5516_1:EHEL_010060	K00600
enche_5516_1:EHEL_081790	K00036
enche_5516_1:EHEL_101720	K01689
enche_5516_1:EHEL_041090	K00162
enche_5516_1:EHEL_010100	K01623
enche_5516_1:EHEL_111430	K00844
enche_5516_1:EHEL_050730	K01810

### 01210	2-Oxocarboxylic acid metabolism

### 01212	Fatty acid metabolism
enche_5516_1:EHEL_060890	K07513
enche_5516_1:EHEL_051560	K10703
enche_5516_1:EHEL_100900	K01897
enche_5516_1:EHEL_100920	K01897

### 01230	Biosynthesis of amino acids
enche_5516_1:EHEL_010060	K00600
enche_5516_1:EHEL_060040	K00615
enche_5516_1:EHEL_010100	K01623
enche_5516_1:EHEL_101720	K01689
enche_5516_1:EHEL_100160	K01807
enche_5516_1:EHEL_030590	K00850
enche_5516_1:EHEL_101070	K15633
enche_5516_1:EHEL_050360	K00927
enche_5516_1:EHEL_110110	K01803
enche_5516_1:EHEL_011330	K00600
enche_5516_1:EHEL_060980	K01783
enche_5516_1:EHEL_090610	K00873
enche_5516_1:EHEL_070770	K00134

### 01220	Degradation of aromatic compounds

### 00010	Glycolysis / Gluconeogenesis
enche_5516_1:EHEL_070770	K00134
enche_5516_1:EHEL_050350	K01895
enche_5516_1:EHEL_091030	K00161
enche_5516_1:EHEL_090610	K00873
enche_5516_1:EHEL_110110	K01803
enche_5516_1:EHEL_101070	K15633
enche_5516_1:EHEL_050360	K00927
enche_5516_1:EHEL_030590	K00850
enche_5516_1:EHEL_101720	K01689
enche_5516_1:EHEL_010100	K01623
enche_5516_1:EHEL_041090	K00162
enche_5516_1:EHEL_050730	K01810
enche_5516_1:EHEL_111430	K00844
enche_5516_1:EHEL_030240	K15779

### 00020	Citrate cycle (TCA cycle)
enche_5516_1:EHEL_091030	K00161
enche_5516_1:EHEL_041090	K00162

### 00030	Pentose phosphate pathway
enche_5516_1:EHEL_081790	K00036
enche_5516_1:EHEL_050730	K01810
enche_5516_1:EHEL_010100	K01623
enche_5516_1:EHEL_030240	K15779
enche_5516_1:EHEL_060040	K00615
enche_5516_1:EHEL_050940	K00033
enche_5516_1:EHEL_060980	K01783
enche_5516_1:EHEL_100160	K01807
enche_5516_1:EHEL_040640	K01057
enche_5516_1:EHEL_030590	K00850

### 00040	Pentose and glucuronate interconversions
enche_5516_1:EHEL_060980	K01783
enche_5516_1:EHEL_010850	K00011
enche_5516_1:EHEL_030160	K00963

### 00051	Fructose and mannose metabolism
enche_5516_1:EHEL_050290	K17497
enche_5516_1:EHEL_010100	K01623
enche_5516_1:EHEL_111430	K00844
enche_5516_1:EHEL_110570	K00966
enche_5516_1:EHEL_110110	K01803
enche_5516_1:EHEL_030590	K00850
enche_5516_1:EHEL_010850	K00011

### 00052	Galactose metabolism
enche_5516_1:EHEL_030590	K00850
enche_5516_1:EHEL_010850	K00011
enche_5516_1:EHEL_030240	K15779
enche_5516_1:EHEL_030160	K00963
enche_5516_1:EHEL_111430	K00844

### 00053	Ascorbate and aldarate metabolism

### 00500	Starch and sucrose metabolism
enche_5516_1:EHEL_021300	K01194
enche_5516_1:EHEL_111430	K00844
enche_5516_1:EHEL_050730	K01810
enche_5516_1:EHEL_030160	K00963
enche_5516_1:EHEL_010670	K00697
enche_5516_1:EHEL_030240	K15779

### 00520	Amino sugar and nucleotide sugar metabolism
enche_5516_1:EHEL_011300	K00698
enche_5516_1:EHEL_030160	K00963
enche_5516_1:EHEL_111430	K00844
enche_5516_1:EHEL_110570	K00966
enche_5516_1:EHEL_050730	K01810
enche_5516_1:EHEL_010520	K01836
enche_5516_1:EHEL_030240	K15779
enche_5516_1:EHEL_050290	K17497
enche_5516_1:EHEL_071260	K00820
enche_5516_1:EHEL_071740	K00621

### 00620	Pyruvate metabolism
enche_5516_1:EHEL_050350	K01895
enche_5516_1:EHEL_091030	K00161
enche_5516_1:EHEL_090610	K00873
enche_5516_1:EHEL_020520	K01069
enche_5516_1:EHEL_041090	K00162

### 00630	Glyoxylate and dicarboxylate metabolism
enche_5516_1:EHEL_010060	K00600
enche_5516_1:EHEL_011330	K00600

### 00640	Propanoate metabolism
enche_5516_1:EHEL_050350	K01895

### 00650	Butanoate metabolism
enche_5516_1:EHEL_100510	K01641

### 00660	C5-Branched dibasic acid metabolism

### 00562	Inositol phosphate metabolism
enche_5516_1:EHEL_010880	K00999
enche_5516_1:EHEL_030230	K00889
enche_5516_1:EHEL_110110	K01803
enche_5516_1:EHEL_100590	K00914
enche_5516_1:EHEL_110310	K00888

### 00190	Oxidative phosphorylation
enche_5516_1:EHEL_100350	K01507
enche_5516_1:EHEL_111170	K02145
enche_5516_1:EHEL_080170	K02144
enche_5516_1:EHEL_050450	K02150
enche_5516_1:EHEL_071330	K02155
enche_5516_1:EHEL_060110	K03661
enche_5516_1:EHEL_030410	K02148
enche_5516_1:EHEL_100110	K02149
enche_5516_1:EHEL_081490	K02146
enche_5516_1:EHEL_030190	K02151
enche_5516_1:EHEL_031040	K02155
enche_5516_1:EHEL_101050	K02147
enche_5516_1:EHEL_091820	K02154

### 00195	Photosynthesis

### 00196	Photosynthesis - antenna proteins

### 00710	Carbon fixation in photosynthetic organisms
enche_5516_1:EHEL_070770	K00134
enche_5516_1:EHEL_100160	K01807
enche_5516_1:EHEL_050360	K00927
enche_5516_1:EHEL_060980	K01783
enche_5516_1:EHEL_110110	K01803
enche_5516_1:EHEL_010100	K01623
enche_5516_1:EHEL_060040	K00615

### 00720	Carbon fixation pathways in prokaryotes
enche_5516_1:EHEL_050350	K01895

### 00680	Methane metabolism
enche_5516_1:EHEL_101720	K01689
enche_5516_1:EHEL_010100	K01623
enche_5516_1:EHEL_010060	K00600
enche_5516_1:EHEL_050350	K01895
enche_5516_1:EHEL_101070	K15633
enche_5516_1:EHEL_011330	K00600
enche_5516_1:EHEL_030590	K00850

### 00910	Nitrogen metabolism

### 00920	Sulfur metabolism

### 00061	Fatty acid biosynthesis
enche_5516_1:EHEL_100900	K01897
enche_5516_1:EHEL_100920	K01897

### 00062	Fatty acid elongation
enche_5516_1:EHEL_051560	K10703

### 00071	Fatty acid degradation
enche_5516_1:EHEL_060890	K07513
enche_5516_1:EHEL_100900	K01897
enche_5516_1:EHEL_100920	K01897

### 00072	Synthesis and degradation of ketone bodies
enche_5516_1:EHEL_100510	K01641

### 00073	Cutin, suberine and wax biosynthesis

### 00100	Steroid biosynthesis

### 00120	Primary bile acid biosynthesis

### 00121	Secondary bile acid biosynthesis

### 00140	Steroid hormone biosynthesis

### 00561	Glycerolipid metabolism
enche_5516_1:EHEL_101460	K18693
enche_5516_1:EHEL_100300	K11155
enche_5516_1:EHEL_040560	K17900
enche_5516_1:EHEL_020130	K15728
enche_5516_1:EHEL_010850	K00011

### 00564	Glycerophospholipid metabolism
enche_5516_1:EHEL_110490	K00993
enche_5516_1:EHEL_101460	K18693
enche_5516_1:EHEL_111060	K01115
enche_5516_1:EHEL_050120	K14676
enche_5516_1:EHEL_110750	K00967
enche_5516_1:EHEL_031560	K14156
enche_5516_1:EHEL_110730	K00995
enche_5516_1:EHEL_020130	K15728
enche_5516_1:EHEL_051370	K00981
enche_5516_1:EHEL_100880	K00111
enche_5516_1:EHEL_010880	K00999
enche_5516_1:EHEL_050300	K00006

### 00565	Ether lipid metabolism
enche_5516_1:EHEL_111060	K01115
enche_5516_1:EHEL_110490	K00993

### 00600	Sphingolipid metabolism
enche_5516_1:EHEL_110950	K04708
enche_5516_1:EHEL_050810	K00654
enche_5516_1:EHEL_081340	K04710
enche_5516_1:EHEL_020770	K00654

### 00590	Arachidonic acid metabolism
enche_5516_1:EHEL_051350	K18592

### 00591	Linoleic acid metabolism

### 00592	alpha-Linolenic acid metabolism
enche_5516_1:EHEL_060890	K07513

### 01040	Biosynthesis of unsaturated fatty acids
enche_5516_1:EHEL_060890	K07513
enche_5516_1:EHEL_051560	K10703

### 00230	Purine metabolism
enche_5516_1:EHEL_041110	K01519
enche_5516_1:EHEL_030400	K03019
enche_5516_1:EHEL_100200	K03025
enche_5516_1:EHEL_050520	K01514
enche_5516_1:EHEL_050370	K02325
enche_5516_1:EHEL_100480	K01522
enche_5516_1:EHEL_061520	K00940
enche_5516_1:EHEL_071730	K03015
enche_5516_1:EHEL_111290	K03017
enche_5516_1:EHEL_080240	K03014
enche_5516_1:EHEL_101230	K02324
enche_5516_1:EHEL_030240	K15779
enche_5516_1:EHEL_080600	K03022
enche_5516_1:EHEL_090430	K02327
enche_5516_1:EHEL_011120	K00942
enche_5516_1:EHEL_110460	K03020
enche_5516_1:EHEL_041350	K02999
enche_5516_1:EHEL_050310	K03008
enche_5516_1:EHEL_070810	K03016
enche_5516_1:EHEL_060550	K03011
enche_5516_1:EHEL_011180	K03783
enche_5516_1:EHEL_051090	K02320
enche_5516_1:EHEL_110200	K03021
enche_5516_1:EHEL_070040	K03018
enche_5516_1:EHEL_090610	K00873
enche_5516_1:EHEL_030170	K03006
enche_5516_1:EHEL_030350	K03002
enche_5516_1:EHEL_100970	K18532
enche_5516_1:EHEL_060600	K00939
enche_5516_1:EHEL_080730	K03012
enche_5516_1:EHEL_070940	K03013
enche_5516_1:EHEL_101090	K02321
enche_5516_1:EHEL_081320	K03000
enche_5516_1:EHEL_100930	K10807
enche_5516_1:EHEL_060250	K03007
enche_5516_1:EHEL_080580	K02684
enche_5516_1:EHEL_050950	K01519
enche_5516_1:EHEL_090740	K02328
enche_5516_1:EHEL_051320	K02685
enche_5516_1:EHEL_060680	K10808
enche_5516_1:EHEL_100240	K03010
enche_5516_1:EHEL_010470	K03027

### 00240	Pyrimidine metabolism
enche_5516_1:EHEL_100930	K10807
enche_5516_1:EHEL_020860	K00384
enche_5516_1:EHEL_080580	K02684
enche_5516_1:EHEL_060250	K03007
enche_5516_1:EHEL_070940	K03013
enche_5516_1:EHEL_080730	K03012
enche_5516_1:EHEL_081320	K03000
enche_5516_1:EHEL_101090	K02321
enche_5516_1:EHEL_090740	K02328
enche_5516_1:EHEL_051320	K02685
enche_5516_1:EHEL_050950	K01519
enche_5516_1:EHEL_010470	K03027
enche_5516_1:EHEL_100240	K03010
enche_5516_1:EHEL_060680	K10808
enche_5516_1:EHEL_031180	K00945
enche_5516_1:EHEL_070040	K03018
enche_5516_1:EHEL_110200	K03021
enche_5516_1:EHEL_051090	K02320
enche_5516_1:EHEL_060550	K03011
enche_5516_1:EHEL_070810	K03016
enche_5516_1:EHEL_011180	K03783
enche_5516_1:EHEL_050320	K01520
enche_5516_1:EHEL_030350	K03002
enche_5516_1:EHEL_030170	K03006
enche_5516_1:EHEL_041150	K00943
enche_5516_1:EHEL_080600	K03022
enche_5516_1:EHEL_101230	K02324
enche_5516_1:EHEL_011340	K00560
enche_5516_1:EHEL_041350	K02999
enche_5516_1:EHEL_110460	K03020
enche_5516_1:EHEL_050310	K03008
enche_5516_1:EHEL_110760	K01937
enche_5516_1:EHEL_110340	K01937
enche_5516_1:EHEL_090430	K02327
enche_5516_1:EHEL_060370	K01520
enche_5516_1:EHEL_010610	K00857
enche_5516_1:EHEL_050370	K02325
enche_5516_1:EHEL_041110	K01519
enche_5516_1:EHEL_100200	K03025
enche_5516_1:EHEL_030400	K03019
enche_5516_1:EHEL_080240	K03014
enche_5516_1:EHEL_071730	K03015
enche_5516_1:EHEL_061520	K00940
enche_5516_1:EHEL_111290	K03017
enche_5516_1:EHEL_010050	K00560

### 00250	Alanine, aspartate and glutamate metabolism
enche_5516_1:EHEL_071260	K00820

### 00260	Glycine, serine and threonine metabolism
enche_5516_1:EHEL_101070	K15633
enche_5516_1:EHEL_011330	K00600
enche_5516_1:EHEL_010060	K00600

### 00270	Cysteine and methionine metabolism

### 00280	Valine, leucine and isoleucine degradation
enche_5516_1:EHEL_100510	K01641
enche_5516_1:EHEL_060890	K07513

### 00290	Valine, leucine and isoleucine biosynthesis

### 00300	Lysine biosynthesis

### 00310	Lysine degradation

### 00330	Arginine and proline metabolism
enche_5516_1:EHEL_101810	K11142

### 00340	Histidine metabolism

### 00350	Tyrosine metabolism
enche_5516_1:EHEL_101630	K00505

### 00360	Phenylalanine metabolism

### 00380	Tryptophan metabolism

### 00400	Phenylalanine, tyrosine and tryptophan biosynthesis

### 00410	beta-Alanine metabolism

### 00430	Taurine and hypotaurine metabolism
enche_5516_1:EHEL_051350	K18592

### 00440	Phosphonate and phosphinate metabolism
enche_5516_1:EHEL_110490	K00993
enche_5516_1:EHEL_110750	K00967

### 00450	Selenocompound metabolism
enche_5516_1:EHEL_020860	K00384
enche_5516_1:EHEL_110770	K01874

### 00460	Cyanoamino acid metabolism
enche_5516_1:EHEL_051350	K18592
enche_5516_1:EHEL_011330	K00600
enche_5516_1:EHEL_010060	K00600

### 00471	D-Glutamine and D-glutamate metabolism

### 00472	D-Arginine and D-ornithine metabolism

### 00473	D-Alanine metabolism

### 00480	Glutathione metabolism
enche_5516_1:EHEL_060680	K10808
enche_5516_1:EHEL_100930	K10807
enche_5516_1:EHEL_051350	K18592
enche_5516_1:EHEL_101810	K11142
enche_5516_1:EHEL_050940	K00033
enche_5516_1:EHEL_081790	K00036

### 00510	N-Glycan biosynthesis
enche_5516_1:EHEL_040990	K00721

### 00513	Various types of N-glycan biosynthesis

### 00512	Mucin type O-Glycan biosynthesis

### 00514	Other types of O-glycan biosynthesis
enche_5516_1:EHEL_021230	K00728
enche_5516_1:EHEL_041060	K10967
enche_5516_1:EHEL_060900	K00728

### 00532	Glycosaminoglycan biosynthesis - chondroitin sulfate / dermatan sulfate

### 00534	Glycosaminoglycan biosynthesis - heparan sulfate / heparin

### 00533	Glycosaminoglycan biosynthesis - keratan sulfate

### 00531	Glycosaminoglycan degradation

### 00563	Glycosylphosphatidylinositol(GPI)-anchor biosynthesis
enche_5516_1:EHEL_091120	K07542
enche_5516_1:EHEL_091480	K03857
enche_5516_1:EHEL_091060	K05290
enche_5516_1:EHEL_080220	K03434
enche_5516_1:EHEL_090040	K05283
enche_5516_1:EHEL_031160	K03859

### 00601	Glycosphingolipid biosynthesis - lacto and neolacto series

### 00603	Glycosphingolipid biosynthesis - globo series

### 00604	Glycosphingolipid biosynthesis - ganglio series

### 00540	Lipopolysaccharide biosynthesis

### 00550	Peptidoglycan biosynthesis

### 00511	Other glycan degradation

### 00730	Thiamine metabolism
enche_5516_1:EHEL_111660	K04487

### 00740	Riboflavin metabolism
enche_5516_1:EHEL_101630	K00505

### 00750	Vitamin B6 metabolism

### 00760	Nicotinate and nicotinamide metabolism
enche_5516_1:EHEL_030370	K11121
enche_5516_1:EHEL_071040	K00858
enche_5516_1:EHEL_011180	K03783

### 00770	Pantothenate and CoA biosynthesis
enche_5516_1:EHEL_110130	K00859

### 00780	Biotin metabolism

### 00785	Lipoic acid metabolism

### 00790	Folate biosynthesis
enche_5516_1:EHEL_011350	K00287
enche_5516_1:EHEL_010040	K00287
enche_5516_1:EHEL_050080	K13939
enche_5516_1:EHEL_061620	K01930

### 00670	One carbon pool by folate
enche_5516_1:EHEL_010060	K00600
enche_5516_1:EHEL_011340	K00560
enche_5516_1:EHEL_010050	K00560
enche_5516_1:EHEL_011330	K00600
enche_5516_1:EHEL_011350	K00287
enche_5516_1:EHEL_010040	K00287

### 00830	Retinol metabolism
enche_5516_1:EHEL_100300	K11155

### 00860	Porphyrin and chlorophyll metabolism
enche_5516_1:EHEL_021140	K01885
enche_5516_1:EHEL_011220	K19054

### 00130	Ubiquinone and other terpenoid-quinone biosynthesis

### 00900	Terpenoid backbone biosynthesis
enche_5516_1:EHEL_021310	K06013
enche_5516_1:EHEL_100510	K01641
enche_5516_1:EHEL_091800	K00869
enche_5516_1:EHEL_020160	K01823
enche_5516_1:EHEL_091920	K11778
enche_5516_1:EHEL_111700	K00787
enche_5516_1:EHEL_060440	K01597
enche_5516_1:EHEL_101760	K00021

### 00902	Monoterpenoid biosynthesis

### 00909	Sesquiterpenoid and triterpenoid biosynthesis

### 00904	Diterpenoid biosynthesis

### 00906	Carotenoid biosynthesis

### 00905	Brassinosteroid biosynthesis

### 00981	Insect hormone biosynthesis

### 00908	Zeatin biosynthesis

### 00903	Limonene and pinene degradation

### 00281	Geraniol degradation

### 01052	Type I polyketide structures

### 00522	Biosynthesis of 12-, 14- and 16-membered macrolides

### 01051	Biosynthesis of ansamycins
enche_5516_1:EHEL_060040	K00615

### 01056	Biosynthesis of type II polyketide backbone

### 01057	Biosynthesis of type II polyketide products

### 00253	Tetracycline biosynthesis

### 00523	Polyketide sugar unit biosynthesis

### 01054	Nonribosomal peptide structures

### 01053	Biosynthesis of siderophore group nonribosomal peptides

### 01055	Biosynthesis of vancomycin group antibiotics

### 00940	Phenylpropanoid biosynthesis

### 00945	Stilbenoid, diarylheptanoid and gingerol biosynthesis

### 00941	Flavonoid biosynthesis

### 00944	Flavone and flavonol biosynthesis

### 00942	Anthocyanin biosynthesis

### 00943	Isoflavonoid biosynthesis

### 00901	Indole alkaloid biosynthesis

### 00950	Isoquinoline alkaloid biosynthesis
enche_5516_1:EHEL_101630	K00505

### 00960	Tropane, piperidine and pyridine alkaloid biosynthesis

### 01058	Acridone alkaloid biosynthesis

### 00232	Caffeine metabolism

### 00965	Betalain biosynthesis
enche_5516_1:EHEL_101630	K00505

### 00966	Glucosinolate biosynthesis

### 00402	Benzoxazinoid biosynthesis

### 00311	Penicillin and cephalosporin biosynthesis

### 00521	Streptomycin biosynthesis
enche_5516_1:EHEL_111430	K00844

### 00524	Butirosin and neomycin biosynthesis
enche_5516_1:EHEL_111430	K00844

### 00331	Clavulanic acid biosynthesis

### 00231	Puromycin biosynthesis

### 00401	Novobiocin biosynthesis

### 00254	Aflatoxin biosynthesis

### 00362	Benzoate degradation
enche_5516_1:EHEL_060890	K07513

### 00627	Aminobenzoate degradation

### 00364	Fluorobenzoate degradation

### 00625	Chloroalkane and chloroalkene degradation

### 00361	Chlorocyclohexane and chlorobenzene degradation

### 00623	Toluene degradation

### 00622	Xylene degradation

### 00633	Nitrotoluene degradation

### 00642	Ethylbenzene degradation

### 00643	Styrene degradation

### 00791	Atrazine degradation

### 00930	Caprolactam degradation

### 00351	DDT degradation

### 00363	Bisphenol degradation

### 00621	Dioxin degradation

### 00626	Naphthalene degradation

### 00624	Polycyclic aromatic hydrocarbon degradation

### 00365	Furfural degradation

### 00984	Steroid degradation

### 00980	Metabolism of xenobiotics by cytochrome P450

### 00982	Drug metabolism - cytochrome P450

### 00983	Drug metabolism - other enzymes
enche_5516_1:EHEL_041110	K01519
enche_5516_1:EHEL_010610	K00857
enche_5516_1:EHEL_050950	K01519

### 01010	Overview of biosynthetic pathways

### 01060	Biosynthesis of plant secondary metabolites

### 01061	Biosynthesis of phenylpropanoids

### 01062	Biosynthesis of terpenoids and steroids

### 01063	Biosynthesis of alkaloids derived from shikimate pathway

### 01064	Biosynthesis of alkaloids derived from ornithine, lysine and nicotinic acid

### 01065	Biosynthesis of alkaloids derived from histidine and purine

### 01066	Biosynthesis of alkaloids derived from terpenoid and polyketide

### 01070	Biosynthesis of plant hormones

### 03020	RNA polymerase
enche_5516_1:EHEL_080600	K03022
enche_5516_1:EHEL_050310	K03008
enche_5516_1:EHEL_110460	K03020
enche_5516_1:EHEL_041350	K02999
enche_5516_1:EHEL_030400	K03019
enche_5516_1:EHEL_100200	K03025
enche_5516_1:EHEL_111290	K03017
enche_5516_1:EHEL_071730	K03015
enche_5516_1:EHEL_080240	K03014
enche_5516_1:EHEL_081320	K03000
enche_5516_1:EHEL_080730	K03012
enche_5516_1:EHEL_070940	K03013
enche_5516_1:EHEL_060250	K03007
enche_5516_1:EHEL_100240	K03010
enche_5516_1:EHEL_010470	K03027
enche_5516_1:EHEL_070810	K03016
enche_5516_1:EHEL_060550	K03011
enche_5516_1:EHEL_110200	K03021
enche_5516_1:EHEL_070040	K03018
enche_5516_1:EHEL_030170	K03006
enche_5516_1:EHEL_030350	K03002

### 03022	Basal transcription factors
enche_5516_1:EHEL_070170	K03136
enche_5516_1:EHEL_060120	K10844
enche_5516_1:EHEL_040210	K03142
enche_5516_1:EHEL_070850	K03143
enche_5516_1:EHEL_011240	K03133
enche_5516_1:EHEL_060280	K03137
enche_5516_1:EHEL_050590	K03132
enche_5516_1:EHEL_010940	K10843
enche_5516_1:EHEL_100760	K03125
enche_5516_1:EHEL_101140	K03131
enche_5516_1:EHEL_061040	K03124
enche_5516_1:EHEL_020370	K03123
enche_5516_1:EHEL_090070	K03128
enche_5516_1:EHEL_021180	K03135
enche_5516_1:EHEL_020700	K03139
enche_5516_1:EHEL_110100	K10842
enche_5516_1:EHEL_111640	K03130
enche_5516_1:EHEL_010530	K03144
enche_5516_1:EHEL_030970	K03122
enche_5516_1:EHEL_040870	K03127
enche_5516_1:EHEL_021380	K02202
enche_5516_1:EHEL_110710	K03134
enche_5516_1:EHEL_041410	K03120

### 03040	Spliceosome
enche_5516_1:EHEL_071700	K12831
enche_5516_1:EHEL_030390	K12826
enche_5516_1:EHEL_020460	K12833
enche_5516_1:EHEL_051010	K11099
enche_5516_1:EHEL_030270	K12623
enche_5516_1:EHEL_040700	K11098
enche_5516_1:EHEL_030660	K12883
enche_5516_1:EHEL_060150	K12897
enche_5516_1:EHEL_111380	K12829
enche_5516_1:EHEL_090670	K12821
enche_5516_1:EHEL_080470	K11086
enche_5516_1:EHEL_080970	K12834
enche_5516_1:EHEL_090130	K12815
enche_5516_1:EHEL_081070	K12823
enche_5516_1:EHEL_101620	K11096
enche_5516_1:EHEL_091840	K12621
enche_5516_1:EHEL_080050	K12624
enche_5516_1:EHEL_030430	K03283
enche_5516_1:EHEL_061270	K14277
enche_5516_1:EHEL_021200	K12859
enche_5516_1:EHEL_030740	K11088
enche_5516_1:EHEL_020940	K11097
enche_5516_1:EHEL_100280	K11095
enche_5516_1:EHEL_061080	K12625
enche_5516_1:EHEL_051340	K12873
enche_5516_1:EHEL_100610	K12849
enche_5516_1:EHEL_010410	K11087
enche_5516_1:EHEL_071120	K12827
enche_5516_1:EHEL_040670	K12856
enche_5516_1:EHEL_110510	K12626
enche_5516_1:EHEL_080490	K14280
enche_5516_1:EHEL_020340	K12860
enche_5516_1:EHEL_111860	K12862
enche_5516_1:EHEL_091240	K12836
enche_5516_1:EHEL_071010	K12816
enche_5516_1:EHEL_070430	K12845

### 03010	Ribosome
enche_5516_1:EHEL_040940	K02978
enche_5516_1:EHEL_081960	K02870
enche_5516_1:EHEL_081730	K02934
enche_5516_1:EHEL_060840	K02932
enche_5516_1:EHEL_081860	K02893
enche_5516_1:EHEL_071680	K02981
enche_5516_1:EHEL_030560	K02955
enche_5516_1:EHEL_061430	K02976
enche_5516_1:EHEL_070990	K02921
enche_5516_1:EHEL_071360	K02927
enche_5516_1:EHEL_020800	K02995
enche_5516_1:EHEL_081050	K02953
enche_5516_1:EHEL_081030	K02975
enche_5516_1:EHEL_070910	K02896
enche_5516_1:EHEL_030200	K02960
enche_5516_1:EHEL_091330	K02957
enche_5516_1:EHEL_020690	K02962
enche_5516_1:EHEL_071800	K02918
enche_5516_1:EHEL_101000	K02900
enche_5516_1:EHEL_100410	K02973
enche_5516_1:EHEL_101600	K02974
enche_5516_1:EHEL_100140	K02893
enche_5516_1:EHEL_020820	K02917
enche_5516_1:EHEL_050750	K02991
enche_5516_1:EHEL_040260	K02901
enche_5516_1:EHEL_020670	K02936
enche_5516_1:EHEL_031420	K02883
enche_5516_1:EHEL_070790	K02941
enche_5516_1:EHEL_061060	K02920
enche_5516_1:EHEL_080830	K02987
enche_5516_1:EHEL_061050	K02964
enche_5516_1:EHEL_101610	K02983
enche_5516_1:EHEL_020550	K02868
enche_5516_1:EHEL_101320	K02929
enche_5516_1:EHEL_050280	K02984
enche_5516_1:EHEL_111510	K02966
enche_5516_1:EHEL_080550	K02882
enche_5516_1:EHEL_051000	K02889
enche_5516_1:EHEL_031130	K02925
enche_5516_1:EHEL_061020	K02885
enche_5516_1:EHEL_111970	K02918
enche_5516_1:EHEL_090380	K02924
enche_5516_1:EHEL_040540	K02949
enche_5516_1:EHEL_051480	K01981
enche_5516_1:EHEL_030210	K02873
enche_5516_1:EHEL_081540	K02866
enche_5516_1:EHEL_020710	K02940
enche_5516_1:EHEL_090980	K02925
enche_5516_1:EHEL_040650	K02891
enche_5516_1:EHEL_090400	K01981
enche_5516_1:EHEL_101080	K02942
enche_5516_1:EHEL_081060	K02975
enche_5516_1:EHEL_041240	K02912
enche_5516_1:EHEL_080790	K02930
enche_5516_1:EHEL_010790	K02951
enche_5516_1:EHEL_040060	K02989
enche_5516_1:EHEL_030110	K02910
enche_5516_1:EHEL_051020	K02997
enche_5516_1:EHEL_080270	K02958
enche_5516_1:EHEL_020720	K02896
enche_5516_1:EHEL_041290	K02947
enche_5516_1:EHEL_040370	K02998
enche_5516_1:EHEL_111270	K02877
enche_5516_1:EHEL_030850	K02937
enche_5516_1:EHEL_071420	K02922
enche_5516_1:EHEL_071370	K02880
enche_5516_1:EHEL_091410	K02979
enche_5516_1:EHEL_081150	K02894
enche_5516_1:EHEL_051620	K02908
enche_5516_1:EHEL_080290	K02898
enche_5516_1:EHEL_041330	K02872
enche_5516_1:EHEL_070060	K02943
enche_5516_1:EHEL_030620	K02915
enche_5516_1:EHEL_010160	K02938
enche_5516_1:EHEL_110600	K02969
enche_5516_1:EHEL_100050	K02918
enche_5516_1:EHEL_021010	K02977
enche_5516_1:EHEL_050680	K02865
enche_5516_1:EHEL_071480	K01981
enche_5516_1:EHEL_091440	K02985
enche_5516_1:EHEL_040040	K02980

### 00970	Aminoacyl-tRNA biosynthesis
enche_5516_1:EHEL_041360	K14230
enche_5516_1:EHEL_040090	K14229
enche_5516_1:EHEL_091810	K14224
enche_5516_1:EHEL_100290	K14233
enche_5516_1:EHEL_040660	K01875
enche_5516_1:EHEL_101480	K01886
enche_5516_1:EHEL_060850	K14235
enche_5516_1:EHEL_101130	K14218
enche_5516_1:EHEL_110400	K01867
enche_5516_1:EHEL_051220	K01866
enche_5516_1:EHEL_040810	K01890
enche_5516_1:EHEL_021290	K01881
enche_5516_1:EHEL_060570	K01892
enche_5516_1:EHEL_110220	K14228
enche_5516_1:EHEL_061570	K14223
enche_5516_1:EHEL_071460	K14229
enche_5516_1:EHEL_100470	K14232
enche_5516_1:EHEL_080620	K14219
enche_5516_1:EHEL_080520	K14222
enche_5516_1:EHEL_080140	K14224
enche_5516_1:EHEL_071550	K01868
enche_5516_1:EHEL_040830	K14228
enche_5516_1:EHEL_031220	K14237
enche_5516_1:EHEL_020470	K14234
enche_5516_1:EHEL_070860	K14228
enche_5516_1:EHEL_031000	K14231
enche_5516_1:EHEL_041380	K14232
enche_5516_1:EHEL_060340	K14225
enche_5516_1:EHEL_080480	K01887
enche_5516_1:EHEL_110270	K14230
enche_5516_1:EHEL_081870	K14220
enche_5516_1:EHEL_021430	K01872
enche_5516_1:EHEL_110980	K01870
enche_5516_1:EHEL_100180	K14237
enche_5516_1:EHEL_080410	K01883
enche_5516_1:EHEL_020450	K14233
enche_5516_1:EHEL_020790	K14232
enche_5516_1:EHEL_111140	K14225
enche_5516_1:EHEL_100130	K14220
enche_5516_1:EHEL_060730	K01876
enche_5516_1:EHEL_050670	K14228
enche_5516_1:EHEL_071510	K14218
enche_5516_1:EHEL_091690	K01893
enche_5516_1:EHEL_060200	K01869
enche_5516_1:EHEL_040130	K14227
enche_5516_1:EHEL_021140	K01885
enche_5516_1:EHEL_061220	K14219
enche_5516_1:EHEL_101830	K01880
enche_5516_1:EHEL_050970	K14234
enche_5516_1:EHEL_041070	K01873
enche_5516_1:EHEL_071640	K01889
enche_5516_1:EHEL_040490	K04567
enche_5516_1:EHEL_040380	K14227
enche_5516_1:EHEL_080900	K14237
enche_5516_1:EHEL_010640	K14233
enche_5516_1:EHEL_030220	K14233
enche_5516_1:EHEL_091890	K14226
enche_5516_1:EHEL_030260	K14221
enche_5516_1:EHEL_110770	K01874
enche_5516_1:EHEL_091270	K14219
enche_5516_1:EHEL_021420	K14228
enche_5516_1:EHEL_070190	K14223
enche_5516_1:EHEL_081810	K14234
enche_5516_1:EHEL_080910	K14236
enche_5516_1:EHEL_071440	K14219
enche_5516_1:EHEL_020970	K14218
enche_5516_1:EHEL_010260	K14225

### 03013	RNA transport
enche_5516_1:EHEL_060390	K00784
enche_5516_1:EHEL_101730	K03540
enche_5516_1:EHEL_010710	K03248
enche_5516_1:EHEL_080490	K14280
enche_5516_1:EHEL_101260	K14293
enche_5516_1:EHEL_081190	K03539
enche_5516_1:EHEL_101120	K13126
enche_5516_1:EHEL_041580	K03260
enche_5516_1:EHEL_050700	K14319
enche_5516_1:EHEL_090050	K03243
enche_5516_1:EHEL_091490	K03257
enche_5516_1:EHEL_091290	K07562
enche_5516_1:EHEL_111540	K03113
enche_5516_1:EHEL_110120	K14290
enche_5516_1:EHEL_061270	K14277
enche_5516_1:EHEL_100700	K03240
enche_5516_1:EHEL_111240	K03259
enche_5516_1:EHEL_010560	K03242
enche_5516_1:EHEL_111340	K14004
enche_5516_1:EHEL_031370	K00974
enche_5516_1:EHEL_070630	K12160
enche_5516_1:EHEL_101680	K14326
enche_5516_1:EHEL_030660	K12883
enche_5516_1:EHEL_080860	K03259
enche_5516_1:EHEL_041100	K03236
enche_5516_1:EHEL_041530	K07936
enche_5516_1:EHEL_060420	K14312
enche_5516_1:EHEL_071630	K03538
enche_5516_1:EHEL_110810	K03237
enche_5516_1:EHEL_060130	K03238
enche_5516_1:EHEL_100210	K03246
enche_5516_1:EHEL_081180	K03539
enche_5516_1:EHEL_041030	K03231
enche_5516_1:EHEL_071310	K03262
enche_5516_1:EHEL_010810	K10577
enche_5516_1:EHEL_061540	K14298

### 03015	mRNA surveillance pathway
enche_5516_1:EHEL_060780	K15544
enche_5516_1:EHEL_041550	K14962
enche_5516_1:EHEL_100390	K00565
enche_5516_1:EHEL_050400	K03265
enche_5516_1:EHEL_101120	K13126
enche_5516_1:EHEL_060720	K06100
enche_5516_1:EHEL_010400	K14396
enche_5516_1:EHEL_061420	K03267
enche_5516_1:EHEL_010290	K14404
enche_5516_1:EHEL_051230	K14399
enche_5516_1:EHEL_050890	K04354
enche_5516_1:EHEL_040140	K11584
enche_5516_1:EHEL_100910	K14403
enche_5516_1:EHEL_020650	K14376
enche_5516_1:EHEL_090320	K15541
enche_5516_1:EHEL_091170	K03456
enche_5516_1:EHEL_111280	K14405
enche_5516_1:EHEL_021330	K15542
enche_5516_1:EHEL_031300	K06965
enche_5516_1:EHEL_080300	K14407
enche_5516_1:EHEL_110480	K14401
enche_5516_1:EHEL_040600	K04382
enche_5516_1:EHEL_110540	K06269
enche_5516_1:EHEL_030660	K12883
enche_5516_1:EHEL_101680	K14326

### 03008	Ribosome biogenesis in eukaryotes
enche_5516_1:EHEL_091610	K14564
enche_5516_1:EHEL_110120	K14290
enche_5516_1:EHEL_060970	K11108
enche_5516_1:EHEL_060300	K14554
enche_5516_1:EHEL_080250	K14538
enche_5516_1:EHEL_091290	K07562
enche_5516_1:EHEL_101220	K03115
enche_5516_1:EHEL_091660	K14537
enche_5516_1:EHEL_051640	K03097
enche_5516_1:EHEL_010180	K14559
enche_5516_1:EHEL_011270	K11128
enche_5516_1:EHEL_090730	K12619
enche_5516_1:EHEL_071480	K01981
enche_5516_1:EHEL_051480	K01981
enche_5516_1:EHEL_010340	K14568
enche_5516_1:EHEL_090350	K11883
enche_5516_1:EHEL_110820	K11129
enche_5516_1:EHEL_081850	K14572
enche_5516_1:EHEL_090400	K01981
enche_5516_1:EHEL_051170	K07178
enche_5516_1:EHEL_100830	K14563
enche_5516_1:EHEL_080160	K14539
enche_5516_1:EHEL_081190	K03539
enche_5516_1:EHEL_070030	K14557
enche_5516_1:EHEL_091430	K07179
enche_5516_1:EHEL_070430	K12845
enche_5516_1:EHEL_081120	K14561
enche_5516_1:EHEL_071630	K03538
enche_5516_1:EHEL_060360	K14569
enche_5516_1:EHEL_041530	K07936
enche_5516_1:EHEL_050880	K06943
enche_5516_1:EHEL_040690	K03264
enche_5516_1:EHEL_051440	K14560
enche_5516_1:EHEL_081580	K14574
enche_5516_1:EHEL_050220	K14558
enche_5516_1:EHEL_111800	K14561
enche_5516_1:EHEL_081180	K03539
enche_5516_1:EHEL_111050	K14549
enche_5516_1:EHEL_100970	K18532
enche_5516_1:EHEL_030810	K14758
enche_5516_1:EHEL_040730	K14565
enche_5516_1:EHEL_100270	K14521
enche_5516_1:EHEL_051120	K11131
enche_5516_1:EHEL_070350	K14570
enche_5516_1:EHEL_050630	K14566

### 03060	Protein export
enche_5516_1:EHEL_100150	K13431
enche_5516_1:EHEL_050980	K07342
enche_5516_1:EHEL_020680	K13280
enche_5516_1:EHEL_021070	K12947
enche_5516_1:EHEL_090940	K12948
enche_5516_1:EHEL_070670	K12275
enche_5516_1:EHEL_030290	K12946
enche_5516_1:EHEL_060810	K09540
enche_5516_1:EHEL_080770	K03105
enche_5516_1:EHEL_040900	K03106
enche_5516_1:EHEL_090110	K10956
enche_5516_1:EHEL_090920	K09481

### 04141	Protein processing in endoplasmic reticulum
enche_5516_1:EHEL_040030	K09523
enche_5516_1:EHEL_021160	K14007
enche_5516_1:EHEL_021030	K04079
enche_5516_1:EHEL_110810	K03237
enche_5516_1:EHEL_070250	K04523
enche_5516_1:EHEL_050980	K07342
enche_5516_1:EHEL_091110	K10082
enche_5516_1:EHEL_010620	K10601
enche_5516_1:EHEL_111340	K14004
enche_5516_1:EHEL_030430	K03283
enche_5516_1:EHEL_070740	K14015
enche_5516_1:EHEL_011130	K13525
enche_5516_1:EHEL_030180	K03094
enche_5516_1:EHEL_010980	K03868
enche_5516_1:EHEL_050140	K07953
enche_5516_1:EHEL_090920	K09481
enche_5516_1:EHEL_090110	K10956
enche_5516_1:EHEL_060770	K10661
enche_5516_1:EHEL_101770	K04523
enche_5516_1:EHEL_060810	K09540
enche_5516_1:EHEL_111010	K10666
enche_5516_1:EHEL_101200	K14016
enche_5516_1:EHEL_070670	K12275
enche_5516_1:EHEL_040530	K10575
enche_5516_1:EHEL_110670	K14006
enche_5516_1:EHEL_070730	K09503
enche_5516_1:EHEL_111810	K13989

### 04130	SNARE interactions in vesicular transport
enche_5516_1:EHEL_110860	K08517
enche_5516_1:EHEL_071600	K08496
enche_5516_1:EHEL_111450	K08486
enche_5516_1:EHEL_030440	K08516

### 04120	Ubiquitin mediated proteolysis
enche_5516_1:EHEL_010620	K10601
enche_5516_1:EHEL_111040	K03350
enche_5516_1:EHEL_030180	K03094
enche_5516_1:EHEL_010980	K03868
enche_5516_1:EHEL_011210	K10260
enche_5516_1:EHEL_061410	K03355
enche_5516_1:EHEL_110170	K10144
enche_5516_1:EHEL_101570	K10579
enche_5516_1:EHEL_041180	K03363
enche_5516_1:EHEL_051080	K03357
enche_5516_1:EHEL_080820	K10576
enche_5516_1:EHEL_010810	K10577
enche_5516_1:EHEL_030830	K03178
enche_5516_1:EHEL_040530	K10575
enche_5516_1:EHEL_060070	K03353
enche_5516_1:EHEL_031460	K03364
enche_5516_1:EHEL_090830	K10686
enche_5516_1:EHEL_040430	K10587
enche_5516_1:EHEL_101330	K10573

### 04122	Sulfur relay system
enche_5516_1:EHEL_031150	K14168
enche_5516_1:EHEL_031200	K11996
enche_5516_1:EHEL_030700	K12161
enche_5516_1:EHEL_111660	K04487

### 03050	Proteasome
enche_5516_1:EHEL_051670	K03033
enche_5516_1:EHEL_111560	K02725
enche_5516_1:EHEL_031250	K03061
enche_5516_1:EHEL_071380	K02732
enche_5516_1:EHEL_051460	K02728
enche_5516_1:EHEL_101440	K03065
enche_5516_1:EHEL_100100	K03063
enche_5516_1:EHEL_110440	K03030
enche_5516_1:EHEL_040240	K03028
enche_5516_1:EHEL_081550	K02726
enche_5516_1:EHEL_090310	K02727
enche_5516_1:EHEL_070560	K03036
enche_5516_1:EHEL_100170	K03037
enche_5516_1:EHEL_100420	K03029
enche_5516_1:EHEL_081820	K02737
enche_5516_1:EHEL_090690	K02739
enche_5516_1:EHEL_071620	K03062
enche_5516_1:EHEL_070140	K03064
enche_5516_1:EHEL_101470	K02738
enche_5516_1:EHEL_040340	K03038
enche_5516_1:EHEL_091880	K03066
enche_5516_1:EHEL_051530	K02729
enche_5516_1:EHEL_111850	K03039
enche_5516_1:EHEL_080200	K02734
enche_5516_1:EHEL_020270	K02735
enche_5516_1:EHEL_081920	K03063
enche_5516_1:EHEL_071030	K02731
enche_5516_1:EHEL_100550	K02730
enche_5516_1:EHEL_050330	K02736
enche_5516_1:EHEL_020400	K03032
enche_5516_1:EHEL_051180	K03035

### 03018	RNA degradation
enche_5516_1:EHEL_110650	K12603
enche_5516_1:EHEL_061080	K12625
enche_5516_1:EHEL_060320	K03678
enche_5516_1:EHEL_110850	K12611
enche_5516_1:EHEL_090730	K12619
enche_5516_1:EHEL_110510	K12626
enche_5516_1:EHEL_091650	K12614
enche_5516_1:EHEL_051430	K12620
enche_5516_1:EHEL_110410	K04043
enche_5516_1:EHEL_030610	K12585
enche_5516_1:EHEL_010230	K12606
enche_5516_1:EHEL_061500	K12580
enche_5516_1:EHEL_101120	K13126
enche_5516_1:EHEL_080810	K12581
enche_5516_1:EHEL_040820	K12598
enche_5516_1:EHEL_101720	K01689
enche_5516_1:EHEL_111950	K12586
enche_5516_1:EHEL_091450	K03681
enche_5516_1:EHEL_110530	K12597
enche_5516_1:EHEL_101750	K12584
enche_5516_1:EHEL_030590	K00850
enche_5516_1:EHEL_100260	K12590
enche_5516_1:EHEL_030270	K12623
enche_5516_1:EHEL_111260	K12604
enche_5516_1:EHEL_071610	K12613
enche_5516_1:EHEL_111550	K10643
enche_5516_1:EHEL_061510	K03514
enche_5516_1:EHEL_090800	K11600
enche_5516_1:EHEL_111020	K12591
enche_5516_1:EHEL_091840	K12621
enche_5516_1:EHEL_080050	K12624
enche_5516_1:EHEL_041220	K12599
enche_5516_1:EHEL_101360	K03679

### 03030	DNA replication
enche_5516_1:EHEL_030980	K04799
enche_5516_1:EHEL_050370	K02325
enche_5516_1:EHEL_051130	K04802
enche_5516_1:EHEL_051660	K10754
enche_5516_1:EHEL_091320	K02210
enche_5516_1:EHEL_101230	K02324
enche_5516_1:EHEL_021150	K10747
enche_5516_1:EHEL_091350	K10755
enche_5516_1:EHEL_020220	K10756
enche_5516_1:EHEL_060270	K02209
enche_5516_1:EHEL_090430	K02327
enche_5516_1:EHEL_100780	K10756
enche_5516_1:EHEL_020610	K10755
enche_5516_1:EHEL_051090	K02320
enche_5516_1:EHEL_021080	K02212
enche_5516_1:EHEL_050860	K02542
enche_5516_1:EHEL_030580	K10743
enche_5516_1:EHEL_100600	K07466
enche_5516_1:EHEL_060290	K10739
enche_5516_1:EHEL_080580	K02684
enche_5516_1:EHEL_040760	K02540
enche_5516_1:EHEL_080210	K02541
enche_5516_1:EHEL_101090	K02321
enche_5516_1:EHEL_051320	K02685
enche_5516_1:EHEL_090740	K02328

### 03410	Base excision repair
enche_5516_1:EHEL_100530	K03648
enche_5516_1:EHEL_090740	K02328
enche_5516_1:EHEL_080740	K03660
enche_5516_1:EHEL_061340	K01142
enche_5516_1:EHEL_111440	K01151
enche_5516_1:EHEL_080840	K10773
enche_5516_1:EHEL_050370	K02325
enche_5516_1:EHEL_030980	K04799
enche_5516_1:EHEL_090430	K02327
enche_5516_1:EHEL_101230	K02324
enche_5516_1:EHEL_021150	K10747
enche_5516_1:EHEL_051130	K04802

### 03420	Nucleotide excision repair
enche_5516_1:EHEL_060290	K10739
enche_5516_1:EHEL_021380	K02202
enche_5516_1:EHEL_090740	K02328
enche_5516_1:EHEL_010980	K03868
enche_5516_1:EHEL_010530	K03144
enche_5516_1:EHEL_110100	K10842
enche_5516_1:EHEL_100600	K07466
enche_5516_1:EHEL_101190	K10847
enche_5516_1:EHEL_051130	K04802
enche_5516_1:EHEL_051660	K10754
enche_5516_1:EHEL_021150	K10747
enche_5516_1:EHEL_101230	K02324
enche_5516_1:EHEL_091350	K10755
enche_5516_1:EHEL_090410	K10841
enche_5516_1:EHEL_020220	K10756
enche_5516_1:EHEL_010940	K10843
enche_5516_1:EHEL_101350	K10849
enche_5516_1:EHEL_090430	K02327
enche_5516_1:EHEL_080720	K10848
enche_5516_1:EHEL_020610	K10755
enche_5516_1:EHEL_100780	K10756
enche_5516_1:EHEL_091630	K10846
enche_5516_1:EHEL_050370	K02325
enche_5516_1:EHEL_070850	K03143
enche_5516_1:EHEL_040210	K03142
enche_5516_1:EHEL_060120	K10844

### 03430	Mismatch repair
enche_5516_1:EHEL_111150	K10858
enche_5516_1:EHEL_050340	K08734
enche_5516_1:EHEL_030450	K08735
enche_5516_1:EHEL_100600	K07466
enche_5516_1:EHEL_060290	K10739
enche_5516_1:EHEL_090740	K02328
enche_5516_1:EHEL_100710	K08737
enche_5516_1:EHEL_051130	K04802
enche_5516_1:EHEL_110640	K10746
enche_5516_1:EHEL_051660	K10754
enche_5516_1:EHEL_021150	K10747
enche_5516_1:EHEL_091350	K10755
enche_5516_1:EHEL_020220	K10756
enche_5516_1:EHEL_090430	K02327
enche_5516_1:EHEL_100780	K10756
enche_5516_1:EHEL_020610	K10755

### 03440	Homologous recombination
enche_5516_1:EHEL_060290	K10739
enche_5516_1:EHEL_110700	K04482
enche_5516_1:EHEL_090740	K02328
enche_5516_1:EHEL_070580	K10866
enche_5516_1:EHEL_100600	K07466
enche_5516_1:EHEL_071110	K10901
enche_5516_1:EHEL_090900	K10873
enche_5516_1:EHEL_021320	K08991
enche_5516_1:EHEL_090430	K02327
enche_5516_1:EHEL_051400	K10865
enche_5516_1:EHEL_041000	K03165

### 03450	Non-homologous end-joining
enche_5516_1:EHEL_051400	K10865
enche_5516_1:EHEL_030980	K04799
enche_5516_1:EHEL_070580	K10866

### 03460	Fanconi anemia pathway
enche_5516_1:EHEL_071110	K10901
enche_5516_1:EHEL_100600	K07466
enche_5516_1:EHEL_050340	K08734
enche_5516_1:EHEL_111150	K10858
enche_5516_1:EHEL_110700	K04482
enche_5516_1:EHEL_060290	K10739
enche_5516_1:EHEL_041000	K03165
enche_5516_1:EHEL_080720	K10848
enche_5516_1:EHEL_101350	K10849
enche_5516_1:EHEL_021060	K06640
enche_5516_1:EHEL_021320	K08991

### 02010	ABC transporters
enche_5516_1:EHEL_060220	K05679

### 02060	Phosphotransferase system (PTS)

### 03070	Bacterial secretion system
enche_5516_1:EHEL_040900	K03106

### 02020	Two-component system

### 04014	Ras signaling pathway
enche_5516_1:EHEL_100360	K04513
enche_5516_1:EHEL_080690	K07889
enche_5516_1:EHEL_111060	K01115
enche_5516_1:EHEL_091470	K02183

### 04015	Rap1 signaling pathway
enche_5516_1:EHEL_091470	K02183
enche_5516_1:EHEL_100360	K04513

### 04010	MAPK signaling pathway
enche_5516_1:EHEL_030430	K03283
enche_5516_1:EHEL_080080	K06268
enche_5516_1:EHEL_050500	K04460

### 04013	MAPK signaling pathway - fly

### 04011	MAPK signaling pathway - yeast
enche_5516_1:EHEL_111920	K11215
enche_5516_1:EHEL_100360	K04513

### 04012	ErbB signaling pathway
enche_5516_1:EHEL_071250	K03083
enche_5516_1:EHEL_100570	K04688

### 04310	Wnt signaling pathway
enche_5516_1:EHEL_030180	K03094
enche_5516_1:EHEL_010980	K03868
enche_5516_1:EHEL_091280	K04499
enche_5516_1:EHEL_080080	K06268
enche_5516_1:EHEL_071250	K03083
enche_5516_1:EHEL_051640	K03097
enche_5516_1:EHEL_101220	K03115
enche_5516_1:EHEL_100360	K04513

### 04330	Notch signaling pathway
enche_5516_1:EHEL_031290	K06067
enche_5516_1:EHEL_101450	K06062

### 04340	Hedgehog signaling pathway
enche_5516_1:EHEL_071250	K03083
enche_5516_1:EHEL_111870	K02218

### 04350	TGF-beta signaling pathway
enche_5516_1:EHEL_100570	K04688
enche_5516_1:EHEL_100360	K04513
enche_5516_1:EHEL_030180	K03094
enche_5516_1:EHEL_010980	K03868
enche_5516_1:EHEL_091170	K03456
enche_5516_1:EHEL_040600	K04382

### 04390	Hippo signaling pathway
enche_5516_1:EHEL_091170	K03456
enche_5516_1:EHEL_071250	K03083
enche_5516_1:EHEL_110540	K06269
enche_5516_1:EHEL_040600	K04382
enche_5516_1:EHEL_030910	K16197
enche_5516_1:EHEL_050890	K04354

### 04391	Hippo signaling pathway - fly
enche_5516_1:EHEL_091170	K03456
enche_5516_1:EHEL_040600	K04382
enche_5516_1:EHEL_081410	K16675
enche_5516_1:EHEL_030910	K16197
enche_5516_1:EHEL_050890	K04354

### 04370	VEGF signaling pathway
enche_5516_1:EHEL_080080	K06268

### 04630	Jak-STAT signaling pathway

### 04064	NF-kappa B signaling pathway
enche_5516_1:EHEL_101220	K03115
enche_5516_1:EHEL_051640	K03097
enche_5516_1:EHEL_010810	K10577

### 04668	TNF signaling pathway
enche_5516_1:EHEL_101740	K17065
enche_5516_1:EHEL_011110	K17065

### 04066	HIF-1 signaling pathway
enche_5516_1:EHEL_111430	K00844
enche_5516_1:EHEL_041090	K00162
enche_5516_1:EHEL_101720	K01689
enche_5516_1:EHEL_100570	K04688
enche_5516_1:EHEL_080860	K03259
enche_5516_1:EHEL_050750	K02991
enche_5516_1:EHEL_091030	K00161
enche_5516_1:EHEL_111240	K03259
enche_5516_1:EHEL_070770	K00134
enche_5516_1:EHEL_010980	K03868

### 04068	FoxO signaling pathway
enche_5516_1:EHEL_010500	K06631
enche_5516_1:EHEL_110960	K04564
enche_5516_1:EHEL_081880	K02206
enche_5516_1:EHEL_030490	K11838

### 04020	Calcium signaling pathway
enche_5516_1:EHEL_091470	K02183
enche_5516_1:EHEL_080080	K06268

### 04070	Phosphatidylinositol signaling system
enche_5516_1:EHEL_091470	K02183
enche_5516_1:EHEL_010880	K00999
enche_5516_1:EHEL_030230	K00889
enche_5516_1:EHEL_051370	K00981
enche_5516_1:EHEL_100590	K00914
enche_5516_1:EHEL_110310	K00888

### 04022	cGMP-PKG signaling pathway
enche_5516_1:EHEL_080080	K06268
enche_5516_1:EHEL_091470	K02183
enche_5516_1:EHEL_110540	K06269
enche_5516_1:EHEL_100360	K04513

### 04151	PI3K-Akt signaling pathway
enche_5516_1:EHEL_030910	K16197
enche_5516_1:EHEL_100570	K04688
enche_5516_1:EHEL_050890	K04354
enche_5516_1:EHEL_040140	K11584
enche_5516_1:EHEL_081880	K02206
enche_5516_1:EHEL_111240	K03259
enche_5516_1:EHEL_021030	K04079
enche_5516_1:EHEL_050750	K02991
enche_5516_1:EHEL_080860	K03259
enche_5516_1:EHEL_040600	K04382
enche_5516_1:EHEL_091170	K03456
enche_5516_1:EHEL_071250	K03083

### 04152	AMPK signaling pathway
enche_5516_1:EHEL_091210	K07901
enche_5516_1:EHEL_100570	K04688
enche_5516_1:EHEL_050890	K04354
enche_5516_1:EHEL_040140	K11584
enche_5516_1:EHEL_101760	K00021
enche_5516_1:EHEL_030590	K00850
enche_5516_1:EHEL_111350	K03234
enche_5516_1:EHEL_040600	K04382
enche_5516_1:EHEL_091170	K03456

### 04150	mTOR signaling pathway
enche_5516_1:EHEL_111240	K03259
enche_5516_1:EHEL_050750	K02991
enche_5516_1:EHEL_080860	K03259
enche_5516_1:EHEL_100570	K04688

### 04075	Plant hormone signal transduction

### 04080	Neuroactive ligand-receptor interaction

### 04060	Cytokine-cytokine receptor interaction

### 04512	ECM-receptor interaction

### 04514	Cell adhesion molecules (CAMs)

### 04144	Endocytosis
enche_5516_1:EHEL_100360	K04513
enche_5516_1:EHEL_080690	K07889
enche_5516_1:EHEL_111060	K01115
enche_5516_1:EHEL_030230	K00889
enche_5516_1:EHEL_081660	K12493
enche_5516_1:EHEL_040580	K07904
enche_5516_1:EHEL_110420	K12493
enche_5516_1:EHEL_030430	K03283

### 04145	Phagosome
enche_5516_1:EHEL_090110	K10956
enche_5516_1:EHEL_060110	K03661
enche_5516_1:EHEL_100640	K10413
enche_5516_1:EHEL_050450	K02150
enche_5516_1:EHEL_071330	K02155
enche_5516_1:EHEL_080170	K02144
enche_5516_1:EHEL_090920	K09481
enche_5516_1:EHEL_111170	K02145
enche_5516_1:EHEL_100590	K00914
enche_5516_1:EHEL_080690	K07889
enche_5516_1:EHEL_081490	K02146
enche_5516_1:EHEL_071170	K07374
enche_5516_1:EHEL_100110	K02149
enche_5516_1:EHEL_030410	K02148
enche_5516_1:EHEL_110860	K08517
enche_5516_1:EHEL_030190	K02151
enche_5516_1:EHEL_091820	K02154
enche_5516_1:EHEL_101050	K02147
enche_5516_1:EHEL_031040	K02155
enche_5516_1:EHEL_050980	K07342
enche_5516_1:EHEL_030720	K07375

### 04142	Lysosome
enche_5516_1:EHEL_080170	K02144
enche_5516_1:EHEL_060110	K03661
enche_5516_1:EHEL_071330	K02155
enche_5516_1:EHEL_081490	K02146
enche_5516_1:EHEL_091820	K02154
enche_5516_1:EHEL_031040	K02155

### 04146	Peroxisome
enche_5516_1:EHEL_091800	K00869
enche_5516_1:EHEL_100900	K01897
enche_5516_1:EHEL_110960	K04564
enche_5516_1:EHEL_100920	K01897
enche_5516_1:EHEL_060890	K07513

### 04140	Regulation of autophagy
enche_5516_1:EHEL_100590	K00914

### 02030	Bacterial chemotaxis

### 02040	Flagellar assembly

### 04810	Regulation of actin cytoskeleton
enche_5516_1:EHEL_030230	K00889
enche_5516_1:EHEL_110540	K06269
enche_5516_1:EHEL_031510	K12757
enche_5516_1:EHEL_100360	K04513

### 04110	Cell cycle
enche_5516_1:EHEL_060070	K03353
enche_5516_1:EHEL_021280	K06620
enche_5516_1:EHEL_030910	K16197
enche_5516_1:EHEL_010500	K06631
enche_5516_1:EHEL_100090	K02214
enche_5516_1:EHEL_101150	K02604
enche_5516_1:EHEL_021060	K06640
enche_5516_1:EHEL_080650	K02180
enche_5516_1:EHEL_030990	K02606
enche_5516_1:EHEL_040780	K06671
enche_5516_1:EHEL_031460	K03364
enche_5516_1:EHEL_081880	K02206
enche_5516_1:EHEL_060270	K02209
enche_5516_1:EHEL_051130	K04802
enche_5516_1:EHEL_091960	K06669
enche_5516_1:EHEL_091320	K02210
enche_5516_1:EHEL_010980	K03868
enche_5516_1:EHEL_111040	K03350
enche_5516_1:EHEL_030180	K03094
enche_5516_1:EHEL_030930	K02603
enche_5516_1:EHEL_050860	K02542
enche_5516_1:EHEL_031290	K06067
enche_5516_1:EHEL_030530	K02216
enche_5516_1:EHEL_021080	K02212
enche_5516_1:EHEL_041180	K03363
enche_5516_1:EHEL_040850	K06636
enche_5516_1:EHEL_061410	K03355
enche_5516_1:EHEL_081910	K02214
enche_5516_1:EHEL_051080	K03357
enche_5516_1:EHEL_071250	K03083
enche_5516_1:EHEL_040760	K02540
enche_5516_1:EHEL_020430	K08866
enche_5516_1:EHEL_021380	K02202
enche_5516_1:EHEL_080210	K02541

### 04111	Cell cycle - yeast
enche_5516_1:EHEL_080210	K02541
enche_5516_1:EHEL_040760	K02540
enche_5516_1:EHEL_020430	K08866
enche_5516_1:EHEL_051080	K03357
enche_5516_1:EHEL_091170	K03456
enche_5516_1:EHEL_021220	K06676
enche_5516_1:EHEL_040600	K04382
enche_5516_1:EHEL_081910	K02214
enche_5516_1:EHEL_061410	K03355
enche_5516_1:EHEL_040850	K06636
enche_5516_1:EHEL_041180	K03363
enche_5516_1:EHEL_021080	K02212
enche_5516_1:EHEL_030530	K02216
enche_5516_1:EHEL_050860	K02542
enche_5516_1:EHEL_030930	K02603
enche_5516_1:EHEL_030180	K03094
enche_5516_1:EHEL_111040	K03350
enche_5516_1:EHEL_010980	K03868
enche_5516_1:EHEL_080180	K02220
enche_5516_1:EHEL_021170	K06677
enche_5516_1:EHEL_011060	K06674
enche_5516_1:EHEL_091320	K02210
enche_5516_1:EHEL_091960	K06669
enche_5516_1:EHEL_060270	K02209
enche_5516_1:EHEL_031460	K03364
enche_5516_1:EHEL_040780	K06671
enche_5516_1:EHEL_080650	K02180
enche_5516_1:EHEL_030990	K02606
enche_5516_1:EHEL_050890	K04354
enche_5516_1:EHEL_040610	K02555
enche_5516_1:EHEL_070650	K06675
enche_5516_1:EHEL_101150	K02604
enche_5516_1:EHEL_100090	K02214
enche_5516_1:EHEL_060070	K03353

### 04112	Cell cycle - Caulobacter

### 04113	Meiosis - yeast
enche_5516_1:EHEL_050860	K02542
enche_5516_1:EHEL_030530	K02216
enche_5516_1:EHEL_021080	K02212
enche_5516_1:EHEL_111040	K03350
enche_5516_1:EHEL_030930	K02603
enche_5516_1:EHEL_041040	K10878
enche_5516_1:EHEL_040760	K02540
enche_5516_1:EHEL_080210	K02541
enche_5516_1:EHEL_091170	K03456
enche_5516_1:EHEL_051080	K03357
enche_5516_1:EHEL_061410	K03355
enche_5516_1:EHEL_081910	K02214
enche_5516_1:EHEL_040600	K04382
enche_5516_1:EHEL_110540	K06269
enche_5516_1:EHEL_041180	K03363
enche_5516_1:EHEL_040850	K06636
enche_5516_1:EHEL_101150	K02604
enche_5516_1:EHEL_100090	K02214
enche_5516_1:EHEL_060070	K03353
enche_5516_1:EHEL_091960	K06669
enche_5516_1:EHEL_091320	K02210
enche_5516_1:EHEL_040140	K11584
enche_5516_1:EHEL_060270	K02209
enche_5516_1:EHEL_030990	K02606
enche_5516_1:EHEL_040780	K06671

### 04114	Oocyte meiosis
enche_5516_1:EHEL_091170	K03456
enche_5516_1:EHEL_091470	K02183
enche_5516_1:EHEL_080080	K06268
enche_5516_1:EHEL_051080	K03357
enche_5516_1:EHEL_061410	K03355
enche_5516_1:EHEL_040600	K04382
enche_5516_1:EHEL_110540	K06269
enche_5516_1:EHEL_041180	K03363
enche_5516_1:EHEL_040850	K06636
enche_5516_1:EHEL_010980	K03868
enche_5516_1:EHEL_111040	K03350
enche_5516_1:EHEL_030180	K03094
enche_5516_1:EHEL_091960	K06669
enche_5516_1:EHEL_040140	K11584
enche_5516_1:EHEL_081880	K02206
enche_5516_1:EHEL_010500	K06631
enche_5516_1:EHEL_060070	K03353
enche_5516_1:EHEL_030910	K16197

### 04210	Apoptosis
enche_5516_1:EHEL_080080	K06268
enche_5516_1:EHEL_080890	K04739

### 04115	p53 signaling pathway
enche_5516_1:EHEL_030530	K02216
enche_5516_1:EHEL_110170	K10144
enche_5516_1:EHEL_060680	K10808
enche_5516_1:EHEL_021060	K06640
enche_5516_1:EHEL_081880	K02206

### 04510	Focal adhesion
enche_5516_1:EHEL_110540	K06269
enche_5516_1:EHEL_031510	K12757
enche_5516_1:EHEL_071250	K03083
enche_5516_1:EHEL_100360	K04513

### 04520	Adherens junction
enche_5516_1:EHEL_051640	K03097
enche_5516_1:EHEL_100360	K04513
enche_5516_1:EHEL_101220	K03115

### 04530	Tight junction
enche_5516_1:EHEL_060720	K06100
enche_5516_1:EHEL_110240	K06110
enche_5516_1:EHEL_051640	K03097
enche_5516_1:EHEL_040920	K10352
enche_5516_1:EHEL_100360	K04513
enche_5516_1:EHEL_101220	K03115
enche_5516_1:EHEL_050890	K04354
enche_5516_1:EHEL_091170	K03456
enche_5516_1:EHEL_031510	K12757
enche_5516_1:EHEL_040600	K04382

### 04540	Gap junction
enche_5516_1:EHEL_030720	K07375
enche_5516_1:EHEL_071170	K07374

### 04640	Hematopoietic cell lineage

### 04610	Complement and coagulation cascades

### 04611	Platelet activation
enche_5516_1:EHEL_110540	K06269
enche_5516_1:EHEL_031510	K12757
enche_5516_1:EHEL_100360	K04513

### 04620	Toll-like receptor signaling pathway

### 04621	NOD-like receptor signaling pathway
enche_5516_1:EHEL_021030	K04079
enche_5516_1:EHEL_051260	K12795

### 04622	RIG-I-like receptor signaling pathway
enche_5516_1:EHEL_060260	K09578

### 04623	Cytosolic DNA-sensing pathway
enche_5516_1:EHEL_080600	K03022
enche_5516_1:EHEL_110460	K03020
enche_5516_1:EHEL_030400	K03019
enche_5516_1:EHEL_100200	K03025
enche_5516_1:EHEL_080240	K03014
enche_5516_1:EHEL_060250	K03007
enche_5516_1:EHEL_070940	K03013
enche_5516_1:EHEL_010470	K03027
enche_5516_1:EHEL_070040	K03018
enche_5516_1:EHEL_110200	K03021
enche_5516_1:EHEL_070810	K03016

### 04650	Natural killer cell mediated cytotoxicity
enche_5516_1:EHEL_080080	K06268

### 04612	Antigen processing and presentation
enche_5516_1:EHEL_021030	K04079
enche_5516_1:EHEL_030430	K03283

### 04660	T cell receptor signaling pathway
enche_5516_1:EHEL_100360	K04513
enche_5516_1:EHEL_071250	K03083
enche_5516_1:EHEL_080080	K06268

### 04662	B cell receptor signaling pathway
enche_5516_1:EHEL_080080	K06268
enche_5516_1:EHEL_071250	K03083

### 04664	Fc epsilon RI signaling pathway

### 04666	Fc gamma R-mediated phagocytosis
enche_5516_1:EHEL_030230	K00889
enche_5516_1:EHEL_111060	K01115
enche_5516_1:EHEL_100570	K04688

### 04670	Leukocyte transendothelial migration
enche_5516_1:EHEL_100360	K04513
enche_5516_1:EHEL_031510	K12757

### 04672	Intestinal immune network for IgA production

### 04062	Chemokine signaling pathway
enche_5516_1:EHEL_071250	K03083
enche_5516_1:EHEL_100360	K04513

### 04911	Insulin secretion

### 04910	Insulin signaling pathway
enche_5516_1:EHEL_080890	K04739
enche_5516_1:EHEL_111430	K00844
enche_5516_1:EHEL_100570	K04688
enche_5516_1:EHEL_111240	K03259
enche_5516_1:EHEL_050750	K02991
enche_5516_1:EHEL_080860	K03259
enche_5516_1:EHEL_110540	K06269
enche_5516_1:EHEL_071250	K03083
enche_5516_1:EHEL_091470	K02183

### 04920	Adipocytokine signaling pathway
enche_5516_1:EHEL_100900	K01897
enche_5516_1:EHEL_100920	K01897

### 03320	PPAR signaling pathway
enche_5516_1:EHEL_100900	K01897
enche_5516_1:EHEL_100920	K01897
enche_5516_1:EHEL_060890	K07513

### 04912	GnRH signaling pathway
enche_5516_1:EHEL_111060	K01115
enche_5516_1:EHEL_091470	K02183

### 04913	Ovarian steroidogenesis

### 04915	Estrogen signaling pathway
enche_5516_1:EHEL_030430	K03283
enche_5516_1:EHEL_091470	K02183
enche_5516_1:EHEL_021030	K04079

### 04914	Progesterone-mediated oocyte maturation
enche_5516_1:EHEL_111040	K03350
enche_5516_1:EHEL_021030	K04079
enche_5516_1:EHEL_061410	K03355
enche_5516_1:EHEL_051080	K03357
enche_5516_1:EHEL_060070	K03353
enche_5516_1:EHEL_010500	K06631
enche_5516_1:EHEL_081880	K02206
enche_5516_1:EHEL_031460	K03364

### 04917	Prolactin signaling pathway
enche_5516_1:EHEL_071250	K03083

### 04921	Oxytocin signaling pathway
enche_5516_1:EHEL_100360	K04513
enche_5516_1:EHEL_080080	K06268
enche_5516_1:EHEL_091470	K02183
enche_5516_1:EHEL_110540	K06269
enche_5516_1:EHEL_111350	K03234

### 04918	Thyroid hormone synthesis

### 04919	Thyroid hormone signaling pathway
enche_5516_1:EHEL_071250	K03083
enche_5516_1:EHEL_031290	K06067
enche_5516_1:EHEL_110070	K11644
enche_5516_1:EHEL_101450	K06062
enche_5516_1:EHEL_090640	K11404

### 04916	Melanogenesis
enche_5516_1:EHEL_071250	K03083
enche_5516_1:EHEL_091470	K02183
enche_5516_1:EHEL_101630	K00505

### 04614	Renin-angiotensin system

### 04260	Cardiac muscle contraction

### 04261	Adrenergic signaling in cardiomyocytes
enche_5516_1:EHEL_050890	K04354
enche_5516_1:EHEL_040140	K11584
enche_5516_1:EHEL_091170	K03456
enche_5516_1:EHEL_091470	K02183
enche_5516_1:EHEL_110540	K06269
enche_5516_1:EHEL_040600	K04382

### 04270	Vascular smooth muscle contraction
enche_5516_1:EHEL_091470	K02183
enche_5516_1:EHEL_110540	K06269
enche_5516_1:EHEL_100360	K04513

### 04970	Salivary secretion
enche_5516_1:EHEL_091470	K02183

### 04971	Gastric acid secretion
enche_5516_1:EHEL_091470	K02183

### 04972	Pancreatic secretion
enche_5516_1:EHEL_040580	K07904
enche_5516_1:EHEL_100360	K04513
enche_5516_1:EHEL_091210	K07901

### 04976	Bile secretion
enche_5516_1:EHEL_101760	K00021

### 04973	Carbohydrate digestion and absorption
enche_5516_1:EHEL_111430	K00844

### 04974	Protein digestion and absorption

### 04975	Fat digestion and absorption
enche_5516_1:EHEL_100300	K11155

### 04977	Vitamin digestion and absorption

### 04978	Mineral absorption
enche_5516_1:EHEL_061360	K00522

### 04962	Vasopressin-regulated water reabsorption
enche_5516_1:EHEL_040580	K07904
enche_5516_1:EHEL_031340	K06027
enche_5516_1:EHEL_080690	K07889
enche_5516_1:EHEL_100640	K10413

### 04960	Aldosterone-regulated sodium reabsorption

### 04961	Endocrine and other factor-regulated calcium reabsorption
enche_5516_1:EHEL_040580	K07904

### 04964	Proximal tubule bicarbonate reclamation

### 04966	Collecting duct acid secretion
enche_5516_1:EHEL_030410	K02148
enche_5516_1:EHEL_100110	K02149
enche_5516_1:EHEL_081490	K02146
enche_5516_1:EHEL_111170	K02145
enche_5516_1:EHEL_050450	K02150
enche_5516_1:EHEL_071330	K02155
enche_5516_1:EHEL_101050	K02147
enche_5516_1:EHEL_031040	K02155
enche_5516_1:EHEL_091820	K02154
enche_5516_1:EHEL_030190	K02151

### 04724	Glutamatergic synapse
enche_5516_1:EHEL_111060	K01115
enche_5516_1:EHEL_080080	K06268

### 04727	GABAergic synapse
enche_5516_1:EHEL_031340	K06027

### 04725	Cholinergic synapse

### 04728	Dopaminergic synapse
enche_5516_1:EHEL_040140	K11584
enche_5516_1:EHEL_050890	K04354
enche_5516_1:EHEL_110540	K06269
enche_5516_1:EHEL_040600	K04382
enche_5516_1:EHEL_071250	K03083
enche_5516_1:EHEL_091470	K02183
enche_5516_1:EHEL_091170	K03456

### 04726	Serotonergic synapse

### 04720	Long-term potentiation
enche_5516_1:EHEL_091470	K02183
enche_5516_1:EHEL_080080	K06268
enche_5516_1:EHEL_110540	K06269

### 04730	Long-term depression
enche_5516_1:EHEL_091170	K03456
enche_5516_1:EHEL_040600	K04382

### 04723	Retrograde endocannabinoid signaling

### 04721	Synaptic vesicle cycle
enche_5516_1:EHEL_111450	K08486
enche_5516_1:EHEL_030190	K02151
enche_5516_1:EHEL_020350	K15292
enche_5516_1:EHEL_091820	K02154
enche_5516_1:EHEL_101050	K02147
enche_5516_1:EHEL_031340	K06027
enche_5516_1:EHEL_031040	K02155
enche_5516_1:EHEL_080170	K02144
enche_5516_1:EHEL_111170	K02145
enche_5516_1:EHEL_060110	K03661
enche_5516_1:EHEL_071330	K02155
enche_5516_1:EHEL_050450	K02150
enche_5516_1:EHEL_061250	K15296
enche_5516_1:EHEL_100110	K02149
enche_5516_1:EHEL_030410	K02148
enche_5516_1:EHEL_081490	K02146

### 04722	Neurotrophin signaling pathway
enche_5516_1:EHEL_100360	K04513
enche_5516_1:EHEL_091470	K02183
enche_5516_1:EHEL_071250	K03083

### 04744	Phototransduction
enche_5516_1:EHEL_091470	K02183

### 04745	Phototransduction - fly
enche_5516_1:EHEL_091470	K02183

### 04740	Olfactory transduction
enche_5516_1:EHEL_091470	K02183

### 04742	Taste transduction

### 04750	Inflammatory mediator regulation of TRP channels
enche_5516_1:EHEL_110540	K06269
enche_5516_1:EHEL_091470	K02183

### 04320	Dorso-ventral axis formation

### 04360	Axon guidance
enche_5516_1:EHEL_100360	K04513
enche_5516_1:EHEL_071250	K03083
enche_5516_1:EHEL_080080	K06268

### 04380	Osteoclast differentiation
enche_5516_1:EHEL_080080	K06268

### 04710	Circadian rhythm
enche_5516_1:EHEL_030180	K03094
enche_5516_1:EHEL_010980	K03868

### 04713	Circadian entrainment
enche_5516_1:EHEL_091470	K02183

### 04711	Circadian rhythm - fly
enche_5516_1:EHEL_071250	K03083

### 04712	Circadian rhythm - plant
enche_5516_1:EHEL_051640	K03097
enche_5516_1:EHEL_101220	K03115

### 04626	Plant-pathogen interaction
enche_5516_1:EHEL_051260	K12795
enche_5516_1:EHEL_091470	K02183
enche_5516_1:EHEL_021030	K04079

### 05200	Pathways in cancer
enche_5516_1:EHEL_050340	K08734
enche_5516_1:EHEL_031290	K06067
enche_5516_1:EHEL_010980	K03868
enche_5516_1:EHEL_030450	K08735
enche_5516_1:EHEL_110700	K04482
enche_5516_1:EHEL_071250	K03083
enche_5516_1:EHEL_021030	K04079
enche_5516_1:EHEL_100710	K08737
enche_5516_1:EHEL_021280	K06620
enche_5516_1:EHEL_100360	K04513
enche_5516_1:EHEL_081880	K02206

### 05202	Transcriptional misregulation in cancer
enche_5516_1:EHEL_081070	K12823
enche_5516_1:EHEL_101490	K09355
enche_5516_1:EHEL_031290	K06067
enche_5516_1:EHEL_090450	K11253
enche_5516_1:EHEL_110070	K11644
enche_5516_1:EHEL_070340	K15620
enche_5516_1:EHEL_031390	K11253

### 05206	MicroRNAs in cancer
enche_5516_1:EHEL_100360	K04513
enche_5516_1:EHEL_091770	K11430
enche_5516_1:EHEL_021280	K06620
enche_5516_1:EHEL_010810	K10577

### 05205	Proteoglycans in cancer
enche_5516_1:EHEL_100360	K04513
enche_5516_1:EHEL_100570	K04688
enche_5516_1:EHEL_110540	K06269
enche_5516_1:EHEL_050750	K02991
enche_5516_1:EHEL_081070	K12823

### 05204	Chemical carcinogenesis

### 05203	Viral carcinogenesis
enche_5516_1:EHEL_030490	K11838
enche_5516_1:EHEL_101450	K06062
enche_5516_1:EHEL_090610	K00873
enche_5516_1:EHEL_030970	K03122
enche_5516_1:EHEL_010530	K03144
enche_5516_1:EHEL_071620	K03062
enche_5516_1:EHEL_030530	K02216
enche_5516_1:EHEL_031290	K06067
enche_5516_1:EHEL_041180	K03363
enche_5516_1:EHEL_090440	K11254
enche_5516_1:EHEL_020080	K15306
enche_5516_1:EHEL_041410	K03120
enche_5516_1:EHEL_080330	K11252
enche_5516_1:EHEL_030910	K16197
enche_5516_1:EHEL_040210	K03142
enche_5516_1:EHEL_070170	K03136
enche_5516_1:EHEL_060280	K03137
enche_5516_1:EHEL_070850	K03143
enche_5516_1:EHEL_081490	K02146
enche_5516_1:EHEL_100360	K04513
enche_5516_1:EHEL_081880	K02206
enche_5516_1:EHEL_020370	K03123
enche_5516_1:EHEL_040430	K10587
enche_5516_1:EHEL_090640	K11404
enche_5516_1:EHEL_061040	K03124

### 05210	Colorectal cancer
enche_5516_1:EHEL_100360	K04513
enche_5516_1:EHEL_100710	K08737
enche_5516_1:EHEL_071250	K03083
enche_5516_1:EHEL_030450	K08735
enche_5516_1:EHEL_050340	K08734

### 05212	Pancreatic cancer
enche_5516_1:EHEL_021280	K06620
enche_5516_1:EHEL_110700	K04482

### 05214	Glioma
enche_5516_1:EHEL_021280	K06620
enche_5516_1:EHEL_091470	K02183

### 05216	Thyroid cancer

### 05221	Acute myeloid leukemia
enche_5516_1:EHEL_100570	K04688

### 05220	Chronic myeloid leukemia
enche_5516_1:EHEL_021280	K06620
enche_5516_1:EHEL_031290	K06067

### 05217	Basal cell carcinoma
enche_5516_1:EHEL_071250	K03083

### 05218	Melanoma
enche_5516_1:EHEL_021280	K06620

### 05211	Renal cell carcinoma
enche_5516_1:EHEL_010980	K03868

### 05219	Bladder cancer
enche_5516_1:EHEL_021280	K06620

### 05215	Prostate cancer
enche_5516_1:EHEL_021030	K04079
enche_5516_1:EHEL_071250	K03083
enche_5516_1:EHEL_081880	K02206
enche_5516_1:EHEL_021280	K06620

### 05213	Endometrial cancer
enche_5516_1:EHEL_071250	K03083
enche_5516_1:EHEL_050340	K08734

### 05222	Small cell lung cancer
enche_5516_1:EHEL_081880	K02206
enche_5516_1:EHEL_021280	K06620
enche_5516_1:EHEL_100480	K01522

### 05223	Non-small cell lung cancer
enche_5516_1:EHEL_021280	K06620
enche_5516_1:EHEL_100480	K01522

### 05310	Asthma

### 05322	Systemic lupus erythematosus
enche_5516_1:EHEL_080330	K11252
enche_5516_1:EHEL_080470	K11086
enche_5516_1:EHEL_090440	K11254
enche_5516_1:EHEL_090450	K11253
enche_5516_1:EHEL_010410	K11087
enche_5516_1:EHEL_090650	K11090
enche_5516_1:EHEL_030740	K11088
enche_5516_1:EHEL_020640	K11251
enche_5516_1:EHEL_031390	K11253

### 05323	Rheumatoid arthritis
enche_5516_1:EHEL_080170	K02144
enche_5516_1:EHEL_111170	K02145
enche_5516_1:EHEL_050450	K02150
enche_5516_1:EHEL_071330	K02155
enche_5516_1:EHEL_060110	K03661
enche_5516_1:EHEL_100110	K02149
enche_5516_1:EHEL_030410	K02148
enche_5516_1:EHEL_081490	K02146
enche_5516_1:EHEL_030190	K02151
enche_5516_1:EHEL_101050	K02147
enche_5516_1:EHEL_031040	K02155
enche_5516_1:EHEL_091820	K02154

### 05320	Autoimmune thyroid disease

### 05321	Inflammatory bowel disease (IBD)

### 05330	Allograft rejection

### 05332	Graft-versus-host disease

### 05340	Primary immunodeficiency
enche_5516_1:EHEL_100530	K03648

### 05010	Alzheimer's disease
enche_5516_1:EHEL_070770	K00134
enche_5516_1:EHEL_071250	K03083
enche_5516_1:EHEL_080080	K06268
enche_5516_1:EHEL_091470	K02183
enche_5516_1:EHEL_060690	K01408

### 05012	Parkinson's disease
enche_5516_1:EHEL_030830	K03178
enche_5516_1:EHEL_040530	K10575

### 05014	Amyotrophic lateral sclerosis (ALS)
enche_5516_1:EHEL_080080	K06268
enche_5516_1:EHEL_060430	K11518

### 05016	Huntington's disease
enche_5516_1:EHEL_080730	K03012
enche_5516_1:EHEL_070940	K03013
enche_5516_1:EHEL_041410	K03120
enche_5516_1:EHEL_060250	K03007
enche_5516_1:EHEL_100240	K03010
enche_5516_1:EHEL_031290	K06067
enche_5516_1:EHEL_070810	K03016
enche_5516_1:EHEL_060550	K03011
enche_5516_1:EHEL_110070	K11644
enche_5516_1:EHEL_030170	K03006
enche_5516_1:EHEL_050310	K03008
enche_5516_1:EHEL_111290	K03017
enche_5516_1:EHEL_071730	K03015
enche_5516_1:EHEL_110960	K04564
enche_5516_1:EHEL_080240	K03014

### 05020	Prion diseases

### 05030	Cocaine addiction

### 05031	Amphetamine addiction
enche_5516_1:EHEL_080080	K06268
enche_5516_1:EHEL_091470	K02183
enche_5516_1:EHEL_110540	K06269

### 05032	Morphine addiction

### 05033	Nicotine addiction

### 05034	Alcoholism
enche_5516_1:EHEL_110540	K06269
enche_5516_1:EHEL_090440	K11254
enche_5516_1:EHEL_080330	K11252
enche_5516_1:EHEL_091470	K02183
enche_5516_1:EHEL_031290	K06067
enche_5516_1:EHEL_090450	K11253
enche_5516_1:EHEL_090640	K11404
enche_5516_1:EHEL_031390	K11253
enche_5516_1:EHEL_020640	K11251

### 05410	Hypertrophic cardiomyopathy (HCM)

### 05412	Arrhythmogenic right ventricular cardiomyopathy (ARVC)

### 05414	Dilated cardiomyopathy

### 05416	Viral myocarditis
enche_5516_1:EHEL_041580	K03260

### 04940	Type I diabetes mellitus

### 04930	Type II diabetes mellitus
enche_5516_1:EHEL_090610	K00873
enche_5516_1:EHEL_111430	K00844

### 04932	Non-alcoholic fatty liver disease (NAFLD)
enche_5516_1:EHEL_110810	K03237
enche_5516_1:EHEL_071250	K03083

### 04950	Maturity onset diabetes of the young

### 05110	Vibrio cholerae infection
enche_5516_1:EHEL_030190	K02151
enche_5516_1:EHEL_050980	K07342
enche_5516_1:EHEL_091820	K02154
enche_5516_1:EHEL_101050	K02147
enche_5516_1:EHEL_031040	K02155
enche_5516_1:EHEL_080170	K02144
enche_5516_1:EHEL_090920	K09481
enche_5516_1:EHEL_111170	K02145
enche_5516_1:EHEL_090110	K10956
enche_5516_1:EHEL_061560	K10949
enche_5516_1:EHEL_060110	K03661
enche_5516_1:EHEL_050450	K02150
enche_5516_1:EHEL_071330	K02155
enche_5516_1:EHEL_030410	K02148
enche_5516_1:EHEL_100110	K02149
enche_5516_1:EHEL_081490	K02146

### 05111	Vibrio cholerae pathogenic cycle

### 05120	Epithelial cell signaling in Helicobacter pylori infection
enche_5516_1:EHEL_030190	K02151
enche_5516_1:EHEL_091820	K02154
enche_5516_1:EHEL_031040	K02155
enche_5516_1:EHEL_101050	K02147
enche_5516_1:EHEL_111170	K02145
enche_5516_1:EHEL_080170	K02144
enche_5516_1:EHEL_060110	K03661
enche_5516_1:EHEL_050450	K02150
enche_5516_1:EHEL_071330	K02155
enche_5516_1:EHEL_100110	K02149
enche_5516_1:EHEL_030410	K02148
enche_5516_1:EHEL_081490	K02146

### 05130	Pathogenic Escherichia coli infection
enche_5516_1:EHEL_030640	K11294
enche_5516_1:EHEL_071170	K07374
enche_5516_1:EHEL_100360	K04513
enche_5516_1:EHEL_030720	K07375

### 05132	Salmonella infection
enche_5516_1:EHEL_100640	K10413

### 05131	Shigellosis
enche_5516_1:EHEL_091240	K12836

### 05133	Pertussis
enche_5516_1:EHEL_100360	K04513
enche_5516_1:EHEL_091470	K02183

### 05134	Legionellosis
enche_5516_1:EHEL_030430	K03283
enche_5516_1:EHEL_011130	K13525
enche_5516_1:EHEL_050140	K07953
enche_5516_1:EHEL_041030	K03231
enche_5516_1:EHEL_110860	K08517
enche_5516_1:EHEL_031360	K07874

### 05150	Staphylococcus aureus infection

### 05152	Tuberculosis
enche_5516_1:EHEL_110410	K04043
enche_5516_1:EHEL_081490	K02146
enche_5516_1:EHEL_080170	K02144
enche_5516_1:EHEL_100360	K04513
enche_5516_1:EHEL_100590	K00914
enche_5516_1:EHEL_080690	K07889
enche_5516_1:EHEL_060110	K03661
enche_5516_1:EHEL_071330	K02155
enche_5516_1:EHEL_091820	K02154
enche_5516_1:EHEL_031040	K02155
enche_5516_1:EHEL_080080	K06268
enche_5516_1:EHEL_091470	K02183

### 05100	Bacterial invasion of epithelial cells
enche_5516_1:EHEL_100360	K04513

### 05166	HTLV-I infection
enche_5516_1:EHEL_050610	K08874
enche_5516_1:EHEL_050370	K02325
enche_5516_1:EHEL_021280	K06620
enche_5516_1:EHEL_060070	K03353
enche_5516_1:EHEL_101230	K02324
enche_5516_1:EHEL_090290	K11126
enche_5516_1:EHEL_051130	K04802
enche_5516_1:EHEL_090430	K02327
enche_5516_1:EHEL_080650	K02180
enche_5516_1:EHEL_110120	K14290
enche_5516_1:EHEL_021060	K06640
enche_5516_1:EHEL_030530	K02216
enche_5516_1:EHEL_111040	K03350
enche_5516_1:EHEL_101450	K06062
enche_5516_1:EHEL_100660	K11304
enche_5516_1:EHEL_111700	K00787
enche_5516_1:EHEL_041410	K03120
enche_5516_1:EHEL_071250	K03083
enche_5516_1:EHEL_080080	K06268
enche_5516_1:EHEL_051080	K03357
enche_5516_1:EHEL_061410	K03355
enche_5516_1:EHEL_020080	K15306
enche_5516_1:EHEL_041530	K07936
enche_5516_1:EHEL_041180	K03363
enche_5516_1:EHEL_090740	K02328

### 05162	Measles
enche_5516_1:EHEL_071250	K03083
enche_5516_1:EHEL_110170	K10144
enche_5516_1:EHEL_110810	K03237
enche_5516_1:EHEL_081100	K14753
enche_5516_1:EHEL_030430	K03283
enche_5516_1:EHEL_051640	K03097
enche_5516_1:EHEL_081880	K02206
enche_5516_1:EHEL_101220	K03115

### 05164	Influenza A
enche_5516_1:EHEL_030430	K03283
enche_5516_1:EHEL_071250	K03083
enche_5516_1:EHEL_061540	K14298
enche_5516_1:EHEL_111700	K00787
enche_5516_1:EHEL_110810	K03237
enche_5516_1:EHEL_040030	K09523
enche_5516_1:EHEL_010400	K14396
enche_5516_1:EHEL_010290	K14404
enche_5516_1:EHEL_110120	K14290

### 05161	Hepatitis B
enche_5516_1:EHEL_051130	K04802
enche_5516_1:EHEL_081880	K02206
enche_5516_1:EHEL_021280	K06620
enche_5516_1:EHEL_030910	K16197

### 05160	Hepatitis C
enche_5516_1:EHEL_091170	K03456
enche_5516_1:EHEL_071250	K03083
enche_5516_1:EHEL_040600	K04382
enche_5516_1:EHEL_110810	K03237
enche_5516_1:EHEL_050890	K04354

### 05168	Herpes simplex infection
enche_5516_1:EHEL_030170	K03006
enche_5516_1:EHEL_030490	K11838
enche_5516_1:EHEL_111640	K03130
enche_5516_1:EHEL_030180	K03094
enche_5516_1:EHEL_040870	K03127
enche_5516_1:EHEL_110540	K06269
enche_5516_1:EHEL_110810	K03237
enche_5516_1:EHEL_110710	K03134
enche_5516_1:EHEL_041410	K03120
enche_5516_1:EHEL_011240	K03133
enche_5516_1:EHEL_101220	K03115
enche_5516_1:EHEL_081880	K02206
enche_5516_1:EHEL_101140	K03131
enche_5516_1:EHEL_051640	K03097

### 05169	Epstein-Barr virus infection
enche_5516_1:EHEL_111290	K03017
enche_5516_1:EHEL_071730	K03015
enche_5516_1:EHEL_070170	K03136
enche_5516_1:EHEL_080240	K03014
enche_5516_1:EHEL_030910	K16197
enche_5516_1:EHEL_100200	K03025
enche_5516_1:EHEL_030400	K03019
enche_5516_1:EHEL_051670	K03033
enche_5516_1:EHEL_031250	K03061
enche_5516_1:EHEL_060280	K03137
enche_5516_1:EHEL_101220	K03115
enche_5516_1:EHEL_081880	K02206
enche_5516_1:EHEL_101440	K03065
enche_5516_1:EHEL_050310	K03008
enche_5516_1:EHEL_100100	K03063
enche_5516_1:EHEL_110120	K14290
enche_5516_1:EHEL_110460	K03020
enche_5516_1:EHEL_110440	K03030
enche_5516_1:EHEL_051640	K03097
enche_5516_1:EHEL_061040	K03124
enche_5516_1:EHEL_080600	K03022
enche_5516_1:EHEL_040240	K03028
enche_5516_1:EHEL_070560	K03036
enche_5516_1:EHEL_030170	K03006
enche_5516_1:EHEL_100170	K03037
enche_5516_1:EHEL_100420	K03029
enche_5516_1:EHEL_030490	K11838
enche_5516_1:EHEL_071620	K03062
enche_5516_1:EHEL_030430	K03283
enche_5516_1:EHEL_070140	K03064
enche_5516_1:EHEL_031290	K06067
enche_5516_1:EHEL_060550	K03011
enche_5516_1:EHEL_040340	K03038
enche_5516_1:EHEL_070810	K03016
enche_5516_1:EHEL_091880	K03066
enche_5516_1:EHEL_070040	K03018
enche_5516_1:EHEL_110200	K03021
enche_5516_1:EHEL_111850	K03039
enche_5516_1:EHEL_010470	K03027
enche_5516_1:EHEL_100240	K03010
enche_5516_1:EHEL_041530	K07936
enche_5516_1:EHEL_081920	K03063
enche_5516_1:EHEL_070940	K03013
enche_5516_1:EHEL_080730	K03012
enche_5516_1:EHEL_060250	K03007
enche_5516_1:EHEL_041410	K03120
enche_5516_1:EHEL_051180	K03035
enche_5516_1:EHEL_071250	K03083
enche_5516_1:EHEL_020400	K03032

### 05146	Amoebiasis
enche_5516_1:EHEL_080690	K07889

### 05144	Malaria

### 05145	Toxoplasmosis
enche_5516_1:EHEL_030430	K03283

### 05140	Leishmaniasis

### 05142	Chagas disease (American trypanosomiasis)
enche_5516_1:EHEL_050890	K04354
enche_5516_1:EHEL_091170	K03456
enche_5516_1:EHEL_040600	K04382

### 05143	African trypanosomiasis

### 00312	beta-Lactam resistance

### 07011	Penicillins

### 07012	Cephalosporins - parenteral agents

### 07013	Cephalosporins - oral agents

### 07021	Aminoglycosides

### 07019	Tetracyclines

### 07020	Macrolides and ketolides

### 07014	Quinolones

### 07023	Rifamycins

### 07026	Antifungal agents

### 07044	Antivirals

### 07053	Anti-HIV agents

### 07040	Antineoplastics - alkylating agents

### 07041	Antineoplastics - antimetabolic agents

### 07042	Antineoplastics - agents from natural products

### 07043	Antineoplastics - hormones

### 07045	Antineoplastics - protein kinases inhibitors

### 07032	Hypnotics

### 07030	Anxiolytics

### 07033	Anticonvulsants

### 07015	Local analgesics

### 07039	Opioid analgesics

### 07028	Antipsychotics

### 07029	Phenothiazines

### 07031	Butyrophenones

### 07027	Antidepressants

### 07056	Agents for Alzheimer-type dementia

### 07057	Antiparkinsonian agents

### 07055	Sulfonamide derivatives - overview

### 07016	Sulfonamide derivatives - sulfa drugs

### 07017	Sulfonamide derivatives - diuretics

### 07018	Sulfonamide derivatives - hypoglycemic agents

### 07037	Antiarrhythmic drugs

### 07038	Antiulcer drugs

### 07046	Immunosuppressive agents

### 07047	Osteoporosis drugs

### 07048	Antimigraines

### 07049	Antithrombosis agents

### 07050	Antirheumatics - DMARDs and biological agents

### 07051	Antidiabetics

### 07052	Antidyslipidemic agents

### 07054	Antiglaucoma agents

### 07220	Cholinergic and anticholinergic drugs

### 07215	alpha-Adrenergic receptor agonists/antagonists

### 07214	beta-Adrenergic receptor agonists/antagonists

### 07213	Dopamine receptor agonists/antagonists

### 07212	Histamine H1 receptor antagonists

### 07227	Histamine H2/H3 receptor agonists/antagonists

### 07211	Serotonin receptor agonists/antagonists

### 07228	Eicosanoid receptor agonists/antagonists

### 07224	Opioid receptor agonists/antagonists

### 07229	Angiotensin receptor and endothelin receptor antagonists

### 07225	Glucocorticoid and meneralocorticoid receptor agonists/antagonists

### 07226	Progesterone, androgen and estrogen receptor agonists/antagonists

### 07223	Retinoic acid receptor (RAR) and retinoid X receptor (RXR) agonists/antagonists

### 07222	Peroxisome proliferator-activated receptor (PPAR) agonists

### 07221	Nicotinic cholinergic receptor antagonists

### 07230	GABA-A receptor agonists/antagonists

### 07036	Calcium channel blocking drugs

### 07231	Sodium channel blocking drugs

### 07232	Potassium channel blocking and opening drugs

### 07235	N-Metyl-D-aspartic acid receptor antagonists

### 07233	Ion transporter inhibitors

### 07234	Neurotransmitter transporter inhibitors

### 07216	Catecholamine transferase inhibitors

### 07219	Cyclooxygenase inhibitors

### 07024	HMG-CoA reductase inhibitors

### 07217	Renin-angiotensin system inhibitors

### 07218	HIV protease inhibitors

### 07025	Quinolines

### 07034	Eicosanoids

### 07035	Prostaglandins

### 07110	Benzoic acid family

### 07112	1,2-Diphenyl substitution family

### 07114	Naphthalene family

### 07117	Benzodiazepine family

