### 01100	Metabolic pathways
nosce_4242_1:NCER_101400	K00999
nosce_4242_1:NCER_100373	K01920
nosce_4242_1:NCER_102135	K02155
nosce_4242_1:NCER_101022	K03022
nosce_4242_1:NCER_102274	K00721
nosce_4242_1:NCER_100278	K00697
nosce_4242_1:NCER_101185	K05288
nosce_4242_1:NCER_100333	K01783
nosce_4242_1:NCER_100663	K00963
nosce_4242_1:NCER_101294	K02145
nosce_4242_1:NCER_100401	K03012
nosce_4242_1:NCER_101923	K17900
nosce_4242_1:NCER_102597	K01194
nosce_4242_1:NCER_101472	K02146
nosce_4242_1:NCER_100738	K00021
nosce_4242_1:NCER_101243	K03011
nosce_4242_1:NCER_101104	K00942
nosce_4242_1:NCER_100800	K00654
nosce_4242_1:NCER_100585	K03025
nosce_4242_1:NCER_102057	K00968
nosce_4242_1:NCER_100821	K00161
nosce_4242_1:NCER_101750	K01689
nosce_4242_1:NCER_102312	K03007
nosce_4242_1:NCER_100321	K00789
nosce_4242_1:NCER_101930	K15728
nosce_4242_1:NCER_100660	K00966
nosce_4242_1:NCER_102232	K03013
nosce_4242_1:NCER_100184	K02324
nosce_4242_1:NCER_100383	K00873
nosce_4242_1:NCER_101404	K03857
nosce_4242_1:NCER_101672	K10808
nosce_4242_1:NCER_100905	K00615
nosce_4242_1:NCER_100915	K05283
nosce_4242_1:NCER_101329	K00011
nosce_4242_1:NCER_102131	K13513
nosce_4242_1:NCER_102049	K02147
nosce_4242_1:NCER_101200	K02155
nosce_4242_1:NCER_101035	K02154
nosce_4242_1:NCER_100120	K02320
nosce_4242_1:NCER_101275	K01895
nosce_4242_1:NCER_102078	K01807
nosce_4242_1:NCER_102160	K01885
nosce_4242_1:NCER_101036	K00869
nosce_4242_1:NCER_100983	K03010
nosce_4242_1:NCER_102294	K00943
nosce_4242_1:NCER_100735	K00820
nosce_4242_1:NCER_101494	K02151
nosce_4242_1:NCER_101901	K01057
nosce_4242_1:NCER_101234	K01489
nosce_4242_1:NCER_100462	K00981
nosce_4242_1:NCER_100052	K00036
nosce_4242_1:NCER_100619	K01886
nosce_4242_1:NCER_101309	K00940
nosce_4242_1:NCER_101037	K01895
nosce_4242_1:NCER_100398	K04487
nosce_4242_1:NCER_101910	K00787
nosce_4242_1:NCER_100987	K04708
nosce_4242_1:NCER_101019	K02684
nosce_4242_1:NCER_100976	K10807
nosce_4242_1:NCER_102276	K14156
nosce_4242_1:NCER_101402	K01937
nosce_4242_1:NCER_101277	K03008
nosce_4242_1:NCER_100631	K03002
nosce_4242_1:NCER_102169	K01194
nosce_4242_1:NCER_100921	K01810
nosce_4242_1:NCER_100217	K02999
nosce_4242_1:NCER_101387	K07542
nosce_4242_1:NCER_100160	K03000
nosce_4242_1:NCER_102193	K02328
nosce_4242_1:NCER_102427	K00850
nosce_4242_1:NCER_101291	K00993
nosce_4242_1:NCER_101118	K00033
nosce_4242_1:NCER_100379	K00654
nosce_4242_1:NCER_100242	K01623
nosce_4242_1:NCER_101226	K15633
nosce_4242_1:NCER_101209	K00945
nosce_4242_1:NCER_101544	K01823
nosce_4242_1:NCER_100856	K03434
nosce_4242_1:NCER_100850	K00889
nosce_4242_1:NCER_100224	K18592
nosce_4242_1:NCER_102598	K01194
nosce_4242_1:NCER_100878	K01520
nosce_4242_1:NCER_100030	K01803
nosce_4242_1:NCER_102083	K05290
nosce_4242_1:NCER_102207	K02144
nosce_4242_1:NCER_101810	K10251
nosce_4242_1:NCER_101719	K03006
nosce_4242_1:NCER_100062	K13506
nosce_4242_1:NCER_100067	K02149
nosce_4242_1:NCER_101343	K10807
nosce_4242_1:NCER_101151	K00011
nosce_4242_1:NCER_101379	K02150
nosce_4242_1:NCER_101315	K01897
nosce_4242_1:NCER_100268	K03027
nosce_4242_1:NCER_101912	K11204
nosce_4242_1:NCER_100370	K03019
nosce_4242_1:NCER_101107	K03018
nosce_4242_1:NCER_100832	K00787
nosce_4242_1:NCER_100354	K01641
nosce_4242_1:NCER_102330	K17497
nosce_4242_1:NCER_100535	K00858
nosce_4242_1:NCER_101366	K02685
nosce_4242_1:NCER_101069	K02327
nosce_4242_1:NCER_101862	K00162
nosce_4242_1:NCER_101355	K07513
nosce_4242_1:NCER_100786	K13519
nosce_4242_1:NCER_101623	K03015
nosce_4242_1:NCER_101501	K00134
nosce_4242_1:NCER_100041	K03021
nosce_4242_1:NCER_101898	K00967
nosce_4242_1:NCER_101826	K00927
nosce_4242_1:NCER_101108	K00844
nosce_4242_1:NCER_102025	K00995
nosce_4242_1:NCER_101498	K11121
nosce_4242_1:NCER_100059	K11155

### 01110	Biosynthesis of secondary metabolites
nosce_4242_1:NCER_102645	K00006
nosce_4242_1:NCER_100333	K01783
nosce_4242_1:NCER_100483	K11778
nosce_4242_1:NCER_101417	K10703
nosce_4242_1:NCER_100738	K00021
nosce_4242_1:NCER_100821	K00161
nosce_4242_1:NCER_100321	K00789
nosce_4242_1:NCER_101930	K15728
nosce_4242_1:NCER_101750	K01689
nosce_4242_1:NCER_100660	K00966
nosce_4242_1:NCER_100905	K00615
nosce_4242_1:NCER_100383	K00873
nosce_4242_1:NCER_102131	K13513
nosce_4242_1:NCER_101275	K01895
nosce_4242_1:NCER_101036	K00869
nosce_4242_1:NCER_102160	K01885
nosce_4242_1:NCER_102078	K01807
nosce_4242_1:NCER_101278	K00006
nosce_4242_1:NCER_100462	K00981
nosce_4242_1:NCER_101901	K01057
nosce_4242_1:NCER_101037	K01895
nosce_4242_1:NCER_101309	K00940
nosce_4242_1:NCER_100052	K00036
nosce_4242_1:NCER_101910	K00787
nosce_4242_1:NCER_100921	K01810
nosce_4242_1:NCER_101291	K00993
nosce_4242_1:NCER_102427	K00850
nosce_4242_1:NCER_101118	K00033
nosce_4242_1:NCER_101544	K01823
nosce_4242_1:NCER_100242	K01623
nosce_4242_1:NCER_101226	K15633
nosce_4242_1:NCER_100030	K01803
nosce_4242_1:NCER_102351	K00006
nosce_4242_1:NCER_100062	K13506
nosce_4242_1:NCER_101810	K10251
nosce_4242_1:NCER_100832	K00787
nosce_4242_1:NCER_100354	K01641
nosce_4242_1:NCER_102330	K17497
nosce_4242_1:NCER_101355	K07513
nosce_4242_1:NCER_101862	K00162
nosce_4242_1:NCER_101826	K00927
nosce_4242_1:NCER_100786	K13519
nosce_4242_1:NCER_100642	K00111
nosce_4242_1:NCER_101501	K00134
nosce_4242_1:NCER_101108	K00844

### 01120	Microbial metabolism in diverse environments
nosce_4242_1:NCER_100905	K00615
nosce_4242_1:NCER_100383	K00873
nosce_4242_1:NCER_102078	K01807
nosce_4242_1:NCER_101275	K01895
nosce_4242_1:NCER_101037	K01895
nosce_4242_1:NCER_100052	K00036
nosce_4242_1:NCER_101901	K01057
nosce_4242_1:NCER_100333	K01783
nosce_4242_1:NCER_100821	K00161
nosce_4242_1:NCER_101750	K01689
nosce_4242_1:NCER_101355	K07513
nosce_4242_1:NCER_101862	K00162
nosce_4242_1:NCER_101108	K00844
nosce_4242_1:NCER_101826	K00927
nosce_4242_1:NCER_101501	K00134
nosce_4242_1:NCER_100921	K01810
nosce_4242_1:NCER_102427	K00850
nosce_4242_1:NCER_100242	K01623
nosce_4242_1:NCER_101226	K15633
nosce_4242_1:NCER_101118	K00033
nosce_4242_1:NCER_100030	K01803

### 01200	Carbon metabolism
nosce_4242_1:NCER_101901	K01057
nosce_4242_1:NCER_100052	K00036
nosce_4242_1:NCER_101037	K01895
nosce_4242_1:NCER_101275	K01895
nosce_4242_1:NCER_102078	K01807
nosce_4242_1:NCER_100383	K00873
nosce_4242_1:NCER_100905	K00615
nosce_4242_1:NCER_101750	K01689
nosce_4242_1:NCER_100821	K00161
nosce_4242_1:NCER_100333	K01783
nosce_4242_1:NCER_101501	K00134
nosce_4242_1:NCER_101826	K00927
nosce_4242_1:NCER_101108	K00844
nosce_4242_1:NCER_101862	K00162
nosce_4242_1:NCER_100030	K01803
nosce_4242_1:NCER_101118	K00033
nosce_4242_1:NCER_100242	K01623
nosce_4242_1:NCER_101226	K15633
nosce_4242_1:NCER_102427	K00850
nosce_4242_1:NCER_100921	K01810

### 01210	2-Oxocarboxylic acid metabolism

### 01212	Fatty acid metabolism
nosce_4242_1:NCER_101355	K07513
nosce_4242_1:NCER_101810	K10251
nosce_4242_1:NCER_101315	K01897
nosce_4242_1:NCER_101417	K10703

### 01230	Biosynthesis of amino acids
nosce_4242_1:NCER_100030	K01803
nosce_4242_1:NCER_101226	K15633
nosce_4242_1:NCER_100242	K01623
nosce_4242_1:NCER_102427	K00850
nosce_4242_1:NCER_101826	K00927
nosce_4242_1:NCER_101501	K00134
nosce_4242_1:NCER_100321	K00789
nosce_4242_1:NCER_101750	K01689
nosce_4242_1:NCER_100333	K01783
nosce_4242_1:NCER_102078	K01807
nosce_4242_1:NCER_100905	K00615
nosce_4242_1:NCER_100383	K00873

### 01220	Degradation of aromatic compounds

### 00010	Glycolysis / Gluconeogenesis
nosce_4242_1:NCER_101750	K01689
nosce_4242_1:NCER_100821	K00161
nosce_4242_1:NCER_101037	K01895
nosce_4242_1:NCER_101275	K01895
nosce_4242_1:NCER_100383	K00873
nosce_4242_1:NCER_100030	K01803
nosce_4242_1:NCER_101226	K15633
nosce_4242_1:NCER_100242	K01623
nosce_4242_1:NCER_102427	K00850
nosce_4242_1:NCER_100921	K01810
nosce_4242_1:NCER_101108	K00844
nosce_4242_1:NCER_101826	K00927
nosce_4242_1:NCER_101501	K00134
nosce_4242_1:NCER_101862	K00162

### 00020	Citrate cycle (TCA cycle)
nosce_4242_1:NCER_100821	K00161
nosce_4242_1:NCER_101862	K00162

### 00030	Pentose phosphate pathway
nosce_4242_1:NCER_100242	K01623
nosce_4242_1:NCER_101118	K00033
nosce_4242_1:NCER_102427	K00850
nosce_4242_1:NCER_100921	K01810
nosce_4242_1:NCER_100052	K00036
nosce_4242_1:NCER_101901	K01057
nosce_4242_1:NCER_102078	K01807
nosce_4242_1:NCER_100905	K00615
nosce_4242_1:NCER_100333	K01783

### 00040	Pentose and glucuronate interconversions
nosce_4242_1:NCER_101151	K00011
nosce_4242_1:NCER_101329	K00011
nosce_4242_1:NCER_100333	K01783
nosce_4242_1:NCER_100663	K00963

### 00051	Fructose and mannose metabolism
nosce_4242_1:NCER_101329	K00011
nosce_4242_1:NCER_100660	K00966
nosce_4242_1:NCER_101151	K00011
nosce_4242_1:NCER_102330	K17497
nosce_4242_1:NCER_101108	K00844
nosce_4242_1:NCER_102427	K00850
nosce_4242_1:NCER_100242	K01623
nosce_4242_1:NCER_100030	K01803

### 00052	Galactose metabolism
nosce_4242_1:NCER_102427	K00850
nosce_4242_1:NCER_101151	K00011
nosce_4242_1:NCER_101108	K00844
nosce_4242_1:NCER_100663	K00963
nosce_4242_1:NCER_101329	K00011

### 00053	Ascorbate and aldarate metabolism

### 00500	Starch and sucrose metabolism
nosce_4242_1:NCER_102597	K01194
nosce_4242_1:NCER_100663	K00963
nosce_4242_1:NCER_100278	K00697
nosce_4242_1:NCER_100921	K01810
nosce_4242_1:NCER_102169	K01194
nosce_4242_1:NCER_102598	K01194
nosce_4242_1:NCER_101108	K00844

### 00520	Amino sugar and nucleotide sugar metabolism
nosce_4242_1:NCER_101009	K00621
nosce_4242_1:NCER_100735	K00820
nosce_4242_1:NCER_100663	K00963
nosce_4242_1:NCER_100660	K00966
nosce_4242_1:NCER_100175	K00698
nosce_4242_1:NCER_100176	K00326
nosce_4242_1:NCER_101108	K00844
nosce_4242_1:NCER_100272	K01836
nosce_4242_1:NCER_102330	K17497
nosce_4242_1:NCER_100921	K01810

### 00620	Pyruvate metabolism
nosce_4242_1:NCER_100821	K00161
nosce_4242_1:NCER_101037	K01895
nosce_4242_1:NCER_101275	K01895
nosce_4242_1:NCER_100383	K00873
nosce_4242_1:NCER_101920	K01069
nosce_4242_1:NCER_101862	K00162

### 00630	Glyoxylate and dicarboxylate metabolism

### 00640	Propanoate metabolism
nosce_4242_1:NCER_101037	K01895
nosce_4242_1:NCER_101275	K01895

### 00650	Butanoate metabolism
nosce_4242_1:NCER_100354	K01641

### 00660	C5-Branched dibasic acid metabolism

### 00562	Inositol phosphate metabolism
nosce_4242_1:NCER_100850	K00889
nosce_4242_1:NCER_100030	K01803
nosce_4242_1:NCER_101400	K00999

### 00190	Oxidative phosphorylation
nosce_4242_1:NCER_101379	K02150
nosce_4242_1:NCER_100067	K02149
nosce_4242_1:NCER_102207	K02144
nosce_4242_1:NCER_101200	K02155
nosce_4242_1:NCER_101035	K02154
nosce_4242_1:NCER_102049	K02147
nosce_4242_1:NCER_101494	K02151
nosce_4242_1:NCER_101472	K02146
nosce_4242_1:NCER_101294	K02145
nosce_4242_1:NCER_102135	K02155

### 00195	Photosynthesis

### 00196	Photosynthesis - antenna proteins

### 00710	Carbon fixation in photosynthetic organisms
nosce_4242_1:NCER_100242	K01623
nosce_4242_1:NCER_100030	K01803
nosce_4242_1:NCER_101501	K00134
nosce_4242_1:NCER_101826	K00927
nosce_4242_1:NCER_100333	K01783
nosce_4242_1:NCER_100905	K00615
nosce_4242_1:NCER_102078	K01807

### 00720	Carbon fixation pathways in prokaryotes
nosce_4242_1:NCER_101275	K01895
nosce_4242_1:NCER_101037	K01895

### 00680	Methane metabolism
nosce_4242_1:NCER_101750	K01689
nosce_4242_1:NCER_101037	K01895
nosce_4242_1:NCER_101275	K01895
nosce_4242_1:NCER_100242	K01623
nosce_4242_1:NCER_101226	K15633
nosce_4242_1:NCER_102427	K00850

### 00910	Nitrogen metabolism

### 00920	Sulfur metabolism

### 00061	Fatty acid biosynthesis
nosce_4242_1:NCER_101315	K01897

### 00062	Fatty acid elongation
nosce_4242_1:NCER_101810	K10251
nosce_4242_1:NCER_101417	K10703

### 00071	Fatty acid degradation
nosce_4242_1:NCER_101315	K01897
nosce_4242_1:NCER_101355	K07513

### 00072	Synthesis and degradation of ketone bodies
nosce_4242_1:NCER_100354	K01641

### 00073	Cutin, suberine and wax biosynthesis

### 00100	Steroid biosynthesis

### 00120	Primary bile acid biosynthesis

### 00121	Secondary bile acid biosynthesis

### 00140	Steroid hormone biosynthesis
nosce_4242_1:NCER_101810	K10251

### 00561	Glycerolipid metabolism
nosce_4242_1:NCER_102131	K13513
nosce_4242_1:NCER_101329	K00011
nosce_4242_1:NCER_101923	K17900
nosce_4242_1:NCER_101930	K15728
nosce_4242_1:NCER_100062	K13506
nosce_4242_1:NCER_101151	K00011
nosce_4242_1:NCER_100059	K11155
nosce_4242_1:NCER_100786	K13519

### 00564	Glycerophospholipid metabolism
nosce_4242_1:NCER_102351	K00006
nosce_4242_1:NCER_101291	K00993
nosce_4242_1:NCER_100628	K14676
nosce_4242_1:NCER_102025	K00995
nosce_4242_1:NCER_101898	K00967
nosce_4242_1:NCER_100786	K13519
nosce_4242_1:NCER_100642	K00111
nosce_4242_1:NCER_100062	K13506
nosce_4242_1:NCER_102057	K00968
nosce_4242_1:NCER_101930	K15728
nosce_4242_1:NCER_101400	K00999
nosce_4242_1:NCER_102645	K00006
nosce_4242_1:NCER_101278	K00006
nosce_4242_1:NCER_100462	K00981
nosce_4242_1:NCER_102276	K14156
nosce_4242_1:NCER_102131	K13513

### 00565	Ether lipid metabolism
nosce_4242_1:NCER_101291	K00993
nosce_4242_1:NCER_100786	K13519

### 00600	Sphingolipid metabolism
nosce_4242_1:NCER_100379	K00654
nosce_4242_1:NCER_100800	K00654
nosce_4242_1:NCER_100987	K04708

### 00590	Arachidonic acid metabolism
nosce_4242_1:NCER_101140	K00432
nosce_4242_1:NCER_101139	K00432
nosce_4242_1:NCER_100224	K18592

### 00591	Linoleic acid metabolism

### 00592	alpha-Linolenic acid metabolism
nosce_4242_1:NCER_101355	K07513

### 01040	Biosynthesis of unsaturated fatty acids
nosce_4242_1:NCER_101417	K10703
nosce_4242_1:NCER_101355	K07513
nosce_4242_1:NCER_101810	K10251

### 00230	Purine metabolism
nosce_4242_1:NCER_101277	K03008
nosce_4242_1:NCER_100631	K03002
nosce_4242_1:NCER_102193	K02328
nosce_4242_1:NCER_100160	K03000
nosce_4242_1:NCER_100217	K02999
nosce_4242_1:NCER_101719	K03006
nosce_4242_1:NCER_101343	K10807
nosce_4242_1:NCER_100370	K03019
nosce_4242_1:NCER_101107	K03018
nosce_4242_1:NCER_100268	K03027
nosce_4242_1:NCER_101827	K01514
nosce_4242_1:NCER_101069	K02327
nosce_4242_1:NCER_101366	K02685
nosce_4242_1:NCER_100041	K03021
nosce_4242_1:NCER_101623	K03015
nosce_4242_1:NCER_101022	K03022
nosce_4242_1:NCER_100401	K03012
nosce_4242_1:NCER_101104	K00942
nosce_4242_1:NCER_101243	K03011
nosce_4242_1:NCER_100585	K03025
nosce_4242_1:NCER_102312	K03007
nosce_4242_1:NCER_100351	K01522
nosce_4242_1:NCER_100184	K02324
nosce_4242_1:NCER_102232	K03013
nosce_4242_1:NCER_101672	K10808
nosce_4242_1:NCER_100383	K00873
nosce_4242_1:NCER_100120	K02320
nosce_4242_1:NCER_100983	K03010
nosce_4242_1:NCER_101309	K00940
nosce_4242_1:NCER_100976	K10807
nosce_4242_1:NCER_101019	K02684

### 00240	Pyrimidine metabolism
nosce_4242_1:NCER_100976	K10807
nosce_4242_1:NCER_101019	K02684
nosce_4242_1:NCER_101234	K01489
nosce_4242_1:NCER_102294	K00943
nosce_4242_1:NCER_101309	K00940
nosce_4242_1:NCER_100120	K02320
nosce_4242_1:NCER_100983	K03010
nosce_4242_1:NCER_101672	K10808
nosce_4242_1:NCER_102312	K03007
nosce_4242_1:NCER_102232	K03013
nosce_4242_1:NCER_100184	K02324
nosce_4242_1:NCER_101243	K03011
nosce_4242_1:NCER_100585	K03025
nosce_4242_1:NCER_100401	K03012
nosce_4242_1:NCER_101022	K03022
nosce_4242_1:NCER_100041	K03021
nosce_4242_1:NCER_101623	K03015
nosce_4242_1:NCER_101366	K02685
nosce_4242_1:NCER_101069	K02327
nosce_4242_1:NCER_101107	K03018
nosce_4242_1:NCER_100370	K03019
nosce_4242_1:NCER_100268	K03027
nosce_4242_1:NCER_101719	K03006
nosce_4242_1:NCER_101343	K10807
nosce_4242_1:NCER_100878	K01520
nosce_4242_1:NCER_101209	K00945
nosce_4242_1:NCER_102193	K02328
nosce_4242_1:NCER_100160	K03000
nosce_4242_1:NCER_100217	K02999
nosce_4242_1:NCER_101402	K01937
nosce_4242_1:NCER_101513	K00384
nosce_4242_1:NCER_101277	K03008
nosce_4242_1:NCER_100631	K03002

### 00250	Alanine, aspartate and glutamate metabolism
nosce_4242_1:NCER_100735	K00820

### 00260	Glycine, serine and threonine metabolism
nosce_4242_1:NCER_101226	K15633

### 00270	Cysteine and methionine metabolism
nosce_4242_1:NCER_100321	K00789

### 00280	Valine, leucine and isoleucine degradation
nosce_4242_1:NCER_101355	K07513
nosce_4242_1:NCER_100354	K01641

### 00290	Valine, leucine and isoleucine biosynthesis

### 00300	Lysine biosynthesis

### 00310	Lysine degradation

### 00330	Arginine and proline metabolism

### 00340	Histidine metabolism

### 00350	Tyrosine metabolism

### 00360	Phenylalanine metabolism

### 00380	Tryptophan metabolism

### 00400	Phenylalanine, tyrosine and tryptophan biosynthesis

### 00410	beta-Alanine metabolism

### 00430	Taurine and hypotaurine metabolism
nosce_4242_1:NCER_100224	K18592

### 00440	Phosphonate and phosphinate metabolism
nosce_4242_1:NCER_101898	K00967
nosce_4242_1:NCER_101291	K00993
nosce_4242_1:NCER_102057	K00968

### 00450	Selenocompound metabolism
nosce_4242_1:NCER_101513	K00384
nosce_4242_1:NCER_101052	K01874

### 00460	Cyanoamino acid metabolism
nosce_4242_1:NCER_100224	K18592

### 00471	D-Glutamine and D-glutamate metabolism

### 00472	D-Arginine and D-ornithine metabolism

### 00473	D-Alanine metabolism

### 00480	Glutathione metabolism
nosce_4242_1:NCER_100224	K18592
nosce_4242_1:NCER_101118	K00033
nosce_4242_1:NCER_101912	K11204
nosce_4242_1:NCER_101343	K10807
nosce_4242_1:NCER_100373	K01920
nosce_4242_1:NCER_101672	K10808
nosce_4242_1:NCER_101139	K00432
nosce_4242_1:NCER_100976	K10807
nosce_4242_1:NCER_101140	K00432
nosce_4242_1:NCER_100052	K00036

### 00510	N-Glycan biosynthesis
nosce_4242_1:NCER_102274	K00721

### 00513	Various types of N-glycan biosynthesis

### 00512	Mucin type O-Glycan biosynthesis

### 00514	Other types of O-glycan biosynthesis
nosce_4242_1:NCER_101962	K10967
nosce_4242_1:NCER_100505	K00728

### 00532	Glycosaminoglycan biosynthesis - chondroitin sulfate / dermatan sulfate

### 00534	Glycosaminoglycan biosynthesis - heparan sulfate / heparin

### 00533	Glycosaminoglycan biosynthesis - keratan sulfate

### 00531	Glycosaminoglycan degradation

### 00563	Glycosylphosphatidylinositol(GPI)-anchor biosynthesis
nosce_4242_1:NCER_101387	K07542
nosce_4242_1:NCER_102083	K05290
nosce_4242_1:NCER_100856	K03434
nosce_4242_1:NCER_100915	K05283
nosce_4242_1:NCER_101404	K03857
nosce_4242_1:NCER_101185	K05288

### 00601	Glycosphingolipid biosynthesis - lacto and neolacto series

### 00603	Glycosphingolipid biosynthesis - globo series

### 00604	Glycosphingolipid biosynthesis - ganglio series

### 00540	Lipopolysaccharide biosynthesis

### 00550	Peptidoglycan biosynthesis

### 00511	Other glycan degradation

### 00730	Thiamine metabolism
nosce_4242_1:NCER_100398	K04487

### 00740	Riboflavin metabolism

### 00750	Vitamin B6 metabolism

### 00760	Nicotinate and nicotinamide metabolism
nosce_4242_1:NCER_101498	K11121
nosce_4242_1:NCER_100535	K00858
nosce_4242_1:NCER_102029	K18551
nosce_4242_1:NCER_102310	K18551
nosce_4242_1:NCER_102142	K18551
nosce_4242_1:NCER_101613	K18551
nosce_4242_1:NCER_102028	K18551
nosce_4242_1:NCER_102020	K18551

### 00770	Pantothenate and CoA biosynthesis

### 00780	Biotin metabolism

### 00785	Lipoic acid metabolism

### 00790	Folate biosynthesis

### 00670	One carbon pool by folate

### 00830	Retinol metabolism
nosce_4242_1:NCER_100059	K11155
nosce_4242_1:NCER_100361	K15734

### 00860	Porphyrin and chlorophyll metabolism
nosce_4242_1:NCER_102160	K01885

### 00130	Ubiquinone and other terpenoid-quinone biosynthesis

### 00900	Terpenoid backbone biosynthesis
nosce_4242_1:NCER_101910	K00787
nosce_4242_1:NCER_101036	K00869
nosce_4242_1:NCER_100738	K00021
nosce_4242_1:NCER_100483	K11778
nosce_4242_1:NCER_100781	K06013
nosce_4242_1:NCER_100832	K00787
nosce_4242_1:NCER_100354	K01641
nosce_4242_1:NCER_100744	K06013
nosce_4242_1:NCER_101544	K01823

### 00902	Monoterpenoid biosynthesis

### 00909	Sesquiterpenoid and triterpenoid biosynthesis

### 00904	Diterpenoid biosynthesis

### 00906	Carotenoid biosynthesis

### 00905	Brassinosteroid biosynthesis

### 00981	Insect hormone biosynthesis

### 00908	Zeatin biosynthesis

### 00903	Limonene and pinene degradation

### 00281	Geraniol degradation

### 01052	Type I polyketide structures

### 00522	Biosynthesis of 12-, 14- and 16-membered macrolides

### 01051	Biosynthesis of ansamycins
nosce_4242_1:NCER_100905	K00615

### 01056	Biosynthesis of type II polyketide backbone

### 01057	Biosynthesis of type II polyketide products

### 00253	Tetracycline biosynthesis

### 00523	Polyketide sugar unit biosynthesis

### 01054	Nonribosomal peptide structures

### 01053	Biosynthesis of siderophore group nonribosomal peptides

### 01055	Biosynthesis of vancomycin group antibiotics

### 00940	Phenylpropanoid biosynthesis

### 00945	Stilbenoid, diarylheptanoid and gingerol biosynthesis

### 00941	Flavonoid biosynthesis

### 00944	Flavone and flavonol biosynthesis

### 00942	Anthocyanin biosynthesis

### 00943	Isoflavonoid biosynthesis

### 00901	Indole alkaloid biosynthesis

### 00950	Isoquinoline alkaloid biosynthesis

### 00960	Tropane, piperidine and pyridine alkaloid biosynthesis

### 01058	Acridone alkaloid biosynthesis

### 00232	Caffeine metabolism

### 00965	Betalain biosynthesis

### 00966	Glucosinolate biosynthesis

### 00402	Benzoxazinoid biosynthesis

### 00311	Penicillin and cephalosporin biosynthesis

### 00521	Streptomycin biosynthesis
nosce_4242_1:NCER_101108	K00844

### 00524	Butirosin and neomycin biosynthesis
nosce_4242_1:NCER_101108	K00844

### 00331	Clavulanic acid biosynthesis

### 00231	Puromycin biosynthesis

### 00401	Novobiocin biosynthesis

### 00254	Aflatoxin biosynthesis

### 00362	Benzoate degradation
nosce_4242_1:NCER_101355	K07513

### 00627	Aminobenzoate degradation

### 00364	Fluorobenzoate degradation

### 00625	Chloroalkane and chloroalkene degradation

### 00361	Chlorocyclohexane and chlorobenzene degradation

### 00623	Toluene degradation

### 00622	Xylene degradation

### 00633	Nitrotoluene degradation

### 00642	Ethylbenzene degradation

### 00643	Styrene degradation

### 00791	Atrazine degradation

### 00930	Caprolactam degradation

### 00351	DDT degradation

### 00363	Bisphenol degradation

### 00621	Dioxin degradation

### 00626	Naphthalene degradation

### 00624	Polycyclic aromatic hydrocarbon degradation

### 00365	Furfural degradation

### 00984	Steroid degradation

### 00980	Metabolism of xenobiotics by cytochrome P450

### 00982	Drug metabolism - cytochrome P450

### 00983	Drug metabolism - other enzymes
nosce_4242_1:NCER_101234	K01489

### 01010	Overview of biosynthetic pathways

### 01060	Biosynthesis of plant secondary metabolites

### 01061	Biosynthesis of phenylpropanoids

### 01062	Biosynthesis of terpenoids and steroids

### 01063	Biosynthesis of alkaloids derived from shikimate pathway

### 01064	Biosynthesis of alkaloids derived from ornithine, lysine and nicotinic acid

### 01065	Biosynthesis of alkaloids derived from histidine and purine

### 01066	Biosynthesis of alkaloids derived from terpenoid and polyketide

### 01070	Biosynthesis of plant hormones

### 03020	RNA polymerase
nosce_4242_1:NCER_100983	K03010
nosce_4242_1:NCER_102312	K03007
nosce_4242_1:NCER_102232	K03013
nosce_4242_1:NCER_101243	K03011
nosce_4242_1:NCER_100585	K03025
nosce_4242_1:NCER_100401	K03012
nosce_4242_1:NCER_101022	K03022
nosce_4242_1:NCER_101623	K03015
nosce_4242_1:NCER_100041	K03021
nosce_4242_1:NCER_100268	K03027
nosce_4242_1:NCER_100370	K03019
nosce_4242_1:NCER_101107	K03018
nosce_4242_1:NCER_101719	K03006
nosce_4242_1:NCER_100217	K02999
nosce_4242_1:NCER_100160	K03000
nosce_4242_1:NCER_100631	K03002
nosce_4242_1:NCER_101277	K03008

### 03022	Basal transcription factors
nosce_4242_1:NCER_100934	K03144
nosce_4242_1:NCER_100026	K10842
nosce_4242_1:NCER_100651	K03125
nosce_4242_1:NCER_100338	K03124
nosce_4242_1:NCER_102024	K03134
nosce_4242_1:NCER_100681	K03136
nosce_4242_1:NCER_100001	K03142
nosce_4242_1:NCER_102196	K03131
nosce_4242_1:NCER_101303	K10844
nosce_4242_1:NCER_101199	K03122
nosce_4242_1:NCER_101030	K10843
nosce_4242_1:NCER_100012	K03139
nosce_4242_1:NCER_102344	K03120
nosce_4242_1:NCER_101372	K03123
nosce_4242_1:NCER_101163	K03128
nosce_4242_1:NCER_101204	K02202
nosce_4242_1:NCER_100965	K03137
nosce_4242_1:NCER_101622	K03130
nosce_4242_1:NCER_100666	K03132
nosce_4242_1:NCER_101878	K03135

### 03040	Spliceosome
nosce_4242_1:NCER_101089	K12883
nosce_4242_1:NCER_100087	K12829
nosce_4242_1:NCER_100971	K12815
nosce_4242_1:NCER_101364	K12873
nosce_4242_1:NCER_100895	K12823
nosce_4242_1:NCER_102023	K03283
nosce_4242_1:NCER_101149	K12854
nosce_4242_1:NCER_101246	K11098
nosce_4242_1:NCER_101510	K12856
nosce_4242_1:NCER_100537	K12818
nosce_4242_1:NCER_100776	K12812
nosce_4242_1:NCER_101542	K12845
nosce_4242_1:NCER_100425	K12818
nosce_4242_1:NCER_101041	K12860
nosce_4242_1:NCER_102263	K12859

### 03010	Ribosome
nosce_4242_1:NCER_100591	K02973
nosce_4242_1:NCER_100530	K02921
nosce_4242_1:NCER_102525	K02866
nosce_4242_1:NCER_102069	K02880
nosce_4242_1:NCER_102181	K02974
nosce_4242_1:NCER_101815	K02910
nosce_4242_1:NCER_100223	K02912
nosce_4242_1:NCER_101110	K02997
nosce_4242_1:NCER_100957	K02918
nosce_4242_1:NCER_100136	K02883
nosce_4242_1:NCER_101552	K02951
nosce_4242_1:NCER_102385	K02975
nosce_4242_1:NCER_102637	K02891
nosce_4242_1:NCER_100406	K02989
nosce_4242_1:NCER_101759	K02872
nosce_4242_1:NCER_101186	K02977
nosce_4242_1:NCER_100337	K02964
nosce_4242_1:NCER_101484	K02957
nosce_4242_1:NCER_101352	K02932
nosce_4242_1:NCER_101493	K02960
nosce_4242_1:NCER_101320	K02877
nosce_4242_1:NCER_101808	K02868
nosce_4242_1:NCER_100046	K02934
nosce_4242_1:NCER_102161	K02984
nosce_4242_1:NCER_101051	K02915
nosce_4242_1:NCER_100300	K02865
nosce_4242_1:NCER_100419	K02993
nosce_4242_1:NCER_100331	K02885
nosce_4242_1:NCER_100891	K02953
nosce_4242_1:NCER_100772	K02995
nosce_4242_1:NCER_100520	K02940
nosce_4242_1:NCER_100207	K02925
nosce_4242_1:NCER_101112	K02889
nosce_4242_1:NCER_100431	K02901
nosce_4242_1:NCER_101339	K02900
nosce_4242_1:NCER_101441	K02981
nosce_4242_1:NCER_101255	K02987
nosce_4242_1:NCER_100101	K02966
nosce_4242_1:NCER_102067	K02927
nosce_4242_1:NCER_101630	K02941
nosce_4242_1:NCER_100917	K02991
nosce_4242_1:NCER_100519	K02896
nosce_4242_1:NCER_100695	K02958
nosce_4242_1:NCER_102114	K02955
nosce_4242_1:NCER_102205	K02936
nosce_4242_1:NCER_101017	K02882
nosce_4242_1:NCER_100555	K02985
nosce_4242_1:NCER_102204	K02962
nosce_4242_1:NCER_100021	K02870
nosce_4242_1:NCER_101515	K02937
nosce_4242_1:NCER_100725	K02930
nosce_4242_1:NCER_100898	K02894
nosce_4242_1:NCER_100543	K02998
nosce_4242_1:NCER_101492	K02873
nosce_4242_1:NCER_100443	K02949
nosce_4242_1:NCER_100743	K02908
nosce_4242_1:NCER_101897	K02969
nosce_4242_1:NCER_101080	K02976

### 00970	Aminoacyl-tRNA biosynthesis
nosce_4242_1:NCER_101183	K01867
nosce_4242_1:NCER_102160	K01885
nosce_4242_1:NCER_100909	K04567
nosce_4242_1:NCER_101261	K01880
nosce_4242_1:NCER_100619	K01886
nosce_4242_1:NCER_100753	K01881
nosce_4242_1:NCER_101490	K01890
nosce_4242_1:NCER_101032	K01873
nosce_4242_1:NCER_100158	K01866
nosce_4242_1:NCER_101716	K01887
nosce_4242_1:NCER_100038	K01889
nosce_4242_1:NCER_100652	K01893
nosce_4242_1:NCER_100366	K01883
nosce_4242_1:NCER_101052	K01874
nosce_4242_1:NCER_100508	K01875
nosce_4242_1:NCER_100885	K01870
nosce_4242_1:NCER_101964	K01872
nosce_4242_1:NCER_100842	K01869
nosce_4242_1:NCER_101238	K01892

### 03013	RNA transport
nosce_4242_1:NCER_100311	K03240
nosce_4242_1:NCER_100925	K14319
nosce_4242_1:NCER_100128	K00784
nosce_4242_1:NCER_101302	K03238
nosce_4242_1:NCER_101237	K14298
nosce_4242_1:NCER_101089	K12883
nosce_4242_1:NCER_100487	K14326
nosce_4242_1:NCER_100453	K00974
nosce_4242_1:NCER_101231	K13126
nosce_4242_1:NCER_101816	K03231
nosce_4242_1:NCER_100099	K03113
nosce_4242_1:NCER_100836	K03260
nosce_4242_1:NCER_101782	K03237
nosce_4242_1:NCER_101641	K07562
nosce_4242_1:NCER_100991	K03259
nosce_4242_1:NCER_100881	K14312
nosce_4242_1:NCER_101258	K03259
nosce_4242_1:NCER_100029	K14290
nosce_4242_1:NCER_100936	K03242
nosce_4242_1:NCER_100858	K12160
nosce_4242_1:NCER_101711	K07936
nosce_4242_1:NCER_100739	K03262
nosce_4242_1:NCER_101603	K10577
nosce_4242_1:NCER_100584	K03246
nosce_4242_1:NCER_100776	K12812
nosce_4242_1:NCER_100194	K14293
nosce_4242_1:NCER_100997	K03257
nosce_4242_1:NCER_100390	K03243
nosce_4242_1:NCER_101268	K03539

### 03015	mRNA surveillance pathway
nosce_4242_1:NCER_100437	K04382
nosce_4242_1:NCER_101081	K03267
nosce_4242_1:NCER_100748	K15542
nosce_4242_1:NCER_100929	K14402
nosce_4242_1:NCER_101290	K14401
nosce_4242_1:NCER_100602	K03265
nosce_4242_1:NCER_100550	K03456
nosce_4242_1:NCER_101067	K15541
nosce_4242_1:NCER_100118	K14399
nosce_4242_1:NCER_100776	K12812
nosce_4242_1:NCER_101099	K14408
nosce_4242_1:NCER_100374	K15544
nosce_4242_1:NCER_100590	K00565
nosce_4242_1:NCER_100487	K14326
nosce_4242_1:NCER_101231	K13126
nosce_4242_1:NCER_100657	K06269
nosce_4242_1:NCER_101089	K12883
nosce_4242_1:NCER_101119	K04354
nosce_4242_1:NCER_100689	K14407
nosce_4242_1:NCER_101581	K14403
nosce_4242_1:NCER_101464	K14404
nosce_4242_1:NCER_100450	K06965
nosce_4242_1:NCER_100430	K11584

### 03008	Ribosome biogenesis in eukaryotes
nosce_4242_1:NCER_101421	K06943
nosce_4242_1:NCER_100185	K03115
nosce_4242_1:NCER_101641	K07562
nosce_4242_1:NCER_101177	K11128
nosce_4242_1:NCER_101508	K14561
nosce_4242_1:NCER_100334	K11108
nosce_4242_1:NCER_100115	K14569
nosce_4242_1:NCER_100459	K14560
nosce_4242_1:NCER_101899	K03264
nosce_4242_1:NCER_100234	K14559
nosce_4242_1:NCER_101287	K14567
nosce_4242_1:NCER_101065	K11883
nosce_4242_1:NCER_100643	K14563
nosce_4242_1:NCER_101268	K03539
nosce_4242_1:NCER_100967	K14554
nosce_4242_1:NCER_100065	K14521
nosce_4242_1:NCER_100209	K14558
nosce_4242_1:NCER_101678	K14561
nosce_4242_1:NCER_100199	K14758
nosce_4242_1:NCER_100558	K07179
nosce_4242_1:NCER_100129	K07178
nosce_4242_1:NCER_101542	K12845
nosce_4242_1:NCER_100126	K11131
nosce_4242_1:NCER_101666	K14568
nosce_4242_1:NCER_101711	K07936
nosce_4242_1:NCER_101538	K14564
nosce_4242_1:NCER_102238	K14574
nosce_4242_1:NCER_100904	K14565
nosce_4242_1:NCER_100887	K14536
nosce_4242_1:NCER_100699	K14539
nosce_4242_1:NCER_100750	K03097
nosce_4242_1:NCER_101011	K14549
nosce_4242_1:NCER_102246	K14537
nosce_4242_1:NCER_100757	K14570
nosce_4242_1:NCER_101106	K14557
nosce_4242_1:NCER_100057	K14572
nosce_4242_1:NCER_100029	K14290

### 03060	Protein export
nosce_4242_1:NCER_101628	K03106
nosce_4242_1:NCER_100389	K12948
nosce_4242_1:NCER_100586	K13431
nosce_4242_1:NCER_100394	K13280
nosce_4242_1:NCER_101840	K12947
nosce_4242_1:NCER_101991	K09540
nosce_4242_1:NCER_100726	K03105
nosce_4242_1:NCER_100634	K12946
nosce_4242_1:NCER_100953	K12275

### 04141	Protein processing in endoplasmic reticulum
nosce_4242_1:NCER_100442	K10575
nosce_4242_1:NCER_102023	K03283
nosce_4242_1:NCER_101048	K13525
nosce_4242_1:NCER_101991	K09540
nosce_4242_1:NCER_100186	K14016
nosce_4242_1:NCER_100557	K08852
nosce_4242_1:NCER_102212	K10601
nosce_4242_1:NCER_100697	K14005
nosce_4242_1:NCER_100953	K12275
nosce_4242_1:NCER_101367	K09523
nosce_4242_1:NCER_101168	K03868
nosce_4242_1:NCER_101866	K04523
nosce_4242_1:NCER_101194	K04079
nosce_4242_1:NCER_100375	K10661
nosce_4242_1:NCER_101452	K09580
nosce_4242_1:NCER_100860	K09503
nosce_4242_1:NCER_100867	K14018
nosce_4242_1:NCER_102035	K09485
nosce_4242_1:NCER_100859	K14015
nosce_4242_1:NCER_100492	K04555
nosce_4242_1:NCER_101491	K03094
nosce_4242_1:NCER_101326	K13989
nosce_4242_1:NCER_100418	K14006
nosce_4242_1:NCER_101782	K03237
nosce_4242_1:NCER_100684	K04523
nosce_4242_1:NCER_101947	K10597
nosce_4242_1:NCER_100510	K14007
nosce_4242_1:NCER_101480	K07953
nosce_4242_1:NCER_100221	K16194

### 04130	SNARE interactions in vesicular transport
nosce_4242_1:NCER_101822	K08516
nosce_4242_1:NCER_100091	K08486
nosce_4242_1:NCER_100237	K08504

### 04120	Ubiquitin mediated proteolysis
nosce_4242_1:NCER_100611	K10573
nosce_4242_1:NCER_101603	K10577
nosce_4242_1:NCER_101420	K03357
nosce_4242_1:NCER_101446	K10260
nosce_4242_1:NCER_100503	K10685
nosce_4242_1:NCER_100442	K10575
nosce_4242_1:NCER_101929	K03363
nosce_4242_1:NCER_102212	K10601
nosce_4242_1:NCER_101168	K03868
nosce_4242_1:NCER_101010	K03350
nosce_4242_1:NCER_101083	K03355
nosce_4242_1:NCER_101103	K10591
nosce_4242_1:NCER_100153	K03364
nosce_4242_1:NCER_101257	K10576
nosce_4242_1:NCER_101517	K03178
nosce_4242_1:NCER_100313	K10579
nosce_4242_1:NCER_101491	K03094
nosce_4242_1:NCER_100492	K04555
nosce_4242_1:NCER_101947	K10597
nosce_4242_1:NCER_101944	K10587

### 04122	Sulfur relay system
nosce_4242_1:NCER_100398	K04487
nosce_4242_1:NCER_101207	K11996
nosce_4242_1:NCER_101213	K14168

### 03050	Proteasome
nosce_4242_1:NCER_100072	K03037
nosce_4242_1:NCER_100618	K02738
nosce_4242_1:NCER_100782	K02729
nosce_4242_1:NCER_101324	K03039
nosce_4242_1:NCER_101516	K03035
nosce_4242_1:NCER_100592	K03029
nosce_4242_1:NCER_100068	K03063
nosce_4242_1:NCER_102096	K03062
nosce_4242_1:NCER_101331	K02734
nosce_4242_1:NCER_101573	K02739
nosce_4242_1:NCER_100180	K03065
nosce_4242_1:NCER_100546	K03038
nosce_4242_1:NCER_100534	K02731
nosce_4242_1:NCER_100476	K03066
nosce_4242_1:NCER_100711	K03064
nosce_4242_1:NCER_100421	K03030
nosce_4242_1:NCER_100054	K02737
nosce_4242_1:NCER_102070	K02732
nosce_4242_1:NCER_100429	K03028
nosce_4242_1:NCER_100015	K03061
nosce_4242_1:NCER_100461	K02728
nosce_4242_1:NCER_101068	K02727
nosce_4242_1:NCER_102237	K02726
nosce_4242_1:NCER_100950	K03033
nosce_4242_1:NCER_101004	K02735
nosce_4242_1:NCER_101150	K03036
nosce_4242_1:NCER_101957	K03032

### 03018	RNA degradation
nosce_4242_1:NCER_100656	K12597
nosce_4242_1:NCER_101360	K12599
nosce_4242_1:NCER_100420	K12603
nosce_4242_1:NCER_101680	K04043
nosce_4242_1:NCER_101256	K12581
nosce_4242_1:NCER_100548	K03681
nosce_4242_1:NCER_102427	K00850
nosce_4242_1:NCER_100104	K10643
nosce_4242_1:NCER_101250	K12598
nosce_4242_1:NCER_101054	K12585
nosce_4242_1:NCER_101358	K03679
nosce_4242_1:NCER_102034	K11600
nosce_4242_1:NCER_100883	K12604
nosce_4242_1:NCER_101753	K12584
nosce_4242_1:NCER_101750	K01689
nosce_4242_1:NCER_101467	K12606
nosce_4242_1:NCER_101656	K12613
nosce_4242_1:NCER_102209	K12580
nosce_4242_1:NCER_101231	K13126

### 03030	DNA replication
nosce_4242_1:NCER_101269	K02541
nosce_4242_1:NCER_100184	K02324
nosce_4242_1:NCER_100964	K02209
nosce_4242_1:NCER_101227	K10756
nosce_4242_1:NCER_100901	K02540
nosce_4242_1:NCER_101019	K02684
nosce_4242_1:NCER_100120	K02320
nosce_4242_1:NCER_100307	K07466
nosce_4242_1:NCER_100257	K10755
nosce_4242_1:NCER_101643	K10754
nosce_4242_1:NCER_102193	K02328
nosce_4242_1:NCER_101198	K04799
nosce_4242_1:NCER_102091	K10743
nosce_4242_1:NCER_100948	K10755
nosce_4242_1:NCER_101839	K02212
nosce_4242_1:NCER_100127	K04802
nosce_4242_1:NCER_101366	K02685
nosce_4242_1:NCER_101069	K02327
nosce_4242_1:NCER_101422	K02542
nosce_4242_1:NCER_100511	K10747
nosce_4242_1:NCER_101043	K10756
nosce_4242_1:NCER_100966	K10739

### 03410	Base excision repair
nosce_4242_1:NCER_100720	K03660
nosce_4242_1:NCER_100511	K10747
nosce_4242_1:NCER_100092	K01151
nosce_4242_1:NCER_100127	K04802
nosce_4242_1:NCER_101069	K02327
nosce_4242_1:NCER_102193	K02328
nosce_4242_1:NCER_101198	K04799
nosce_4242_1:NCER_101695	K10773
nosce_4242_1:NCER_100801	K01142
nosce_4242_1:NCER_100356	K03648
nosce_4242_1:NCER_100184	K02324

### 03420	Nucleotide excision repair
nosce_4242_1:NCER_101643	K10754
nosce_4242_1:NCER_102193	K02328
nosce_4242_1:NCER_101536	K10846
nosce_4242_1:NCER_100127	K04802
nosce_4242_1:NCER_101069	K02327
nosce_4242_1:NCER_100948	K10755
nosce_4242_1:NCER_100511	K10747
nosce_4242_1:NCER_101043	K10756
nosce_4242_1:NCER_100966	K10739
nosce_4242_1:NCER_101204	K02202
nosce_4242_1:NCER_101168	K03868
nosce_4242_1:NCER_101303	K10844
nosce_4242_1:NCER_100184	K02324
nosce_4242_1:NCER_101030	K10843
nosce_4242_1:NCER_101359	K10849
nosce_4242_1:NCER_101227	K10756
nosce_4242_1:NCER_100934	K03144
nosce_4242_1:NCER_100026	K10842
nosce_4242_1:NCER_100721	K10848
nosce_4242_1:NCER_100307	K07466
nosce_4242_1:NCER_100001	K03142
nosce_4242_1:NCER_100257	K10755

### 03430	Mismatch repair
nosce_4242_1:NCER_100672	K10858
nosce_4242_1:NCER_102193	K02328
nosce_4242_1:NCER_101643	K10754
nosce_4242_1:NCER_100511	K10747
nosce_4242_1:NCER_100966	K10739
nosce_4242_1:NCER_101043	K10756
nosce_4242_1:NCER_100082	K08734
nosce_4242_1:NCER_100948	K10755
nosce_4242_1:NCER_101069	K02327
nosce_4242_1:NCER_100127	K04802
nosce_4242_1:NCER_101227	K10756
nosce_4242_1:NCER_101770	K08737
nosce_4242_1:NCER_100600	K08735
nosce_4242_1:NCER_100257	K10755
nosce_4242_1:NCER_100307	K07466

### 03440	Homologous recombination
nosce_4242_1:NCER_100319	K10901
nosce_4242_1:NCER_100752	K08991
nosce_4242_1:NCER_101713	K03165
nosce_4242_1:NCER_101919	K10865
nosce_4242_1:NCER_100307	K07466
nosce_4242_1:NCER_100386	K10873
nosce_4242_1:NCER_100357	K10866
nosce_4242_1:NCER_102193	K02328
nosce_4242_1:NCER_100414	K04482
nosce_4242_1:NCER_101069	K02327
nosce_4242_1:NCER_100966	K10739

### 03450	Non-homologous end-joining
nosce_4242_1:NCER_100357	K10866
nosce_4242_1:NCER_101919	K10865
nosce_4242_1:NCER_101198	K04799

### 03460	Fanconi anemia pathway
nosce_4242_1:NCER_100752	K08991
nosce_4242_1:NCER_101332	K06640
nosce_4242_1:NCER_100319	K10901
nosce_4242_1:NCER_101359	K10849
nosce_4242_1:NCER_101713	K03165
nosce_4242_1:NCER_100721	K10848
nosce_4242_1:NCER_100307	K07466
nosce_4242_1:NCER_100414	K04482
nosce_4242_1:NCER_101983	K03511
nosce_4242_1:NCER_100672	K10858
nosce_4242_1:NCER_100082	K08734
nosce_4242_1:NCER_100966	K10739

### 02010	ABC transporters
nosce_4242_1:NCER_100674	K05662

### 02060	Phosphotransferase system (PTS)

### 03070	Bacterial secretion system
nosce_4242_1:NCER_101628	K03106

### 02020	Two-component system
nosce_4242_1:NCER_101594	K15859

### 04014	Ras signaling pathway
nosce_4242_1:NCER_100397	K02183
nosce_4242_1:NCER_100588	K04513
nosce_4242_1:NCER_100724	K07889
nosce_4242_1:NCER_100146	K04393

### 04015	Rap1 signaling pathway
nosce_4242_1:NCER_100588	K04513
nosce_4242_1:NCER_101664	K05692
nosce_4242_1:NCER_100397	K02183
nosce_4242_1:NCER_100146	K04393

### 04010	MAPK signaling pathway
nosce_4242_1:NCER_100146	K04393
nosce_4242_1:NCER_102023	K03283

### 04013	MAPK signaling pathway - fly

### 04011	MAPK signaling pathway - yeast
nosce_4242_1:NCER_100588	K04513
nosce_4242_1:NCER_101028	K11215
nosce_4242_1:NCER_100146	K04393

### 04012	ErbB signaling pathway
nosce_4242_1:NCER_100734	K03083

### 04310	Wnt signaling pathway
nosce_4242_1:NCER_100588	K04513
nosce_4242_1:NCER_100750	K03097
nosce_4242_1:NCER_101168	K03868
nosce_4242_1:NCER_101642	K04499
nosce_4242_1:NCER_100734	K03083
nosce_4242_1:NCER_101491	K03094
nosce_4242_1:NCER_100185	K03115

### 04330	Notch signaling pathway
nosce_4242_1:NCER_100451	K06067
nosce_4242_1:NCER_100616	K06062

### 04340	Hedgehog signaling pathway
nosce_4242_1:NCER_100734	K03083

### 04350	TGF-beta signaling pathway
nosce_4242_1:NCER_101491	K03094
nosce_4242_1:NCER_100437	K04382
nosce_4242_1:NCER_100588	K04513
nosce_4242_1:NCER_100550	K03456
nosce_4242_1:NCER_101168	K03868

### 04390	Hippo signaling pathway
nosce_4242_1:NCER_101664	K05692
nosce_4242_1:NCER_100437	K04382
nosce_4242_1:NCER_100734	K03083
nosce_4242_1:NCER_100550	K03456
nosce_4242_1:NCER_100657	K06269
nosce_4242_1:NCER_101119	K04354
nosce_4242_1:NCER_101348	K16197

### 04391	Hippo signaling pathway - fly
nosce_4242_1:NCER_100437	K04382
nosce_4242_1:NCER_101664	K05692
nosce_4242_1:NCER_100550	K03456
nosce_4242_1:NCER_101119	K04354
nosce_4242_1:NCER_101348	K16197
nosce_4242_1:NCER_100173	K16675

### 04370	VEGF signaling pathway
nosce_4242_1:NCER_100146	K04393

### 04630	Jak-STAT signaling pathway

### 04064	NF-kappa B signaling pathway
nosce_4242_1:NCER_100185	K03115
nosce_4242_1:NCER_100750	K03097
nosce_4242_1:NCER_101603	K10577

### 04668	TNF signaling pathway
nosce_4242_1:NCER_101752	K17065

### 04066	HIF-1 signaling pathway
nosce_4242_1:NCER_101258	K03259
nosce_4242_1:NCER_100991	K03259
nosce_4242_1:NCER_101750	K01689
nosce_4242_1:NCER_100821	K00161
nosce_4242_1:NCER_101168	K03868
nosce_4242_1:NCER_101108	K00844
nosce_4242_1:NCER_101501	K00134
nosce_4242_1:NCER_101862	K00162
nosce_4242_1:NCER_100917	K02991

### 04068	FoxO signaling pathway
nosce_4242_1:NCER_100641	K04564
nosce_4242_1:NCER_101487	K11838
nosce_4242_1:NCER_100270	K06631

### 04020	Calcium signaling pathway
nosce_4242_1:NCER_100397	K02183

### 04070	Phosphatidylinositol signaling system
nosce_4242_1:NCER_100462	K00981
nosce_4242_1:NCER_101400	K00999
nosce_4242_1:NCER_100397	K02183
nosce_4242_1:NCER_100850	K00889

### 04022	cGMP-PKG signaling pathway
nosce_4242_1:NCER_101503	K18050
nosce_4242_1:NCER_100657	K06269
nosce_4242_1:NCER_100588	K04513
nosce_4242_1:NCER_100397	K02183

### 04151	PI3K-Akt signaling pathway
nosce_4242_1:NCER_100437	K04382
nosce_4242_1:NCER_100917	K02991
nosce_4242_1:NCER_101194	K04079
nosce_4242_1:NCER_100550	K03456
nosce_4242_1:NCER_100734	K03083
nosce_4242_1:NCER_101119	K04354
nosce_4242_1:NCER_100430	K11584
nosce_4242_1:NCER_100991	K03259
nosce_4242_1:NCER_101258	K03259
nosce_4242_1:NCER_101348	K16197

### 04152	AMPK signaling pathway
nosce_4242_1:NCER_100085	K03234
nosce_4242_1:NCER_101119	K04354
nosce_4242_1:NCER_100738	K00021
nosce_4242_1:NCER_100430	K11584
nosce_4242_1:NCER_102427	K00850
nosce_4242_1:NCER_100437	K04382
nosce_4242_1:NCER_100550	K03456

### 04150	mTOR signaling pathway
nosce_4242_1:NCER_101258	K03259
nosce_4242_1:NCER_100991	K03259
nosce_4242_1:NCER_100917	K02991

### 04075	Plant hormone signal transduction

### 04080	Neuroactive ligand-receptor interaction

### 04060	Cytokine-cytokine receptor interaction

### 04512	ECM-receptor interaction

### 04514	Cell adhesion molecules (CAMs)

### 04144	Endocytosis
nosce_4242_1:NCER_100146	K04393
nosce_4242_1:NCER_100588	K04513
nosce_4242_1:NCER_102023	K03283
nosce_4242_1:NCER_100850	K00889
nosce_4242_1:NCER_100439	K07904
nosce_4242_1:NCER_100724	K07889
nosce_4242_1:NCER_102433	K12196
nosce_4242_1:NCER_101103	K10591
nosce_4242_1:NCER_101485	K12493

### 04145	Phagosome
nosce_4242_1:NCER_102135	K02155
nosce_4242_1:NCER_100310	K10413
nosce_4242_1:NCER_101294	K02145
nosce_4242_1:NCER_101472	K02146
nosce_4242_1:NCER_102049	K02147
nosce_4242_1:NCER_101200	K02155
nosce_4242_1:NCER_101035	K02154
nosce_4242_1:NCER_101494	K02151
nosce_4242_1:NCER_100724	K07889
nosce_4242_1:NCER_101746	K07374
nosce_4242_1:NCER_101664	K05692
nosce_4242_1:NCER_102207	K02144
nosce_4242_1:NCER_100067	K02149
nosce_4242_1:NCER_101379	K02150
nosce_4242_1:NCER_101053	K07375

### 04142	Lysosome
nosce_4242_1:NCER_102207	K02144
nosce_4242_1:NCER_101200	K02155
nosce_4242_1:NCER_101035	K02154
nosce_4242_1:NCER_101472	K02146
nosce_4242_1:NCER_102135	K02155

### 04146	Peroxisome
nosce_4242_1:NCER_101315	K01897
nosce_4242_1:NCER_101355	K07513
nosce_4242_1:NCER_101036	K00869
nosce_4242_1:NCER_100641	K04564

### 04140	Regulation of autophagy

### 02030	Bacterial chemotaxis

### 02040	Flagellar assembly

### 04810	Regulation of actin cytoskeleton
nosce_4242_1:NCER_100589	K05765
nosce_4242_1:NCER_101867	K05767
nosce_4242_1:NCER_101664	K05692
nosce_4242_1:NCER_100588	K04513
nosce_4242_1:NCER_100850	K00889
nosce_4242_1:NCER_100146	K04393
nosce_4242_1:NCER_100141	K12757
nosce_4242_1:NCER_100657	K06269

### 04110	Cell cycle
nosce_4242_1:NCER_101178	K06669
nosce_4242_1:NCER_100964	K02209
nosce_4242_1:NCER_100153	K03364
nosce_4242_1:NCER_101269	K02541
nosce_4242_1:NCER_101491	K03094
nosce_4242_1:NCER_101332	K06640
nosce_4242_1:NCER_100587	K02087
nosce_4242_1:NCER_101348	K16197
nosce_4242_1:NCER_100901	K02540
nosce_4242_1:NCER_102027	K08866
nosce_4242_1:NCER_100069	K02214
nosce_4242_1:NCER_100500	K06620
nosce_4242_1:NCER_100715	K02180
nosce_4242_1:NCER_101336	K02216
nosce_4242_1:NCER_101420	K03357
nosce_4242_1:NCER_100270	K06631
nosce_4242_1:NCER_101204	K02202
nosce_4242_1:NCER_101168	K03868
nosce_4242_1:NCER_101010	K03350
nosce_4242_1:NCER_101083	K03355
nosce_4242_1:NCER_101422	K02542
nosce_4242_1:NCER_100734	K03083
nosce_4242_1:NCER_100451	K06067
nosce_4242_1:NCER_101929	K03363
nosce_4242_1:NCER_101839	K02212
nosce_4242_1:NCER_100127	K04802

### 04111	Cell cycle - yeast
nosce_4242_1:NCER_100506	K06676
nosce_4242_1:NCER_100830	K06674
nosce_4242_1:NCER_101839	K02212
nosce_4242_1:NCER_101559	K06675
nosce_4242_1:NCER_101929	K03363
nosce_4242_1:NCER_101422	K02542
nosce_4242_1:NCER_101083	K03355
nosce_4242_1:NCER_101010	K03350
nosce_4242_1:NCER_101168	K03868
nosce_4242_1:NCER_100550	K03456
nosce_4242_1:NCER_101420	K03357
nosce_4242_1:NCER_101336	K02216
nosce_4242_1:NCER_100715	K02180
nosce_4242_1:NCER_100437	K04382
nosce_4242_1:NCER_100069	K02214
nosce_4242_1:NCER_101879	K06677
nosce_4242_1:NCER_100901	K02540
nosce_4242_1:NCER_102027	K08866
nosce_4242_1:NCER_100458	K02555
nosce_4242_1:NCER_100702	K02220
nosce_4242_1:NCER_101491	K03094
nosce_4242_1:NCER_101269	K02541
nosce_4242_1:NCER_101119	K04354
nosce_4242_1:NCER_100153	K03364
nosce_4242_1:NCER_101178	K06669
nosce_4242_1:NCER_100964	K02209

### 04112	Cell cycle - Caulobacter

### 04113	Meiosis - yeast
nosce_4242_1:NCER_100491	K10872
nosce_4242_1:NCER_101839	K02212
nosce_4242_1:NCER_101929	K03363
nosce_4242_1:NCER_101083	K03355
nosce_4242_1:NCER_101422	K02542
nosce_4242_1:NCER_101010	K03350
nosce_4242_1:NCER_100550	K03456
nosce_4242_1:NCER_101420	K03357
nosce_4242_1:NCER_101336	K02216
nosce_4242_1:NCER_100437	K04382
nosce_4242_1:NCER_100069	K02214
nosce_4242_1:NCER_100430	K11584
nosce_4242_1:NCER_100901	K02540
nosce_4242_1:NCER_101961	K10878
nosce_4242_1:NCER_100657	K06269
nosce_4242_1:NCER_101269	K02541
nosce_4242_1:NCER_100964	K02209
nosce_4242_1:NCER_101178	K06669

### 04114	Oocyte meiosis
nosce_4242_1:NCER_100550	K03456
nosce_4242_1:NCER_101168	K03868
nosce_4242_1:NCER_101010	K03350
nosce_4242_1:NCER_101083	K03355
nosce_4242_1:NCER_100397	K02183
nosce_4242_1:NCER_101929	K03363
nosce_4242_1:NCER_100437	K04382
nosce_4242_1:NCER_101420	K03357
nosce_4242_1:NCER_100270	K06631
nosce_4242_1:NCER_101348	K16197
nosce_4242_1:NCER_100587	K02087
nosce_4242_1:NCER_100430	K11584
nosce_4242_1:NCER_101178	K06669
nosce_4242_1:NCER_101491	K03094
nosce_4242_1:NCER_100657	K06269

### 04210	Apoptosis
nosce_4242_1:NCER_101220	K04739

### 04115	p53 signaling pathway
nosce_4242_1:NCER_101336	K02216
nosce_4242_1:NCER_101672	K10808
nosce_4242_1:NCER_100587	K02087
nosce_4242_1:NCER_101332	K06640

### 04510	Focal adhesion
nosce_4242_1:NCER_100146	K04393
nosce_4242_1:NCER_100657	K06269
nosce_4242_1:NCER_100141	K12757
nosce_4242_1:NCER_100734	K03083
nosce_4242_1:NCER_101664	K05692
nosce_4242_1:NCER_100588	K04513

### 04520	Adherens junction
nosce_4242_1:NCER_100185	K03115
nosce_4242_1:NCER_100146	K04393
nosce_4242_1:NCER_100750	K03097
nosce_4242_1:NCER_100588	K04513
nosce_4242_1:NCER_101664	K05692

### 04530	Tight junction
nosce_4242_1:NCER_100550	K03456
nosce_4242_1:NCER_100437	K04382
nosce_4242_1:NCER_100750	K03097
nosce_4242_1:NCER_100588	K04513
nosce_4242_1:NCER_101664	K05692
nosce_4242_1:NCER_100185	K03115
nosce_4242_1:NCER_100146	K04393
nosce_4242_1:NCER_101653	K10352
nosce_4242_1:NCER_100141	K12757
nosce_4242_1:NCER_101503	K18050
nosce_4242_1:NCER_101119	K04354

### 04540	Gap junction
nosce_4242_1:NCER_100587	K02087
nosce_4242_1:NCER_101746	K07374
nosce_4242_1:NCER_101053	K07375

### 04640	Hematopoietic cell lineage

### 04610	Complement and coagulation cascades

### 04611	Platelet activation
nosce_4242_1:NCER_100657	K06269
nosce_4242_1:NCER_100141	K12757
nosce_4242_1:NCER_101664	K05692
nosce_4242_1:NCER_100588	K04513

### 04620	Toll-like receptor signaling pathway

### 04621	NOD-like receptor signaling pathway
nosce_4242_1:NCER_101194	K04079
nosce_4242_1:NCER_101120	K12795

### 04622	RIG-I-like receptor signaling pathway
nosce_4242_1:NCER_100963	K09578

### 04623	Cytosolic DNA-sensing pathway
nosce_4242_1:NCER_100268	K03027
nosce_4242_1:NCER_100370	K03019
nosce_4242_1:NCER_101107	K03018
nosce_4242_1:NCER_100041	K03021
nosce_4242_1:NCER_101022	K03022
nosce_4242_1:NCER_102312	K03007
nosce_4242_1:NCER_102232	K03013
nosce_4242_1:NCER_100585	K03025

### 04650	Natural killer cell mediated cytotoxicity

### 04612	Antigen processing and presentation
nosce_4242_1:NCER_101194	K04079
nosce_4242_1:NCER_101385	K08066
nosce_4242_1:NCER_102023	K03283

### 04660	T cell receptor signaling pathway
nosce_4242_1:NCER_100588	K04513
nosce_4242_1:NCER_100734	K03083
nosce_4242_1:NCER_100146	K04393

### 04662	B cell receptor signaling pathway
nosce_4242_1:NCER_100734	K03083

### 04664	Fc epsilon RI signaling pathway

### 04666	Fc gamma R-mediated phagocytosis
nosce_4242_1:NCER_100850	K00889
nosce_4242_1:NCER_100589	K05765
nosce_4242_1:NCER_100146	K04393
nosce_4242_1:NCER_101503	K18050

### 04670	Leukocyte transendothelial migration
nosce_4242_1:NCER_100141	K12757
nosce_4242_1:NCER_100146	K04393
nosce_4242_1:NCER_100588	K04513
nosce_4242_1:NCER_101664	K05692

### 04672	Intestinal immune network for IgA production

### 04062	Chemokine signaling pathway
nosce_4242_1:NCER_100146	K04393
nosce_4242_1:NCER_100734	K03083
nosce_4242_1:NCER_100588	K04513

### 04911	Insulin secretion

### 04910	Insulin signaling pathway
nosce_4242_1:NCER_100917	K02991
nosce_4242_1:NCER_101108	K00844
nosce_4242_1:NCER_100397	K02183
nosce_4242_1:NCER_100734	K03083
nosce_4242_1:NCER_100657	K06269
nosce_4242_1:NCER_101220	K04739
nosce_4242_1:NCER_100991	K03259
nosce_4242_1:NCER_101258	K03259

### 04920	Adipocytokine signaling pathway
nosce_4242_1:NCER_101315	K01897

### 03320	PPAR signaling pathway
nosce_4242_1:NCER_101355	K07513
nosce_4242_1:NCER_101315	K01897

### 04912	GnRH signaling pathway
nosce_4242_1:NCER_100397	K02183
nosce_4242_1:NCER_100146	K04393

### 04913	Ovarian steroidogenesis

### 04915	Estrogen signaling pathway
nosce_4242_1:NCER_100397	K02183
nosce_4242_1:NCER_101194	K04079
nosce_4242_1:NCER_102023	K03283

### 04914	Progesterone-mediated oocyte maturation
nosce_4242_1:NCER_101194	K04079
nosce_4242_1:NCER_101010	K03350
nosce_4242_1:NCER_101083	K03355
nosce_4242_1:NCER_101420	K03357
nosce_4242_1:NCER_100270	K06631
nosce_4242_1:NCER_100587	K02087
nosce_4242_1:NCER_100153	K03364

### 04917	Prolactin signaling pathway
nosce_4242_1:NCER_100734	K03083

### 04921	Oxytocin signaling pathway
nosce_4242_1:NCER_100588	K04513
nosce_4242_1:NCER_101664	K05692
nosce_4242_1:NCER_100397	K02183
nosce_4242_1:NCER_100085	K03234
nosce_4242_1:NCER_100657	K06269

### 04918	Thyroid hormone synthesis
nosce_4242_1:NCER_101139	K00432
nosce_4242_1:NCER_101140	K00432

### 04919	Thyroid hormone signaling pathway
nosce_4242_1:NCER_100451	K06067
nosce_4242_1:NCER_100734	K03083
nosce_4242_1:NCER_101664	K05692
nosce_4242_1:NCER_100020	K11644
nosce_4242_1:NCER_100381	K11404
nosce_4242_1:NCER_100616	K06062

### 04916	Melanogenesis
nosce_4242_1:NCER_100397	K02183
nosce_4242_1:NCER_100734	K03083

### 04614	Renin-angiotensin system

### 04260	Cardiac muscle contraction

### 04261	Adrenergic signaling in cardiomyocytes
nosce_4242_1:NCER_100437	K04382
nosce_4242_1:NCER_100550	K03456
nosce_4242_1:NCER_100397	K02183
nosce_4242_1:NCER_100657	K06269
nosce_4242_1:NCER_101119	K04354
nosce_4242_1:NCER_100430	K11584

### 04270	Vascular smooth muscle contraction
nosce_4242_1:NCER_100588	K04513
nosce_4242_1:NCER_100397	K02183
nosce_4242_1:NCER_100657	K06269
nosce_4242_1:NCER_101503	K18050

### 04970	Salivary secretion
nosce_4242_1:NCER_100397	K02183

### 04971	Gastric acid secretion
nosce_4242_1:NCER_100397	K02183

### 04972	Pancreatic secretion
nosce_4242_1:NCER_100588	K04513
nosce_4242_1:NCER_100439	K07904

### 04976	Bile secretion
nosce_4242_1:NCER_100738	K00021

### 04973	Carbohydrate digestion and absorption
nosce_4242_1:NCER_101108	K00844

### 04974	Protein digestion and absorption

### 04975	Fat digestion and absorption
nosce_4242_1:NCER_100059	K11155

### 04977	Vitamin digestion and absorption

### 04978	Mineral absorption

### 04962	Vasopressin-regulated water reabsorption
nosce_4242_1:NCER_100310	K10413
nosce_4242_1:NCER_100455	K06027
nosce_4242_1:NCER_100439	K07904
nosce_4242_1:NCER_100724	K07889

### 04960	Aldosterone-regulated sodium reabsorption

### 04961	Endocrine and other factor-regulated calcium reabsorption
nosce_4242_1:NCER_100439	K07904

### 04964	Proximal tubule bicarbonate reclamation

### 04966	Collecting duct acid secretion
nosce_4242_1:NCER_101494	K02151
nosce_4242_1:NCER_101200	K02155
nosce_4242_1:NCER_101035	K02154
nosce_4242_1:NCER_102049	K02147
nosce_4242_1:NCER_101294	K02145
nosce_4242_1:NCER_101472	K02146
nosce_4242_1:NCER_102135	K02155
nosce_4242_1:NCER_101379	K02150
nosce_4242_1:NCER_100067	K02149

### 04724	Glutamatergic synapse

### 04727	GABAergic synapse
nosce_4242_1:NCER_100455	K06027

### 04725	Cholinergic synapse

### 04728	Dopaminergic synapse
nosce_4242_1:NCER_100437	K04382
nosce_4242_1:NCER_100397	K02183
nosce_4242_1:NCER_100550	K03456
nosce_4242_1:NCER_100734	K03083
nosce_4242_1:NCER_101119	K04354
nosce_4242_1:NCER_100657	K06269
nosce_4242_1:NCER_100430	K11584

### 04726	Serotonergic synapse

### 04720	Long-term potentiation
nosce_4242_1:NCER_100657	K06269
nosce_4242_1:NCER_100397	K02183

### 04730	Long-term depression
nosce_4242_1:NCER_100550	K03456
nosce_4242_1:NCER_100437	K04382

### 04723	Retrograde endocannabinoid signaling

### 04721	Synaptic vesicle cycle
nosce_4242_1:NCER_101472	K02146
nosce_4242_1:NCER_101294	K02145
nosce_4242_1:NCER_102135	K02155
nosce_4242_1:NCER_101567	K15296
nosce_4242_1:NCER_101494	K02151
nosce_4242_1:NCER_101200	K02155
nosce_4242_1:NCER_101035	K02154
nosce_4242_1:NCER_100455	K06027
nosce_4242_1:NCER_102049	K02147
nosce_4242_1:NCER_100091	K08486
nosce_4242_1:NCER_101379	K02150
nosce_4242_1:NCER_100067	K02149
nosce_4242_1:NCER_102207	K02144

### 04722	Neurotrophin signaling pathway
nosce_4242_1:NCER_100146	K04393
nosce_4242_1:NCER_100588	K04513
nosce_4242_1:NCER_100397	K02183
nosce_4242_1:NCER_100734	K03083

### 04744	Phototransduction
nosce_4242_1:NCER_100397	K02183

### 04745	Phototransduction - fly
nosce_4242_1:NCER_100397	K02183
nosce_4242_1:NCER_101664	K05692

### 04740	Olfactory transduction
nosce_4242_1:NCER_100397	K02183

### 04742	Taste transduction

### 04750	Inflammatory mediator regulation of TRP channels
nosce_4242_1:NCER_100397	K02183
nosce_4242_1:NCER_100657	K06269
nosce_4242_1:NCER_101503	K18050

### 04320	Dorso-ventral axis formation

### 04360	Axon guidance
nosce_4242_1:NCER_100146	K04393
nosce_4242_1:NCER_100589	K05765
nosce_4242_1:NCER_100588	K04513
nosce_4242_1:NCER_100734	K03083

### 04380	Osteoclast differentiation

### 04710	Circadian rhythm
nosce_4242_1:NCER_101491	K03094
nosce_4242_1:NCER_101168	K03868

### 04713	Circadian entrainment
nosce_4242_1:NCER_100397	K02183

### 04711	Circadian rhythm - fly
nosce_4242_1:NCER_100734	K03083

### 04712	Circadian rhythm - plant
nosce_4242_1:NCER_100185	K03115
nosce_4242_1:NCER_100750	K03097

### 04626	Plant-pathogen interaction
nosce_4242_1:NCER_100397	K02183
nosce_4242_1:NCER_101194	K04079
nosce_4242_1:NCER_101120	K12795

### 05200	Pathways in cancer
nosce_4242_1:NCER_100500	K06620
nosce_4242_1:NCER_100146	K04393
nosce_4242_1:NCER_100600	K08735
nosce_4242_1:NCER_101770	K08737
nosce_4242_1:NCER_100082	K08734
nosce_4242_1:NCER_100451	K06067
nosce_4242_1:NCER_100734	K03083
nosce_4242_1:NCER_101168	K03868
nosce_4242_1:NCER_101194	K04079
nosce_4242_1:NCER_100588	K04513
nosce_4242_1:NCER_100414	K04482

### 05202	Transcriptional misregulation in cancer
nosce_4242_1:NCER_100020	K11644
nosce_4242_1:NCER_100451	K06067
nosce_4242_1:NCER_100435	K11253
nosce_4242_1:NCER_100467	K11253
nosce_4242_1:NCER_100895	K12823

### 05206	MicroRNAs in cancer
nosce_4242_1:NCER_100500	K06620
nosce_4242_1:NCER_100220	K11430
nosce_4242_1:NCER_101503	K18050
nosce_4242_1:NCER_101603	K10577
nosce_4242_1:NCER_100588	K04513

### 05205	Proteoglycans in cancer
nosce_4242_1:NCER_100657	K06269
nosce_4242_1:NCER_100895	K12823
nosce_4242_1:NCER_100146	K04393
nosce_4242_1:NCER_100588	K04513
nosce_4242_1:NCER_101664	K05692
nosce_4242_1:NCER_100917	K02991

### 05204	Chemical carcinogenesis

### 05203	Viral carcinogenesis
nosce_4242_1:NCER_100934	K03144
nosce_4242_1:NCER_100811	K11252
nosce_4242_1:NCER_100381	K11404
nosce_4242_1:NCER_101944	K10587
nosce_4242_1:NCER_100383	K00873
nosce_4242_1:NCER_100146	K04393
nosce_4242_1:NCER_100587	K02087
nosce_4242_1:NCER_100616	K06062
nosce_4242_1:NCER_101348	K16197
nosce_4242_1:NCER_100338	K03124
nosce_4242_1:NCER_100681	K03136
nosce_4242_1:NCER_100001	K03142
nosce_4242_1:NCER_102329	K15306
nosce_4242_1:NCER_101199	K03122
nosce_4242_1:NCER_102096	K03062
nosce_4242_1:NCER_101472	K02146
nosce_4242_1:NCER_102344	K03120
nosce_4242_1:NCER_101929	K03363
nosce_4242_1:NCER_100451	K06067
nosce_4242_1:NCER_101372	K03123
nosce_4242_1:NCER_101487	K11838
nosce_4242_1:NCER_100965	K03137
nosce_4242_1:NCER_100588	K04513
nosce_4242_1:NCER_101336	K02216

### 05210	Colorectal cancer
nosce_4242_1:NCER_100588	K04513
nosce_4242_1:NCER_100734	K03083
nosce_4242_1:NCER_100082	K08734
nosce_4242_1:NCER_100600	K08735
nosce_4242_1:NCER_101770	K08737

### 05212	Pancreatic cancer
nosce_4242_1:NCER_100146	K04393
nosce_4242_1:NCER_100500	K06620
nosce_4242_1:NCER_100414	K04482

### 05214	Glioma
nosce_4242_1:NCER_100500	K06620
nosce_4242_1:NCER_100397	K02183

### 05216	Thyroid cancer

### 05221	Acute myeloid leukemia

### 05220	Chronic myeloid leukemia
nosce_4242_1:NCER_100451	K06067
nosce_4242_1:NCER_100500	K06620

### 05217	Basal cell carcinoma
nosce_4242_1:NCER_100734	K03083

### 05218	Melanoma
nosce_4242_1:NCER_100500	K06620

### 05211	Renal cell carcinoma
nosce_4242_1:NCER_101168	K03868
nosce_4242_1:NCER_100146	K04393

### 05219	Bladder cancer
nosce_4242_1:NCER_100500	K06620

### 05215	Prostate cancer
nosce_4242_1:NCER_100500	K06620
nosce_4242_1:NCER_101194	K04079
nosce_4242_1:NCER_100734	K03083

### 05213	Endometrial cancer
nosce_4242_1:NCER_100734	K03083
nosce_4242_1:NCER_100082	K08734

### 05222	Small cell lung cancer
nosce_4242_1:NCER_100500	K06620
nosce_4242_1:NCER_100351	K01522

### 05223	Non-small cell lung cancer
nosce_4242_1:NCER_100500	K06620
nosce_4242_1:NCER_100351	K01522

### 05310	Asthma

### 05322	Systemic lupus erythematosus
nosce_4242_1:NCER_100435	K11253
nosce_4242_1:NCER_100467	K11253
nosce_4242_1:NCER_101574	K11090
nosce_4242_1:NCER_100811	K11252

### 05323	Rheumatoid arthritis
nosce_4242_1:NCER_101379	K02150
nosce_4242_1:NCER_102207	K02144
nosce_4242_1:NCER_100067	K02149
nosce_4242_1:NCER_101494	K02151
nosce_4242_1:NCER_101200	K02155
nosce_4242_1:NCER_101035	K02154
nosce_4242_1:NCER_102049	K02147
nosce_4242_1:NCER_101294	K02145
nosce_4242_1:NCER_101472	K02146
nosce_4242_1:NCER_102135	K02155

### 05320	Autoimmune thyroid disease

### 05321	Inflammatory bowel disease (IBD)

### 05330	Allograft rejection

### 05332	Graft-versus-host disease

### 05340	Primary immunodeficiency
nosce_4242_1:NCER_100356	K03648

### 05010	Alzheimer's disease
nosce_4242_1:NCER_100734	K03083
nosce_4242_1:NCER_100397	K02183
nosce_4242_1:NCER_100557	K08852
nosce_4242_1:NCER_101501	K00134

### 05012	Parkinson's disease
nosce_4242_1:NCER_100442	K10575
nosce_4242_1:NCER_100492	K04555
nosce_4242_1:NCER_101517	K03178

### 05014	Amyotrophic lateral sclerosis (ALS)
nosce_4242_1:NCER_100882	K11518

### 05016	Huntington's disease
nosce_4242_1:NCER_100020	K11644
nosce_4242_1:NCER_101277	K03008
nosce_4242_1:NCER_100451	K06067
nosce_4242_1:NCER_101719	K03006
nosce_4242_1:NCER_101623	K03015
nosce_4242_1:NCER_102344	K03120
nosce_4242_1:NCER_100401	K03012
nosce_4242_1:NCER_102312	K03007
nosce_4242_1:NCER_102232	K03013
nosce_4242_1:NCER_101243	K03011
nosce_4242_1:NCER_100641	K04564
nosce_4242_1:NCER_100983	K03010

### 05020	Prion diseases

### 05030	Cocaine addiction

### 05031	Amphetamine addiction
nosce_4242_1:NCER_100397	K02183
nosce_4242_1:NCER_100657	K06269

### 05032	Morphine addiction

### 05033	Nicotine addiction

### 05034	Alcoholism
nosce_4242_1:NCER_100451	K06067
nosce_4242_1:NCER_100435	K11253
nosce_4242_1:NCER_100397	K02183
nosce_4242_1:NCER_100657	K06269
nosce_4242_1:NCER_100467	K11253
nosce_4242_1:NCER_100811	K11252
nosce_4242_1:NCER_100381	K11404

### 05410	Hypertrophic cardiomyopathy (HCM)
nosce_4242_1:NCER_101664	K05692

### 05412	Arrhythmogenic right ventricular cardiomyopathy (ARVC)
nosce_4242_1:NCER_101664	K05692

### 05414	Dilated cardiomyopathy
nosce_4242_1:NCER_101664	K05692

### 05416	Viral myocarditis
nosce_4242_1:NCER_100836	K03260
nosce_4242_1:NCER_101664	K05692

### 04940	Type I diabetes mellitus

### 04930	Type II diabetes mellitus
nosce_4242_1:NCER_100383	K00873
nosce_4242_1:NCER_101503	K18050
nosce_4242_1:NCER_101108	K00844

### 04932	Non-alcoholic fatty liver disease (NAFLD)
nosce_4242_1:NCER_100734	K03083
nosce_4242_1:NCER_100557	K08852
nosce_4242_1:NCER_100146	K04393
nosce_4242_1:NCER_101782	K03237

### 04950	Maturity onset diabetes of the young

### 05110	Vibrio cholerae infection
nosce_4242_1:NCER_101664	K05692
nosce_4242_1:NCER_102207	K02144
nosce_4242_1:NCER_100067	K02149
nosce_4242_1:NCER_101379	K02150
nosce_4242_1:NCER_101236	K10949
nosce_4242_1:NCER_102135	K02155
nosce_4242_1:NCER_101294	K02145
nosce_4242_1:NCER_101472	K02146
nosce_4242_1:NCER_101494	K02151
nosce_4242_1:NCER_102049	K02147
nosce_4242_1:NCER_101200	K02155
nosce_4242_1:NCER_101035	K02154

### 05111	Vibrio cholerae pathogenic cycle

### 05120	Epithelial cell signaling in Helicobacter pylori infection
nosce_4242_1:NCER_101494	K02151
nosce_4242_1:NCER_100146	K04393
nosce_4242_1:NCER_102049	K02147
nosce_4242_1:NCER_101200	K02155
nosce_4242_1:NCER_101035	K02154
nosce_4242_1:NCER_102135	K02155
nosce_4242_1:NCER_101472	K02146
nosce_4242_1:NCER_101294	K02145
nosce_4242_1:NCER_100067	K02149
nosce_4242_1:NCER_102207	K02144
nosce_4242_1:NCER_101379	K02150

### 05130	Pathogenic Escherichia coli infection
nosce_4242_1:NCER_101090	K11294
nosce_4242_1:NCER_100146	K04393
nosce_4242_1:NCER_101053	K07375
nosce_4242_1:NCER_100588	K04513
nosce_4242_1:NCER_101746	K07374
nosce_4242_1:NCER_101664	K05692

### 05132	Salmonella infection
nosce_4242_1:NCER_100146	K04393
nosce_4242_1:NCER_100310	K10413
nosce_4242_1:NCER_101664	K05692

### 05131	Shigellosis
nosce_4242_1:NCER_101664	K05692
nosce_4242_1:NCER_100146	K04393

### 05133	Pertussis
nosce_4242_1:NCER_100397	K02183
nosce_4242_1:NCER_100588	K04513
nosce_4242_1:NCER_100589	K05765

### 05134	Legionellosis
nosce_4242_1:NCER_100457	K07874
nosce_4242_1:NCER_102023	K03283
nosce_4242_1:NCER_101048	K13525
nosce_4242_1:NCER_101480	K07953
nosce_4242_1:NCER_101816	K03231

### 05150	Staphylococcus aureus infection

### 05152	Tuberculosis
nosce_4242_1:NCER_101200	K02155
nosce_4242_1:NCER_101035	K02154
nosce_4242_1:NCER_102135	K02155
nosce_4242_1:NCER_101472	K02146
nosce_4242_1:NCER_102207	K02144
nosce_4242_1:NCER_100397	K02183
nosce_4242_1:NCER_101385	K08066
nosce_4242_1:NCER_100724	K07889
nosce_4242_1:NCER_101680	K04043
nosce_4242_1:NCER_100588	K04513

### 05100	Bacterial invasion of epithelial cells
nosce_4242_1:NCER_100588	K04513
nosce_4242_1:NCER_101664	K05692
nosce_4242_1:NCER_100146	K04393

### 05166	HTLV-I infection
nosce_4242_1:NCER_101420	K03357
nosce_4242_1:NCER_100029	K14290
nosce_4242_1:NCER_100665	K08874
nosce_4242_1:NCER_101336	K02216
nosce_4242_1:NCER_102193	K02328
nosce_4242_1:NCER_101711	K07936
nosce_4242_1:NCER_100715	K02180
nosce_4242_1:NCER_100832	K00787
nosce_4242_1:NCER_100127	K04802
nosce_4242_1:NCER_101069	K02327
nosce_4242_1:NCER_100760	K11126
nosce_4242_1:NCER_101929	K03363
nosce_4242_1:NCER_100734	K03083
nosce_4242_1:NCER_101083	K03355
nosce_4242_1:NCER_101010	K03350
nosce_4242_1:NCER_101332	K06640
nosce_4242_1:NCER_102329	K15306
nosce_4242_1:NCER_100184	K02324
nosce_4242_1:NCER_102344	K03120
nosce_4242_1:NCER_100500	K06620
nosce_4242_1:NCER_101910	K00787
nosce_4242_1:NCER_100616	K06062
nosce_4242_1:NCER_100312	K11304

### 05162	Measles
nosce_4242_1:NCER_101782	K03237
nosce_4242_1:NCER_100221	K16194
nosce_4242_1:NCER_100185	K03115
nosce_4242_1:NCER_100939	K14753
nosce_4242_1:NCER_100734	K03083
nosce_4242_1:NCER_100750	K03097
nosce_4242_1:NCER_102023	K03283

### 05164	Influenza A
nosce_4242_1:NCER_101782	K03237
nosce_4242_1:NCER_101910	K00787
nosce_4242_1:NCER_100221	K16194
nosce_4242_1:NCER_101464	K14404
nosce_4242_1:NCER_101237	K14298
nosce_4242_1:NCER_100776	K12812
nosce_4242_1:NCER_100832	K00787
nosce_4242_1:NCER_101367	K09523
nosce_4242_1:NCER_100734	K03083
nosce_4242_1:NCER_102023	K03283
nosce_4242_1:NCER_101664	K05692
nosce_4242_1:NCER_100029	K14290

### 05161	Hepatitis B
nosce_4242_1:NCER_101348	K16197
nosce_4242_1:NCER_100500	K06620
nosce_4242_1:NCER_100127	K04802

### 05160	Hepatitis C
nosce_4242_1:NCER_100437	K04382
nosce_4242_1:NCER_100734	K03083
nosce_4242_1:NCER_100550	K03456
nosce_4242_1:NCER_101119	K04354
nosce_4242_1:NCER_100221	K16194
nosce_4242_1:NCER_101782	K03237

### 05168	Herpes simplex infection
nosce_4242_1:NCER_100587	K02087
nosce_4242_1:NCER_102024	K03134
nosce_4242_1:NCER_100221	K16194
nosce_4242_1:NCER_102196	K03131
nosce_4242_1:NCER_100185	K03115
nosce_4242_1:NCER_101782	K03237
nosce_4242_1:NCER_102344	K03120
nosce_4242_1:NCER_100657	K06269
nosce_4242_1:NCER_101491	K03094
nosce_4242_1:NCER_101719	K03006
nosce_4242_1:NCER_101487	K11838
nosce_4242_1:NCER_100750	K03097
nosce_4242_1:NCER_101622	K03130

### 05169	Epstein-Barr virus infection
nosce_4242_1:NCER_102312	K03007
nosce_4242_1:NCER_100072	K03037
nosce_4242_1:NCER_102232	K03013
nosce_4242_1:NCER_101243	K03011
nosce_4242_1:NCER_101324	K03039
nosce_4242_1:NCER_101516	K03035
nosce_4242_1:NCER_100585	K03025
nosce_4242_1:NCER_100592	K03029
nosce_4242_1:NCER_100068	K03063
nosce_4242_1:NCER_102344	K03120
nosce_4242_1:NCER_102096	K03062
nosce_4242_1:NCER_100401	K03012
nosce_4242_1:NCER_101022	K03022
nosce_4242_1:NCER_100180	K03065
nosce_4242_1:NCER_100546	K03038
nosce_4242_1:NCER_100476	K03066
nosce_4242_1:NCER_100681	K03136
nosce_4242_1:NCER_100221	K16194
nosce_4242_1:NCER_100983	K03010
nosce_4242_1:NCER_100711	K03064
nosce_4242_1:NCER_100185	K03115
nosce_4242_1:NCER_100587	K02087
nosce_4242_1:NCER_100338	K03124
nosce_4242_1:NCER_100421	K03030
nosce_4242_1:NCER_101348	K16197
nosce_4242_1:NCER_100965	K03137
nosce_4242_1:NCER_100750	K03097
nosce_4242_1:NCER_102023	K03283
nosce_4242_1:NCER_100029	K14290
nosce_4242_1:NCER_101487	K11838
nosce_4242_1:NCER_100429	K03028
nosce_4242_1:NCER_101711	K07936
nosce_4242_1:NCER_100015	K03061
nosce_4242_1:NCER_101277	K03008
nosce_4242_1:NCER_100041	K03021
nosce_4242_1:NCER_101623	K03015
nosce_4242_1:NCER_101103	K10591
nosce_4242_1:NCER_100950	K03033
nosce_4242_1:NCER_100370	K03019
nosce_4242_1:NCER_101107	K03018
nosce_4242_1:NCER_101150	K03036
nosce_4242_1:NCER_101957	K03032
nosce_4242_1:NCER_100268	K03027
nosce_4242_1:NCER_100734	K03083
nosce_4242_1:NCER_101719	K03006
nosce_4242_1:NCER_100451	K06067

### 05146	Amoebiasis
nosce_4242_1:NCER_100724	K07889

### 05144	Malaria

### 05145	Toxoplasmosis
nosce_4242_1:NCER_102023	K03283

### 05140	Leishmaniasis

### 05142	Chagas disease (American trypanosomiasis)
nosce_4242_1:NCER_100437	K04382
nosce_4242_1:NCER_100550	K03456
nosce_4242_1:NCER_101119	K04354

### 05143	African trypanosomiasis

### 00312	beta-Lactam resistance

### 07011	Penicillins

### 07012	Cephalosporins - parenteral agents

### 07013	Cephalosporins - oral agents

### 07021	Aminoglycosides

### 07019	Tetracyclines

### 07020	Macrolides and ketolides

### 07014	Quinolones

### 07023	Rifamycins

### 07026	Antifungal agents

### 07044	Antivirals

### 07053	Anti-HIV agents

### 07040	Antineoplastics - alkylating agents

### 07041	Antineoplastics - antimetabolic agents

### 07042	Antineoplastics - agents from natural products

### 07043	Antineoplastics - hormones

### 07045	Antineoplastics - protein kinases inhibitors

### 07032	Hypnotics

### 07030	Anxiolytics

### 07033	Anticonvulsants

### 07015	Local analgesics

### 07039	Opioid analgesics

### 07028	Antipsychotics

### 07029	Phenothiazines

### 07031	Butyrophenones

### 07027	Antidepressants

### 07056	Agents for Alzheimer-type dementia

### 07057	Antiparkinsonian agents

### 07055	Sulfonamide derivatives - overview

### 07016	Sulfonamide derivatives - sulfa drugs

### 07017	Sulfonamide derivatives - diuretics

### 07018	Sulfonamide derivatives - hypoglycemic agents

### 07037	Antiarrhythmic drugs

### 07038	Antiulcer drugs

### 07046	Immunosuppressive agents

### 07047	Osteoporosis drugs

### 07048	Antimigraines

### 07049	Antithrombosis agents

### 07050	Antirheumatics - DMARDs and biological agents

### 07051	Antidiabetics

### 07052	Antidyslipidemic agents

### 07054	Antiglaucoma agents

### 07220	Cholinergic and anticholinergic drugs

### 07215	alpha-Adrenergic receptor agonists/antagonists

### 07214	beta-Adrenergic receptor agonists/antagonists

### 07213	Dopamine receptor agonists/antagonists

### 07212	Histamine H1 receptor antagonists

### 07227	Histamine H2/H3 receptor agonists/antagonists

### 07211	Serotonin receptor agonists/antagonists

### 07228	Eicosanoid receptor agonists/antagonists

### 07224	Opioid receptor agonists/antagonists

### 07229	Angiotensin receptor and endothelin receptor antagonists

### 07225	Glucocorticoid and meneralocorticoid receptor agonists/antagonists

### 07226	Progesterone, androgen and estrogen receptor agonists/antagonists

### 07223	Retinoic acid receptor (RAR) and retinoid X receptor (RXR) agonists/antagonists

### 07222	Peroxisome proliferator-activated receptor (PPAR) agonists

### 07221	Nicotinic cholinergic receptor antagonists

### 07230	GABA-A receptor agonists/antagonists

### 07036	Calcium channel blocking drugs

### 07231	Sodium channel blocking drugs

### 07232	Potassium channel blocking and opening drugs

### 07235	N-Metyl-D-aspartic acid receptor antagonists

### 07233	Ion transporter inhibitors

### 07234	Neurotransmitter transporter inhibitors

### 07216	Catecholamine transferase inhibitors

### 07219	Cyclooxygenase inhibitors

### 07024	HMG-CoA reductase inhibitors

### 07217	Renin-angiotensin system inhibitors

### 07218	HIV protease inhibitors

### 07025	Quinolines

### 07034	Eicosanoids

### 07035	Prostaglandins

### 07110	Benzoic acid family

### 07112	1,2-Diphenyl substitution family

### 07114	Naphthalene family

### 07117	Benzodiazepine family

