### 01100	Metabolic pathways
OG_1151	K00844#0.997#0.119
OG_2644	K00505#0.996#0.546
OG_1688	K03013#0.998#0.000
OG_1684	K01836#0.999#0.000
OG_1600	K00857#0.996#0.078
OG_2283	K00161#1.000#0.000
OG_1863	K03022#0.969#0.000
OG_2025	K10251#1.000#0.528	K16066#0.943#0.905
OG_2640	K01947#0.350#0.772	K03524#0.998#0.228
OG_1079	K01897#1.000#0.000
OG_1651	K00652#0.973#0.691	K00654#0.990#0.000
OG_2494	K01823#1.000#0.000
OG_2188	K07542#0.977#0.000
OG_1216	K00002#0.988#0.451	K00011#1.000#0.000
OG_1963	K11186#0.498#0.446
OG_1821	K15633#1.000#0.000
OG_1675	K00963#0.965#0.000
OG_1174	K01783#0.976#0.092
OG_1861	K00940#1.000#0.000
OG_1200	K00820#1.000#0.052
OG_1900	K02148#0.998#0.000
OG_1762	K00615#0.996#0.000
OG_1241	K00927#0.999#0.000	K01895#0.999#0.000
OG_3760	K01424#0.862#0.000
OG_1267	K01194#0.999#0.000
OG_2660	K11204#0.959#0.022
OG_2286	K01807#1.000#0.000
OG_1282	K01810#1.000#0.033
OG_1655	K00654#1.000#0.000
OG_2349	K18532#1.000#0.000
OG_1991	K04710#0.980#0.004
OG_1595	K00600#1.000#0.000
OG_1467	K19801#0.999#0.000
OG_2077	K01255#0.995#0.581	K11142#0.999#0.000
OG_1492	K02146#0.998#0.000
OG_1761	K03000#1.000#0.000
OG_1311	K00654#1.000#0.000
OG_1281	K14655#0.678#0.525
OG_2208	K03020#1.000#0.000
OG_2806	K03846#0.949#0.848	K05286#0.882#0.585
OG_1560	K03025#1.000#0.000
OG_3870	K00791#0.942#0.203
OG_1366	K02684#0.997#0.000
OG_1387	K13517#0.938#0.635	K13519#0.950#0.199
OG_1349	K18592#0.975#0.000
OG_3741	K03860#0.895#0.549
OG_1219	K00721#1.000#0.000
OG_1136	K10807#1.000#0.042
OG_1461	K00966#1.000#0.000	K00975#0.977#0.859
OG_1550	K02111#0.994#0.931	K02118#1.000#0.189	K02147#1.000#0.000
OG_1369	K02151#1.000#0.000
OG_1971	K02155#1.000#0.000
OG_2410	K00888#0.906#0.000
OG_2719	K00789#0.997#0.000
OG_1968	K00873#0.993#0.000
OG_1442	K00036#1.000#0.000
OG_1356	K02321#1.000#0.000
OG_1168	K00939#0.998#0.134
OG_2490	K01597#0.999#0.000
OG_1778	K02150#0.990#0.000
OG_1177	K02685#0.997#0.078
OG_1319	K03012#1.000#0.000
OG_1196	K02999#0.939#0.048
OG_1694	K15728#1.000#0.000
OG_2449	K01115#0.966#0.068
OG_1588	K03661#1.000#0.007
OG_1160	K00876#0.999#0.082
OG_1017	K03008#1.000#0.052
OG_1248	K02320#1.000#0.000
OG_1944	K03434#0.985#0.000
OG_2176	K00287#0.999#0.000
OG_2524	K00869#0.977#0.000
OG_1239	K02154#1.000#0.000
OG_3286	K03338#0.905#0.809
OG_1512	K00728#0.993#0.000
OG_1263	K13513#0.982#0.593
OG_2002	K03015#1.000#0.000
OG_1724	K01623#0.991#0.000
OG_2428	K00033#0.998#0.000
OG_1917	K11121#0.761#0.051
OG_2860	K15779#0.996#0.000
OG_1994	K05283#0.946#0.766
OG_2918	K03009#0.887#0.211
OG_1264	K02120#0.983#0.475	K02149#1.000#0.017
OG_1667	K13506#0.978#0.157
OG_1613	K00999#1.000#0.000
OG_1668	K00635#0.985#0.719	K11155#0.998#0.000
OG_1949	K00505#1.000#0.000	K00968#0.937#0.004
OG_2383	K14156#0.994#0.000
OG_1865	K00033#1.000#0.000
OG_1642	K00993#0.998#0.000	K13644#0.966#0.451
OG_2225	K00858#1.000#0.000
OG_3848	K01078#0.662#0.396
OG_1543	K01520#1.000#0.000
OG_1792	K00850#0.992#0.000
OG_1679	K05290#0.984#0.000
OG_1701	K03014#1.000#0.000	K03055#0.965#1.000
OG_1039	K02150#0.992#0.064
OG_2350	K00021#0.997#0.000
OG_1286	K01937#0.996#0.000
OG_1880	K03007#1.000#0.000	K03058#0.997#0.919
OG_2361	K01068#1.000#0.824	K11992#0.999#0.791
OG_1052	K10808#1.000#0.024
OG_1961	K02144#0.996#0.000
OG_2247	K00967#1.000#0.000	K14656#0.975#0.707
OG_1898	K00560#1.000#0.000
OG_1038	K03010#1.000#0.000	K03021#1.000#0.009
OG_2423	K17900#0.999#0.000
OG_1650	K02685#0.989#0.023
OG_1656	K01895#0.994#0.003
OG_1364	K00942#1.000#0.000
OG_2012	K03857#1.000#0.000	K16150#0.991#0.912
OG_1277	K01057#0.987#0.075
OG_2833	K01493#0.929#0.228
OG_2236	K03859#0.998#0.000
OG_1433	K17497#1.000#0.000
OG_1010	K01914#0.999#0.533
OG_1943	K01520#1.000#0.001	K03008#1.000#0.000
OG_2832	K01920#0.966#0.117
OG_2054	K03017#1.000#0.000
OG_1859	K02112#0.992#1.000	K02145#1.000#0.000
OG_1213	K03019#1.000#0.029
OG_1351	K00681#0.990#0.475	K00981#0.950#0.000	K18592#0.976#0.000
OG_1836	K01803#1.000#0.000
OG_3281	K00382#0.967#0.543	K04283#0.962#0.463
OG_2078	K01519#1.000#0.000
OG_2288	K01099#0.659#0.702	K01106#0.742#0.852
OG_2272	K00889#1.000#0.000
OG_1165	K03011#1.000#0.026
OG_2711	K00914#0.996#0.005
OG_2013	K02155#1.000#0.000
OG_1345	K02320#1.000#0.000
OG_2277	K02325#0.995#0.000
OG_1995	K00134#1.000#0.000	K10705#0.999#0.408
OG_1491	K03027#1.000#0.000
OG_1385	K01885#1.000#0.000
OG_3282	K01001#0.973#0.000
OG_1912	K00787#1.000#0.072
OG_1474	K00972#1.000#0.711
OG_2073	K02328#1.000#0.000
OG_2084	K00162#0.997#0.000	K00167#1.000#0.676
OG_3284	K01488#0.984#0.823	K01490#0.961#0.077
OG_2387	K00626#0.998#0.391	K00632#0.909#1.000	K07513#0.997#0.000
OG_2226	K05288#0.983#0.380
OG_2032	K03016#1.000#0.000
OG_1041	K03006#0.995#0.000	K03018#0.998#0.018
OG_2000	K01689#1.000#0.000
OG_1379	K04487#1.000#0.000	K11717#0.977#0.643	K18933#0.998#1.000
OG_2402	K00995#1.000#0.000	K00998#0.969#1.000
OG_2303	K00859#1.000#0.000
OG_3291	K01613#0.968#0.316
OG_1663	K00981#0.993#0.000
OG_2345	K01641#1.000#0.000
OG_1513	K01885#0.970#0.909	K01886#1.000#0.000
OG_1996	K00927#0.997#0.000	K02325#0.993#0.000
OG_1831	K00945#1.000#0.000	K13799#0.465#0.351
OG_2097	K03002#0.999#0.000
OG_1678	K04708#0.979#0.000
OG_1523	K00943#1.000#0.000
OG_1155	K02327#1.000#0.000
OG_1266	K00697#1.000#0.051
OG_1931	K02324#0.989#0.000

### 01110	Biosynthesis of secondary metabolites
OG_2402	K00998#0.969#1.000
OG_2000	K01689#1.000#0.000
OG_1379	K18933#0.998#1.000
OG_3284	K01490#0.961#0.077
OG_2387	K00626#0.998#0.391	K00632#0.909#1.000	K07513#0.997#0.000
OG_2084	K00162#0.997#0.000	K00167#1.000#0.676
OG_1996	K00927#0.997#0.000
OG_1831	K13799#0.465#0.351
OG_1663	K00981#0.993#0.000
OG_3291	K01613#0.968#0.316
OG_2345	K01641#1.000#0.000
OG_1513	K01885#0.970#0.909
OG_1836	K01803#1.000#0.000
OG_3281	K00382#0.967#0.543
OG_1351	K00981#0.950#0.000
OG_1385	K01885#1.000#0.000
OG_1912	K00787#1.000#0.072
OG_1995	K00134#1.000#0.000	K10705#0.999#0.408
OG_1656	K01895#0.994#0.003
OG_2247	K14656#0.975#0.707
OG_1010	K01914#0.999#0.533
OG_1277	K01057#0.987#0.075
OG_1433	K00006#0.982#0.005	K17497#1.000#0.000
OG_1832	K00806#0.980#0.568	K11778#1.000#0.000	K12503#0.953#0.644
OG_1949	K00505#1.000#0.000
OG_1865	K00033#1.000#0.000
OG_2860	K15779#0.996#0.000
OG_1667	K13506#0.978#0.157
OG_2350	K00021#0.997#0.000
OG_2361	K01068#1.000#0.824
OG_1642	K00993#0.998#0.000	K13644#0.966#0.451
OG_1792	K00850#0.992#0.000
OG_2524	K00869#0.977#0.000
OG_2668	K10203#0.988#0.700	K10245#0.958#0.532	K10246#0.960#0.507	K10248#0.994#0.773	K10249#0.987#0.541
OG_2086	K00111#0.998#0.000
OG_1017	K00006#0.996#0.052
OG_1263	K13513#0.982#0.593
OG_1724	K01623#0.991#0.000
OG_2428	K00033#0.998#0.000
OG_1442	K00036#1.000#0.000
OG_1968	K00873#0.993#0.000
OG_2719	K00789#0.997#0.000
OG_1168	K00939#0.998#0.134
OG_1461	K00966#1.000#0.000	K00975#0.977#0.859
OG_2449	K01115#0.966#0.068
OG_1694	K15728#1.000#0.000
OG_2490	K01597#0.999#0.000
OG_1282	K01810#1.000#0.033
OG_2286	K01807#1.000#0.000
OG_1174	K01783#0.976#0.092
OG_1861	K00940#1.000#0.000
OG_1762	K00615#0.996#0.000
OG_1241	K00927#0.999#0.000	K01895#0.999#0.000
OG_3760	K01424#0.862#0.000
OG_3870	K00791#0.942#0.203
OG_1941	K10703#0.999#0.000
OG_1387	K13517#0.938#0.635	K13519#0.950#0.199
OG_1595	K00600#1.000#0.000
OG_2349	K18532#1.000#0.000
OG_2644	K00505#0.996#0.546
OG_1151	K00844#0.997#0.119
OG_1121	K18693#0.972#0.108
OG_2494	K01823#1.000#0.000
OG_1821	K15633#1.000#0.000
OG_1216	K00002#0.988#0.451
OG_2025	K10251#1.000#0.528
OG_2283	K00161#1.000#0.000

### 01120	Microbial metabolism in diverse environments
OG_2860	K15779#0.996#0.000
OG_1865	K00033#1.000#0.000
OG_1792	K00850#0.992#0.000
OG_1656	K01895#0.994#0.003
OG_1277	K01057#0.987#0.075
OG_1836	K01803#1.000#0.000
OG_3281	K00382#0.967#0.543
OG_1995	K00134#1.000#0.000
OG_1385	K01885#1.000#0.000
OG_2084	K00162#0.997#0.000
OG_2387	K00626#0.998#0.391	K00632#0.909#1.000
OG_2000	K01689#1.000#0.000
OG_1513	K01885#0.970#0.909
OG_1996	K00927#0.997#0.000
OG_1151	K00844#0.997#0.119
OG_2641	K02613#0.655#0.993
OG_2283	K00161#1.000#0.000
OG_1216	K00002#0.988#0.451
OG_1821	K15633#1.000#0.000
OG_1762	K00615#0.996#0.000
OG_1241	K00927#0.999#0.000	K01895#0.999#0.000
OG_1174	K01783#0.976#0.092
OG_2286	K01807#1.000#0.000
OG_1282	K01810#1.000#0.033
OG_1595	K00600#1.000#0.000
OG_1968	K00873#0.993#0.000
OG_1442	K00036#1.000#0.000
OG_3286	K03338#0.905#0.809
OG_1724	K01623#0.991#0.000
OG_2428	K00033#0.998#0.000

### 01200	Carbon metabolism
OG_1442	K00036#1.000#0.000
OG_1968	K00873#0.993#0.000
OG_2428	K00033#0.998#0.000
OG_1724	K01623#0.991#0.000
OG_2283	K00161#1.000#0.000
OG_1821	K15633#1.000#0.000
OG_1151	K00844#0.997#0.119
OG_1595	K00600#1.000#0.000
OG_1241	K00927#0.999#0.000	K01895#0.999#0.000
OG_1762	K00615#0.996#0.000
OG_1174	K01783#0.976#0.092
OG_1282	K01810#1.000#0.033
OG_2286	K01807#1.000#0.000
OG_1995	K00134#1.000#0.000
OG_3281	K00382#0.967#0.543
OG_1836	K01803#1.000#0.000
OG_1996	K00927#0.997#0.000
OG_2387	K00626#0.998#0.391
OG_2084	K00162#0.997#0.000
OG_2000	K01689#1.000#0.000
OG_1792	K00850#0.992#0.000
OG_1865	K00033#1.000#0.000
OG_1277	K01057#0.987#0.075
OG_1656	K01895#0.994#0.003

### 01210	2-Oxocarboxylic acid metabolism

### 01212	Fatty acid metabolism
OG_2387	K00626#0.998#0.391	K00632#0.909#1.000	K07513#0.997#0.000
OG_1079	K01897#1.000#0.000
OG_2025	K10251#1.000#0.528
OG_1941	K10703#0.999#0.000
OG_2668	K10203#0.988#0.700	K10245#0.958#0.532	K10246#0.960#0.507

### 01230	Biosynthesis of amino acids
OG_2000	K01689#1.000#0.000
OG_1996	K00927#0.997#0.000
OG_1836	K01803#1.000#0.000
OG_1995	K00134#1.000#0.000
OG_1010	K01914#0.999#0.533
OG_1792	K00850#0.992#0.000
OG_1724	K01623#0.991#0.000
OG_2719	K00789#0.997#0.000
OG_1968	K00873#0.993#0.000
OG_1174	K01783#0.976#0.092
OG_1241	K00927#0.999#0.000
OG_1762	K00615#0.996#0.000
OG_2286	K01807#1.000#0.000
OG_1595	K00600#1.000#0.000
OG_1821	K15633#1.000#0.000

### 01220	Degradation of aromatic compounds
OG_1216	K00002#0.988#0.451

### 00010	Glycolysis / Gluconeogenesis
OG_3281	K00382#0.967#0.543
OG_1836	K01803#1.000#0.000
OG_1995	K00134#1.000#0.000	K10705#0.999#0.408
OG_2000	K01689#1.000#0.000
OG_2084	K00162#0.997#0.000
OG_1996	K00927#0.997#0.000
OG_2860	K15779#0.996#0.000
OG_1792	K00850#0.992#0.000
OG_1656	K01895#0.994#0.003
OG_1968	K00873#0.993#0.000
OG_1724	K01623#0.991#0.000
OG_1151	K00844#0.997#0.119
OG_1216	K00002#0.988#0.451
OG_1821	K15633#1.000#0.000
OG_2283	K00161#1.000#0.000
OG_1282	K01810#1.000#0.033
OG_1241	K00927#0.999#0.000	K01895#0.999#0.000

### 00020	Citrate cycle (TCA cycle)
OG_2084	K00162#0.997#0.000
OG_3281	K00382#0.967#0.543
OG_2283	K00161#1.000#0.000

### 00030	Pentose phosphate pathway
OG_2860	K15779#0.996#0.000
OG_1865	K00033#1.000#0.000
OG_1792	K00850#0.992#0.000
OG_1277	K01057#0.987#0.075
OG_1442	K00036#1.000#0.000
OG_1724	K01623#0.991#0.000
OG_2428	K00033#0.998#0.000
OG_1174	K01783#0.976#0.092
OG_1762	K00615#0.996#0.000
OG_1282	K01810#1.000#0.033
OG_2286	K01807#1.000#0.000

### 00040	Pentose and glucuronate interconversions
OG_1174	K01783#0.976#0.092
OG_1675	K00963#0.965#0.000
OG_1216	K00002#0.988#0.451	K00011#1.000#0.000

### 00051	Fructose and mannose metabolism
OG_1433	K17497#1.000#0.000
OG_1792	K00850#0.992#0.000
OG_1836	K01803#1.000#0.000
OG_1216	K00011#1.000#0.000
OG_1151	K00844#0.997#0.119
OG_1724	K01623#0.991#0.000
OG_1461	K00966#1.000#0.000

### 00052	Galactose metabolism
OG_1792	K00850#0.992#0.000
OG_2860	K15779#0.996#0.000
OG_1675	K00963#0.965#0.000
OG_1216	K00011#1.000#0.000
OG_1151	K00844#0.997#0.119

### 00053	Ascorbate and aldarate metabolism

### 00500	Starch and sucrose metabolism
OG_2860	K15779#0.996#0.000
OG_2012	K16150#0.991#0.912
OG_1266	K00697#1.000#0.051
OG_1151	K00844#0.997#0.119
OG_1282	K01810#1.000#0.033
OG_1675	K00963#0.965#0.000
OG_1267	K01194#0.999#0.000
OG_1461	K00975#0.977#0.859

### 00520	Amino sugar and nucleotide sugar metabolism
OG_1433	K17497#1.000#0.000
OG_2860	K15779#0.996#0.000
OG_1084	K00698#0.992#0.019
OG_2072	K00621#0.999#0.000
OG_1474	K00972#1.000#0.711
OG_1282	K01810#1.000#0.033
OG_1675	K00963#0.965#0.000
OG_1200	K00820#1.000#0.052
OG_1684	K01836#0.999#0.000
OG_1151	K00844#0.997#0.119
OG_2641	K00326#0.999#0.000
OG_2380	K00326#1.000#0.000
OG_1461	K00966#1.000#0.000	K00975#0.977#0.859

### 00620	Pyruvate metabolism
OG_2283	K00161#1.000#0.000
OG_1241	K01895#0.999#0.000
OG_1968	K00873#0.993#0.000
OG_1133	K01069#0.999#0.000
OG_1656	K01895#0.994#0.003
OG_3281	K00382#0.967#0.543
OG_2084	K00162#0.997#0.000
OG_2387	K00626#0.998#0.391

### 00630	Glyoxylate and dicarboxylate metabolism
OG_1595	K00600#1.000#0.000
OG_2387	K00626#0.998#0.391
OG_3281	K00382#0.967#0.543

### 00640	Propanoate metabolism
OG_1656	K01895#0.994#0.003
OG_2084	K00167#1.000#0.676
OG_2387	K00626#0.998#0.391
OG_3281	K00382#0.967#0.543
OG_1241	K01895#0.999#0.000

### 00650	Butanoate metabolism
OG_2387	K00626#0.998#0.391
OG_2345	K01641#1.000#0.000

### 00660	C5-Branched dibasic acid metabolism

### 00562	Inositol phosphate metabolism
OG_2410	K00888#0.906#0.000
OG_3286	K03338#0.905#0.809
OG_1467	K19801#0.999#0.000
OG_2711	K00914#0.996#0.005
OG_2288	K01099#0.659#0.702	K01106#0.742#0.852
OG_2272	K00889#1.000#0.000	K00920#0.961#0.793
OG_1836	K01803#1.000#0.000
OG_1613	K00999#1.000#0.000

### 00190	Oxidative phosphorylation
OG_1239	K02154#1.000#0.000
OG_1588	K03661#1.000#0.007
OG_1778	K02150#0.990#0.000
OG_1971	K02155#1.000#0.000
OG_1369	K02151#1.000#0.000
OG_1550	K02111#0.994#0.931	K02118#1.000#0.189	K02147#1.000#0.000
OG_1492	K02146#0.998#0.000
OG_1900	K02148#0.998#0.000
OG_2013	K02155#1.000#0.000
OG_1859	K02112#0.992#1.000	K02145#1.000#0.000
OG_3871	K01535#0.981#0.503
OG_1961	K02144#0.996#0.000
OG_1666	K01507#1.000#0.000	K11726#0.993#0.289
OG_1039	K02150#0.992#0.064
OG_1264	K02120#0.983#0.475	K02149#1.000#0.017

### 00195	Photosynthesis
OG_1859	K02112#0.992#1.000
OG_1550	K02111#0.994#0.931

### 00196	Photosynthesis - antenna proteins

### 00710	Carbon fixation in photosynthetic organisms
OG_1836	K01803#1.000#0.000
OG_1995	K00134#1.000#0.000
OG_1996	K00927#0.997#0.000
OG_2286	K01807#1.000#0.000
OG_1241	K00927#0.999#0.000
OG_1762	K00615#0.996#0.000
OG_1174	K01783#0.976#0.092
OG_1724	K01623#0.991#0.000

### 00720	Carbon fixation pathways in prokaryotes
OG_1241	K01895#0.999#0.000
OG_2387	K00626#0.998#0.391
OG_1656	K01895#0.994#0.003

### 00680	Methane metabolism
OG_1379	K18933#0.998#1.000
OG_2000	K01689#1.000#0.000
OG_1792	K00850#0.992#0.000
OG_1656	K01895#0.994#0.003
OG_1724	K01623#0.991#0.000
OG_1821	K15633#1.000#0.000
OG_1595	K00600#1.000#0.000
OG_1241	K01895#0.999#0.000

### 00910	Nitrogen metabolism

### 00920	Sulfur metabolism

### 00061	Fatty acid biosynthesis
OG_1079	K01897#1.000#0.000

### 00062	Fatty acid elongation
OG_2668	K10203#0.988#0.700	K10245#0.958#0.532	K10246#0.960#0.507	K10248#0.994#0.773	K10249#0.987#0.541
OG_2025	K10251#1.000#0.528
OG_1941	K10703#0.999#0.000
OG_2361	K01068#1.000#0.824

### 00071	Fatty acid degradation
OG_1079	K01897#1.000#0.000
OG_2387	K00626#0.998#0.391	K00632#0.909#1.000	K07513#0.997#0.000

### 00072	Synthesis and degradation of ketone bodies
OG_2345	K01641#1.000#0.000
OG_2387	K00626#0.998#0.391

### 00073	Cutin, suberine and wax biosynthesis

### 00100	Steroid biosynthesis
OG_1668	K00637#0.975#0.862

### 00120	Primary bile acid biosynthesis
OG_2361	K11992#0.999#0.791

### 00121	Secondary bile acid biosynthesis

### 00140	Steroid hormone biosynthesis
OG_2025	K10251#1.000#0.528

### 00561	Glycerolipid metabolism
OG_1263	K13513#0.982#0.593
OG_1694	K15728#1.000#0.000
OG_1387	K13517#0.938#0.635	K13519#0.950#0.199
OG_1216	K00002#0.988#0.451	K00011#1.000#0.000
OG_1121	K18693#0.972#0.108
OG_2423	K17900#0.999#0.000
OG_3896	K00679#0.938#0.056
OG_1668	K00635#0.985#0.719	K11155#0.998#0.000
OG_1667	K13506#0.978#0.157

### 00564	Glycerophospholipid metabolism
OG_1433	K00006#0.982#0.005
OG_2247	K00967#1.000#0.000
OG_1642	K00993#0.998#0.000	K13644#0.966#0.451
OG_3896	K00650#0.835#0.848
OG_2383	K14156#0.994#0.000
OG_1949	K00968#0.937#0.004
OG_1613	K00999#1.000#0.000
OG_1667	K13506#0.978#0.157
OG_1663	K00981#0.993#0.000
OG_3291	K01613#0.968#0.316
OG_2402	K00995#1.000#0.000	K00998#0.969#1.000
OG_2554	K14676#0.999#0.000
OG_1843	K01126#0.986#0.768
OG_1351	K00981#0.950#0.000
OG_1387	K13517#0.938#0.635	K13519#0.950#0.199
OG_1121	K18693#0.972#0.108
OG_1263	K13513#0.982#0.593
OG_1017	K00006#0.996#0.052
OG_2086	K00111#0.998#0.000
OG_2449	K01115#0.966#0.068
OG_1694	K15728#1.000#0.000

### 00565	Ether lipid metabolism
OG_1387	K13519#0.950#0.199
OG_2449	K01115#0.966#0.068
OG_1642	K00993#0.998#0.000	K13644#0.966#0.451

### 00600	Sphingolipid metabolism
OG_1678	K04708#0.979#0.000
OG_1651	K00654#0.990#0.000
OG_1655	K00654#1.000#0.000
OG_1991	K04710#0.980#0.004
OG_1311	K00654#1.000#0.000

### 00590	Arachidonic acid metabolism
OG_1351	K18592#0.976#0.000
OG_1349	K18592#0.975#0.000
OG_1487	K00432#0.901#0.000

### 00591	Linoleic acid metabolism

### 00592	alpha-Linolenic acid metabolism
OG_2387	K00632#0.909#1.000	K07513#0.997#0.000

### 01040	Biosynthesis of unsaturated fatty acids
OG_2361	K01068#1.000#0.824	K10805#0.991#0.838
OG_2387	K07513#0.997#0.000
OG_2025	K10251#1.000#0.528
OG_1941	K10703#0.999#0.000
OG_2668	K10203#0.988#0.700	K10245#0.958#0.532	K10246#0.960#0.507

### 00230	Purine metabolism
OG_1319	K03012#1.000#0.000
OG_1196	K02999#0.939#0.048
OG_1177	K02685#0.997#0.078
OG_1136	K10807#1.000#0.042
OG_1168	K00939#0.998#0.134
OG_1356	K02321#1.000#0.000
OG_1968	K00873#0.993#0.000
OG_2002	K03015#1.000#0.000
OG_1017	K03008#1.000#0.052
OG_1248	K02320#1.000#0.000
OG_1863	K03022#0.969#0.000
OG_1688	K03013#0.998#0.000
OG_1761	K03000#1.000#0.000
OG_2349	K18532#1.000#0.000
OG_2909	K01120#0.771#0.832
OG_1366	K02684#0.997#0.000
OG_1560	K03025#1.000#0.000
OG_2208	K03020#1.000#0.000
OG_1861	K00940#1.000#0.000
OG_1188	K01514#1.000#0.001
OG_1491	K03027#1.000#0.000
OG_1608	K01514#1.000#0.000
OG_2073	K02328#1.000#0.000
OG_2028	K01522#1.000#0.000
OG_1213	K03019#1.000#0.029
OG_2277	K02325#0.995#0.000
OG_1345	K02320#1.000#0.000
OG_1165	K03011#1.000#0.026
OG_2078	K01519#1.000#0.000
OG_1931	K02324#0.989#0.000
OG_1155	K02327#1.000#0.000
OG_2097	K03002#0.999#0.000
OG_1996	K02325#0.993#0.000
OG_3284	K01488#0.984#0.823	K01490#0.961#0.077
OG_2032	K03016#1.000#0.000
OG_1041	K03006#0.995#0.000	K03018#0.998#0.018
OG_1880	K03007#1.000#0.000	K03058#0.997#0.919
OG_1052	K10808#1.000#0.024
OG_1701	K03014#1.000#0.000	K03055#0.965#1.000
OG_2918	K03009#0.887#0.211
OG_2860	K15779#0.996#0.000
OG_3869	K01120#0.768#0.994
OG_2054	K03017#1.000#0.000
OG_1943	K03008#1.000#0.000
OG_1870	K01511#0.998#0.602
OG_1364	K00942#1.000#0.000
OG_1650	K02685#0.989#0.023
OG_1038	K03010#1.000#0.000	K03021#1.000#0.009

### 00240	Pyrimidine metabolism
OG_1248	K02320#1.000#0.000
OG_1017	K03008#1.000#0.052
OG_1160	K00876#0.999#0.082
OG_2002	K03015#1.000#0.000
OG_1356	K02321#1.000#0.000
OG_1136	K10807#1.000#0.042
OG_1319	K03012#1.000#0.000
OG_1196	K02999#0.939#0.048
OG_1177	K02685#0.997#0.078
OG_1861	K00940#1.000#0.000
OG_1366	K02684#0.997#0.000
OG_2208	K03020#1.000#0.000
OG_1560	K03025#1.000#0.000
OG_1761	K03000#1.000#0.000
OG_1688	K03013#0.998#0.000
OG_1863	K03022#0.969#0.000
OG_2025	K16066#0.943#0.905
OG_1600	K00857#0.996#0.078
OG_2032	K03016#1.000#0.000
OG_1041	K03006#0.995#0.000	K03018#0.998#0.018
OG_1931	K02324#0.989#0.000
OG_1155	K02327#1.000#0.000
OG_1523	K00943#1.000#0.000
OG_1831	K00945#1.000#0.000	K13799#0.465#0.351
OG_2097	K03002#0.999#0.000
OG_1996	K02325#0.993#0.000
OG_2277	K02325#0.995#0.000
OG_1345	K02320#1.000#0.000
OG_1165	K03011#1.000#0.026
OG_1213	K03019#1.000#0.029
OG_2073	K02328#1.000#0.000
OG_1491	K03027#1.000#0.000
OG_1650	K02685#0.989#0.023
OG_1038	K03010#1.000#0.000	K03021#1.000#0.009
OG_1898	K00560#1.000#0.000
OG_1870	K01511#0.998#0.602
OG_2054	K03017#1.000#0.000
OG_1943	K01520#1.000#0.001	K03008#1.000#0.000
OG_2833	K01493#0.929#0.228
OG_2918	K03009#0.887#0.211
OG_1880	K03007#1.000#0.000	K03058#0.997#0.919
OG_1052	K10808#1.000#0.024
OG_1286	K01937#0.996#0.000
OG_1701	K03014#1.000#0.000	K03055#0.965#1.000
OG_1543	K01520#1.000#0.000

### 00250	Alanine, aspartate and glutamate metabolism
OG_1010	K01914#0.999#0.533
OG_1200	K00820#1.000#0.052
OG_3760	K01424#0.862#0.000

### 00260	Glycine, serine and threonine metabolism
OG_3281	K00382#0.967#0.543
OG_2402	K00998#0.969#1.000
OG_1651	K00639#0.985#0.623
OG_1821	K15633#1.000#0.000
OG_2025	K16066#0.943#0.905
OG_1595	K00600#1.000#0.000

### 00270	Cysteine and methionine metabolism
OG_2832	K01920#0.966#0.117
OG_2660	K11204#0.959#0.022
OG_2719	K00789#0.997#0.000

### 00280	Valine, leucine and isoleucine degradation
OG_3281	K00382#0.967#0.543
OG_2345	K01641#1.000#0.000
OG_2084	K00167#1.000#0.676
OG_2387	K00626#0.998#0.391	K00632#0.909#1.000	K07513#0.997#0.000

### 00290	Valine, leucine and isoleucine biosynthesis

### 00300	Lysine biosynthesis

### 00310	Lysine degradation
OG_1797	K11430#0.999#0.009
OG_2387	K00626#0.998#0.391

### 00330	Arginine and proline metabolism
OG_2077	K11142#0.999#0.000

### 00340	Histidine metabolism

### 00350	Tyrosine metabolism
OG_1379	K18933#0.998#1.000
OG_1949	K00505#1.000#0.000
OG_2644	K00505#0.996#0.546

### 00360	Phenylalanine metabolism
OG_2641	K02613#0.655#0.993

### 00380	Tryptophan metabolism
OG_2387	K00626#0.998#0.391

### 00400	Phenylalanine, tyrosine and tryptophan biosynthesis

### 00410	beta-Alanine metabolism
OG_1379	K18933#0.998#1.000
OG_1831	K13799#0.465#0.351

### 00430	Taurine and hypotaurine metabolism
OG_1351	K00681#0.990#0.475	K18592#0.976#0.000
OG_1349	K18592#0.975#0.000

### 00440	Phosphonate and phosphinate metabolism
OG_1642	K00993#0.998#0.000	K13644#0.966#0.451
OG_1949	K00968#0.937#0.004
OG_2247	K00967#1.000#0.000

### 00450	Selenocompound metabolism
OG_1807	K00384#1.000#0.000
OG_3281	K00384#0.925#0.450
OG_1043	K01874#1.000#0.058
OG_1379	K11717#0.977#0.643

### 00460	Cyanoamino acid metabolism
OG_1351	K00681#0.990#0.475	K18592#0.976#0.000
OG_1010	K01914#0.999#0.533
OG_1349	K18592#0.975#0.000
OG_1595	K00600#1.000#0.000
OG_3760	K01424#0.862#0.000

### 00471	D-Glutamine and D-glutamate metabolism

### 00472	D-Arginine and D-ornithine metabolism

### 00473	D-Alanine metabolism

### 00480	Glutathione metabolism
OG_1351	K00681#0.990#0.475	K18592#0.976#0.000
OG_3281	K00383#0.989#0.298	K04283#0.962#0.463
OG_2832	K01920#0.966#0.117
OG_1052	K10808#1.000#0.024
OG_1865	K00033#1.000#0.000
OG_2428	K00033#0.998#0.000
OG_1349	K18592#0.975#0.000
OG_1136	K10807#1.000#0.042
OG_1442	K00036#1.000#0.000
OG_2077	K01255#0.995#0.581	K11142#0.999#0.000
OG_2660	K11204#0.959#0.022
OG_1963	K11186#0.498#0.446
OG_1487	K00432#0.901#0.000

### 00510	N-Glycan biosynthesis
OG_2806	K03846#0.949#0.848
OG_1219	K00721#1.000#0.000
OG_3282	K01001#0.973#0.000

### 00513	Various types of N-glycan biosynthesis
OG_2806	K03846#0.949#0.848

### 00512	Mucin type O-Glycan biosynthesis

### 00514	Other types of O-glycan biosynthesis
OG_1544	K10967#0.987#0.000
OG_1512	K00728#0.993#0.000

### 00532	Glycosaminoglycan biosynthesis - chondroitin sulfate / dermatan sulfate

### 00534	Glycosaminoglycan biosynthesis - heparan sulfate / heparin

### 00533	Glycosaminoglycan biosynthesis - keratan sulfate

### 00531	Glycosaminoglycan degradation

### 00563	Glycosylphosphatidylinositol(GPI)-anchor biosynthesis
OG_2226	K05288#0.983#0.380	K05310#0.870#0.825
OG_1679	K05290#0.984#0.000
OG_1994	K05283#0.946#0.766
OG_2236	K03859#0.998#0.000
OG_2012	K03857#1.000#0.000
OG_3741	K03860#0.895#0.549
OG_1944	K03434#0.985#0.000
OG_2188	K07542#0.977#0.000
OG_2806	K05286#0.882#0.585

### 00601	Glycosphingolipid biosynthesis - lacto and neolacto series

### 00603	Glycosphingolipid biosynthesis - globo series

### 00604	Glycosphingolipid biosynthesis - ganglio series

### 00540	Lipopolysaccharide biosynthesis

### 00550	Peptidoglycan biosynthesis

### 00511	Other glycan degradation

### 00730	Thiamine metabolism
OG_1168	K00939#0.998#0.134
OG_3848	K01078#0.662#0.396
OG_1379	K04487#1.000#0.000

### 00740	Riboflavin metabolism
OG_2247	K14656#0.975#0.707
OG_3848	K01078#0.662#0.396
OG_1281	K14655#0.678#0.525

### 00750	Vitamin B6 metabolism

### 00760	Nicotinate and nicotinamide metabolism
OG_2225	K00858#1.000#0.000
OG_1917	K11121#0.761#0.051
OG_1034	K18551#1.000#0.242

### 00770	Pantothenate and CoA biosynthesis
OG_2640	K01947#0.350#0.772
OG_1831	K13799#0.465#0.351
OG_2303	K00859#1.000#0.000
OG_1379	K18933#0.998#1.000

### 00780	Biotin metabolism
OG_1651	K00652#0.973#0.691
OG_2640	K01947#0.350#0.772	K03524#0.998#0.228

### 00785	Lipoic acid metabolism

### 00790	Folate biosynthesis
OG_1216	K00011#1.000#0.000
OG_2176	K00287#0.999#0.000

### 00670	One carbon pool by folate
OG_1898	K00560#1.000#0.000
OG_2176	K00287#0.999#0.000
OG_1595	K00600#1.000#0.000

### 00830	Retinol metabolism
OG_1668	K11155#0.998#0.000

### 00860	Porphyrin and chlorophyll metabolism
OG_1513	K01885#0.970#0.909
OG_1385	K01885#1.000#0.000
OG_2242	K19054#0.999#0.000

### 00130	Ubiquinone and other terpenoid-quinone biosynthesis

### 00900	Terpenoid backbone biosynthesis
OG_2345	K01641#1.000#0.000
OG_2387	K00626#0.998#0.391
OG_1912	K00787#1.000#0.072
OG_1832	K00806#0.980#0.568	K11778#1.000#0.000	K12503#0.953#0.644	K15888#0.967#0.461
OG_2350	K00021#0.997#0.000
OG_1353	K06013#0.999#0.504
OG_2524	K00869#0.977#0.000
OG_2490	K01597#0.999#0.000
OG_2650	K00587#0.964#0.614
OG_1813	K06013#1.000#0.000
OG_2543	K05955#0.837#0.914
OG_2494	K01823#1.000#0.000

### 00902	Monoterpenoid biosynthesis

### 00909	Sesquiterpenoid and triterpenoid biosynthesis

### 00904	Diterpenoid biosynthesis

### 00906	Carotenoid biosynthesis

### 00905	Brassinosteroid biosynthesis

### 00981	Insect hormone biosynthesis

### 00908	Zeatin biosynthesis
OG_3870	K00791#0.942#0.203

### 00903	Limonene and pinene degradation

### 00281	Geraniol degradation
OG_2387	K00632#0.909#1.000

### 01052	Type I polyketide structures

### 00522	Biosynthesis of 12-, 14- and 16-membered macrolides

### 01051	Biosynthesis of ansamycins
OG_1762	K00615#0.996#0.000

### 01056	Biosynthesis of type II polyketide backbone

### 01057	Biosynthesis of type II polyketide products

### 00253	Tetracycline biosynthesis

### 00523	Polyketide sugar unit biosynthesis
OG_1461	K00973#0.982#0.724

### 01054	Nonribosomal peptide structures

### 01053	Biosynthesis of siderophore group nonribosomal peptides

### 01055	Biosynthesis of vancomycin group antibiotics

### 00940	Phenylpropanoid biosynthesis

### 00945	Stilbenoid, diarylheptanoid and gingerol biosynthesis

### 00941	Flavonoid biosynthesis

### 00944	Flavone and flavonol biosynthesis

### 00942	Anthocyanin biosynthesis

### 00943	Isoflavonoid biosynthesis

### 00901	Indole alkaloid biosynthesis

### 00950	Isoquinoline alkaloid biosynthesis
OG_1949	K00505#1.000#0.000
OG_2644	K00505#0.996#0.546

### 00960	Tropane, piperidine and pyridine alkaloid biosynthesis

### 01058	Acridone alkaloid biosynthesis

### 00232	Caffeine metabolism

### 00965	Betalain biosynthesis
OG_1949	K00505#1.000#0.000
OG_2644	K00505#0.996#0.546

### 00966	Glucosinolate biosynthesis

### 00402	Benzoxazinoid biosynthesis

### 00311	Penicillin and cephalosporin biosynthesis

### 00521	Streptomycin biosynthesis
OG_1151	K00844#0.997#0.119
OG_1461	K00973#0.982#0.724

### 00524	Butirosin and neomycin biosynthesis
OG_1151	K00844#0.997#0.119

### 00331	Clavulanic acid biosynthesis

### 00231	Puromycin biosynthesis

### 00401	Novobiocin biosynthesis

### 00254	Aflatoxin biosynthesis

### 00362	Benzoate degradation
OG_2387	K00626#0.998#0.391	K00632#0.909#1.000

### 00627	Aminobenzoate degradation

### 00364	Fluorobenzoate degradation

### 00625	Chloroalkane and chloroalkene degradation

### 00361	Chlorocyclohexane and chlorobenzene degradation

### 00623	Toluene degradation

### 00622	Xylene degradation

### 00633	Nitrotoluene degradation

### 00642	Ethylbenzene degradation
OG_2387	K00632#0.909#1.000

### 00643	Styrene degradation

### 00791	Atrazine degradation

### 00930	Caprolactam degradation
OG_1216	K00002#0.988#0.451

### 00351	DDT degradation

### 00363	Bisphenol degradation

### 00621	Dioxin degradation

### 00626	Naphthalene degradation

### 00624	Polycyclic aromatic hydrocarbon degradation

### 00365	Furfural degradation

### 00984	Steroid degradation

### 00980	Metabolism of xenobiotics by cytochrome P450

### 00982	Drug metabolism - cytochrome P450

### 00983	Drug metabolism - other enzymes
OG_1543	K01520#1.000#0.000
OG_1052	K10808#1.000#0.024
OG_1943	K01520#1.000#0.001
OG_2078	K01519#1.000#0.000
OG_1600	K00857#0.996#0.078
OG_1861	K00940#1.000#0.000
OG_1136	K10807#1.000#0.042
OG_1160	K00876#0.999#0.082

### 01010	Overview of biosynthetic pathways

### 01060	Biosynthesis of plant secondary metabolites

### 01061	Biosynthesis of phenylpropanoids

### 01062	Biosynthesis of terpenoids and steroids

### 01063	Biosynthesis of alkaloids derived from shikimate pathway

### 01064	Biosynthesis of alkaloids derived from ornithine, lysine and nicotinic acid

### 01065	Biosynthesis of alkaloids derived from histidine and purine

### 01066	Biosynthesis of alkaloids derived from terpenoid and polyketide

### 01070	Biosynthesis of plant hormones

### 03020	RNA polymerase
OG_2918	K03009#0.887#0.211
OG_1701	K03014#1.000#0.000	K03055#0.965#1.000
OG_1880	K03007#1.000#0.000	K03058#0.997#0.919
OG_1038	K03010#1.000#0.000	K03021#1.000#0.009
OG_1943	K03008#1.000#0.000
OG_2054	K03017#1.000#0.000
OG_1213	K03019#1.000#0.029
OG_1165	K03011#1.000#0.026
OG_1491	K03027#1.000#0.000
OG_2032	K03016#1.000#0.000
OG_1041	K03006#0.995#0.000	K03018#0.998#0.018
OG_2097	K03002#0.999#0.000
OG_1688	K03013#0.998#0.000
OG_1863	K03022#0.969#0.000
OG_1761	K03000#1.000#0.000
OG_2208	K03020#1.000#0.000
OG_1560	K03025#1.000#0.000
OG_1196	K02999#0.939#0.048
OG_1319	K03012#1.000#0.000
OG_1017	K03008#1.000#0.052
OG_2002	K03015#1.000#0.000

### 03022	Basal transcription factors
OG_1565	K03131#1.000#0.000
OG_1556	K10844#1.000#0.000
OG_1504	K03137#0.999#0.000
OG_1427	K03120#1.000#0.000
OG_1454	K10843#0.998#0.000
OG_1198	K03144#1.000#0.045
OG_1983	K03132#0.996#0.000
OG_1249	K03130#1.000#0.000
OG_1875	K03134#1.000#0.000
OG_1839	K03133#1.000#0.000	K14535#0.742#0.741
OG_1290	K03127#1.000#0.005
OG_1140	K03123#1.000#0.016
OG_1143	K02202#1.000#0.077
OG_2523	K10845#0.998#0.618
OG_2014	K03143#0.995#0.000
OG_1489	K03139#1.000#0.000
OG_1137	K03142#1.000#0.029
OG_1086	K03124#1.000#0.004
OG_3241	K03126#0.910#0.842
OG_2349	K14535#1.000#0.549
OG_1985	K10842#0.999#0.000
OG_1244	K03125#0.998#0.000
OG_2019	K03122#0.989#0.000
OG_1521	K03135#1.000#0.000
OG_1749	K03136#0.998#0.000
OG_1635	K03128#0.789#0.000

### 03040	Spliceosome
OG_2914	K12849#1.000#0.000
OG_1470	K12823#0.996#0.000
OG_3271	K12862#1.000#0.000
OG_2081	K12623#1.000#0.000
OG_2834	K11097#0.998#0.000
OG_2839	K11099#1.000#0.362
OG_1937	K12627#1.000#0.730
OG_2391	K11096#0.999#0.000
OG_2842	K12854#0.884#0.313
OG_1177	K12873#1.000#0.078
OG_3116	K12833#1.000#0.000
OG_2080	K12897#0.996#0.000
OG_1803	K03283#1.000#0.000
OG_2398	K12626#1.000#0.000
OG_2295	K11088#1.000#0.078
OG_1585	K12818#0.984#0.276
OG_1238	K11099#0.997#0.098
OG_2846	K12827#0.922#0.000
OG_3085	K12831#1.000#0.000
OG_1531	K12883#1.000#0.000
OG_2861	K12826#0.996#0.000
OG_3819	K12816#0.999#0.000
OG_2352	K12624#1.000#0.000
OG_3228	K12836#0.999#0.000
OG_2852	K11087#1.000#0.000
OG_2826	K11086#0.999#0.000
OG_3737	K06063#0.974#0.416
OG_2237	K12856#0.984#0.000
OG_3841	K12834#1.000#0.000
OG_2373	K12860#0.981#0.000
OG_2497	K11098#1.000#0.000
OG_2399	K12829#0.998#0.000
OG_3123	K12859#1.000#0.000
OG_1254	K12812#1.000#0.148
OG_2009	K12845#1.000#0.000
OG_2203	K12873#1.000#0.000
OG_2904	K12815#0.978#0.000
OG_2648	K11095#1.000#0.000
OG_1750	K12818#0.973#0.000
OG_2908	K12821#0.972#0.000
OG_1760	K12621#1.000#0.000
OG_3127	K06063#0.867#1.000
OG_1157	K03283#0.984#0.003
OG_1682	K12625#1.000#0.000

### 03010	Ribosome
OG_2250	K02896#0.999#0.000
OG_1855	K02936#0.999#0.000
OG_3083	K02891#0.999#0.491
OG_1103	K02885#0.995#0.050
OG_1446	K02934#0.990#0.000
OG_2024	K02975#0.996#0.000
OG_1732	K02912#1.000#0.000
OG_1347	K02867#0.978#0.988	K02870#1.000#0.000
OG_1561	K02892#0.993#0.554	K02893#0.998#0.000
OG_1031	K02984#1.000#0.049
OG_1370	K02873#1.000#0.000
OG_1734	K02941#0.988#0.000
OG_1493	K02991#1.000#0.000
OG_2039	K02876#0.959#0.590	K02900#0.995#0.000
OG_1089	K02957#1.000#0.018	K02994#0.998#0.606
OG_1404	K02966#1.000#0.000
OG_2223	K02974#0.999#0.000
OG_1564	K02901#0.998#0.000
OG_1522	K02907#0.914#0.765	K02937#1.000#0.000
OG_1723	K02949#1.000#0.000	K02961#0.983#0.423
OG_1576	K02868#1.000#0.000	K02931#0.995#0.388
OG_1191	K02952#0.995#0.644	K02964#1.000#0.032
OG_1606	K02880#1.000#0.039	K02890#1.000#0.823
OG_1776	K02882#1.000#0.000
OG_1970	K02927#0.987#0.000
OG_1414	K02866#1.000#0.000	K02878#0.986#0.000
OG_1702	K02962#1.000#0.000
OG_2309	K02922#0.995#0.268
OG_1683	K02951#0.999#0.000
OG_1124	K02969#1.000#0.014
OG_1757	K02995#1.000#0.000
OG_2027	K02929#0.998#0.000
OG_1703	K02981#0.995#0.000	K02988#0.992#0.418
OG_1589	K02918#1.000#0.000
OG_1578	K02883#0.998#0.000
OG_2665	K02905#0.994#0.333
OG_2366	K02983#1.000#0.000
OG_2166	K02917#1.000#0.000
OG_1434	K02991#1.000#0.000
OG_1990	K02947#1.000#0.000
OG_1553	K02987#1.000#0.000
OG_2262	K02891#1.000#0.000
OG_1779	K02881#0.973#0.807	K02932#1.000#0.000
OG_1524	K02982#0.997#0.580	K02985#0.999#0.000
OG_1428	K02871#0.978#1.000	K02872#0.988#0.000
OG_1073	K02927#1.000#0.062	K02977#0.999#0.047
OG_1201	K02958#0.951#0.036	K02965#0.995#0.367
OG_2221	K02979#1.000#0.000
OG_1867	K02948#0.979#0.280	K02955#1.000#0.000
OG_1051	K02930#1.000#0.026
OG_2009	K02936#0.924#0.901
OG_1566	K02895#0.983#0.709	K02898#0.998#0.000
OG_1460	K02967#0.990#0.609	K02998#1.000#0.000
OG_1129	K02906#0.991#0.888	K02925#1.000#0.000
OG_2697	K02943#0.998#0.000
OG_1674	K02960#1.000#0.000	K02996#0.909#0.580
OG_1866	K02910#1.000#0.000
OG_1415	K02908#1.000#0.000
OG_2916	K02924#1.000#0.000
OG_2382	K02921#1.000#0.000
OG_2185	K02980#1.000#0.000
OG_1388	K02986#0.993#0.498	K02997#0.999#0.000
OG_1767	K02953#1.000#0.000	K02956#1.000#0.912
OG_1350	K01981#1.000#0.000
OG_2440	K02976#1.000#0.000
OG_1687	K02896#1.000#0.000
OG_2503	K02971#0.998#0.479
OG_1714	K02973#1.000#0.000
OG_1184	K02989#0.983#0.013	K02992#0.966#0.970
OG_1597	K02886#0.999#0.492	K02938#1.000#0.029
OG_2355	K02889#0.998#0.000
OG_1280	K02915#1.000#0.050
OG_1769	K02874#0.997#0.487	K02894#1.000#0.000
OG_1551	K02865#1.000#0.000
OG_1247	K02889#1.000#0.000	K02997#0.909#0.000
OG_2435	K02942#0.999#0.000
OG_1453	K02877#1.000#0.000
OG_1752	K02933#0.996#0.804	K02940#0.999#0.000
OG_2241	K02978#1.000#0.000
OG_1302	K02920#1.000#0.070

### 00970	Aminoacyl-tRNA biosynthesis
OG_1312	K01893#0.999#0.029
OG_1078	K01867#1.000#0.033
OG_1463	K01890#1.000#0.000
OG_1375	K01887#1.000#0.000
OG_1418	K01892#0.999#0.000
OG_1804	K01872#0.998#0.000
OG_1383	K01883#1.000#0.000
OG_1255	K01866#0.987#0.000
OG_1823	K01880#0.999#0.000
OG_1506	K01870#0.994#0.000
OG_1698	K01876#1.000#0.000
OG_2059	K01873#0.998#0.000
OG_3161	K14234#1.000#0.000
OG_1170	K01875#0.999#0.056
OG_1425	K04567#1.000#0.000
OG_2411	K01866#0.949#0.000
OG_1043	K01874#1.000#0.058
OG_2232	K01868#0.999#0.000
OG_2044	K01869#1.000#0.000
OG_1385	K01885#1.000#0.000
OG_1704	K01889#1.000#0.000
OG_1637	K01881#1.000#0.000
OG_1513	K01885#0.970#0.909	K01886#1.000#0.000

### 03013	RNA transport
OG_2158	K03538#0.999#0.000
OG_2287	K03240#0.997#0.000
OG_3198	K03539#0.998#0.000
OG_1368	K13126#0.991#0.000
OG_1435	K14319#0.945#0.000
OG_2096	K03248#1.000#0.000
OG_3268	K03113#0.998#0.000
OG_1742	K03242#1.000#0.000
OG_1992	K03236#1.000#0.000
OG_1842	K03259#1.000#0.000
OG_1609	K14326#1.000#0.000
OG_1852	K03246#0.999#0.000
OG_1572	K14293#1.000#0.000
OG_2117	K13126#1.000#0.070
OG_1753	K14004#1.000#0.000
OG_1847	K03238#0.999#0.000
OG_1643	K03237#0.994#0.000
OG_3762	K14292#0.997#0.008
OG_1530	K07936#1.000#0.000
OG_2216	K03539#1.000#0.000
OG_1850	K03345#0.961#0.547
OG_2075	K03540#1.000#0.000
OG_2815	K03113#0.994#0.076
OG_2429	K03241#0.992#0.983
OG_1423	K00784#0.993#0.000
OG_1505	K14290#0.986#0.000
OG_1559	K03259#1.000#0.000
OG_1437	K14319#0.946#0.000
OG_1420	K00974#1.000#0.000
OG_1276	K03262#1.000#0.102
OG_1997	K03260#0.979#0.000
OG_1545	K03257#1.000#0.000
OG_1531	K12883#1.000#0.000
OG_1334	K03243#0.989#0.000
OG_1355	K07562#1.000#0.000
OG_1517	K03231#0.995#0.000
OG_2031	K14312#0.996#0.000
OG_1403	K14298#1.000#0.000
OG_1254	K12812#1.000#0.148
OG_1883	K01164#0.890#0.875
OG_2042	K12160#1.000#0.000
OG_1808	K10577#1.000#0.000

### 03015	mRNA surveillance pathway
OG_2302	K14399#0.944#0.016
OG_1336	K06269#1.000#0.000
OG_1250	K06965#1.000#0.000
OG_2678	K14396#1.000#0.000
OG_1274	K04354#0.852#0.044
OG_1531	K12883#1.000#0.000
OG_1759	K14376#0.977#0.000
OG_1361	K14402#0.987#0.554
OG_1577	K14399#0.994#0.000
OG_1254	K12812#1.000#0.148
OG_1449	K04382#1.000#0.000
OG_1021	K03267#1.000#0.023
OG_1396	K00565#0.996#0.000
OG_2040	K14962#0.997#0.000
OG_1810	K14403#0.998#0.000
OG_2493	K03456#0.995#0.000
OG_1368	K13126#0.991#0.000
OG_1270	K14408#0.938#0.806
OG_1445	K15541#1.000#0.000
OG_1498	K14404#1.000#0.000
OG_1352	K06100#0.981#0.000
OG_2117	K13126#1.000#0.070
OG_1747	K14405#0.982#0.000
OG_1609	K14326#1.000#0.000
OG_1533	K03265#0.999#0.000
OG_1358	K15542#1.000#0.000
OG_1979	K11584#0.999#0.000
OG_2255	K03265#0.975#0.000
OG_1926	K14401#0.957#0.000
OG_1102	K14407#1.000#0.023
OG_2532	K15544#1.000#0.000

### 03008	Ribosome biogenesis in eukaryotes
OG_1171	K03115#1.000#0.053
OG_2050	K07179#1.000#0.000
OG_1858	K14758#1.000#0.000
OG_1789	K14536#0.993#0.401
OG_1305	K14560#0.931#0.052
OG_1020	K03097#1.000#0.032
OG_1322	K14561#0.999#0.000
OG_1393	K06943#1.000#0.000
OG_2194	K14557#0.959#0.000
OG_2438	K14567#0.960#0.327
OG_2102	K14561#1.000#0.000
OG_1350	K01981#1.000#0.000
OG_1330	K12618#0.811#0.671	K12619#1.000#0.000
OG_2417	K14568#0.999#0.000
OG_1326	K14564#1.000#0.000
OG_2184	K14570#1.000#0.000
OG_1536	K03264#1.000#0.000
OG_1355	K07562#1.000#0.000
OG_1644	K11129#1.000#0.000
OG_1083	K14537#0.996#0.020
OG_2407	K14554#0.984#0.000
OG_1415	K03097#1.000#0.000
OG_1096	K14559#0.999#0.048
OG_2009	K12845#1.000#0.000
OG_1883	K01164#0.890#0.875
OG_1481	K14569#0.992#0.000
OG_1362	K14563#1.000#0.000
OG_2158	K03538#0.999#0.000
OG_1820	K14574#1.000#0.000
OG_3198	K03539#0.998#0.000
OG_1500	K06943#0.998#0.000
OG_2304	K11130#0.999#0.388
OG_2349	K18532#1.000#0.000
OG_1123	K14560#0.993#0.087
OG_1737	K14566#1.000#0.000
OG_1502	K11883#1.000#0.000
OG_1392	K11131#1.000#0.000
OG_1708	K07178#0.997#0.000
OG_1441	K14572#0.983#0.000
OG_2598	K03685#0.957#1.000
OG_2161	K11131#0.960#0.000
OG_2216	K03539#1.000#0.000
OG_1530	K07936#1.000#0.000
OG_1535	K14565#0.998#0.000
OG_1061	K11108#0.995#0.087
OG_3877	K14538#0.983#0.000
OG_2030	K11128#0.998#0.000
OG_2038	K14521#0.999#0.000
OG_1360	K14539#1.000#0.000
OG_1505	K14290#0.986#0.000

### 03060	Protein export
OG_1259	K09540#1.000#0.000
OG_1796	K12275#0.990#0.000
OG_1469	K12947#0.999#0.000
OG_1548	K03106#1.000#0.000
OG_2483	K09481#1.000#0.000
OG_2355	K07342#0.998#0.000
OG_1718	K13280#1.000#0.000
OG_1646	K03076#0.994#0.538	K10956#0.998#0.000
OG_1562	K13431#0.996#0.000
OG_2200	K03105#1.000#0.000
OG_2149	K12946#0.999#0.000
OG_1333	K12948#1.000#0.000

### 04141	Protein processing in endoplasmic reticulum
OG_1240	K14018#0.985#0.463
OG_1157	K03283#0.984#0.003
OG_3113	K09525#0.922#0.530
OG_1220	K10597#0.981#0.363
OG_2234	K14005#0.710#0.372
OG_1547	K10601#1.000#0.000
OG_1478	K13525#1.000#0.000
OG_1796	K12275#0.990#0.000
OG_1259	K09540#1.000#0.000
OG_1630	K09580#0.993#0.239
OG_1773	K09523#0.947#0.000
OG_3807	K04523#0.997#0.000
OG_1840	K14015#0.999#0.000
OG_2355	K07342#0.998#0.000
OG_1310	K14006#0.996#0.011
OG_1681	K10666#0.999#0.000
OG_1378	K09485#0.994#0.285
OG_2483	K09481#1.000#0.000
OG_1849	K04523#0.999#0.000
OG_1439	K07953#1.000#0.000
OG_1753	K14004#1.000#0.000
OG_1643	K03237#0.994#0.000
OG_2378	K10661#0.996#0.000
OG_1818	K09502#0.986#0.737	K09503#1.000#0.000
OG_1765	K04555#0.988#0.759	K10575#1.000#0.000
OG_1803	K03283#1.000#0.000
OG_1646	K10956#0.998#0.000
OG_1223	K03094#1.000#0.075
OG_1431	K04079#0.999#0.000
OG_1777	K14007#1.000#0.000
OG_1203	K13989#0.974#0.026
OG_1877	K14016#1.000#0.000
OG_1728	K03868#1.000#0.000
OG_2114	K08852#0.998#0.629

### 04130	SNARE interactions in vesicular transport
OG_3862	K08496#0.964#0.653
OG_3273	K08504#0.988#0.468
OG_1148	K08486#0.985#0.000
OG_1455	K08517#1.000#0.000
OG_2720	K08512#0.991#0.591
OG_2530	K08496#0.998#0.000
OG_1514	K08516#0.996#0.000

### 04120	Ubiquitin mediated proteolysis
OG_1648	K03353#0.905#0.000
OG_1765	K02207#0.930#0.843	K04555#0.988#0.759	K10575#1.000#0.000
OG_1202	K10587#0.981#0.039
OG_3872	K10688#0.994#0.040
OG_2811	K03358#0.997#0.146
OG_1208	K03364#1.000#0.024
OG_2045	K03355#0.993#0.000
OG_1223	K03094#1.000#0.075
OG_2519	K10591#0.976#0.000
OG_1190	K03178#0.999#0.040
OG_1120	K10573#1.000#0.024	K10574#0.999#0.470
OG_1626	K10686#1.000#0.000
OG_2388	K10144#0.998#0.000
OG_1429	K03363#1.000#0.000
OG_1728	K03868#1.000#0.000
OG_1700	K10685#0.968#0.245
OG_1359	K20217#1.000#0.000
OG_1220	K10597#0.981#0.363
OG_1629	K03357#1.000#0.000
OG_1808	K10577#1.000#0.000
OG_1547	K10601#1.000#0.000
OG_1217	K03350#1.000#0.029
OG_2064	K10576#1.000#0.000
OG_1180	K10260#1.000#0.052
OG_1972	K10579#1.000#0.000

### 04122	Sulfur relay system
OG_1692	K14168#1.000#0.000
OG_1306	K12161#1.000#0.080
OG_1986	K11996#0.999#0.000
OG_1379	K04487#1.000#0.000

### 03050	Proteasome
OG_1357	K03037#0.998#0.000
OG_1398	K03029#0.999#0.000
OG_1447	K03065#1.000#0.000
OG_1856	K03035#0.980#0.000
OG_1854	K03028#1.000#0.000
OG_2197	K03035#0.999#0.000
OG_1785	K03030#1.000#0.000
OG_1179	K03038#1.000#0.031
OG_1495	K02730#1.000#0.000
OG_1067	K02731#0.999#0.079
OG_1472	K02738#1.000#0.000
OG_1755	K03039#0.984#0.000
OG_1381	K02735#1.000#0.000
OG_1346	K02727#1.000#0.000
OG_1727	K03061#1.000#0.000
OG_1665	K02729#1.000#0.000
OG_1088	K02725#1.000#0.057
OG_1733	K03066#1.000#0.000
OG_1444	K02737#1.000#0.000
OG_1969	K02732#1.000#0.000
OG_1844	K03033#0.993#0.000
OG_1770	K02739#1.000#0.000
OG_1939	K02729#0.999#0.000
OG_1305	K02728#0.913#0.052
OG_1016	K03032#0.938#0.033
OG_1838	K02734#1.000#0.000
OG_1187	K03063#1.000#0.000
OG_1207	K02736#1.000#0.073
OG_1631	K03036#0.990#0.000
OG_1670	K03062#1.000#0.000
OG_2021	K03064#1.000#0.000
OG_1350	K02728#1.000#0.000
OG_2361	K03033#0.954#0.000
OG_1662	K02726#1.000#0.000

### 03018	RNA degradation
OG_1497	K12581#1.000#0.000
OG_2104	K12584#0.999#0.000
OG_2398	K12626#1.000#0.000
OG_2291	K12604#0.997#0.000
OG_2254	K12611#1.000#0.000
OG_1809	K12597#0.992#0.000
OG_1420	K00970#0.999#0.816
OG_1368	K13126#0.991#0.000
OG_1085	K03654#0.759#0.566
OG_1673	K12598#1.000#0.000
OG_1937	K12620#0.999#0.000	K12627#1.000#0.730
OG_1470	K05592#0.988#0.454	K11927#0.653#0.375
OG_1612	K03514#0.996#0.000
OG_1568	K03681#1.000#0.000
OG_2081	K12623#1.000#0.000
OG_1059	K10643#0.818#0.020
OG_2117	K13126#1.000#0.070
OG_2412	K12599#0.999#0.000
OG_2000	K01689#1.000#0.000
OG_1332	K12606#1.000#0.000
OG_1760	K12621#1.000#0.000
OG_1164	K12580#1.000#0.000
OG_1682	K12625#1.000#0.000
OG_1157	K04043#0.998#0.000
OG_1254	K12614#0.992#0.000
OG_1540	K03679#1.000#0.000
OG_2175	K12590#1.000#0.000
OG_1923	K11600#1.000#0.000
OG_2352	K12624#1.000#0.000
OG_1786	K12603#1.000#0.000
OG_1172	K12573#0.988#0.995	K12585#0.997#0.057
OG_2289	K12591#0.966#0.000
OG_1834	K12613#1.000#0.000
OG_1792	K00850#0.992#0.000
OG_1330	K12618#0.811#0.671	K12619#1.000#0.000

### 03030	DNA replication
OG_1850	K02542#0.998#0.000
OG_1356	K02321#1.000#0.000
OG_1805	K10747#1.000#0.000
OG_1162	K02540#0.994#0.016
OG_1764	K04799#0.999#0.000
OG_1177	K02685#0.997#0.078
OG_1248	K02320#1.000#0.000
OG_1816	K02210#1.000#0.000
OG_1126	K10754#1.000#0.065
OG_1528	K10755#1.000#0.000
OG_1465	K10739#1.000#0.000
OG_1175	K03470#0.989#0.593	K10743#1.000#0.061
OG_1400	K07466#0.994#0.000
OG_1611	K02541#1.000#0.007
OG_1710	K04802#0.998#0.000
OG_1366	K02683#0.989#1.000	K02684#0.997#0.000
OG_1500	K02542#0.998#0.000
OG_2277	K02325#0.995#0.000
OG_1574	K10755#1.000#0.000
OG_1345	K02320#1.000#0.000
OG_1365	K10756#1.000#0.000
OG_2073	K02328#1.000#0.000
OG_1996	K02325#0.993#0.000
OG_1931	K02324#0.989#0.000
OG_1155	K02327#1.000#0.000
OG_1573	K02209#0.997#0.000
OG_1520	K10756#0.999#0.000
OG_1183	K04802#0.979#0.039
OG_1384	K02212#1.000#0.000
OG_1650	K02685#0.989#0.023
OG_1020	K10754#1.000#0.035

### 03410	Base excision repair
OG_1697	K03648#1.000#0.000
OG_1764	K04799#0.999#0.000
OG_1558	K10773#1.000#0.000
OG_1805	K10747#1.000#0.000
OG_1710	K04802#0.998#0.000
OG_2597	K03652#0.995#0.063
OG_1996	K02325#0.993#0.000
OG_1931	K02324#0.989#0.000
OG_1155	K02327#1.000#0.000
OG_2073	K02328#1.000#0.000
OG_1297	K03660#1.000#0.124
OG_2277	K02325#0.995#0.000
OG_1862	K01151#1.000#0.000	K10771#0.967#0.321
OG_1044	K01142#0.974#0.071
OG_1183	K04802#0.979#0.039

### 03420	Nucleotide excision repair
OG_1400	K07466#0.994#0.000
OG_1710	K04802#0.998#0.000
OG_1985	K10842#0.999#0.000
OG_1126	K10754#1.000#0.065
OG_2079	K10841#1.000#0.000
OG_1528	K10755#1.000#0.000
OG_1465	K10739#1.000#0.000
OG_1728	K03868#1.000#0.000
OG_1143	K02202#1.000#0.077
OG_2523	K10845#0.998#0.618
OG_2014	K03143#0.995#0.000
OG_1805	K10747#1.000#0.000
OG_1137	K03142#1.000#0.029
OG_1454	K10843#0.998#0.000
OG_1020	K10754#1.000#0.035
OG_1422	K10848#0.942#0.000
OG_1520	K10756#0.999#0.000
OG_1198	K03144#1.000#0.045
OG_1183	K04802#0.979#0.039
OG_2253	K10838#0.910#0.891
OG_1931	K02324#0.989#0.000
OG_1155	K02327#1.000#0.000
OG_2091	K10849#1.000#0.000
OG_1996	K02325#0.993#0.000
OG_2246	K10847#1.000#0.000
OG_2277	K02325#0.995#0.000
OG_1574	K10755#1.000#0.000
OG_1365	K10756#1.000#0.000
OG_2249	K10846#0.993#0.000
OG_1556	K10844#1.000#0.000
OG_2073	K02328#1.000#0.000

### 03430	Mismatch repair
OG_1520	K10756#0.999#0.000
OG_1569	K10858#0.999#0.000
OG_1207	K08734#0.999#0.073
OG_1183	K04802#0.979#0.039
OG_1656	K08734#0.999#0.000
OG_1716	K08737#0.997#0.000
OG_1020	K10754#1.000#0.035
OG_1574	K10755#1.000#0.000
OG_1365	K10756#1.000#0.000
OG_2073	K02328#1.000#0.000
OG_1155	K02327#1.000#0.000
OG_1126	K10754#1.000#0.065
OG_1528	K10755#1.000#0.000
OG_1465	K10739#1.000#0.000
OG_1340	K08735#0.995#0.000
OG_1400	K07466#0.994#0.000
OG_1710	K04802#0.998#0.000
OG_1279	K10746#1.000#0.075
OG_1805	K10747#1.000#0.000

### 03440	Homologous recombination
OG_1552	K03165#0.985#0.000
OG_1400	K07466#0.994#0.000
OG_1085	K10901#0.976#0.029
OG_2079	K10877#0.989#0.418
OG_1636	K10873#1.000#0.000
OG_1465	K10739#1.000#0.000
OG_3782	K03629#0.895#1.000	K10866#0.995#0.000
OG_1155	K02327#1.000#0.000
OG_1047	K08991#0.731#0.095
OG_2073	K02328#1.000#0.000
OG_1529	K10728#0.854#0.719
OG_1853	K10865#0.925#0.000
OG_1555	K03553#0.961#0.778	K04482#1.000#0.000
OG_2887	K10866#0.968#0.000

### 03450	Non-homologous end-joining
OG_1764	K04799#0.999#0.000
OG_3782	K10866#0.995#0.000
OG_2887	K10866#0.968#0.000
OG_1853	K10865#0.925#0.000

### 03460	Fanconi anemia pathway
OG_1465	K10739#1.000#0.000
OG_1085	K10901#0.976#0.029
OG_2821	K03509#0.797#0.652	K03511#0.938#0.000	K03515#0.764#0.723
OG_1400	K07466#0.994#0.000
OG_1787	K06640#0.966#0.000
OG_1552	K03165#0.985#0.000
OG_1207	K08734#0.999#0.073
OG_1569	K10858#0.999#0.000
OG_1422	K10848#0.942#0.000
OG_1555	K04482#1.000#0.000
OG_1656	K08734#0.999#0.000
OG_1047	K08991#0.731#0.095
OG_2091	K10849#1.000#0.000

### 02010	ABC transporters
OG_3092	K02036#0.939#0.668
OG_1082	K05681#0.991#0.565
OG_1098	K05662#0.966#0.291	K05663#1.000#0.000

### 02060	Phosphotransferase system (PTS)

### 03070	Bacterial secretion system
OG_1548	K03106#1.000#0.000
OG_1646	K03076#0.994#0.538

### 02020	Two-component system
OG_3783	K07714#0.557#0.107
OG_2387	K00626#0.998#0.391
OG_1965	K15859#0.990#0.394
OG_3780	K03413#0.991#0.000	K07669#0.422#0.234

### 04014	Ras signaling pathway
OG_1581	K04345#0.928#0.000
OG_1954	K02183#1.000#0.000
OG_2449	K01115#0.966#0.068
OG_1397	K04392#0.928#0.757	K04513#1.000#0.000
OG_1567	K19613#1.000#0.000
OG_1135	K07887#1.000#0.573	K07888#0.985#0.569	K07889#1.000#0.026

### 04015	Rap1 signaling pathway
OG_1954	K02183#1.000#0.000
OG_1499	K05692#1.000#0.264
OG_1397	K04392#0.928#0.757	K04513#1.000#0.000

### 04010	MAPK signaling pathway
OG_1397	K04392#0.928#0.757
OG_1042	K06268#1.000#0.025
OG_2654	K04348#0.981#0.152
OG_1157	K03283#0.984#0.003
OG_1581	K04345#0.928#0.000
OG_2359	K04460#0.998#0.000
OG_1803	K03283#1.000#0.000

### 04013	MAPK signaling pathway - fly
OG_1399	K20223#0.999#0.000
OG_1505	K14290#0.986#0.000
OG_1539	K04564#1.000#0.000
OG_1397	K04392#0.928#0.757
OG_1781	K16197#0.999#0.000
OG_1449	K04382#1.000#0.000

### 04011	MAPK signaling pathway - yeast
OG_1017	K00006#0.996#0.052
OG_3184	K12412#0.878#0.411
OG_2292	K02218#0.992#0.000
OG_2519	K10591#0.976#0.000
OG_2410	K00888#0.906#0.000
OG_1951	K02555#0.999#0.000
OG_1501	K04563#1.000#0.118
OG_1745	K11215#1.000#0.000
OG_2272	K00889#1.000#0.000
OG_1858	K02218#0.915#0.490
OG_1433	K00006#0.982#0.005
OG_1781	K06630#0.999#0.577
OG_1397	K04513#1.000#0.000
OG_1473	K02220#1.000#0.000

### 04012	ErbB signaling pathway
OG_2265	K03083#0.999#0.000

### 04310	Wnt signaling pathway
OG_1223	K03094#1.000#0.075
OG_1850	K03345#0.961#0.547
OG_1728	K03868#1.000#0.000
OG_1581	K04345#0.928#0.000
OG_2256	K04499#1.000#0.000
OG_1042	K06268#1.000#0.025
OG_2654	K04348#0.981#0.152
OG_2265	K03083#0.999#0.000
OG_1415	K03097#1.000#0.000
OG_1397	K04392#0.928#0.757	K04513#1.000#0.000
OG_1020	K03097#1.000#0.032
OG_1858	K08957#1.000#0.531
OG_1171	K03115#1.000#0.053

### 04330	Notch signaling pathway
OG_1503	K06062#1.000#0.000
OG_3737	K06063#0.974#0.416
OG_3127	K06063#0.867#1.000
OG_1722	K06067#1.000#0.000

### 04340	Hedgehog signaling pathway
OG_1581	K04345#0.928#0.000
OG_2265	K03083#0.999#0.000
OG_1858	K08957#1.000#0.531

### 04350	TGF-beta signaling pathway
OG_1449	K04382#1.000#0.000
OG_2057	K19383#1.000#0.000
OG_1397	K04513#1.000#0.000
OG_1223	K03094#1.000#0.075
OG_1728	K03868#1.000#0.000
OG_1167	K04682#0.932#0.516
OG_2493	K03456#0.995#0.000

### 04390	Hippo signaling pathway
OG_1499	K05692#1.000#0.264
OG_2493	K03456#0.995#0.000
OG_1781	K06630#0.999#0.577	K16197#0.999#0.000
OG_1336	K06269#1.000#0.000
OG_1274	K04354#0.852#0.044
OG_2265	K03083#0.999#0.000
OG_1449	K04382#1.000#0.000

### 04391	Hippo signaling pathway - fly
OG_1449	K04382#1.000#0.000
OG_1781	K06630#0.999#0.577	K16197#0.999#0.000
OG_1274	K04354#0.852#0.044
OG_2103	K16675#0.990#0.000
OG_2493	K03456#0.995#0.000
OG_1499	K05692#1.000#0.264

### 04370	VEGF signaling pathway
OG_1042	K06268#1.000#0.025
OG_2654	K04348#0.981#0.152
OG_1397	K04392#0.928#0.757

### 04630	Jak-STAT signaling pathway

### 04064	NF-kappa B signaling pathway
OG_1171	K03115#1.000#0.053
OG_1020	K03097#1.000#0.032
OG_1808	K10577#1.000#0.000
OG_1415	K03097#1.000#0.000

### 04668	TNF signaling pathway
OG_2243	K17065#1.000#0.000
OG_2235	K17065#1.000#0.000

### 04066	HIF-1 signaling pathway
OG_1493	K02991#1.000#0.000
OG_1559	K03259#1.000#0.000
OG_1434	K02991#1.000#0.000
OG_2283	K00161#1.000#0.000
OG_1728	K03868#1.000#0.000
OG_1842	K03259#1.000#0.000
OG_1151	K00844#0.997#0.119
OG_2084	K00162#0.997#0.000
OG_2000	K01689#1.000#0.000
OG_1995	K00134#1.000#0.000

### 04068	FoxO signaling pathway
OG_1473	K05868#0.991#0.420
OG_1516	K06631#0.999#0.000
OG_1501	K02206#1.000#0.000
OG_2273	K11838#1.000#0.000
OG_1539	K04564#1.000#0.000

### 04020	Calcium signaling pathway
OG_2654	K04348#0.981#0.152
OG_1042	K06268#1.000#0.025
OG_3871	K05850#0.920#0.157
OG_1065	K09565#1.000#0.000
OG_1581	K04345#0.928#0.000
OG_1954	K02183#1.000#0.000

### 04070	Phosphatidylinositol signaling system
OG_1954	K02183#1.000#0.000
OG_1467	K19801#0.999#0.000
OG_2410	K00888#0.906#0.000
OG_1613	K00999#1.000#0.000
OG_1663	K00981#0.993#0.000
OG_1351	K00981#0.950#0.000
OG_2288	K01099#0.659#0.702	K01106#0.742#0.852
OG_2272	K00889#1.000#0.000	K00920#0.961#0.793
OG_2711	K00914#0.996#0.005

### 04022	cGMP-PKG signaling pathway
OG_1065	K09565#1.000#0.000
OG_2505	K18050#0.996#0.083
OG_1954	K02183#1.000#0.000
OG_2654	K04348#0.981#0.152
OG_1042	K06268#1.000#0.025
OG_1331	K12755#0.998#0.416
OG_1397	K04513#1.000#0.000
OG_1336	K06269#1.000#0.000
OG_3871	K05850#0.920#0.157

### 04151	PI3K-Akt signaling pathway
OG_1493	K02991#1.000#0.000
OG_1559	K03259#1.000#0.000
OG_1431	K04079#0.999#0.000
OG_1979	K11584#0.999#0.000
OG_2493	K03456#0.995#0.000
OG_1434	K02991#1.000#0.000
OG_1842	K03259#1.000#0.000
OG_1501	K02206#1.000#0.000
OG_2265	K03083#0.999#0.000
OG_1449	K04382#1.000#0.000
OG_1274	K04354#0.852#0.044
OG_1397	K04392#0.928#0.757
OG_1781	K06630#0.999#0.577	K16197#0.999#0.000

### 04152	AMPK signaling pathway
OG_1449	K04382#1.000#0.000
OG_1304	K07297#0.999#1.000
OG_1792	K00850#0.992#0.000
OG_2350	K00021#0.997#0.000
OG_1193	K03234#0.999#0.012
OG_1274	K04354#0.852#0.044
OG_1979	K11584#0.999#0.000
OG_1827	K07901#1.000#0.000
OG_1411	K07905#1.000#0.113
OG_2493	K03456#0.995#0.000

### 04150	mTOR signaling pathway
OG_1493	K02991#1.000#0.000
OG_1753	K14004#1.000#0.000
OG_1550	K02147#1.000#0.000
OG_1369	K02151#1.000#0.000
OG_1559	K03259#1.000#0.000
OG_1778	K02150#0.990#0.000
OG_1900	K02148#0.998#0.000
OG_1434	K02991#1.000#0.000
OG_1842	K03259#1.000#0.000
OG_1859	K02145#1.000#0.000
OG_2265	K03083#0.999#0.000
OG_1961	K02144#0.996#0.000
OG_1397	K04513#1.000#0.000
OG_1264	K02149#1.000#0.017
OG_1039	K02150#0.992#0.064

### 04075	Plant hormone signal transduction

### 04080	Neuroactive ligand-receptor interaction

### 04060	Cytokine-cytokine receptor interaction

### 04512	ECM-receptor interaction

### 04514	Cell adhesion molecules (CAMs)

### 04144	Endocytosis
OG_2217	K12493#0.970#0.000
OG_1542	K17918#0.997#0.012
OG_1397	K04513#1.000#0.000
OG_2243	K01528#0.985#0.000
OG_2272	K00889#1.000#0.000
OG_1157	K03283#0.984#0.003
OG_2525	K11827#1.000#0.740
OG_1135	K07887#1.000#0.573	K07888#0.985#0.569	K07889#1.000#0.026
OG_1197	K12492#0.954#0.031	K12493#0.990#0.031
OG_1874	K12479#0.994#0.850
OG_1411	K07904#1.000#0.000	K07905#1.000#0.113
OG_2214	K18443#0.801#0.816
OG_2449	K01115#0.966#0.068
OG_1827	K07901#1.000#0.000
OG_2519	K10591#0.976#0.000
OG_2428	K17918#0.999#0.000
OG_1803	K03283#1.000#0.000

### 04145	Phagosome
OG_2355	K07342#0.998#0.000
OG_1961	K02144#0.996#0.000
OG_1264	K02149#1.000#0.017
OG_1397	K04392#0.928#0.757
OG_1039	K02150#0.992#0.064
OG_2483	K09481#1.000#0.000
OG_1135	K07887#1.000#0.573	K07888#0.985#0.569	K07889#1.000#0.026
OG_2711	K00914#0.996#0.005
OG_2013	K02155#1.000#0.000
OG_2712	K10413#0.987#0.000
OG_1859	K02145#1.000#0.000
OG_1499	K05692#1.000#0.264
OG_1900	K02148#0.998#0.000
OG_1492	K02146#0.998#0.000
OG_1045	K07375#1.000#0.012
OG_2051	K07374#1.000#0.000
OG_1239	K02154#1.000#0.000
OG_1455	K08517#1.000#0.000
OG_1550	K02147#1.000#0.000
OG_1369	K02151#1.000#0.000
OG_1971	K02155#1.000#0.000
OG_1588	K03661#1.000#0.007
OG_1646	K10956#0.998#0.000
OG_1778	K02150#0.990#0.000

### 04142	Lysosome
OG_1239	K02154#1.000#0.000
OG_1588	K03661#1.000#0.007
OG_1971	K02155#1.000#0.000
OG_1492	K02146#0.998#0.000
OG_2525	K12394#0.974#0.753	K12403#1.000#0.723
OG_2013	K02155#1.000#0.000
OG_1961	K02144#0.996#0.000

### 04146	Peroxisome
OG_2387	K07513#0.997#0.000
OG_1681	K13346#0.851#0.908
OG_2361	K11992#0.999#0.791
OG_2524	K00869#0.977#0.000
OG_1539	K04564#1.000#0.000
OG_1079	K01897#1.000#0.000

### 04140	Regulation of autophagy
OG_2720	K08512#0.991#0.591
OG_1643	K03237#0.994#0.000
OG_1581	K04345#0.928#0.000
OG_2114	K08852#0.998#0.629
OG_2711	K00914#0.996#0.005
OG_1449	K04382#1.000#0.000

### 02030	Bacterial chemotaxis
OG_3780	K03413#0.991#0.000

### 02040	Flagellar assembly

### 04810	Regulation of actin cytoskeleton
OG_2105	K05767#0.974#0.275
OG_1499	K05692#1.000#0.264
OG_1336	K06269#1.000#0.000
OG_1397	K04392#0.928#0.757	K04513#1.000#0.000
OG_1713	K05765#0.999#0.607
OG_1331	K12755#0.998#0.416	K12757#1.000#0.000
OG_2272	K00889#1.000#0.000	K00920#0.961#0.793

### 04110	Cell cycle
OG_1781	K06630#0.999#0.577	K16197#0.999#0.000
OG_1183	K04802#0.979#0.039
OG_2017	K02213#0.969#0.760	K02603#1.000#0.000
OG_2280	K02180#0.975#0.000
OG_1473	K05868#0.991#0.420
OG_1384	K02212#1.000#0.000
OG_2558	K02365#0.988#0.734
OG_1128	K02214#1.000#0.000
OG_2265	K03083#0.999#0.000
OG_1629	K03357#1.000#0.000
OG_1671	K02604#0.996#0.000
OG_1217	K03350#1.000#0.029
OG_1722	K06067#1.000#0.000
OG_1516	K06631#0.999#0.000
OG_2233	K06636#0.980#0.000
OG_1118	K06669#0.972#0.057
OG_1573	K02209#0.997#0.000
OG_1711	K08866#1.000#0.000
OG_1816	K02210#1.000#0.000
OG_2018	K02606#0.932#0.000
OG_1429	K03363#1.000#0.000
OG_1501	K02087#1.000#0.067	K02206#1.000#0.000
OG_1728	K03868#1.000#0.000
OG_1787	K06640#0.966#0.000
OG_1167	K04682#0.932#0.516	K06620#0.998#0.021
OG_1710	K04802#0.998#0.000
OG_1611	K02541#1.000#0.007
OG_1500	K02542#0.998#0.000
OG_1850	K02542#0.998#0.000
OG_1951	K05867#0.941#0.381	K06645#0.957#0.316
OG_1223	K03094#1.000#0.075
OG_2894	K06670#0.942#0.649
OG_2045	K03355#0.993#0.000
OG_1162	K02540#0.994#0.016
OG_2425	K06671#0.986#0.000
OG_1648	K03353#0.905#0.000
OG_1208	K03364#1.000#0.024
OG_2046	K02216#1.000#0.000
OG_2811	K03358#0.997#0.146
OG_1143	K02202#1.000#0.077

### 04111	Cell cycle - yeast
OG_1128	K02214#1.000#0.000
OG_3894	K02219#0.996#0.000
OG_1274	K04354#0.852#0.044
OG_1664	K02309#0.955#0.775
OG_1384	K02212#1.000#0.000
OG_2558	K02365#0.988#0.734
OG_1782	K06674#0.964#0.000
OG_1101	K06676#0.991#0.058
OG_2280	K02180#0.975#0.000
OG_1473	K02220#1.000#0.000
OG_1258	K06677#0.997#0.000
OG_2017	K02213#0.969#0.760	K02603#1.000#0.000
OG_1573	K02209#0.997#0.000
OG_2233	K06636#0.980#0.000
OG_1118	K06669#0.972#0.057
OG_1671	K02604#0.996#0.000
OG_1629	K03357#1.000#0.000
OG_1516	K06660#0.990#0.331
OG_1217	K03350#1.000#0.029
OG_1449	K04382#1.000#0.000
OG_2493	K03456#0.995#0.000
OG_1500	K02542#0.998#0.000
OG_1611	K02541#1.000#0.007
OG_1984	K18669#0.973#0.437
OG_1429	K03363#1.000#0.000
OG_2018	K02606#0.932#0.000
OG_1728	K03868#1.000#0.000
OG_1501	K04563#1.000#0.118
OG_1816	K02210#1.000#0.000
OG_1711	K08866#1.000#0.000
OG_3184	K12412#0.878#0.411
OG_1648	K03353#0.905#0.000
OG_2811	K03358#0.997#0.146
OG_2046	K02216#1.000#0.000
OG_1208	K03364#1.000#0.024
OG_1162	K02540#0.994#0.016
OG_2045	K03355#0.993#0.000
OG_2894	K06670#0.942#0.649
OG_1223	K03094#1.000#0.075
OG_2425	K06671#0.986#0.000
OG_1850	K02542#0.998#0.000
OG_1951	K02555#0.999#0.000
OG_1726	K06675#0.989#0.000

### 04112	Cell cycle - Caulobacter

### 04113	Meiosis - yeast
OG_2046	K02216#1.000#0.000
OG_2811	K03358#0.997#0.146
OG_1648	K03353#0.905#0.000
OG_2425	K06671#0.986#0.000
OG_2045	K03355#0.993#0.000
OG_1162	K02540#0.994#0.016
OG_1979	K11584#0.999#0.000
OG_1850	K02542#0.998#0.000
OG_1500	K02542#0.998#0.000
OG_2493	K03456#0.995#0.000
OG_3349	K08139#0.872#0.836
OG_1611	K02541#1.000#0.007
OG_1581	K04345#0.928#0.000
OG_1501	K04563#1.000#0.118
OG_2018	K02606#0.932#0.000
OG_1405	K10878#1.000#0.000
OG_1429	K03363#1.000#0.000
OG_1816	K02210#1.000#0.000
OG_1573	K02209#0.997#0.000
OG_1118	K06669#0.972#0.057
OG_2233	K06636#0.980#0.000
OG_1217	K03350#1.000#0.029
OG_1516	K06660#0.990#0.331
OG_1671	K02604#0.996#0.000
OG_1629	K03357#1.000#0.000
OG_1449	K04382#1.000#0.000
OG_2817	K10872#1.000#0.041
OG_1128	K02214#1.000#0.000
OG_1336	K06269#1.000#0.000
OG_2558	K02365#0.988#0.734
OG_1384	K02212#1.000#0.000
OG_1664	K02309#0.955#0.775
OG_2017	K02213#0.969#0.760	K02603#1.000#0.000

### 04114	Oocyte meiosis
OG_1581	K04345#0.928#0.000
OG_1501	K02087#1.000#0.067	K02206#1.000#0.000
OG_1728	K03868#1.000#0.000
OG_1429	K03363#1.000#0.000
OG_1756	K11481#0.997#0.220
OG_2493	K03456#0.995#0.000
OG_1954	K02183#1.000#0.000
OG_3770	K13056#0.747#0.397
OG_1223	K03094#1.000#0.075
OG_2045	K03355#0.993#0.000
OG_1979	K11584#0.999#0.000
OG_1951	K05867#0.941#0.381
OG_2811	K03358#0.997#0.146
OG_1648	K03353#0.905#0.000
OG_1473	K05868#0.991#0.420
OG_2938	K13056#0.742#0.586
OG_1781	K06630#0.999#0.577	K16197#0.999#0.000
OG_1336	K06269#1.000#0.000
OG_2558	K02365#0.988#0.734
OG_1217	K03350#1.000#0.029
OG_1516	K06631#0.999#0.000
OG_1629	K03357#1.000#0.000
OG_1449	K04382#1.000#0.000
OG_2654	K04348#0.981#0.152
OG_1042	K06268#1.000#0.025
OG_1118	K06669#0.972#0.057
OG_2233	K06636#0.980#0.000

### 04210	Apoptosis
OG_2051	K07374#1.000#0.000
OG_2114	K08852#0.998#0.629
OG_1499	K05692#1.000#0.264
OG_1643	K03237#0.994#0.000

### 04115	p53 signaling pathway
OG_2388	K10144#0.998#0.000
OG_1501	K02087#1.000#0.067	K02206#1.000#0.000
OG_1787	K06640#0.966#0.000
OG_2046	K02216#1.000#0.000
OG_1052	K10808#1.000#0.024
OG_1473	K05868#0.991#0.420

### 04510	Focal adhesion
OG_1499	K05692#1.000#0.264
OG_2265	K03083#0.999#0.000
OG_1331	K12755#0.998#0.416	K12757#1.000#0.000
OG_1397	K04392#0.928#0.757	K04513#1.000#0.000
OG_1336	K06269#1.000#0.000

### 04520	Adherens junction
OG_1397	K04392#0.928#0.757	K04513#1.000#0.000
OG_1171	K03115#1.000#0.053
OG_1020	K03097#1.000#0.032
OG_1415	K03097#1.000#0.000
OG_1499	K05692#1.000#0.264

### 04530	Tight junction
OG_1827	K07901#1.000#0.000
OG_2519	K10591#0.976#0.000
OG_2493	K03456#0.995#0.000
OG_1710	K04802#0.998#0.000
OG_1499	K05692#1.000#0.264
OG_2051	K07374#1.000#0.000
OG_1581	K04345#0.928#0.000
OG_2505	K18050#0.996#0.083
OG_1352	K06100#0.981#0.000
OG_1295	K10352#0.987#0.047
OG_1331	K12755#0.998#0.416	K12757#1.000#0.000
OG_1449	K04382#1.000#0.000
OG_1274	K04354#0.852#0.044
OG_1183	K04802#0.979#0.039
OG_1397	K04392#0.928#0.757	K04513#1.000#0.000

### 04540	Gap junction
OG_1501	K02087#1.000#0.067
OG_1581	K04345#0.928#0.000
OG_1045	K07375#1.000#0.012
OG_2051	K07374#1.000#0.000

### 04640	Hematopoietic cell lineage

### 04610	Complement and coagulation cascades

### 04611	Platelet activation
OG_1336	K06269#1.000#0.000
OG_1397	K04513#1.000#0.000
OG_1331	K12757#1.000#0.000
OG_1499	K05692#1.000#0.264
OG_1581	K04345#0.928#0.000
OG_2720	K08512#0.991#0.591

### 04620	Toll-like receptor signaling pathway
OG_1397	K04392#0.928#0.757

### 04621	NOD-like receptor signaling pathway
OG_2235	K17065#1.000#0.000
OG_2243	K17065#1.000#0.000
OG_1391	K12795#1.000#0.000
OG_1397	K04513#1.000#0.000
OG_3740	K03671#0.995#0.284
OG_1431	K04079#0.999#0.000
OG_1519	K12795#0.996#0.000

### 04622	RIG-I-like receptor signaling pathway
OG_2675	K09578#1.000#0.000

### 04623	Cytosolic DNA-sensing pathway
OG_1038	K03021#1.000#0.009
OG_1701	K03014#1.000#0.000
OG_1880	K03007#1.000#0.000
OG_2918	K03009#0.887#0.211
OG_1041	K03018#0.998#0.018
OG_2032	K03016#1.000#0.000
OG_1491	K03027#1.000#0.000
OG_1213	K03019#1.000#0.029
OG_2208	K03020#1.000#0.000
OG_1560	K03025#1.000#0.000
OG_1863	K03022#0.969#0.000
OG_1688	K03013#0.998#0.000

### 04650	Natural killer cell mediated cytotoxicity
OG_2654	K04348#0.981#0.152
OG_1042	K06268#1.000#0.025
OG_1397	K04392#0.928#0.757

### 04612	Antigen processing and presentation
OG_1157	K03283#0.984#0.003
OG_1440	K08065#0.999#0.403
OG_1188	K08066#0.999#0.129
OG_1525	K08064#0.962#0.677
OG_1803	K03283#1.000#0.000
OG_1431	K04079#0.999#0.000

### 04660	T cell receptor signaling pathway
OG_1397	K04513#1.000#0.000
OG_2654	K04348#0.981#0.152
OG_1042	K06268#1.000#0.025
OG_2265	K03083#0.999#0.000

### 04662	B cell receptor signaling pathway
OG_2265	K03083#0.999#0.000
OG_1042	K06268#1.000#0.025
OG_2654	K04348#0.981#0.152
OG_1397	K04392#0.928#0.757

### 04664	Fc epsilon RI signaling pathway
OG_1397	K04392#0.928#0.757

### 04666	Fc gamma R-mediated phagocytosis
OG_1397	K04392#0.928#0.757
OG_1713	K05765#0.999#0.607
OG_2272	K00889#1.000#0.000
OG_2505	K18050#0.996#0.083
OG_2449	K01115#0.966#0.068

### 04670	Leukocyte transendothelial migration
OG_1397	K04392#0.928#0.757	K04513#1.000#0.000
OG_1331	K12755#0.998#0.416	K12757#1.000#0.000
OG_1499	K05692#1.000#0.264

### 04672	Intestinal immune network for IgA production

### 04062	Chemokine signaling pathway
OG_1581	K04345#0.928#0.000
OG_2265	K03083#0.999#0.000
OG_1397	K04392#0.928#0.757	K04513#1.000#0.000

### 04911	Insulin secretion
OG_1581	K04345#0.928#0.000

### 04910	Insulin signaling pathway
OG_1336	K06269#1.000#0.000
OG_2265	K03083#0.999#0.000
OG_1151	K00844#0.997#0.119
OG_1842	K03259#1.000#0.000
OG_1581	K04345#0.928#0.000
OG_1434	K02991#1.000#0.000
OG_1954	K02183#1.000#0.000
OG_1559	K03259#1.000#0.000
OG_2432	K04739#0.908#0.000
OG_1493	K02991#1.000#0.000

### 04920	Adipocytokine signaling pathway
OG_1079	K01897#1.000#0.000
OG_1304	K07297#0.999#1.000

### 03320	PPAR signaling pathway
OG_1079	K01897#1.000#0.000
OG_2387	K07513#0.997#0.000

### 04912	GnRH signaling pathway
OG_2449	K01115#0.966#0.068
OG_1581	K04345#0.928#0.000
OG_1954	K02183#1.000#0.000

### 04913	Ovarian steroidogenesis
OG_1581	K04345#0.928#0.000

### 04915	Estrogen signaling pathway
OG_1157	K03283#0.984#0.003
OG_1954	K02183#1.000#0.000
OG_1581	K04345#0.928#0.000
OG_1803	K03283#1.000#0.000
OG_1431	K04079#0.999#0.000

### 04914	Progesterone-mediated oocyte maturation
OG_2575	K10403#0.999#0.000
OG_1516	K06631#0.999#0.000
OG_1217	K03350#1.000#0.029
OG_1629	K03357#1.000#0.000
OG_1473	K05868#0.991#0.420
OG_2811	K03358#0.997#0.146
OG_1208	K03364#1.000#0.024
OG_1648	K03353#0.905#0.000
OG_2045	K03355#0.993#0.000
OG_1431	K04079#0.999#0.000
OG_1951	K05867#0.941#0.381	K06645#0.957#0.316
OG_1501	K02087#1.000#0.067	K02206#1.000#0.000
OG_1581	K04345#0.928#0.000
OG_1756	K11481#0.997#0.220

### 04917	Prolactin signaling pathway
OG_2265	K03083#0.999#0.000

### 04921	Oxytocin signaling pathway
OG_2654	K04348#0.981#0.152
OG_1042	K06268#1.000#0.025
OG_1331	K12755#0.998#0.416
OG_1397	K04513#1.000#0.000
OG_1193	K03234#0.999#0.012
OG_1336	K06269#1.000#0.000
OG_1581	K04345#0.928#0.000
OG_1499	K05692#1.000#0.264
OG_1954	K02183#1.000#0.000

### 04918	Thyroid hormone synthesis
OG_1487	K00432#0.901#0.000
OG_1581	K04345#0.928#0.000
OG_3281	K00383#0.989#0.298

### 04919	Thyroid hormone signaling pathway
OG_2265	K03083#0.999#0.000
OG_1722	K06067#1.000#0.000
OG_1988	K11404#1.000#0.000
OG_1503	K06062#1.000#0.000
OG_1581	K04345#0.928#0.000
OG_1499	K05692#1.000#0.264
OG_1419	K11644#0.988#0.000

### 04916	Melanogenesis
OG_1954	K02183#1.000#0.000
OG_1581	K04345#0.928#0.000
OG_2644	K00505#0.996#0.546
OG_2265	K03083#0.999#0.000
OG_1949	K00505#1.000#0.000

### 04614	Renin-angiotensin system

### 04260	Cardiac muscle contraction

### 04261	Adrenergic signaling in cardiomyocytes
OG_1449	K04382#1.000#0.000
OG_3871	K05850#0.920#0.157
OG_1336	K06269#1.000#0.000
OG_1274	K04354#0.852#0.044
OG_1979	K11584#0.999#0.000
OG_1581	K04345#0.928#0.000
OG_1954	K02183#1.000#0.000
OG_2493	K03456#0.995#0.000

### 04270	Vascular smooth muscle contraction
OG_2505	K18050#0.996#0.083
OG_1581	K04345#0.928#0.000
OG_1954	K02183#1.000#0.000
OG_1397	K04513#1.000#0.000
OG_1336	K06269#1.000#0.000
OG_1331	K12755#0.998#0.416

### 04970	Salivary secretion
OG_1581	K04345#0.928#0.000
OG_1954	K02183#1.000#0.000
OG_3871	K05850#0.920#0.157

### 04971	Gastric acid secretion
OG_1581	K04345#0.928#0.000
OG_1954	K02183#1.000#0.000

### 04972	Pancreatic secretion
OG_1397	K04392#0.928#0.757	K04513#1.000#0.000
OG_3871	K05850#0.920#0.157
OG_1411	K07904#1.000#0.000
OG_1827	K07901#1.000#0.000

### 04976	Bile secretion
OG_1581	K04345#0.928#0.000
OG_1082	K05681#0.991#0.565
OG_2350	K00021#0.997#0.000
OG_1819	K09866#0.979#0.681

### 04973	Carbohydrate digestion and absorption
OG_1151	K00844#0.997#0.119

### 04974	Protein digestion and absorption
OG_2557	K13868#0.980#0.686
OG_2154	K14206#0.916#0.519

### 04975	Fat digestion and absorption
OG_1668	K11155#0.998#0.000

### 04977	Vitamin digestion and absorption

### 04978	Mineral absorption
OG_1888	K00522#1.000#0.080
OG_1829	K14688#0.769#0.502

### 04962	Vasopressin-regulated water reabsorption
OG_1135	K07887#1.000#0.573	K07888#0.985#0.569	K07889#1.000#0.026
OG_2712	K10413#0.987#0.000
OG_2690	K04648#0.846#0.563
OG_1819	K09866#0.979#0.681
OG_1410	K06027#1.000#0.000
OG_1411	K07904#1.000#0.000	K07905#1.000#0.113
OG_1581	K04345#0.928#0.000

### 04960	Aldosterone-regulated sodium reabsorption

### 04961	Endocrine and other factor-regulated calcium reabsorption
OG_2243	K01528#0.985#0.000
OG_2525	K11827#1.000#0.740
OG_1411	K07904#1.000#0.000
OG_1581	K04345#0.928#0.000

### 04964	Proximal tubule bicarbonate reclamation

### 04966	Collecting duct acid secretion
OG_1039	K02150#0.992#0.064
OG_1264	K02149#1.000#0.017
OG_2013	K02155#1.000#0.000
OG_1859	K02145#1.000#0.000
OG_1492	K02146#0.998#0.000
OG_1900	K02148#0.998#0.000
OG_1239	K02154#1.000#0.000
OG_1778	K02150#0.990#0.000
OG_1369	K02151#1.000#0.000
OG_1971	K02155#1.000#0.000
OG_1550	K02147#1.000#0.000

### 04724	Glutamatergic synapse
OG_2449	K01115#0.966#0.068
OG_1581	K04345#0.928#0.000
OG_2654	K04348#0.981#0.152
OG_1042	K06268#1.000#0.025

### 04727	GABAergic synapse
OG_1581	K04345#0.928#0.000
OG_1410	K06027#1.000#0.000

### 04725	Cholinergic synapse
OG_1581	K04345#0.928#0.000

### 04728	Dopaminergic synapse
OG_1979	K11584#0.999#0.000
OG_2493	K03456#0.995#0.000
OG_1954	K02183#1.000#0.000
OG_1581	K04345#0.928#0.000
OG_2654	K04348#0.981#0.152
OG_1449	K04382#1.000#0.000
OG_2265	K03083#0.999#0.000
OG_1274	K04354#0.852#0.044
OG_1336	K06269#1.000#0.000

### 04726	Serotonergic synapse
OG_1581	K04345#0.928#0.000

### 04720	Long-term potentiation
OG_1581	K04345#0.928#0.000
OG_1954	K02183#1.000#0.000
OG_1042	K06268#1.000#0.025
OG_2654	K04348#0.981#0.152
OG_1336	K06269#1.000#0.000

### 04730	Long-term depression
OG_1449	K04382#1.000#0.000
OG_2493	K03456#0.995#0.000

### 04723	Retrograde endocannabinoid signaling
OG_1581	K04345#0.928#0.000

### 04721	Synaptic vesicle cycle
OG_1148	K08486#0.985#0.000
OG_1039	K02150#0.992#0.064
OG_1264	K02149#1.000#0.017
OG_1961	K02144#0.996#0.000
OG_2243	K01528#0.985#0.000
OG_1859	K02145#1.000#0.000
OG_2013	K02155#1.000#0.000
OG_2525	K11827#1.000#0.740
OG_1492	K02146#0.998#0.000
OG_1900	K02148#0.998#0.000
OG_1778	K02150#0.990#0.000
OG_1410	K06027#1.000#0.000
OG_1588	K03661#1.000#0.007
OG_1550	K02147#1.000#0.000
OG_1971	K02155#1.000#0.000
OG_1369	K02151#1.000#0.000
OG_1239	K02154#1.000#0.000
OG_1707	K15292#0.999#0.000

### 04722	Neurotrophin signaling pathway
OG_1397	K04392#0.928#0.757	K04513#1.000#0.000
OG_1781	K06630#0.999#0.577
OG_2265	K03083#0.999#0.000
OG_1954	K02183#1.000#0.000

### 04744	Phototransduction
OG_1954	K02183#1.000#0.000

### 04745	Phototransduction - fly
OG_1499	K05692#1.000#0.264
OG_1954	K02183#1.000#0.000

### 04740	Olfactory transduction
OG_1954	K02183#1.000#0.000
OG_1581	K04345#0.928#0.000

### 04742	Taste transduction
OG_1581	K04345#0.928#0.000

### 04750	Inflammatory mediator regulation of TRP channels
OG_1336	K06269#1.000#0.000
OG_2505	K18050#0.996#0.083
OG_1581	K04345#0.928#0.000
OG_1954	K02183#1.000#0.000

### 04320	Dorso-ventral axis formation

### 04360	Axon guidance
OG_2265	K03083#0.999#0.000
OG_2654	K04348#0.981#0.152
OG_1042	K06268#1.000#0.025
OG_1397	K04392#0.928#0.757	K04513#1.000#0.000
OG_1713	K05765#0.999#0.607

### 04380	Osteoclast differentiation
OG_1042	K06268#1.000#0.025
OG_2654	K04348#0.981#0.152
OG_1397	K04392#0.928#0.757

### 04710	Circadian rhythm
OG_1223	K03094#1.000#0.075
OG_1728	K03868#1.000#0.000

### 04713	Circadian entrainment
OG_1581	K04345#0.928#0.000
OG_1954	K02183#1.000#0.000

### 04711	Circadian rhythm - fly
OG_2265	K03083#0.999#0.000

### 04712	Circadian rhythm - plant
OG_1020	K03097#1.000#0.032
OG_1171	K03115#1.000#0.053
OG_1415	K03097#1.000#0.000

### 04626	Plant-pathogen interaction
OG_1391	K12795#1.000#0.000
OG_1431	K04079#0.999#0.000
OG_1519	K12795#0.996#0.000
OG_1954	K02183#1.000#0.000

### 05200	Pathways in cancer
OG_2265	K03083#0.999#0.000
OG_1722	K06067#1.000#0.000
OG_1656	K08734#0.999#0.000
OG_1716	K08737#0.997#0.000
OG_3894	K02219#0.996#0.000
OG_1555	K04482#1.000#0.000
OG_1397	K04392#0.928#0.757	K04513#1.000#0.000
OG_1207	K08734#0.999#0.073
OG_2145	K11126#0.998#0.000
OG_1223	K03094#1.000#0.075
OG_1431	K04079#0.999#0.000
OG_2821	K03511#0.938#0.000
OG_1167	K06620#0.998#0.021
OG_1954	K02183#1.000#0.000
OG_1728	K03868#1.000#0.000
OG_1501	K02206#1.000#0.000
OG_1581	K04345#0.928#0.000
OG_1340	K08735#0.995#0.000

### 05202	Transcriptional misregulation in cancer
OG_1610	K09355#0.983#0.000
OG_1722	K06067#1.000#0.000
OG_1243	K11253#1.000#0.000
OG_3289	K11313#0.932#0.553
OG_2485	K11253#1.000#0.000
OG_1419	K11644#0.988#0.000
OG_2821	K03511#0.938#0.000
OG_1470	K12823#0.996#0.000

### 05206	MicroRNAs in cancer
OG_1397	K04513#1.000#0.000
OG_1808	K10577#1.000#0.000
OG_2505	K18050#0.996#0.083
OG_1167	K06620#0.998#0.021
OG_1797	K11430#0.999#0.009
OG_1951	K05867#0.941#0.381	K06645#0.957#0.316

### 05205	Proteoglycans in cancer
OG_1336	K06269#1.000#0.000
OG_1397	K04392#0.928#0.757	K04513#1.000#0.000
OG_1499	K05692#1.000#0.264
OG_1434	K02991#1.000#0.000
OG_1470	K12823#0.996#0.000
OG_1581	K04345#0.928#0.000
OG_1493	K02991#1.000#0.000
OG_2598	K03685#0.957#1.000

### 05204	Chemical carcinogenesis

### 05203	Viral carcinogenesis
OG_1202	K10587#0.981#0.039
OG_2046	K02216#1.000#0.000
OG_1140	K03123#1.000#0.016
OG_2014	K03143#0.995#0.000
OG_2273	K11838#1.000#0.000
OG_1968	K00873#0.993#0.000
OG_1137	K03142#1.000#0.029
OG_1086	K03124#1.000#0.004
OG_1492	K02146#0.998#0.000
OG_1936	K11254#1.000#0.000
OG_1749	K03136#0.998#0.000
OG_1429	K03363#1.000#0.000
OG_1501	K02087#1.000#0.067	K02206#1.000#0.000
OG_1581	K04345#0.928#0.000
OG_2019	K03122#0.989#0.000
OG_1988	K11404#1.000#0.000
OG_3127	K06063#0.867#1.000
OG_1696	K15306#1.000#0.000
OG_1427	K03120#1.000#0.000
OG_1504	K03137#0.999#0.000
OG_1722	K06067#1.000#0.000
OG_1503	K06062#1.000#0.000
OG_3737	K06063#0.974#0.416
OG_1554	K11252#1.000#0.000
OG_1397	K04392#0.928#0.757	K04513#1.000#0.000
OG_1781	K06630#0.999#0.577	K16197#0.999#0.000
OG_1670	K03062#1.000#0.000
OG_1198	K03144#1.000#0.045

### 05210	Colorectal cancer
OG_1656	K08734#0.999#0.000
OG_1716	K08737#0.997#0.000
OG_1397	K04392#0.928#0.757	K04513#1.000#0.000
OG_1207	K08734#0.999#0.073
OG_2265	K03083#0.999#0.000
OG_2821	K03511#0.938#0.000
OG_1340	K08735#0.995#0.000

### 05212	Pancreatic cancer
OG_1167	K06620#0.998#0.021
OG_2821	K03511#0.938#0.000
OG_1397	K04392#0.928#0.757
OG_1555	K04482#1.000#0.000

### 05214	Glioma
OG_1167	K06620#0.998#0.021
OG_2821	K03511#0.938#0.000
OG_1954	K02183#1.000#0.000

### 05216	Thyroid cancer
OG_2821	K03511#0.938#0.000

### 05221	Acute myeloid leukemia

### 05220	Chronic myeloid leukemia
OG_2821	K03511#0.938#0.000
OG_1167	K06620#0.998#0.021
OG_1722	K06067#1.000#0.000

### 05217	Basal cell carcinoma
OG_2265	K03083#0.999#0.000
OG_2821	K03511#0.938#0.000

### 05218	Melanoma
OG_2821	K03511#0.938#0.000
OG_1167	K06620#0.998#0.021

### 05211	Renal cell carcinoma
OG_1728	K03868#1.000#0.000
OG_1397	K04392#0.928#0.757

### 05219	Bladder cancer
OG_1167	K06620#0.998#0.021

### 05215	Prostate cancer
OG_1431	K04079#0.999#0.000
OG_1501	K02206#1.000#0.000
OG_1167	K06620#0.998#0.021
OG_2265	K03083#0.999#0.000

### 05213	Endometrial cancer
OG_2265	K03083#0.999#0.000
OG_1207	K08734#0.999#0.073
OG_1656	K08734#0.999#0.000
OG_2821	K03511#0.938#0.000

### 05222	Small cell lung cancer
OG_2028	K01522#1.000#0.000
OG_3894	K02219#0.996#0.000
OG_2821	K03511#0.938#0.000
OG_1167	K06620#0.998#0.021
OG_1501	K02206#1.000#0.000

### 05223	Non-small cell lung cancer
OG_1167	K06620#0.998#0.021
OG_2821	K03511#0.938#0.000
OG_2028	K01522#1.000#0.000

### 05310	Asthma

### 05322	Systemic lupus erythematosus
OG_1921	K11090#0.952#0.000
OG_2048	K11251#1.000#0.000
OG_1554	K11252#1.000#0.000
OG_2826	K11086#0.999#0.000
OG_2852	K11087#1.000#0.000
OG_1936	K11254#1.000#0.000
OG_2485	K11253#1.000#0.000
OG_2295	K11088#1.000#0.078
OG_1243	K11253#1.000#0.000

### 05323	Rheumatoid arthritis
OG_1859	K02145#1.000#0.000
OG_2013	K02155#1.000#0.000
OG_1039	K02150#0.992#0.064
OG_1264	K02149#1.000#0.017
OG_1961	K02144#0.996#0.000
OG_1778	K02150#0.990#0.000
OG_1588	K03661#1.000#0.007
OG_1971	K02155#1.000#0.000
OG_1369	K02151#1.000#0.000
OG_1550	K02147#1.000#0.000
OG_1239	K02154#1.000#0.000
OG_1492	K02146#0.998#0.000
OG_1900	K02148#0.998#0.000

### 05320	Autoimmune thyroid disease

### 05321	Inflammatory bowel disease (IBD)

### 05330	Allograft rejection

### 05332	Graft-versus-host disease

### 05340	Primary immunodeficiency
OG_1697	K03648#1.000#0.000
OG_3284	K01488#0.984#0.823

### 05010	Alzheimer's disease
OG_1995	K00134#1.000#0.000
OG_2654	K04348#0.981#0.152
OG_1042	K06268#1.000#0.025
OG_2265	K03083#0.999#0.000
OG_1885	K01408#0.992#0.000
OG_1954	K02183#1.000#0.000
OG_2114	K08852#0.998#0.629

### 05012	Parkinson's disease
OG_1190	K03178#0.999#0.040
OG_1581	K04345#0.928#0.000
OG_1065	K09565#1.000#0.000
OG_1765	K04555#0.988#0.759	K10575#1.000#0.000

### 05014	Amyotrophic lateral sclerosis (ALS)
OG_1397	K04392#0.928#0.757
OG_2010	K11518#1.000#0.000
OG_1135	K07887#1.000#0.573
OG_1042	K06268#1.000#0.025
OG_2654	K04348#0.981#0.152

### 05016	Huntington's disease
OG_2002	K03015#1.000#0.000
OG_1017	K03008#1.000#0.052
OG_1319	K03012#1.000#0.000
OG_1539	K04564#1.000#0.000
OG_1419	K11644#0.988#0.000
OG_1688	K03013#0.998#0.000
OG_1065	K09565#1.000#0.000
OG_2525	K11827#1.000#0.740
OG_2032	K03016#1.000#0.000
OG_1041	K03006#0.995#0.000
OG_1722	K06067#1.000#0.000
OG_1165	K03011#1.000#0.026
OG_1427	K03120#1.000#0.000
OG_1943	K03008#1.000#0.000
OG_2054	K03017#1.000#0.000
OG_2690	K04648#0.846#0.563
OG_1038	K03010#1.000#0.000
OG_1701	K03014#1.000#0.000
OG_1880	K03007#1.000#0.000
OG_2918	K03009#0.887#0.211

### 05020	Prion diseases
OG_1581	K04345#0.928#0.000

### 05030	Cocaine addiction
OG_1581	K04345#0.928#0.000

### 05031	Amphetamine addiction
OG_1954	K02183#1.000#0.000
OG_1581	K04345#0.928#0.000
OG_1042	K06268#1.000#0.025
OG_2654	K04348#0.981#0.152
OG_1336	K06269#1.000#0.000

### 05032	Morphine addiction
OG_1581	K04345#0.928#0.000

### 05033	Nicotine addiction

### 05034	Alcoholism
OG_2485	K11253#1.000#0.000
OG_1243	K11253#1.000#0.000
OG_1954	K02183#1.000#0.000
OG_1936	K11254#1.000#0.000
OG_1722	K06067#1.000#0.000
OG_1988	K11404#1.000#0.000
OG_1554	K11252#1.000#0.000
OG_2048	K11251#1.000#0.000
OG_1336	K06269#1.000#0.000

### 05410	Hypertrophic cardiomyopathy (HCM)
OG_1499	K05692#1.000#0.264

### 05412	Arrhythmogenic right ventricular cardiomyopathy (ARVC)
OG_1499	K05692#1.000#0.264

### 05414	Dilated cardiomyopathy
OG_1581	K04345#0.928#0.000
OG_1499	K05692#1.000#0.264

### 05416	Viral myocarditis
OG_1997	K03260#0.979#0.000
OG_1397	K04392#0.928#0.757
OG_1499	K05692#1.000#0.264

### 04940	Type I diabetes mellitus

### 04930	Type II diabetes mellitus
OG_1151	K00844#0.997#0.119
OG_2505	K18050#0.996#0.083
OG_1968	K00873#0.993#0.000

### 04932	Non-alcoholic fatty liver disease (NAFLD)
OG_2114	K08852#0.998#0.629
OG_1643	K03237#0.994#0.000
OG_1397	K04392#0.928#0.757
OG_1304	K07297#0.999#1.000
OG_2265	K03083#0.999#0.000

### 04950	Maturity onset diabetes of the young

### 05110	Vibrio cholerae infection
OG_1588	K03661#1.000#0.007
OG_1646	K10956#0.998#0.000
OG_1778	K02150#0.990#0.000
OG_1550	K02147#1.000#0.000
OG_1369	K02151#1.000#0.000
OG_1971	K02155#1.000#0.000
OG_1239	K02154#1.000#0.000
OG_1581	K04345#0.928#0.000
OG_1492	K02146#0.998#0.000
OG_1499	K05692#1.000#0.264
OG_1900	K02148#0.998#0.000
OG_2013	K02155#1.000#0.000
OG_1859	K02145#1.000#0.000
OG_1205	K10949#1.000#0.000
OG_1039	K02150#0.992#0.064
OG_2483	K09481#1.000#0.000
OG_1264	K02149#1.000#0.017
OG_2355	K07342#0.998#0.000
OG_1961	K02144#0.996#0.000

### 05111	Vibrio cholerae pathogenic cycle

### 05120	Epithelial cell signaling in Helicobacter pylori infection
OG_1859	K02145#1.000#0.000
OG_2013	K02155#1.000#0.000
OG_1961	K02144#0.996#0.000
OG_1264	K02149#1.000#0.017
OG_1397	K04392#0.928#0.757
OG_1039	K02150#0.992#0.064
OG_1239	K02154#1.000#0.000
OG_1971	K02155#1.000#0.000
OG_1369	K02151#1.000#0.000
OG_1550	K02147#1.000#0.000
OG_1778	K02150#0.990#0.000
OG_1588	K03661#1.000#0.007
OG_1900	K02148#0.998#0.000
OG_1492	K02146#0.998#0.000

### 05130	Pathogenic Escherichia coli infection
OG_1397	K04513#1.000#0.000
OG_1045	K07375#1.000#0.012
OG_2051	K07374#1.000#0.000
OG_1499	K05692#1.000#0.264
OG_1790	K11294#0.954#0.000

### 05132	Salmonella infection
OG_1499	K05692#1.000#0.264
OG_2712	K10413#0.987#0.000
OG_1397	K04392#0.928#0.757

### 05131	Shigellosis
OG_3228	K12836#0.999#0.000
OG_1397	K04392#0.928#0.757
OG_1499	K05692#1.000#0.264

### 05133	Pertussis
OG_1954	K02183#1.000#0.000
OG_1397	K04513#1.000#0.000
OG_1713	K05765#0.999#0.607

### 05134	Legionellosis
OG_1412	K07874#0.999#0.000
OG_1439	K07953#1.000#0.000
OG_1517	K03231#0.995#0.000
OG_1157	K03283#0.984#0.003
OG_1478	K13525#1.000#0.000
OG_1803	K03283#1.000#0.000
OG_1455	K08517#1.000#0.000

### 05150	Staphylococcus aureus infection

### 05152	Tuberculosis
OG_1397	K04513#1.000#0.000
OG_1961	K02144#0.996#0.000
OG_2711	K00914#0.996#0.005
OG_2013	K02155#1.000#0.000
OG_1042	K06268#1.000#0.025
OG_2654	K04348#0.981#0.152
OG_1135	K07887#1.000#0.573	K07888#0.985#0.569	K07889#1.000#0.026
OG_1157	K04043#0.998#0.000
OG_1525	K08064#0.962#0.677
OG_1188	K08066#0.999#0.129
OG_1954	K02183#1.000#0.000
OG_1440	K08065#0.999#0.403
OG_1492	K02146#0.998#0.000
OG_1971	K02155#1.000#0.000
OG_1588	K03661#1.000#0.007
OG_1239	K02154#1.000#0.000

### 05100	Bacterial invasion of epithelial cells
OG_1499	K05692#1.000#0.264
OG_2243	K01528#0.985#0.000
OG_1397	K04392#0.928#0.757	K04513#1.000#0.000

### 05166	HTLV-I infection
OG_1217	K03350#1.000#0.029
OG_1912	K00787#1.000#0.072
OG_2073	K02328#1.000#0.000
OG_1629	K03357#1.000#0.000
OG_1427	K03120#1.000#0.000
OG_2277	K02325#0.995#0.000
OG_2265	K03083#0.999#0.000
OG_2654	K04348#0.981#0.152
OG_1696	K15306#1.000#0.000
OG_1042	K06268#1.000#0.025
OG_1155	K02327#1.000#0.000
OG_1931	K02324#0.989#0.000
OG_1996	K02325#0.993#0.000
OG_1532	K11304#0.998#0.000
OG_2280	K02180#0.975#0.000
OG_1183	K04802#0.979#0.039
OG_1503	K06062#1.000#0.000
OG_1505	K14290#0.986#0.000
OG_2045	K03355#0.993#0.000
OG_1530	K07936#1.000#0.000
OG_2873	K08874#0.976#0.000
OG_2145	K11126#0.998#0.000
OG_2046	K02216#1.000#0.000
OG_2811	K03358#0.997#0.146
OG_1648	K03353#0.905#0.000
OG_1581	K04345#0.928#0.000
OG_1429	K03363#1.000#0.000
OG_2565	K11304#1.000#0.000
OG_3274	K08874#0.887#0.320
OG_1710	K04802#0.998#0.000
OG_1440	K08065#0.999#0.403
OG_1787	K06640#0.966#0.000
OG_1167	K06620#0.998#0.021

### 05162	Measles
OG_1157	K03283#0.984#0.003
OG_1415	K03097#1.000#0.000
OG_2265	K03083#0.999#0.000
OG_1020	K03097#1.000#0.032
OG_1171	K03115#1.000#0.053
OG_1803	K03283#1.000#0.000
OG_1643	K03237#0.994#0.000
OG_1771	K14753#1.000#0.000
OG_2388	K10144#0.998#0.000
OG_1501	K02206#1.000#0.000

### 05164	Influenza A
OG_1505	K14290#0.986#0.000
OG_1803	K03283#1.000#0.000
OG_1643	K03237#0.994#0.000
OG_1499	K05692#1.000#0.264
OG_1498	K14404#1.000#0.000
OG_2265	K03083#0.999#0.000
OG_1403	K14298#1.000#0.000
OG_1254	K12812#1.000#0.148
OG_1912	K00787#1.000#0.072
OG_1157	K03283#0.984#0.003
OG_2678	K14396#1.000#0.000
OG_1773	K09523#0.947#0.000

### 05161	Hepatitis B
OG_1501	K02206#1.000#0.000
OG_1710	K04802#0.998#0.000
OG_1167	K06620#0.998#0.021
OG_1781	K16197#0.999#0.000
OG_1183	K04802#0.979#0.039

### 05160	Hepatitis C
OG_2493	K03456#0.995#0.000
OG_1643	K03237#0.994#0.000
OG_1274	K04354#0.852#0.044
OG_2265	K03083#0.999#0.000
OG_1449	K04382#1.000#0.000

### 05168	Herpes simplex infection
OG_1336	K06269#1.000#0.000
OG_1020	K03097#1.000#0.032
OG_1171	K03115#1.000#0.053
OG_1839	K03133#1.000#0.000
OG_1875	K03134#1.000#0.000
OG_1249	K03130#1.000#0.000
OG_1415	K03097#1.000#0.000
OG_1041	K03006#0.995#0.000
OG_1565	K03131#1.000#0.000
OG_1427	K03120#1.000#0.000
OG_1501	K02087#1.000#0.067	K02206#1.000#0.000
OG_1290	K03127#1.000#0.005
OG_1765	K02207#0.930#0.843
OG_1643	K03237#0.994#0.000
OG_1223	K03094#1.000#0.075
OG_2273	K11838#1.000#0.000

### 05169	Epstein-Barr virus infection
OG_1749	K03136#0.998#0.000
OG_1688	K03013#0.998#0.000
OG_1755	K03039#0.984#0.000
OG_1863	K03022#0.969#0.000
OG_1501	K02087#1.000#0.067	K02206#1.000#0.000
OG_1581	K04345#0.928#0.000
OG_2197	K03035#0.999#0.000
OG_1179	K03038#1.000#0.031
OG_1785	K03030#1.000#0.000
OG_1560	K03025#1.000#0.000
OG_2208	K03020#1.000#0.000
OG_1854	K03028#1.000#0.000
OG_2519	K10591#0.976#0.000
OG_2273	K11838#1.000#0.000
OG_1530	K07936#1.000#0.000
OG_1505	K14290#0.986#0.000
OG_1086	K03124#1.000#0.004
OG_1319	K03012#1.000#0.000
OG_1017	K03008#1.000#0.052
OG_1803	K03283#1.000#0.000
OG_1447	K03065#1.000#0.000
OG_1357	K03037#0.998#0.000
OG_1398	K03029#0.999#0.000
OG_1856	K03035#0.980#0.000
OG_2002	K03015#1.000#0.000
OG_1781	K06630#0.999#0.577	K16197#0.999#0.000
OG_2918	K03009#0.887#0.211
OG_1187	K03063#1.000#0.000
OG_1670	K03062#1.000#0.000
OG_1631	K03036#0.990#0.000
OG_1701	K03014#1.000#0.000
OG_1880	K03007#1.000#0.000
OG_2361	K03033#0.954#0.000
OG_2021	K03064#1.000#0.000
OG_1844	K03033#0.993#0.000
OG_1171	K03115#1.000#0.053
OG_1038	K03010#1.000#0.000	K03021#1.000#0.009
OG_1020	K03097#1.000#0.032
OG_1943	K03008#1.000#0.000
OG_3737	K06063#0.974#0.416
OG_1016	K03032#0.938#0.033
OG_2054	K03017#1.000#0.000
OG_1213	K03019#1.000#0.029
OG_1165	K03011#1.000#0.026
OG_2265	K03083#0.999#0.000
OG_1733	K03066#1.000#0.000
OG_1427	K03120#1.000#0.000
OG_1504	K03137#0.999#0.000
OG_1491	K03027#1.000#0.000
OG_1722	K06067#1.000#0.000
OG_1041	K03006#0.995#0.000	K03018#0.998#0.018
OG_2032	K03016#1.000#0.000
OG_3127	K06063#0.867#1.000
OG_1157	K03283#0.984#0.003
OG_1727	K03061#1.000#0.000
OG_1415	K03097#1.000#0.000

### 05146	Amoebiasis
OG_1581	K04345#0.928#0.000
OG_1135	K07887#1.000#0.573	K07888#0.985#0.569	K07889#1.000#0.026

### 05144	Malaria

### 05145	Toxoplasmosis
OG_1803	K03283#1.000#0.000
OG_1065	K09565#1.000#0.000
OG_1157	K03283#0.984#0.003

### 05140	Leishmaniasis

### 05142	Chagas disease (American trypanosomiasis)
OG_1274	K04354#0.852#0.044
OG_1449	K04382#1.000#0.000
OG_2493	K03456#0.995#0.000

### 05143	African trypanosomiasis

### 00312	beta-Lactam resistance

### 07011	Penicillins

### 07012	Cephalosporins - parenteral agents

### 07013	Cephalosporins - oral agents

### 07021	Aminoglycosides

### 07019	Tetracyclines

### 07020	Macrolides and ketolides

### 07014	Quinolones

### 07023	Rifamycins

### 07026	Antifungal agents

### 07044	Antivirals

### 07053	Anti-HIV agents

### 07040	Antineoplastics - alkylating agents

### 07041	Antineoplastics - antimetabolic agents

### 07042	Antineoplastics - agents from natural products

### 07043	Antineoplastics - hormones

### 07045	Antineoplastics - protein kinases inhibitors

### 07032	Hypnotics

### 07030	Anxiolytics

### 07033	Anticonvulsants

### 07015	Local analgesics

### 07039	Opioid analgesics

### 07028	Antipsychotics

### 07029	Phenothiazines

### 07031	Butyrophenones

### 07027	Antidepressants

### 07056	Agents for Alzheimer-type dementia

### 07057	Antiparkinsonian agents

### 07055	Sulfonamide derivatives - overview

### 07016	Sulfonamide derivatives - sulfa drugs

### 07017	Sulfonamide derivatives - diuretics

### 07018	Sulfonamide derivatives - hypoglycemic agents

### 07037	Antiarrhythmic drugs

### 07038	Antiulcer drugs

### 07046	Immunosuppressive agents

### 07047	Osteoporosis drugs

### 07048	Antimigraines

### 07049	Antithrombosis agents

### 07050	Antirheumatics - DMARDs and biological agents

### 07051	Antidiabetics

### 07052	Antidyslipidemic agents

### 07054	Antiglaucoma agents

### 07220	Cholinergic and anticholinergic drugs

### 07215	alpha-Adrenergic receptor agonists/antagonists

### 07214	beta-Adrenergic receptor agonists/antagonists

### 07213	Dopamine receptor agonists/antagonists

### 07212	Histamine H1 receptor antagonists

### 07227	Histamine H2/H3 receptor agonists/antagonists

### 07211	Serotonin receptor agonists/antagonists

### 07228	Eicosanoid receptor agonists/antagonists

### 07224	Opioid receptor agonists/antagonists

### 07229	Angiotensin receptor and endothelin receptor antagonists

### 07225	Glucocorticoid and meneralocorticoid receptor agonists/antagonists

### 07226	Progesterone, androgen and estrogen receptor agonists/antagonists

### 07223	Retinoic acid receptor (RAR) and retinoid X receptor (RXR) agonists/antagonists

### 07222	Peroxisome proliferator-activated receptor (PPAR) agonists

### 07221	Nicotinic cholinergic receptor antagonists

### 07230	GABA-A receptor agonists/antagonists

### 07036	Calcium channel blocking drugs

### 07231	Sodium channel blocking drugs

### 07232	Potassium channel blocking and opening drugs

### 07235	N-Metyl-D-aspartic acid receptor antagonists

### 07233	Ion transporter inhibitors

### 07234	Neurotransmitter transporter inhibitors

### 07216	Catecholamine transferase inhibitors

### 07219	Cyclooxygenase inhibitors

### 07024	HMG-CoA reductase inhibitors

### 07217	Renin-angiotensin system inhibitors

### 07218	HIV protease inhibitors

### 07025	Quinolines

### 07034	Eicosanoids

### 07035	Prostaglandins

### 07110	Benzoic acid family

### 07112	1,2-Diphenyl substitution family

### 07114	Naphthalene family

### 07117	Benzodiazepine family

