geneID	orthoID	fullName	ncbiID	supertaxon	Variable 1	Variable 2	%Spec
OG_1087	nempa_5256_1:NEPG_01603	Nematocida parisii	586133	Microsporidia	0.99597986355	0	0.909090909
OG_1087	nosce_4242_1:NCER_100803	Nosema ceranae	40302	Microsporidia	0.99373900295	0	0.909090909
OG_1087	enche_5516_1:EHEL_061310	Encephalitozoon hellem	27973	Microsporidia	0.99955292869	0	0.909090909
OG_1087	vavcu_5255_1:VCUG_00498	Vavraia culicis	103449	Microsporidia	0.939207049	0	0.909090909
OG_1087	annca_339:H312_02921	Anncaliia algerae PRA339	1288291	Microsporidia	0.99815117866	0	0.909090909
OG_1087	entbi_4241_1:EBI_25788	Enterocytozoon bieneusi	31281	Microsporidia	1	0	0.909090909
OG_1087	enccu_2934_1:ECU06_1330	Encephalitozoon cuniculi	6035	Microsporidia	0.998729407	0	0.909090909
OG_1087	vitco_50505:VICG_01456	Vittaforma corneae ATCC 50505	993615	Microsporidia	0.998729407	0	0.909090909
OG_1087	edhae_4124_1:EDEG_02080	Edhazardia aedis	70536	Microsporidia	0.99878220935	0	0.909090909
OG_1087	encin_5517_1:Eint_061290	Encephalitozoon intestinalis ATCC 50506	876142	Microsporidia	0.99958260256	0	0.909090909
OG_1090	encin_5517_1:Eint_101490	Encephalitozoon intestinalis ATCC 50506	876142	Microsporidia	1	0	0.909090909
OG_1090	enccu_2934_1:ECU10_1530	Encephalitozoon cuniculi	6035	Microsporidia	0.999621214	0	0.909090909
OG_1090	nempa_5256_1:NEPG_00906	Nematocida parisii	586133	Microsporidia	0.991203703	0	0.909090909
OG_1090	edhae_4124_1:EDEG_03678	Edhazardia aedis	70536	Microsporidia	0.998659543	0	0.909090909
OG_1090	nosce_4242_1:NCER_102186	Nosema ceranae	40302	Microsporidia	0.99944398	0	0.909090909
OG_1090	vavcu_5255_1:VCUG_01385	Vavraia culicis	103449	Microsporidia	0.99978355	0	0.909090909
OG_1090	antlo_2712:1325	Antonospora locustae	278021	Microsporidia	0.997637794	0	0.909090909
OG_1090	annca_339:H312_02820	Anncaliia algerae PRA339	1288291	Microsporidia	0.99944398	0	0.909090909
OG_1090	entbi_4241_1:EBI_26254	Enterocytozoon bieneusi	31281	Microsporidia	0.999182914	0	0.909090909
OG_1090	enche_5516_1:EHEL_101560	Encephalitozoon hellem	27973	Microsporidia	1	0	0.909090909
OG_1182	nempa_5256_1:NEPG_00864	Nematocida parisii	586133	Microsporidia	0.99578611084	0	1.000000000
OG_1182	vitco_50505:VICG_00790	Vittaforma corneae ATCC 50505	993615	Microsporidia	0.99091812461	0	1.000000000
OG_1182	edhae_4124_1:EDEG_01204	Edhazardia aedis	70536	Microsporidia	0.99842356072	0	1.000000000
OG_1182	enche_5516_1:EHEL_041080	Encephalitozoon hellem	27973	Microsporidia	0.99915644403	0	1.000000000
OG_1182	encin_5517_1:Eint_041130	Encephalitozoon intestinalis ATCC 50506	876142	Microsporidia	0.99913905988	0	1.000000000
OG_1182	antlo_2712:2534	Antonospora locustae	278021	Microsporidia	0.99852315884	0	1.000000000
OG_1182	annca_339:H312_02866	Anncaliia algerae PRA339	1288291	Microsporidia	0.99451652083	0	1.000000000
OG_1182	entbi_4241_1:EBI_27094	Enterocytozoon bieneusi	31281	Microsporidia	0.994618834	0	1.000000000
OG_1182	vavcu_5255_1:VCUG_01458	Vavraia culicis	103449	Microsporidia	0.99147030034	0	1.000000000
OG_1182	nosce_4242_1:NCER_101817	Nosema ceranae	40302	Microsporidia	0.997520662	0	1.000000000
OG_1182	enccu_2934_1:ECU04_1150	Encephalitozoon cuniculi	6035	Microsporidia	0.99575401475	0	1.000000000
OG_1185	nosce_4242_1:NCER_100279	Nosema ceranae	40302	Microsporidia	0.99907210528	0	1.000000000
OG_1185	antlo_2712:812	Antonospora locustae	278021	Microsporidia	0.99697716751	0	1.000000000
OG_1185	edhae_4124_1:EDEG_02780	Edhazardia aedis	70536	Microsporidia	0.99629150002	0	1.000000000
OG_1185	encin_5517_1:Eint_010690	Encephalitozoon intestinalis ATCC 50506	876142	Microsporidia	1	0	1.000000000
OG_1185	vavcu_5255_1:VCUG_00129	Vavraia culicis	103449	Microsporidia	0.99907133002	0	1.000000000
OG_1185	enche_5516_1:EHEL_010660	Encephalitozoon hellem	27973	Microsporidia	1	0	1.000000000
OG_1185	vitco_50505:VICG_01221	Vittaforma corneae ATCC 50505	993615	Microsporidia	0.99721006255	0	1.000000000
OG_1185	entbi_4241_1:EBI_25502	Enterocytozoon bieneusi	31281	Microsporidia	0.99218651437	0	1.000000000
OG_1185	annca_339:H312_00606	Anncaliia algerae PRA339	1288291	Microsporidia	0.99350740258	0	1.000000000
OG_1185	enccu_2934_1:ECU01_0790	Encephalitozoon cuniculi	6035	Microsporidia	1	0	1.000000000
OG_1185	nempa_5256_1:NEPG_02078	Nematocida parisii	586133	Microsporidia	0.9968104711	0	1.000000000
OG_1261	enche_5516_1:EHEL_101210	Encephalitozoon hellem	27973	Microsporidia	0.99776738458	0	1.000000000
OG_1261	entbi_4241_1:EBI_22815	Enterocytozoon bieneusi	31281	Microsporidia	0.876060607	0	1.000000000
OG_1261	vitco_50505:VICG_00100	Vittaforma corneae ATCC 50505	993615	Microsporidia	0.835080646	0	1.000000000
OG_1261	nempa_5256_1:NEPG_01755	Nematocida parisii	586133	Microsporidia	0.69464593969	0	1.000000000
OG_1261	antlo_2712:1049	Antonospora locustae	278021	Microsporidia	0.893321299	0	1.000000000
OG_1261	edhae_4124_1:EDEG_03563	Edhazardia aedis	70536	Microsporidia	0.987734806	0	1.000000000
OG_1261	vavcu_5255_1:VCUG_00063	Vavraia culicis	103449	Microsporidia	0.92460820314	0	1.000000000
OG_1261	nosce_4242_1:NCER_100189	Nosema ceranae	40302	Microsporidia	0.54136546069	0	1.000000000
OG_1261	encin_5517_1:Eint_101140	Encephalitozoon intestinalis ATCC 50506	876142	Microsporidia	0.99901025509	0	1.000000000
OG_1261	enccu_2934_1:ECU10_1190	Encephalitozoon cuniculi	6035	Microsporidia	0	0	1.000000000
OG_1261	annca_339:H312_02823	Anncaliia algerae PRA339	1288291	Microsporidia	0.618956042	0	1.000000000
OG_1323	enccu_2934_1:ECU08_1370	Encephalitozoon cuniculi	6035	Microsporidia	0.99982595983	0	1.000000000
OG_1323	annca_339:H312_00068	Anncaliia algerae PRA339	1288291	Microsporidia	0.99934039867	0	1.000000000
OG_1323	vavcu_5255_1:VCUG_01469	Vavraia culicis	103449	Microsporidia	0.998192848	0	1.000000000
OG_1323	vitco_50505:VICG_00912	Vittaforma corneae ATCC 50505	993615	Microsporidia	0.99943962244	0	1.000000000
OG_1323	nempa_5256_1:NEPG_00426	Nematocida parisii	586133	Microsporidia	0.996246478	0	1.000000000
OG_1323	edhae_4124_1:EDEG_00987	Edhazardia aedis	70536	Microsporidia	0.99993892	0	1.000000000
OG_1323	nosce_4242_1:NCER_100163	Nosema ceranae	40302	Microsporidia	0.9982234528	0	1.000000000
OG_1323	enche_5516_1:EHEL_081350	Encephalitozoon hellem	27973	Microsporidia	0.99941728198	0	1.000000000
OG_1323	antlo_2712:286	Antonospora locustae	278021	Microsporidia	0.99358226141	0	1.000000000
OG_1323	entbi_4241_1:EBI_25542	Enterocytozoon bieneusi	31281	Microsporidia	0.99530551615	0	1.000000000
OG_1323	encin_5517_1:Eint_081350	Encephalitozoon intestinalis ATCC 50506	876142	Microsporidia	0.99940245118	0	1.000000000
OG_1327	annca_339:H312_00109	Anncaliia algerae PRA339	1288291	Microsporidia	0	0	1.000000000
OG_1327	vitco_50505:VICG_01653	Vittaforma corneae ATCC 50505	993615	Microsporidia	0.98796214348	0	1.000000000
OG_1327	nempa_5256_1:NEPG_00967	Nematocida parisii	586133	Microsporidia	0.967343176	0	1.000000000
OG_1327	enche_5516_1:EHEL_091420	Encephalitozoon hellem	27973	Microsporidia	0.9947494267	0	1.000000000
OG_1327	edhae_4124_1:EDEG_03645	Edhazardia aedis	70536	Microsporidia	0.999361702	0	1.000000000
OG_1327	encin_5517_1:Eint_091450	Encephalitozoon intestinalis ATCC 50506	876142	Microsporidia	0.99973123579	0	1.000000000
OG_1327	antlo_2712:2096	Antonospora locustae	278021	Microsporidia	0.17801872863	0	1.000000000
OG_1327	entbi_4241_1:EBI_26456	Enterocytozoon bieneusi	31281	Microsporidia	0.98669423232	0	1.000000000
OG_1327	nosce_4242_1:NCER_100556	Nosema ceranae	40302	Microsporidia	0.991981132	0	1.000000000
OG_1327	enccu_2934_1:ECU09_1270	Encephalitozoon cuniculi	6035	Microsporidia	0.98709199	0	1.000000000
OG_1327	vavcu_5255_1:VCUG_01425	Vavraia culicis	103449	Microsporidia	0.9872434	0	1.000000000
OG_1349	vavcu_5255_1:VCUG_00295	Vavraia culicis	103449	Microsporidia	0.65605334543	0	1.000000000
OG_1349	entbi_4241_1:EBI_26386	Enterocytozoon bieneusi	31281	Microsporidia	0.98531719962	0	1.000000000
OG_1349	nosce_4242_1:NCER_101365	Nosema ceranae	40302	Microsporidia	0.99816759566	0	1.000000000
OG_1349	edhae_4124_1:EDEG_01911	Edhazardia aedis	70536	Microsporidia	0.99924935143	0	1.000000000
OG_1349	antlo_2712:2382	Antonospora locustae	278021	Microsporidia	0.99114798094	0	1.000000000
OG_1349	encin_5517_1:Eint_051270	Encephalitozoon intestinalis ATCC 50506	876142	Microsporidia	0.99871899652	0	1.000000000
OG_1349	vitco_50505:VICG_00592	Vittaforma corneae ATCC 50505	993615	Microsporidia	0.99444259583	0	1.000000000
OG_1349	enccu_2934_1:ECU05_1220	Encephalitozoon cuniculi	6035	Microsporidia	0.99883075525	0	1.000000000
OG_1349	enche_5516_1:EHEL_051350	Encephalitozoon hellem	27973	Microsporidia	0.97879674166	0	1.000000000
OG_1349	annca_339:H312_00331	Anncaliia algerae PRA339	1288291	Microsporidia	0.99865012937	0	1.000000000
OG_1349	nempa_5256_1:NEPG_00111	Nematocida parisii	586133	Microsporidia	0.94781422631	0	1.000000000
OG_1378	edhae_4124_1:EDEG_00297	Edhazardia aedis	70536	Microsporidia	0.97417388141	0	1.000000000
OG_1378	entbi_4241_1:EBI_24309	Enterocytozoon bieneusi	31281	Microsporidia	0.99576038224	0	1.000000000
OG_1378	nosce_4242_1:NCER_102035	Nosema ceranae	40302	Microsporidia	0.99780554174	0	1.000000000
OG_1378	nempa_5256_1:NEPG_00713	Nematocida parisii	586133	Microsporidia	0.9952613221	0	1.000000000
OG_1378	vavcu_5255_1:VCUG_01830	Vavraia culicis	103449	Microsporidia	0.99515611345	0	1.000000000
OG_1378	vitco_50505:VICG_02053	Vittaforma corneae ATCC 50505	993615	Microsporidia	0.99680695758	0	1.000000000
OG_1378	enche_5516_1:EHEL_111720	Encephalitozoon hellem	27973	Microsporidia	0.99878382835	0	1.000000000
OG_1378	encin_5517_1:Eint_111730	Encephalitozoon intestinalis ATCC 50506	876142	Microsporidia	0.99877002925	0	1.000000000
OG_1378	antlo_2712:266	Antonospora locustae	278021	Microsporidia	0.89941169786	0	1.000000000
OG_1378	annca_339:H312_00648	Anncaliia algerae PRA339	1288291	Microsporidia	0.97289001211	0	1.000000000
OG_1378	enccu_2934_1:ECU11_1830	Encephalitozoon cuniculi	6035	Microsporidia	0.99720383758	0	1.000000000
OG_1382	annca_339:H312_00754	Anncaliia algerae PRA339	1288291	Microsporidia	0.99903018861	0	1.000000000
OG_1382	vavcu_5255_1:VCUG_00711	Vavraia culicis	103449	Microsporidia	0.99922900198	0	1.000000000
OG_1382	enccu_2934_1:ECU03_0830	Encephalitozoon cuniculi	6035	Microsporidia	0.99799544868	0	1.000000000
OG_1382	edhae_4124_1:EDEG_01592	Edhazardia aedis	70536	Microsporidia	0.99967517116	0	1.000000000
OG_1382	nosce_4242_1:NCER_100212	Nosema ceranae	40302	Microsporidia	0.99902388913	0	1.000000000
OG_1382	encin_5517_1:Eint_030720	Encephalitozoon intestinalis ATCC 50506	876142	Microsporidia	0.99907735897	0	1.000000000
OG_1382	vitco_50505:VICG_01323	Vittaforma corneae ATCC 50505	993615	Microsporidia	0.99863013343	0	1.000000000
OG_1382	entbi_4241_1:EBI_21729	Enterocytozoon bieneusi	31281	Microsporidia	0.9693647284	0	1.000000000
OG_1382	nempa_5256_1:NEPG_01842	Nematocida parisii	586133	Microsporidia	0.99996801916	0	1.000000000
OG_1382	enche_5516_1:EHEL_030730	Encephalitozoon hellem	27973	Microsporidia	0.99863394703	0	1.000000000
OG_1382	antlo_2712:1992	Antonospora locustae	278021	Microsporidia	0.99914980348	0	1.000000000
OG_1424	edhae_4124_1:EDEG_03491	Edhazardia aedis	70536	Microsporidia	0.99842932	0	1.000000000
OG_1424	annca_339:H312_01262	Anncaliia algerae PRA339	1288291	Microsporidia	0.99885515419	0	1.000000000
OG_1424	entbi_4241_1:EBI_26853	Enterocytozoon bieneusi	31281	Microsporidia	0.9999592579	0	1.000000000
OG_1424	vitco_50505:VICG_00552	Vittaforma corneae ATCC 50505	993615	Microsporidia	0.99997008841	0	1.000000000
OG_1424	antlo_2712:1337	Antonospora locustae	278021	Microsporidia	0.99741709619	0	1.000000000
OG_1424	nosce_4242_1:NCER_101210	Nosema ceranae	40302	Microsporidia	0.15420332697	0	1.000000000
OG_1424	enche_5516_1:EHEL_031170	Encephalitozoon hellem	27973	Microsporidia	1	0	1.000000000
OG_1424	vavcu_5255_1:VCUG_00887	Vavraia culicis	103449	Microsporidia	0.99746777917	0	1.000000000
OG_1424	encin_5517_1:Eint_031150	Encephalitozoon intestinalis ATCC 50506	876142	Microsporidia	1	0	1.000000000
OG_1424	enccu_2934_1:ECU03_1260	Encephalitozoon cuniculi	6035	Microsporidia	1	0	1.000000000
OG_1424	nempa_5256_1:NEPG_02067	Nematocida parisii	586133	Microsporidia	0.99605708117	0	1.000000000
OG_1515	encin_5517_1:Eint_030540	Encephalitozoon intestinalis ATCC 50506	876142	Microsporidia	0.99988423639	0	1.000000000
OG_1515	nempa_5256_1:NEPG_01363	Nematocida parisii	586133	Microsporidia	0.99657458038	0	1.000000000
OG_1515	enche_5516_1:EHEL_030540	Encephalitozoon hellem	27973	Microsporidia	0.99732898666	0	1.000000000
OG_1515	nosce_4242_1:NCER_102113	Nosema ceranae	40302	Microsporidia	0.99930023194	0	1.000000000
OG_1515	entbi_4241_1:EBI_24351	Enterocytozoon bieneusi	31281	Microsporidia	0.999988837	0	1.000000000
OG_1515	edhae_4124_1:EDEG_01444	Edhazardia aedis	70536	Microsporidia	0.99948565231	0	1.000000000
OG_1515	annca_339:H312_02458	Anncaliia algerae PRA339	1288291	Microsporidia	0.99583507798	0	1.000000000
OG_1515	antlo_2712:578	Antonospora locustae	278021	Microsporidia	0.99786579319	0	1.000000000
OG_1515	vavcu_5255_1:VCUG_01898	Vavraia culicis	103449	Microsporidia	0.98585857644	0	1.000000000
OG_1515	vitco_50505:VICG_00681	Vittaforma corneae ATCC 50505	993615	Microsporidia	0.989270641	0	1.000000000
OG_1515	enccu_2934_1:ECU03_0630	Encephalitozoon cuniculi	6035	Microsporidia	0.99989696089	0	1.000000000
OG_1527	vavcu_5255_1:VCUG_00240	Vavraia culicis	103449	Microsporidia	0	0	1.000000000
OG_1527	annca_339:H312_02594	Anncaliia algerae PRA339	1288291	Microsporidia	0.958	0	1.000000000
OG_1527	nosce_4242_1:NCER_100391	Nosema ceranae	40302	Microsporidia	0	0	1.000000000
OG_1527	vitco_50505:VICG_01061	Vittaforma corneae ATCC 50505	993615	Microsporidia	0	0	1.000000000
OG_1527	enccu_2934_1:ECU09_0120	Encephalitozoon cuniculi	6035	Microsporidia	0	0	1.000000000
OG_1527	edhae_4124_1:EDEG_01126	Edhazardia aedis	70536	Microsporidia	0	0	1.000000000
OG_1527	enche_5516_1:EHEL_090100	Encephalitozoon hellem	27973	Microsporidia	0.480597014	0	1.000000000
OG_1527	entbi_4241_1:EBI_24667	Enterocytozoon bieneusi	31281	Microsporidia	0.64076087	0	1.000000000
OG_1527	nempa_5256_1:NEPG_02278	Nematocida parisii	586133	Microsporidia	0.799793386	0	1.000000000
OG_1527	antlo_2712:2167	Antonospora locustae	278021	Microsporidia	0	0	1.000000000
OG_1527	encin_5517_1:Eint_090110	Encephalitozoon intestinalis ATCC 50506	876142	Microsporidia	0	0	1.000000000
OG_1586	enche_5516_1:EHEL_081000	Encephalitozoon hellem	27973	Microsporidia	0.99412981922	0	0.818181818
OG_1586	vavcu_5255_1:VCUG_01764	Vavraia culicis	103449	Microsporidia	0.98937909131	0	0.818181818
OG_1586	nempa_5256_1:NEPG_01685	Nematocida parisii	586133	Microsporidia	0.99013213892	0	0.818181818
OG_1586	nosce_4242_1:NCER_101221	Nosema ceranae	40302	Microsporidia	0.97087074474	0	0.818181818
OG_1586	antlo_2712:1634	Antonospora locustae	278021	Microsporidia	0.96672637012	0	0.818181818
OG_1586	enccu_2934_1:ECU08_1010	Encephalitozoon cuniculi	6035	Microsporidia	0.99429761737	0	0.818181818
OG_1586	encin_5517_1:Eint_081010	Encephalitozoon intestinalis ATCC 50506	876142	Microsporidia	0.99392569547	0	0.818181818
OG_1586	vitco_50505:VICG_00174	Vittaforma corneae ATCC 50505	993615	Microsporidia	0.97657931227	0	0.818181818
OG_1586	annca_339:H312_03492	Anncaliia algerae PRA339	1288291	Microsporidia	0.74850242949	0	0.818181818
OG_1645	nosce_4242_1:NCER_100897	Nosema ceranae	40302	Microsporidia	0.87499732378	0	0.909090909
OG_1645	enccu_2934_1:ECU08_1180	Encephalitozoon cuniculi	6035	Microsporidia	0.92693936067	0	0.909090909
OG_1645	annca_339:H312_00226	Anncaliia algerae PRA339	1288291	Microsporidia	0.82748905956	0	0.909090909
OG_1645	encin_5517_1:Eint_081180	Encephalitozoon intestinalis ATCC 50506	876142	Microsporidia	0.87576257558	0	0.909090909
OG_1645	antlo_2712:454	Antonospora locustae	278021	Microsporidia	0.99468796981	0	0.909090909
OG_1645	entbi_4241_1:EBI_26457	Enterocytozoon bieneusi	31281	Microsporidia	0.98620564027	0	0.909090909
OG_1645	vavcu_5255_1:VCUG_01588	Vavraia culicis	103449	Microsporidia	0.95147830147	0	0.909090909
OG_1645	vitco_50505:VICG_02037	Vittaforma corneae ATCC 50505	993615	Microsporidia	0.94934790443	0	0.909090909
OG_1645	enche_5516_1:EHEL_081170	Encephalitozoon hellem	27973	Microsporidia	0.92502083714	0	0.909090909
OG_1645	nempa_5256_1:NEPG_00251	Nematocida parisii	586133	Microsporidia	0.97868018299	0	0.909090909
OG_1649	vavcu_5255_1:VCUG_00262	Vavraia culicis	103449	Microsporidia	0.99893579557	0	0.909090909
OG_1649	vitco_50505:VICG_01050	Vittaforma corneae ATCC 50505	993615	Microsporidia	0.99962796808	0	0.909090909
OG_1649	edhae_4124_1:EDEG_01888	Edhazardia aedis	70536	Microsporidia	0.99625443899	0	0.909090909
OG_1649	nempa_5256_1:NEPG_02259	Nematocida parisii	586133	Microsporidia	0.98311067778	0	0.909090909
OG_1649	entbi_4241_1:EBI_25281	Enterocytozoon bieneusi	31281	Microsporidia	0.98827267673	0	0.909090909
OG_1649	encin_5517_1:Eint_090250	Encephalitozoon intestinalis ATCC 50506	876142	Microsporidia	1	0	0.909090909
OG_1649	nosce_4242_1:NCER_102254	Nosema ceranae	40302	Microsporidia	0.99958552786	0	0.909090909
OG_1649	enche_5516_1:EHEL_090240	Encephalitozoon hellem	27973	Microsporidia	1	0	0.909090909
OG_1649	enccu_2934_1:ECU09_0260	Encephalitozoon cuniculi	6035	Microsporidia	1	0	0.909090909
OG_1649	annca_339:H312_00251	Anncaliia algerae PRA339	1288291	Microsporidia	0.99876256753	0	0.909090909
OG_1654	enche_5516_1:EHEL_020510	Encephalitozoon hellem	27973	Microsporidia	0.99968286958	0	0.909090909
OG_1654	enccu_2934_1:ECU02_0570	Encephalitozoon cuniculi	6035	Microsporidia	0.99905727676	0	0.909090909
OG_1654	nempa_5256_1:NEPG_01604	Nematocida parisii	586133	Microsporidia	0.99592878304	0	0.909090909
OG_1654	antlo_2712:1104	Antonospora locustae	278021	Microsporidia	0.9916890172	0	0.909090909
OG_1654	vitco_50505:VICG_01637	Vittaforma corneae ATCC 50505	993615	Microsporidia	0.98809835474	0	0.909090909
OG_1654	annca_339:H312_00280	Anncaliia algerae PRA339	1288291	Microsporidia	0.99420390439	0	0.909090909
OG_1654	edhae_4124_1:EDEG_03202	Edhazardia aedis	70536	Microsporidia	0.634271492	0	0.909090909
OG_1654	encin_5517_1:Eint_020520	Encephalitozoon intestinalis ATCC 50506	876142	Microsporidia	0.99977991224	0	0.909090909
OG_1654	entbi_4241_1:EBI_25539	Enterocytozoon bieneusi	31281	Microsporidia	0.99560538199	0	0.909090909
OG_1654	vavcu_5255_1:VCUG_01065	Vavraia culicis	103449	Microsporidia	0.99761515321	0	0.909090909
OG_1706	edhae_4124_1:EDEG_02662	Edhazardia aedis	70536	Microsporidia	0.99707654335	0	0.909090909
OG_1706	nempa_5256_1:NEPG_02210	Nematocida parisii	586133	Microsporidia	0.99181235351	0	0.909090909
OG_1706	enccu_2934_1:ECU07_1600	Encephalitozoon cuniculi	6035	Microsporidia	0.996332521	0	0.909090909
OG_1706	entbi_4241_1:EBI_26145	Enterocytozoon bieneusi	31281	Microsporidia	0.99797551645	0	0.909090909
OG_1706	vitco_50505:VICG_00586	Vittaforma corneae ATCC 50505	993615	Microsporidia	0.98962963	0	0.909090909
OG_1706	annca_339:H312_00873	Anncaliia algerae PRA339	1288291	Microsporidia	0.987468355	0	0.909090909
OG_1706	antlo_2712:1110	Antonospora locustae	278021	Microsporidia	0.99511407163	0	0.909090909
OG_1706	vavcu_5255_1:VCUG_00488	Vavraia culicis	103449	Microsporidia	0.99711123007	0	0.909090909
OG_1706	nosce_4242_1:NCER_101708	Nosema ceranae	40302	Microsporidia	0.99384954841	0	0.909090909
OG_1706	enche_5516_1:EHEL_071580	Encephalitozoon hellem	27973	Microsporidia	1	0	0.909090909
OG_1710	annca_339:H312_00932	Anncaliia algerae PRA339	1288291	Microsporidia	0.999471487	0	0.909090909
OG_1710	edhae_4124_1:EDEG_03847	Edhazardia aedis	70536	Microsporidia	0.997568215	0	0.909090909
OG_1710	vitco_50505:VICG_01591	Vittaforma corneae ATCC 50505	993615	Microsporidia	0.99979267498	0	0.909090909
OG_1710	nempa_5256_1:NEPG_01171	Nematocida parisii	586133	Microsporidia	0.73354100979	0	0.909090909
OG_1710	enccu_2934_1:ECU05_1010	Encephalitozoon cuniculi	6035	Microsporidia	0.998224852	0	0.909090909
OG_1710	entbi_4241_1:EBI_25958	Enterocytozoon bieneusi	31281	Microsporidia	0.99818554498	0	0.909090909
OG_1710	encin_5517_1:Eint_051050	Encephalitozoon intestinalis ATCC 50506	876142	Microsporidia	0.99730517911	0	0.909090909
OG_1710	enche_5516_1:EHEL_051130	Encephalitozoon hellem	27973	Microsporidia	0.99726775081	0	0.909090909
OG_1710	nosce_4242_1:NCER_100125	Nosema ceranae	40302	Microsporidia	0.99660499103	0	0.909090909
OG_1710	vavcu_5255_1:VCUG_01997	Vavraia culicis	103449	Microsporidia	0.99049670905	0	0.909090909
OG_1731	encin_5517_1:Eint_041500	Encephalitozoon intestinalis ATCC 50506	876142	Microsporidia	0.99766452018	0	0.909090909
OG_1731	enche_5516_1:EHEL_041460	Encephalitozoon hellem	27973	Microsporidia	0.99982878046	0	0.909090909
OG_1731	nosce_4242_1:NCER_101429	Nosema ceranae	40302	Microsporidia	0.99783745846	0	0.909090909
OG_1731	annca_339:H312_01270	Anncaliia algerae PRA339	1288291	Microsporidia	0.99899361454	0	0.909090909
OG_1731	enccu_2934_1:ECU04_1490	Encephalitozoon cuniculi	6035	Microsporidia	0.9798366483	0	0.909090909
OG_1731	vavcu_5255_1:VCUG_02117	Vavraia culicis	103449	Microsporidia	0.99776612937	0	0.909090909
OG_1731	vitco_50505:VICG_00844	Vittaforma corneae ATCC 50505	993615	Microsporidia	0.99932365942	0	0.909090909
OG_1731	nempa_5256_1:NEPG_01518	Nematocida parisii	586133	Microsporidia	0.99948215476	0	0.909090909
OG_1731	edhae_4124_1:EDEG_01177	Edhazardia aedis	70536	Microsporidia	0.06158707375	0	0.909090909
OG_1731	antlo_2712:1206	Antonospora locustae	278021	Microsporidia	0.95122929107	0	0.909090909
OG_1736	edhae_4124_1:EDEG_00926	Edhazardia aedis	70536	Microsporidia	0.997493314	0	0.909090909
OG_1736	encin_5517_1:Eint_050090	Encephalitozoon intestinalis ATCC 50506	876142	Microsporidia	1	0	0.909090909
OG_1736	annca_339:H312_01389	Anncaliia algerae PRA339	1288291	Microsporidia	0.999864055	0	0.909090909
OG_1736	antlo_2712:365	Antonospora locustae	278021	Microsporidia	0.97350631	0	0.909090909
OG_1736	vitco_50505:VICG_00952	Vittaforma corneae ATCC 50505	993615	Microsporidia	0.987243298	0	0.909090909
OG_1736	nosce_4242_1:NCER_101481	Nosema ceranae	40302	Microsporidia	0.999879706	0	0.909090909
OG_1736	enche_5516_1:EHEL_050150	Encephalitozoon hellem	27973	Microsporidia	1	0	0.909090909
OG_1736	vavcu_5255_1:VCUG_01196	Vavraia culicis	103449	Microsporidia	0.997028554	0	0.909090909
OG_1736	enccu_2934_1:ECU05_0100	Encephalitozoon cuniculi	6035	Microsporidia	1	0	0.909090909
OG_1736	nempa_5256_1:NEPG_00157	Nematocida parisii	586133	Microsporidia	0.996078433	0	0.909090909
OG_1738	nempa_5256_1:NEPG_01687	Nematocida parisii	586133	Microsporidia	0.97787920615	0	0.909090909
OG_1738	annca_339:H312_01416	Anncaliia algerae PRA339	1288291	Microsporidia	0.995578948	0	0.909090909
OG_1738	nosce_4242_1:NCER_101818	Nosema ceranae	40302	Microsporidia	0.62	0	0.909090909
OG_1738	antlo_2712:1584	Antonospora locustae	278021	Microsporidia	0	0	0.909090909
OG_1738	edhae_4124_1:EDEG_00189	Edhazardia aedis	70536	Microsporidia	0.601179245	0	0.909090909
OG_1738	enche_5516_1:EHEL_070590	Encephalitozoon hellem	27973	Microsporidia	0.999262174	0	0.909090909
OG_1738	vitco_50505:VICG_00366	Vittaforma corneae ATCC 50505	993615	Microsporidia	0.99816649301	0	0.909090909
OG_1738	vavcu_5255_1:VCUG_00357	Vavraia culicis	103449	Microsporidia	0.648940058	0	0.909090909
OG_1738	enccu_2934_1:ECU07_0620	Encephalitozoon cuniculi	6035	Microsporidia	0.976205116	0	0.909090909
OG_1738	entbi_4241_1:EBI_24214	Enterocytozoon bieneusi	31281	Microsporidia	0.988732396	0	0.909090909
OG_1739	nosce_4242_1:NCER_100055	Nosema ceranae	40302	Microsporidia	0.996094717	0	0.909090909
OG_1739	enche_5516_1:EHEL_081830	Encephalitozoon hellem	27973	Microsporidia	0.9984295576	0	0.909090909
OG_1739	annca_339:H312_01422	Anncaliia algerae PRA339	1288291	Microsporidia	0.999020161	0	0.909090909
OG_1739	vavcu_5255_1:VCUG_00351	Vavraia culicis	103449	Microsporidia	0.95968959549	0	0.909090909
OG_1739	nempa_5256_1:NEPG_01320	Nematocida parisii	586133	Microsporidia	0.95972713493	0	0.909090909
OG_1739	entbi_4241_1:EBI_22335	Enterocytozoon bieneusi	31281	Microsporidia	0.99881580946	0	0.909090909
OG_1739	vitco_50505:VICG_01537	Vittaforma corneae ATCC 50505	993615	Microsporidia	0.95757950867	0	0.909090909
OG_1739	enccu_2934_1:ECU08_1880	Encephalitozoon cuniculi	6035	Microsporidia	0.99647668358	0	0.909090909
OG_1739	antlo_2712:2420	Antonospora locustae	278021	Microsporidia	0.99747726796	0	0.909090909
OG_1739	encin_5517_1:Eint_081840	Encephalitozoon intestinalis ATCC 50506	876142	Microsporidia	0.999953599	0	0.909090909
OG_1758	annca_339:H312_01719	Anncaliia algerae PRA339	1288291	Microsporidia	0.41800524695	0	0.909090909
OG_1758	entbi_4241_1:EBI_26445	Enterocytozoon bieneusi	31281	Microsporidia	0.89303357446	0	0.909090909
OG_1758	enccu_2934_1:ECU04_1540	Encephalitozoon cuniculi	6035	Microsporidia	0.99842932	0	0.909090909
OG_1758	vitco_50505:VICG_00851	Vittaforma corneae ATCC 50505	993615	Microsporidia	0.99916054054	0	0.909090909
OG_1758	vavcu_5255_1:VCUG_00881	Vavraia culicis	103449	Microsporidia	0.94583594389	0	0.909090909
OG_1758	nosce_4242_1:NCER_101917	Nosema ceranae	40302	Microsporidia	0.9992915332	0	0.909090909
OG_1758	edhae_4124_1:EDEG_00373	Edhazardia aedis	70536	Microsporidia	0.99898539559	0	0.909090909
OG_1758	nempa_5256_1:NEPG_01522	Nematocida parisii	586133	Microsporidia	0.99830506564	0	0.909090909
OG_1758	encin_5517_1:Eint_041550	Encephalitozoon intestinalis ATCC 50506	876142	Microsporidia	0.99904504306	0	0.909090909
OG_1758	enche_5516_1:EHEL_041510	Encephalitozoon hellem	27973	Microsporidia	0.99923755783	0	0.909090909
OG_1793	entbi_4241_1:EBI_21709	Enterocytozoon bieneusi	31281	Microsporidia	0.962184874	0	0.909090909
OG_1793	nempa_5256_1:NEPG_01810	Nematocida parisii	586133	Microsporidia	0.73722504469	0	0.909090909
OG_1793	annca_339:H312_02217	Anncaliia algerae PRA339	1288291	Microsporidia	0.73435897369	0	0.909090909
OG_1793	antlo_2712:876	Antonospora locustae	278021	Microsporidia	0	0	0.909090909
OG_1793	vavcu_5255_1:VCUG_01132	Vavraia culicis	103449	Microsporidia	0.76524889669	0	0.909090909
OG_1793	encin_5517_1:Eint_030850	Encephalitozoon intestinalis ATCC 50506	876142	Microsporidia	0.961206895	0	0.909090909
OG_1793	enccu_2934_1:ECU03_0960	Encephalitozoon cuniculi	6035	Microsporidia	0	0	0.909090909
OG_1793	nosce_4242_1:NCER_101514	Nosema ceranae	40302	Microsporidia	0.76493055469	0	0.909090909
OG_1793	enche_5516_1:EHEL_030860	Encephalitozoon hellem	27973	Microsporidia	0	0	0.909090909
OG_1793	vitco_50505:VICG_01308	Vittaforma corneae ATCC 50505	993615	Microsporidia	0	0	0.909090909
OG_1806	entbi_4241_1:EBI_21781	Enterocytozoon bieneusi	31281	Microsporidia	0.99658668792	0	0.909090909
OG_1806	enche_5516_1:EHEL_010240	Encephalitozoon hellem	27973	Microsporidia	0.999749374	0	0.909090909
OG_1806	encin_5517_1:Eint_010250	Encephalitozoon intestinalis ATCC 50506	876142	Microsporidia	0.999749374	0	0.909090909
OG_1806	nosce_4242_1:NCER_101468	Nosema ceranae	40302	Microsporidia	0.999774436	0	0.909090909
OG_1806	nempa_5256_1:NEPG_01262	Nematocida parisii	586133	Microsporidia	0.982978939	0	0.909090909
OG_1806	edhae_4124_1:EDEG_03641	Edhazardia aedis	70536	Microsporidia	0.99903104689	0	0.909090909
OG_1806	annca_339:H312_02484	Anncaliia algerae PRA339	1288291	Microsporidia	0.99902697291	0	0.909090909
OG_1806	enccu_2934_1:ECU01_0390	Encephalitozoon cuniculi	6035	Microsporidia	0.999006847	0	0.909090909
OG_1806	antlo_2712:1537	Antonospora locustae	278021	Microsporidia	0.99193128064	0	0.909090909
OG_1806	vavcu_5255_1:VCUG_01424	Vavraia culicis	103449	Microsporidia	0.99691933	0	0.909090909
OG_1886	edhae_4124_1:EDEG_02145	Edhazardia aedis	70536	Microsporidia	0.99893938423	0	0.727272727
OG_1886	nempa_5256_1:NEPG_01728	Nematocida parisii	586133	Microsporidia	0.99658792244	0	0.727272727
OG_1886	annca_339:H312_00081	Anncaliia algerae PRA339	1288291	Microsporidia	0.998863636	0	0.727272727
OG_1886	enche_5516_1:EHEL_091590	Encephalitozoon hellem	27973	Microsporidia	1	0	0.727272727
OG_1886	encin_5517_1:Eint_091590	Encephalitozoon intestinalis ATCC 50506	876142	Microsporidia	1	0	0.727272727
OG_1886	vitco_50505:VICG_01872	Vittaforma corneae ATCC 50505	993615	Microsporidia	0.995245306	0	0.727272727
OG_1886	enccu_2934_1:ECU09_1580	Encephalitozoon cuniculi	6035	Microsporidia	0.99945883	0	0.727272727
OG_1886	nosce_4242_1:NCER_102305	Nosema ceranae	40302	Microsporidia	0.99842399616	0	0.727272727
OG_1987	enche_5516_1:EHEL_031190	Encephalitozoon hellem	27973	Microsporidia	0	0	0.818181818
OG_1987	nempa_5256_1:NEPG_00299	Nematocida parisii	586133	Microsporidia	0.996138157	0	0.818181818
OG_1987	encin_5517_1:Eint_031170	Encephalitozoon intestinalis ATCC 50506	876142	Microsporidia	0	0	0.818181818
OG_1987	annca_339:H312_01261	Anncaliia algerae PRA339	1288291	Microsporidia	0.99675175025	0	0.818181818
OG_1987	enccu_2934_1:ECU03_1280	Encephalitozoon cuniculi	6035	Microsporidia	0.990202702	0	0.818181818
OG_1987	vavcu_5255_1:VCUG_00768	Vavraia culicis	103449	Microsporidia	0.998639926	0	0.818181818
OG_1987	antlo_2712:178	Antonospora locustae	278021	Microsporidia	0.99282376447	0	0.818181818
OG_1987	nosce_4242_1:NCER_101206	Nosema ceranae	40302	Microsporidia	0.99308751798	0	0.818181818
OG_1987	edhae_4124_1:EDEG_02233	Edhazardia aedis	70536	Microsporidia	0.99525278953	0	0.818181818
OG_2013	nosce_4242_1:NCER_101200	Nosema ceranae	40302	Microsporidia	0.99954979204	0	0.818181818
OG_2013	annca_339:H312_01741	Anncaliia algerae PRA339	1288291	Microsporidia	0.959999998	0	0.818181818
OG_2013	enccu_2934_1:ECU03_1120	Encephalitozoon cuniculi	6035	Microsporidia	0.99467163525	0	0.818181818
OG_2013	enche_5516_1:EHEL_031040	Encephalitozoon hellem	27973	Microsporidia	0.99954588802	0	0.818181818
OG_2013	vitco_50505:VICG_01388	Vittaforma corneae ATCC 50505	993615	Microsporidia	0.99941559133	0	0.818181818
OG_2013	edhae_4124_1:EDEG_03339	Edhazardia aedis	70536	Microsporidia	0.99874499521	0	0.818181818
OG_2013	vavcu_5255_1:VCUG_00740	Vavraia culicis	103449	Microsporidia	0.99814466554	0	0.818181818
OG_2013	encin_5517_1:Eint_031020	Encephalitozoon intestinalis ATCC 50506	876142	Microsporidia	1	0	0.818181818
OG_2013	nempa_5256_1:NEPG_01191	Nematocida parisii	586133	Microsporidia	0.99840664111	0	0.818181818
OG_2015	antlo_2712:591	Antonospora locustae	278021	Microsporidia	0.99724564729	0	0.818181818
OG_2015	entbi_4241_1:EBI_26467	Enterocytozoon bieneusi	31281	Microsporidia	0.997312591	0	0.818181818
OG_2015	enche_5516_1:EHEL_081210	Encephalitozoon hellem	27973	Microsporidia	1	0	0.818181818
OG_2015	encin_5517_1:Eint_081220	Encephalitozoon intestinalis ATCC 50506	876142	Microsporidia	0.99772727	0	0.818181818
OG_2015	annca_339:H312_01743	Anncaliia algerae PRA339	1288291	Microsporidia	0.99855093509	0	0.818181818
OG_2015	edhae_4124_1:EDEG_03416	Edhazardia aedis	70536	Microsporidia	0.99259366873	0	0.818181818
OG_2015	nempa_5256_1:NEPG_01616	Nematocida parisii	586133	Microsporidia	0.9940294	0	0.818181818
OG_2015	vitco_50505:VICG_00922	Vittaforma corneae ATCC 50505	993615	Microsporidia	0.99574055779	0	0.818181818
OG_2015	enccu_2934_1:ECU08_1220	Encephalitozoon cuniculi	6035	Microsporidia	0.98023583362	0	0.818181818
OG_2144	annca_339:H312_00248	Anncaliia algerae PRA339	1288291	Microsporidia	0.99934346128	0	0.727272727
OG_2144	enccu_2934_1:ECU01_0640	Encephalitozoon cuniculi	6035	Microsporidia	0.99974960241	0	0.727272727
OG_2144	nempa_5256_1:NEPG_02121	Nematocida parisii	586133	Microsporidia	0.99971855461	0	0.727272727
OG_2144	enche_5516_1:EHEL_010510	Encephalitozoon hellem	27973	Microsporidia	0.99971182158	0	0.727272727
OG_2144	nosce_4242_1:NCER_100271	Nosema ceranae	40302	Microsporidia	0.99853312924	0	0.727272727
OG_2144	vavcu_5255_1:VCUG_00160	Vavraia culicis	103449	Microsporidia	0.98864155681	0	0.727272727
OG_2144	edhae_4124_1:EDEG_02048	Edhazardia aedis	70536	Microsporidia	0.9982279243	0	0.727272727
OG_2144	encin_5517_1:Eint_010520	Encephalitozoon intestinalis ATCC 50506	876142	Microsporidia	0.99987100666	0	0.727272727
OG_2159	vavcu_5255_1:VCUG_02718	Vavraia culicis	103449	Microsporidia	0.32926253309	0	0.727272727
OG_2159	edhae_4124_1:EDEG_01746	Edhazardia aedis	70536	Microsporidia	0.996814159	0	0.727272727
OG_2159	nempa_5256_1:NEPG_02212	Nematocida parisii	586133	Microsporidia	0.995890411	0	0.727272727
OG_2159	annca_339:H312_00878	Anncaliia algerae PRA339	1288291	Microsporidia	0.996987952	0	0.727272727
OG_2159	enccu_2934_1:ECU07_1560	Encephalitozoon cuniculi	6035	Microsporidia	0.999044587	0	0.727272727
OG_2159	enche_5516_1:EHEL_071540	Encephalitozoon hellem	27973	Microsporidia	0.9469279301	0	0.727272727
OG_2159	antlo_2712:1620	Antonospora locustae	278021	Microsporidia	0.996674875	0	0.727272727
OG_2159	entbi_4241_1:EBI_26063	Enterocytozoon bieneusi	31281	Microsporidia	0.01771547386	0	0.727272727
OG_2202	annca_339:H312_02026	Anncaliia algerae PRA339	1288291	Microsporidia	0.9843840296	0	0.727272727
OG_2202	edhae_4124_1:EDEG_00749	Edhazardia aedis	70536	Microsporidia	0.642061379	0	0.727272727
OG_2202	encin_5517_1:Eint_091000	Encephalitozoon intestinalis ATCC 50506	876142	Microsporidia	1	0	0.727272727
OG_2202	enccu_2934_1:ECU09_1020	Encephalitozoon cuniculi	6035	Microsporidia	0.998828125	0	0.727272727
OG_2202	vitco_50505:VICG_00358	Vittaforma corneae ATCC 50505	993615	Microsporidia	0.998532919	0	0.727272727
OG_2202	enche_5516_1:EHEL_091010	Encephalitozoon hellem	27973	Microsporidia	1	0	0.727272727
OG_2202	vavcu_5255_1:VCUG_00327	Vavraia culicis	103449	Microsporidia	0.991236412	0	0.727272727
OG_2202	nempa_5256_1:NEPG_01934	Nematocida parisii	586133	Microsporidia	0.954920506	0	0.727272727
OG_2250	enche_5516_1:EHEL_070910	Encephalitozoon hellem	27973	Microsporidia	0.984669493	0	0.727272727
OG_2250	annca_339:H312_03569	Anncaliia algerae PRA339	1288291	Microsporidia	0.999666574	0	0.727272727
OG_2250	vavcu_5255_1:VCUG_01507	Vavraia culicis	103449	Microsporidia	0.99890791384	0	0.727272727
OG_2250	edhae_4124_1:EDEG_03027	Edhazardia aedis	70536	Microsporidia	0.98698843315	0	0.727272727
OG_2250	enccu_2934_1:ECU07_0930	Encephalitozoon cuniculi	6035	Microsporidia	0.9971879137	0	0.727272727
OG_2250	nempa_5256_1:NEPG_00605	Nematocida parisii	586133	Microsporidia	0.998587474	0	0.727272727
OG_2250	entbi_4241_1:EBI_24203	Enterocytozoon bieneusi	31281	Microsporidia	0.99824731164	0	0.727272727
OG_2250	vitco_50505:VICG_00346	Vittaforma corneae ATCC 50505	993615	Microsporidia	0.99882900145	0	0.727272727
OG_2264	nempa_5256_1:NEPG_00340	Nematocida parisii	586133	Microsporidia	0.99720851716	0	0.727272727
OG_2264	edhae_4124_1:EDEG_01728	Edhazardia aedis	70536	Microsporidia	0.99879807955	0	0.727272727
OG_2264	antlo_2712:65	Antonospora locustae	278021	Microsporidia	0.99667423754	0	0.727272727
OG_2264	nosce_4242_1:NCER_101728	Nosema ceranae	40302	Microsporidia	0.99975230642	0	0.727272727
OG_2264	encin_5517_1:Eint_020270	Encephalitozoon intestinalis ATCC 50506	876142	Microsporidia	0.99881124142	0	0.727272727
OG_2264	vitco_50505:VICG_00713	Vittaforma corneae ATCC 50505	993615	Microsporidia	0.99924755248	0	0.727272727
OG_2264	enche_5516_1:EHEL_020280	Encephalitozoon hellem	27973	Microsporidia	0.99946985011	0	0.727272727
OG_2264	enccu_2934_1:ECU02_0350	Encephalitozoon cuniculi	6035	Microsporidia	0.99768886462	0	0.727272727
OG_2280	vavcu_5255_1:VCUG_01073	Vavraia culicis	103449	Microsporidia	0.990383644	0	0.727272727
OG_2280	enche_5516_1:EHEL_080650	Encephalitozoon hellem	27973	Microsporidia	0.995181832	0	0.727272727
OG_2280	edhae_4124_1:EDEG_02052	Edhazardia aedis	70536	Microsporidia	0.990383644	0	0.727272727
OG_2280	nosce_4242_1:NCER_100715	Nosema ceranae	40302	Microsporidia	0.993837616	0	0.727272727
OG_2280	vitco_50505:VICG_01530	Vittaforma corneae ATCC 50505	993615	Microsporidia	0	0	0.727272727
OG_2280	encin_5517_1:Eint_080640	Encephalitozoon intestinalis ATCC 50506	876142	Microsporidia	0.907066771	0	0.727272727
OG_2280	enccu_2934_1:ECU08_0690	Encephalitozoon cuniculi	6035	Microsporidia	0.997890922	0	0.727272727
OG_2280	nempa_5256_1:NEPG_01311	Nematocida parisii	586133	Microsporidia	0.997890922	0	0.727272727
OG_2354	encin_5517_1:Eint_040750	Encephalitozoon intestinalis ATCC 50506	876142	Microsporidia	1	0	0.636363636
OG_2354	enche_5516_1:EHEL_040710	Encephalitozoon hellem	27973	Microsporidia	1	0	0.636363636
OG_2354	entbi_4241_1:EBI_26410	Enterocytozoon bieneusi	31281	Microsporidia	0.99680265358	0	0.636363636
OG_2354	enccu_2934_1:ECU04_0800	Encephalitozoon cuniculi	6035	Microsporidia	0.06363076832	0	0.636363636
OG_2354	vitco_50505:VICG_01732	Vittaforma corneae ATCC 50505	993615	Microsporidia	0.99647813845	0	0.636363636
OG_2354	nempa_5256_1:NEPG_02012	Nematocida parisii	586133	Microsporidia	0.99077127461	0	0.636363636
OG_2354	nosce_4242_1:NCER_101900	Nosema ceranae	40302	Microsporidia	0.998421052	0	0.636363636
OG_2414	enccu_2934_1:ECU05_0550	Encephalitozoon cuniculi	6035	Microsporidia	0	0	0.636363636
OG_2414	enche_5516_1:EHEL_050630	Encephalitozoon hellem	27973	Microsporidia	0.00037035988	0	0.636363636
OG_2414	encin_5517_1:Eint_050560	Encephalitozoon intestinalis ATCC 50506	876142	Microsporidia	0	0	0.636363636
OG_2414	vitco_50505:VICG_00633	Vittaforma corneae ATCC 50505	993615	Microsporidia	0	0	0.636363636
OG_2414	antlo_2712:369	Antonospora locustae	278021	Microsporidia	0.99599765941	0	0.636363636
OG_2414	nosce_4242_1:NCER_100293	Nosema ceranae	40302	Microsporidia	0	0	0.636363636
OG_2414	nempa_5256_1:NEPG_02041	Nematocida parisii	586133	Microsporidia	0.95522645779	0	0.636363636
OG_2418	edhae_4124_1:EDEG_02204	Edhazardia aedis	70536	Microsporidia	0.951190474	0	0.636363636
OG_2418	enche_5516_1:EHEL_010550	Encephalitozoon hellem	27973	Microsporidia	0.956382979	0	0.636363636
OG_2418	nempa_5256_1:NEPG_02099	Nematocida parisii	586133	Microsporidia	0.951190474	0	0.636363636
OG_2418	nosce_4242_1:NCER_100935	Nosema ceranae	40302	Microsporidia	0.961320754	0	0.636363636
OG_2418	enccu_2934_1:ECU01_0690	Encephalitozoon cuniculi	6035	Microsporidia	0	0	0.636363636
OG_2418	vitco_50505:VICG_01235	Vittaforma corneae ATCC 50505	993615	Microsporidia	0.915887851	0	0.636363636
OG_2418	encin_5517_1:Eint_010570	Encephalitozoon intestinalis ATCC 50506	876142	Microsporidia	0	0	0.636363636
OG_2510	enche_5516_1:EHEL_070440	Encephalitozoon hellem	27973	Microsporidia	1	0	0.545454545
OG_2510	enccu_2934_1:ECU07_0470	Encephalitozoon cuniculi	6035	Microsporidia	0.9994577	0	0.545454545
OG_2510	nempa_5256_1:NEPG_00973	Nematocida parisii	586133	Microsporidia	0.999900001	0	0.545454545
OG_2510	annca_339:H312_01680	Anncaliia algerae PRA339	1288291	Microsporidia	0.999900001	0	0.545454545
OG_2510	edhae_4124_1:EDEG_01808	Edhazardia aedis	70536	Microsporidia	0.999980953	0	0.545454545
OG_2510	vavcu_5255_1:VCUG_01160	Vavraia culicis	103449	Microsporidia	0.998956693	0	0.545454545
OG_3062	annca_339:H312_00141	Anncaliia algerae PRA339	1288291	Microsporidia	0.94337229409	0	0.272727273
OG_3062	enche_5516_1:EHEL_030630	Encephalitozoon hellem	27973	Microsporidia	0	0	0.272727273
OG_3062	antlo_2712:2430	Antonospora locustae	278021	Microsporidia	0.950985379	0	0.272727273
OG_3189	enccu_2934_1:ECU08_0750	Encephalitozoon cuniculi	6035	Microsporidia	0.929952829	0	0.272727273
OG_3189	enche_5516_1:EHEL_080710	Encephalitozoon hellem	27973	Microsporidia	0.926119402	0	0.272727273
OG_3189	encin_5517_1:Eint_080700	Encephalitozoon intestinalis ATCC 50506	876142	Microsporidia	0.598019801	0	0.272727273
